nohup: ignoring input
2024-12-16 02:24:22,614:INFO::=============== Search Args:
Namespace(dataset='IMDB', feats_type=6, gnn_model='simpleHGN', valid_attributed_type=0, hidden_dim=64, num_heads=8, attn_vec_dim=128, patience=30, batch_size=8, batch_size_test=64, repeat=5, save_postfix='IMDB', feats_opt='0111', cuda=True, l2norm=False, time_line='2024-12-16-02-24-22', edge_feats=64, rnn_type='RotatE0', seed=123, use_adamw=False, neighbor_samples=100, att_comp_dim=64, use_norm=False, schedule_step_retrain=500, patience_search=30, patience_retrain=30, is_use_type_linear='False', is_use_SGD='False', is_use_dropout='False', momentum=0.9, inner_epoch=1, use_minibatch=False, useSGD=False, useTypeLinear=False, usedropout=False, usebn=False, use_bn=False, use_5seeds=True, cur_repeat=False, no_use_fixseeds=False, lr_rate_min=3e-05, beta_1=0.6, lr=0.0005, num_layers=2, complete_num_layers=2, dropout=0.5, weight_decay=0.0001, slope=0.1, grad_clip=5, max_num_views=1, complete_epochs=1, search_epoch=350, retrain_epoch=500, intralayers=2, last_hidden_dim=512, logger=<Logger log_output (INFO)>)
2024-12-16 02:24:30,112:INFO::node_type_num: 4
/home/yyj/miniconda3/envs/yyj_mdnnac/lib/python3.9/site-packages/dgl/heterograph.py:72: DGLWarning: Recommend creating graphs by `dgl.graph(data)` instead of `dgl.DGLGraph(data)`.
  dgl_warning('Recommend creating graphs by `dgl.graph(data)`'
2024-12-16 02:24:42,028:INFO::=============== Prepare basic data stage finish, use 19.4135582447052 time.
2024-12-16 02:24:44,931:INFO::save_dir_name: simpleHGN_lr0.0005_wd0.0001
2024-12-16 02:24:45,859:INFO::Epoch_batch_00000 | lr 0.0005 |Train_Loss 0.7011 |  Loss 0.7011 | Val_Loss 0.6296| Train Time(s) 0.8502| Val Time(s) 0.0182 | Time(s) 0.8684
2024-12-16 02:24:45,998:INFO::Epoch_batch_00001 | lr 0.0005 |Train_Loss 0.6573 |  Loss 0.6573 | Val_Loss 0.6247| Train Time(s) 0.0275| Val Time(s) 0.0233 | Time(s) 0.0508
2024-12-16 02:24:45,999:INFO::Validation loss decreased (inf --> 0.624738).  Saving model ...
2024-12-16 02:24:46,055:INFO::Epoch_batch_00002 | lr 0.0005 |Train_Loss 0.6425 |  Loss 0.6425 | Val_Loss 0.6254| Train Time(s) 0.0366| Val Time(s) 0.0199 | Time(s) 0.0565
2024-12-16 02:24:46,056:INFO::EarlyStopping counter: 1 out of 30
2024-12-16 02:24:46,106:INFO::Epoch_batch_00003 | lr 0.0005 |Train_Loss 0.6373 |  Loss 0.6373 | Val_Loss 0.6262| Train Time(s) 0.0275| Val Time(s) 0.0225 | Time(s) 0.0499
2024-12-16 02:24:46,106:INFO::EarlyStopping counter: 2 out of 30
2024-12-16 02:24:46,158:INFO::Epoch_batch_00004 | lr 0.0005 |Train_Loss 0.6359 |  Loss 0.6359 | Val_Loss 0.6263| Train Time(s) 0.0342| Val Time(s) 0.0175 | Time(s) 0.0517
2024-12-16 02:24:46,158:INFO::EarlyStopping counter: 3 out of 30
2024-12-16 02:24:46,212:INFO::Epoch_batch_00005 | lr 0.0005 |Train_Loss 0.6352 |  Loss 0.6352 | Val_Loss 0.6256| Train Time(s) 0.0351| Val Time(s) 0.0181 | Time(s) 0.0531
2024-12-16 02:24:46,212:INFO::EarlyStopping counter: 4 out of 30
2024-12-16 02:24:46,345:INFO::Epoch_batch_00006 | lr 0.0005 |Train_Loss 0.6343 |  Loss 0.6343 | Val_Loss 0.6245| Train Time(s) 0.0264| Val Time(s) 0.0236 | Time(s) 0.0499
2024-12-16 02:24:46,346:INFO::Validation loss decreased (0.624738 --> 0.624504).  Saving model ...
2024-12-16 02:24:46,479:INFO::Epoch_batch_00007 | lr 0.0005 |Train_Loss 0.6342 |  Loss 0.6342 | Val_Loss 0.6231| Train Time(s) 0.0354| Val Time(s) 0.0174 | Time(s) 0.0528
2024-12-16 02:24:46,479:INFO::Validation loss decreased (0.624504 --> 0.623055).  Saving model ...
2024-12-16 02:24:46,611:INFO::Epoch_batch_00008 | lr 0.0005 |Train_Loss 0.6317 |  Loss 0.6317 | Val_Loss 0.6214| Train Time(s) 0.0322| Val Time(s) 0.0188 | Time(s) 0.0509
2024-12-16 02:24:46,611:INFO::Validation loss decreased (0.623055 --> 0.621355).  Saving model ...
2024-12-16 02:24:46,748:INFO::Epoch_batch_00009 | lr 0.0005 |Train_Loss 0.6297 |  Loss 0.6297 | Val_Loss 0.6195| Train Time(s) 0.0392| Val Time(s) 0.0173 | Time(s) 0.0566
2024-12-16 02:24:46,748:INFO::Validation loss decreased (0.621355 --> 0.619471).  Saving model ...
2024-12-16 02:24:46,878:INFO::Epoch_batch_00010 | lr 0.0005 |Train_Loss 0.6296 |  Loss 0.6296 | Val_Loss 0.6175| Train Time(s) 0.0293| Val Time(s) 0.0210 | Time(s) 0.0503
2024-12-16 02:24:46,879:INFO::Validation loss decreased (0.619471 --> 0.617512).  Saving model ...
2024-12-16 02:24:47,015:INFO::Epoch_batch_00011 | lr 0.0005 |Train_Loss 0.6272 |  Loss 0.6272 | Val_Loss 0.6154| Train Time(s) 0.0390| Val Time(s) 0.0174 | Time(s) 0.0564
2024-12-16 02:24:47,015:INFO::Validation loss decreased (0.617512 --> 0.615448).  Saving model ...
2024-12-16 02:24:47,145:INFO::Epoch_batch_00012 | lr 0.0005 |Train_Loss 0.6281 |  Loss 0.6281 | Val_Loss 0.6133| Train Time(s) 0.0267| Val Time(s) 0.0235 | Time(s) 0.0502
2024-12-16 02:24:47,145:INFO::Validation loss decreased (0.615448 --> 0.613322).  Saving model ...
2024-12-16 02:24:47,279:INFO::Epoch_batch_00013 | lr 0.0005 |Train_Loss 0.6257 |  Loss 0.6257 | Val_Loss 0.6111| Train Time(s) 0.0362| Val Time(s) 0.0176 | Time(s) 0.0538
2024-12-16 02:24:47,279:INFO::Validation loss decreased (0.613322 --> 0.611062).  Saving model ...
2024-12-16 02:24:47,417:INFO::Epoch_batch_00014 | lr 0.0005 |Train_Loss 0.6231 |  Loss 0.6231 | Val_Loss 0.6086| Train Time(s) 0.0399| Val Time(s) 0.0187 | Time(s) 0.0586
2024-12-16 02:24:47,418:INFO::Validation loss decreased (0.611062 --> 0.608609).  Saving model ...
2024-12-16 02:24:47,548:INFO::Epoch_batch_00015 | lr 0.0005 |Train_Loss 0.6207 |  Loss 0.6207 | Val_Loss 0.6058| Train Time(s) 0.0285| Val Time(s) 0.0216 | Time(s) 0.0501
2024-12-16 02:24:47,548:INFO::Validation loss decreased (0.608609 --> 0.605842).  Saving model ...
2024-12-16 02:24:47,682:INFO::Epoch_batch_00016 | lr 0.0005 |Train_Loss 0.6182 |  Loss 0.6182 | Val_Loss 0.6030| Train Time(s) 0.0354| Val Time(s) 0.0189 | Time(s) 0.0543
2024-12-16 02:24:47,682:INFO::Validation loss decreased (0.605842 --> 0.602959).  Saving model ...
2024-12-16 02:24:47,820:INFO::Epoch_batch_00017 | lr 0.0005 |Train_Loss 0.6148 |  Loss 0.6148 | Val_Loss 0.6001| Train Time(s) 0.0383| Val Time(s) 0.0200 | Time(s) 0.0583
2024-12-16 02:24:47,821:INFO::Validation loss decreased (0.602959 --> 0.600143).  Saving model ...
2024-12-16 02:24:47,951:INFO::Epoch_batch_00018 | lr 0.0005 |Train_Loss 0.6097 |  Loss 0.6097 | Val_Loss 0.5980| Train Time(s) 0.0266| Val Time(s) 0.0236 | Time(s) 0.0502
2024-12-16 02:24:47,951:INFO::Validation loss decreased (0.600143 --> 0.597970).  Saving model ...
2024-12-16 02:24:48,087:INFO::Epoch_batch_00019 | lr 0.0005 |Train_Loss 0.6068 |  Loss 0.6068 | Val_Loss 0.5962| Train Time(s) 0.0363| Val Time(s) 0.0198 | Time(s) 0.0561
2024-12-16 02:24:48,087:INFO::Validation loss decreased (0.597970 --> 0.596191).  Saving model ...
2024-12-16 02:24:48,217:INFO::Epoch_batch_00020 | lr 0.0005 |Train_Loss 0.6036 |  Loss 0.6036 | Val_Loss 0.5946| Train Time(s) 0.0268| Val Time(s) 0.0233 | Time(s) 0.0502
2024-12-16 02:24:48,217:INFO::Validation loss decreased (0.596191 --> 0.594632).  Saving model ...
2024-12-16 02:24:48,358:INFO::Epoch_batch_00021 | lr 0.0005 |Train_Loss 0.5967 |  Loss 0.5967 | Val_Loss 0.5940| Train Time(s) 0.0340| Val Time(s) 0.0184 | Time(s) 0.0525
2024-12-16 02:24:48,358:INFO::Validation loss decreased (0.594632 --> 0.593970).  Saving model ...
2024-12-16 02:24:48,416:INFO::Epoch_batch_00022 | lr 0.0005 |Train_Loss 0.5970 |  Loss 0.5970 | Val_Loss 0.5943| Train Time(s) 0.0392| Val Time(s) 0.0191 | Time(s) 0.0583
2024-12-16 02:24:48,417:INFO::EarlyStopping counter: 1 out of 30
2024-12-16 02:24:48,467:INFO::Epoch_batch_00023 | lr 0.0005 |Train_Loss 0.5944 |  Loss 0.5944 | Val_Loss 0.5944| Train Time(s) 0.0278| Val Time(s) 0.0222 | Time(s) 0.0500
2024-12-16 02:24:48,467:INFO::EarlyStopping counter: 2 out of 30
2024-12-16 02:24:48,605:INFO::Epoch_batch_00024 | lr 0.0005 |Train_Loss 0.5918 |  Loss 0.5918 | Val_Loss 0.5932| Train Time(s) 0.0360| Val Time(s) 0.0182 | Time(s) 0.0541
2024-12-16 02:24:48,606:INFO::Validation loss decreased (0.593970 --> 0.593242).  Saving model ...
2024-12-16 02:24:48,743:INFO::Epoch_batch_00025 | lr 0.0005 |Train_Loss 0.5888 |  Loss 0.5888 | Val_Loss 0.5910| Train Time(s) 0.0287| Val Time(s) 0.0215 | Time(s) 0.0502
2024-12-16 02:24:48,743:INFO::Validation loss decreased (0.593242 --> 0.591027).  Saving model ...
2024-12-16 02:24:48,884:INFO::Epoch_batch_00026 | lr 0.0005 |Train_Loss 0.5878 |  Loss 0.5878 | Val_Loss 0.5880| Train Time(s) 0.0385| Val Time(s) 0.0174 | Time(s) 0.0559
2024-12-16 02:24:48,885:INFO::Validation loss decreased (0.591027 --> 0.588037).  Saving model ...
2024-12-16 02:24:49,015:INFO::Epoch_batch_00027 | lr 0.0005 |Train_Loss 0.5830 |  Loss 0.5830 | Val_Loss 0.5854| Train Time(s) 0.0329| Val Time(s) 0.0177 | Time(s) 0.0507
2024-12-16 02:24:49,015:INFO::Validation loss decreased (0.588037 --> 0.585367).  Saving model ...
2024-12-16 02:24:49,157:INFO::Epoch_batch_00028 | lr 0.0005 |Train_Loss 0.5810 |  Loss 0.5810 | Val_Loss 0.5831| Train Time(s) 0.0404| Val Time(s) 0.0177 | Time(s) 0.0581
2024-12-16 02:24:49,157:INFO::Validation loss decreased (0.585367 --> 0.583088).  Saving model ...
2024-12-16 02:24:49,294:INFO::Epoch_batch_00029 | lr 0.0005 |Train_Loss 0.5770 |  Loss 0.5770 | Val_Loss 0.5812| Train Time(s) 0.0281| Val Time(s) 0.0220 | Time(s) 0.0501
2024-12-16 02:24:49,295:INFO::Validation loss decreased (0.583088 --> 0.581215).  Saving model ...
2024-12-16 02:24:49,430:INFO::Epoch_batch_00030 | lr 0.0005 |Train_Loss 0.5766 |  Loss 0.5766 | Val_Loss 0.5802| Train Time(s) 0.0350| Val Time(s) 0.0181 | Time(s) 0.0531
2024-12-16 02:24:49,431:INFO::Validation loss decreased (0.581215 --> 0.580215).  Saving model ...
2024-12-16 02:24:49,481:INFO::Epoch_batch_00031 | lr 0.0005 |Train_Loss 0.5725 |  Loss 0.5725 | Val_Loss 0.5802| Train Time(s) 0.0268| Val Time(s) 0.0232 | Time(s) 0.0500
2024-12-16 02:24:49,481:INFO::EarlyStopping counter: 1 out of 30
2024-12-16 02:24:49,613:INFO::Epoch_batch_00032 | lr 0.0005 |Train_Loss 0.5714 |  Loss 0.5714 | Val_Loss 0.5799| Train Time(s) 0.0309| Val Time(s) 0.0189 | Time(s) 0.0499
2024-12-16 02:24:49,613:INFO::Validation loss decreased (0.580215 --> 0.579929).  Saving model ...
2024-12-16 02:24:49,752:INFO::Epoch_batch_00033 | lr 0.0005 |Train_Loss 0.5687 |  Loss 0.5687 | Val_Loss 0.5791| Train Time(s) 0.0395| Val Time(s) 0.0186 | Time(s) 0.0580
2024-12-16 02:24:49,752:INFO::Validation loss decreased (0.579929 --> 0.579116).  Saving model ...
2024-12-16 02:24:49,966:INFO::Epoch_batch_00034 | lr 0.0005 |Train_Loss 0.5683 |  Loss 0.5683 | Val_Loss 0.5784| Train Time(s) 0.0599| Val Time(s) 0.0709 | Time(s) 0.1307
2024-12-16 02:24:49,966:INFO::Validation loss decreased (0.579116 --> 0.578418).  Saving model ...
2024-12-16 02:24:50,179:INFO::Epoch_batch_00035 | lr 0.0005 |Train_Loss 0.5655 |  Loss 0.5655 | Val_Loss 0.5782| Train Time(s) 0.0600| Val Time(s) 0.0685 | Time(s) 0.1284
2024-12-16 02:24:50,179:INFO::Validation loss decreased (0.578418 --> 0.578179).  Saving model ...
2024-12-16 02:24:50,281:INFO::Epoch_batch_00036 | lr 0.0005 |Train_Loss 0.5648 |  Loss 0.5648 | Val_Loss 0.5787| Train Time(s) 0.0670| Val Time(s) 0.0347 | Time(s) 0.1017
2024-12-16 02:24:50,282:INFO::EarlyStopping counter: 1 out of 30
2024-12-16 02:24:50,379:INFO::Epoch_batch_00037 | lr 0.0005 |Train_Loss 0.5638 |  Loss 0.5638 | Val_Loss 0.5793| Train Time(s) 0.0291| Val Time(s) 0.0654 | Time(s) 0.0945
2024-12-16 02:24:50,379:INFO::EarlyStopping counter: 2 out of 30
2024-12-16 02:24:50,602:INFO::Epoch_batch_00038 | lr 0.0005 |Train_Loss 0.5614 |  Loss 0.5614 | Val_Loss 0.5775| Train Time(s) 0.0578| Val Time(s) 0.0721 | Time(s) 0.1299
2024-12-16 02:24:50,602:INFO::Validation loss decreased (0.578179 --> 0.577465).  Saving model ...
2024-12-16 02:24:50,805:INFO::Epoch_batch_00039 | lr 0.0005 |Train_Loss 0.5604 |  Loss 0.5604 | Val_Loss 0.5754| Train Time(s) 0.0659| Val Time(s) 0.0537 | Time(s) 0.1196
2024-12-16 02:24:50,805:INFO::Validation loss decreased (0.577465 --> 0.575406).  Saving model ...
2024-12-16 02:24:50,938:INFO::Epoch_batch_00040 | lr 0.0005 |Train_Loss 0.5589 |  Loss 0.5589 | Val_Loss 0.5750| Train Time(s) 0.0279| Val Time(s) 0.0253 | Time(s) 0.0532
2024-12-16 02:24:50,938:INFO::Validation loss decreased (0.575406 --> 0.574998).  Saving model ...
2024-12-16 02:24:50,989:INFO::Epoch_batch_00041 | lr 0.0005 |Train_Loss 0.5580 |  Loss 0.5580 | Val_Loss 0.5752| Train Time(s) 0.0272| Val Time(s) 0.0231 | Time(s) 0.0503
2024-12-16 02:24:50,989:INFO::EarlyStopping counter: 1 out of 30
2024-12-16 02:24:51,039:INFO::Epoch_batch_00042 | lr 0.0005 |Train_Loss 0.5563 |  Loss 0.5563 | Val_Loss 0.5768| Train Time(s) 0.0287| Val Time(s) 0.0213 | Time(s) 0.0500
2024-12-16 02:24:51,040:INFO::EarlyStopping counter: 2 out of 30
2024-12-16 02:24:51,090:INFO::Epoch_batch_00043 | lr 0.0005 |Train_Loss 0.5554 |  Loss 0.5554 | Val_Loss 0.5772| Train Time(s) 0.0272| Val Time(s) 0.0228 | Time(s) 0.0501
2024-12-16 02:24:51,090:INFO::EarlyStopping counter: 3 out of 30
2024-12-16 02:24:51,140:INFO::Epoch_batch_00044 | lr 0.0005 |Train_Loss 0.5548 |  Loss 0.5548 | Val_Loss 0.5758| Train Time(s) 0.0294| Val Time(s) 0.0206 | Time(s) 0.0500
2024-12-16 02:24:51,141:INFO::EarlyStopping counter: 4 out of 30
2024-12-16 02:24:51,191:INFO::Epoch_batch_00045 | lr 0.0005 |Train_Loss 0.5523 |  Loss 0.5523 | Val_Loss 0.5753| Train Time(s) 0.0278| Val Time(s) 0.0222 | Time(s) 0.0501
2024-12-16 02:24:51,191:INFO::EarlyStopping counter: 5 out of 30
2024-12-16 02:24:51,242:INFO::Epoch_batch_00046 | lr 0.0005 |Train_Loss 0.5523 |  Loss 0.5523 | Val_Loss 0.5753| Train Time(s) 0.0269| Val Time(s) 0.0231 | Time(s) 0.0501
2024-12-16 02:24:51,242:INFO::EarlyStopping counter: 6 out of 30
2024-12-16 02:24:51,292:INFO::Epoch_batch_00047 | lr 0.0005 |Train_Loss 0.5523 |  Loss 0.5523 | Val_Loss 0.5762| Train Time(s) 0.0292| Val Time(s) 0.0209 | Time(s) 0.0501
2024-12-16 02:24:51,292:INFO::EarlyStopping counter: 7 out of 30
2024-12-16 02:24:51,343:INFO::Epoch_batch_00048 | lr 0.0005 |Train_Loss 0.5505 |  Loss 0.5505 | Val_Loss 0.5779| Train Time(s) 0.0282| Val Time(s) 0.0218 | Time(s) 0.0501
2024-12-16 02:24:51,343:INFO::EarlyStopping counter: 8 out of 30
2024-12-16 02:24:51,393:INFO::Epoch_batch_00049 | lr 0.0005 |Train_Loss 0.5484 |  Loss 0.5484 | Val_Loss 0.5783| Train Time(s) 0.0269| Val Time(s) 0.0232 | Time(s) 0.0501
2024-12-16 02:24:51,393:INFO::EarlyStopping counter: 9 out of 30
2024-12-16 02:24:51,444:INFO::Epoch_batch_00050 | lr 0.0005 |Train_Loss 0.5480 |  Loss 0.5480 | Val_Loss 0.5775| Train Time(s) 0.0292| Val Time(s) 0.0209 | Time(s) 0.0501
2024-12-16 02:24:51,444:INFO::EarlyStopping counter: 10 out of 30
2024-12-16 02:24:51,494:INFO::Epoch_batch_00051 | lr 0.0005 |Train_Loss 0.5471 |  Loss 0.5471 | Val_Loss 0.5776| Train Time(s) 0.0272| Val Time(s) 0.0229 | Time(s) 0.0501
2024-12-16 02:24:51,495:INFO::EarlyStopping counter: 11 out of 30
2024-12-16 02:24:51,545:INFO::Epoch_batch_00052 | lr 0.0005 |Train_Loss 0.5454 |  Loss 0.5454 | Val_Loss 0.5782| Train Time(s) 0.0298| Val Time(s) 0.0202 | Time(s) 0.0500
2024-12-16 02:24:51,545:INFO::EarlyStopping counter: 12 out of 30
2024-12-16 02:24:51,595:INFO::Epoch_batch_00053 | lr 0.0005 |Train_Loss 0.5457 |  Loss 0.5457 | Val_Loss 0.5798| Train Time(s) 0.0282| Val Time(s) 0.0218 | Time(s) 0.0500
2024-12-16 02:24:51,595:INFO::EarlyStopping counter: 13 out of 30
2024-12-16 02:24:51,646:INFO::Epoch_batch_00054 | lr 0.0005 |Train_Loss 0.5436 |  Loss 0.5436 | Val_Loss 0.5811| Train Time(s) 0.0276| Val Time(s) 0.0224 | Time(s) 0.0500
2024-12-16 02:24:51,646:INFO::EarlyStopping counter: 14 out of 30
2024-12-16 02:24:51,696:INFO::Epoch_batch_00055 | lr 0.0005 |Train_Loss 0.5430 |  Loss 0.5430 | Val_Loss 0.5801| Train Time(s) 0.0290| Val Time(s) 0.0210 | Time(s) 0.0500
2024-12-16 02:24:51,696:INFO::EarlyStopping counter: 15 out of 30
2024-12-16 02:24:51,747:INFO::Epoch_batch_00056 | lr 0.0005 |Train_Loss 0.5425 |  Loss 0.5425 | Val_Loss 0.5791| Train Time(s) 0.0273| Val Time(s) 0.0226 | Time(s) 0.0500
2024-12-16 02:24:51,747:INFO::EarlyStopping counter: 16 out of 30
2024-12-16 02:24:51,797:INFO::Epoch_batch_00057 | lr 0.0005 |Train_Loss 0.5414 |  Loss 0.5414 | Val_Loss 0.5784| Train Time(s) 0.0265| Val Time(s) 0.0235 | Time(s) 0.0500
2024-12-16 02:24:51,797:INFO::EarlyStopping counter: 17 out of 30
2024-12-16 02:24:51,847:INFO::Epoch_batch_00058 | lr 0.0005 |Train_Loss 0.5405 |  Loss 0.5405 | Val_Loss 0.5783| Train Time(s) 0.0285| Val Time(s) 0.0215 | Time(s) 0.0500
2024-12-16 02:24:51,848:INFO::EarlyStopping counter: 18 out of 30
2024-12-16 02:24:51,898:INFO::Epoch_batch_00059 | lr 0.0005 |Train_Loss 0.5397 |  Loss 0.5397 | Val_Loss 0.5792| Train Time(s) 0.0276| Val Time(s) 0.0224 | Time(s) 0.0501
2024-12-16 02:24:51,898:INFO::EarlyStopping counter: 19 out of 30
2024-12-16 02:24:51,948:INFO::Epoch_batch_00060 | lr 0.0005 |Train_Loss 0.5387 |  Loss 0.5387 | Val_Loss 0.5800| Train Time(s) 0.0294| Val Time(s) 0.0206 | Time(s) 0.0500
2024-12-16 02:24:51,949:INFO::EarlyStopping counter: 20 out of 30
2024-12-16 02:24:51,999:INFO::Epoch_batch_00061 | lr 0.0005 |Train_Loss 0.5381 |  Loss 0.5381 | Val_Loss 0.5801| Train Time(s) 0.0277| Val Time(s) 0.0223 | Time(s) 0.0500
2024-12-16 02:24:51,999:INFO::EarlyStopping counter: 21 out of 30
2024-12-16 02:24:52,049:INFO::Epoch_batch_00062 | lr 0.0005 |Train_Loss 0.5378 |  Loss 0.5378 | Val_Loss 0.5795| Train Time(s) 0.0269| Val Time(s) 0.0232 | Time(s) 0.0500
2024-12-16 02:24:52,050:INFO::EarlyStopping counter: 22 out of 30
2024-12-16 02:24:52,100:INFO::Epoch_batch_00063 | lr 0.0005 |Train_Loss 0.5367 |  Loss 0.5367 | Val_Loss 0.5799| Train Time(s) 0.0288| Val Time(s) 0.0211 | Time(s) 0.0500
2024-12-16 02:24:52,100:INFO::EarlyStopping counter: 23 out of 30
2024-12-16 02:24:52,150:INFO::Epoch_batch_00064 | lr 0.0005 |Train_Loss 0.5358 |  Loss 0.5358 | Val_Loss 0.5804| Train Time(s) 0.0273| Val Time(s) 0.0227 | Time(s) 0.0500
2024-12-16 02:24:52,151:INFO::EarlyStopping counter: 24 out of 30
2024-12-16 02:24:52,201:INFO::Epoch_batch_00065 | lr 0.0005 |Train_Loss 0.5350 |  Loss 0.5350 | Val_Loss 0.5815| Train Time(s) 0.0266| Val Time(s) 0.0235 | Time(s) 0.0500
2024-12-16 02:24:52,201:INFO::EarlyStopping counter: 25 out of 30
2024-12-16 02:24:52,251:INFO::Epoch_batch_00066 | lr 0.0005 |Train_Loss 0.5346 |  Loss 0.5346 | Val_Loss 0.5825| Train Time(s) 0.0284| Val Time(s) 0.0216 | Time(s) 0.0500
2024-12-16 02:24:52,252:INFO::EarlyStopping counter: 26 out of 30
2024-12-16 02:24:52,302:INFO::Epoch_batch_00067 | lr 0.0005 |Train_Loss 0.5338 |  Loss 0.5338 | Val_Loss 0.5842| Train Time(s) 0.0268| Val Time(s) 0.0232 | Time(s) 0.0500
2024-12-16 02:24:52,302:INFO::EarlyStopping counter: 27 out of 30
2024-12-16 02:24:52,352:INFO::Epoch_batch_00068 | lr 0.0005 |Train_Loss 0.5333 |  Loss 0.5333 | Val_Loss 0.5833| Train Time(s) 0.0291| Val Time(s) 0.0208 | Time(s) 0.0499
2024-12-16 02:24:52,352:INFO::EarlyStopping counter: 28 out of 30
2024-12-16 02:24:52,403:INFO::Epoch_batch_00069 | lr 0.0005 |Train_Loss 0.5328 |  Loss 0.5328 | Val_Loss 0.5828| Train Time(s) 0.0274| Val Time(s) 0.0225 | Time(s) 0.0499
2024-12-16 02:24:52,403:INFO::EarlyStopping counter: 29 out of 30
2024-12-16 02:24:52,453:INFO::Epoch_batch_00070 | lr 0.0005 |Train_Loss 0.5319 |  Loss 0.5319 | Val_Loss 0.5834| Train Time(s) 0.0270| Val Time(s) 0.0230 | Time(s) 0.0500
2024-12-16 02:24:52,453:INFO::EarlyStopping counter: 30 out of 30
2024-12-16 02:24:52,453:INFO::Eearly stopping!
2024-12-16 02:24:52,502:INFO::
testing...
2024-12-16 02:24:52,520:INFO::save_dir_name: simpleHGN_lr0.0005_wd0.0001
2024-12-16 02:24:52,520:INFO::save_dir_name: simpleHGN_lr0.0005_wd0.0001
2024-12-16 02:24:52,520:INFO::submit dir: submit/submit_simpleHGN_lr0.0005_wd0.0001
2024-12-16 02:24:52,535:INFO::save_dir_name: simpleHGN_lr0.0005_wd0.0001
2024-12-16 02:24:52,552:INFO::{'micro-f1': 0.6783582774768158, 'macro-f1': 0.6389825764371734}
2024-12-16 02:24:52,589:INFO::############### Experiments Stage Ends! ###############
2024-12-16 02:24:52,589:INFO::=============== one experiment stage finish, use 10.561832666397095 time.
2024-12-16 02:24:55,441:INFO::save_dir_name: simpleHGN_lr0.0005_wd0.0001
2024-12-16 02:24:55,598:INFO::Epoch_batch_00000 | lr 0.0005 |Train_Loss 0.7114 |  Loss 0.7114 | Val_Loss 0.6289| Train Time(s) 0.0310| Val Time(s) 0.0223 | Time(s) 0.0533
2024-12-16 02:24:55,811:INFO::Epoch_batch_00001 | lr 0.0005 |Train_Loss 0.6550 |  Loss 0.6550 | Val_Loss 0.6246| Train Time(s) 0.0545| Val Time(s) 0.0723 | Time(s) 0.1268
2024-12-16 02:24:55,811:INFO::Validation loss decreased (inf --> 0.624648).  Saving model ...
2024-12-16 02:24:56,010:INFO::Epoch_batch_00002 | lr 0.0005 |Train_Loss 0.6402 |  Loss 0.6402 | Val_Loss 0.6235| Train Time(s) 0.0597| Val Time(s) 0.0581 | Time(s) 0.1177
2024-12-16 02:24:56,010:INFO::Validation loss decreased (0.624648 --> 0.623484).  Saving model ...
2024-12-16 02:24:56,140:INFO::Epoch_batch_00003 | lr 0.0005 |Train_Loss 0.6366 |  Loss 0.6366 | Val_Loss 0.6227| Train Time(s) 0.0269| Val Time(s) 0.0234 | Time(s) 0.0503
2024-12-16 02:24:56,141:INFO::Validation loss decreased (0.623484 --> 0.622676).  Saving model ...
2024-12-16 02:24:56,271:INFO::Epoch_batch_00004 | lr 0.0005 |Train_Loss 0.6354 |  Loss 0.6354 | Val_Loss 0.6222| Train Time(s) 0.0268| Val Time(s) 0.0236 | Time(s) 0.0504
2024-12-16 02:24:56,271:INFO::Validation loss decreased (0.622676 --> 0.622182).  Saving model ...
2024-12-16 02:24:56,401:INFO::Epoch_batch_00005 | lr 0.0005 |Train_Loss 0.6343 |  Loss 0.6343 | Val_Loss 0.6218| Train Time(s) 0.0300| Val Time(s) 0.0205 | Time(s) 0.0504
2024-12-16 02:24:56,401:INFO::Validation loss decreased (0.622182 --> 0.621798).  Saving model ...
2024-12-16 02:24:56,531:INFO::Epoch_batch_00006 | lr 0.0005 |Train_Loss 0.6321 |  Loss 0.6321 | Val_Loss 0.6213| Train Time(s) 0.0303| Val Time(s) 0.0199 | Time(s) 0.0503
2024-12-16 02:24:56,531:INFO::Validation loss decreased (0.621798 --> 0.621262).  Saving model ...
2024-12-16 02:24:56,665:INFO::Epoch_batch_00007 | lr 0.0005 |Train_Loss 0.6315 |  Loss 0.6315 | Val_Loss 0.6206| Train Time(s) 0.0271| Val Time(s) 0.0248 | Time(s) 0.0519
2024-12-16 02:24:56,665:INFO::Validation loss decreased (0.621262 --> 0.620587).  Saving model ...
2024-12-16 02:24:56,795:INFO::Epoch_batch_00008 | lr 0.0005 |Train_Loss 0.6304 |  Loss 0.6304 | Val_Loss 0.6197| Train Time(s) 0.0296| Val Time(s) 0.0208 | Time(s) 0.0504
2024-12-16 02:24:56,795:INFO::Validation loss decreased (0.620587 --> 0.619737).  Saving model ...
2024-12-16 02:24:56,925:INFO::Epoch_batch_00009 | lr 0.0005 |Train_Loss 0.6297 |  Loss 0.6297 | Val_Loss 0.6188| Train Time(s) 0.0276| Val Time(s) 0.0228 | Time(s) 0.0504
2024-12-16 02:24:56,925:INFO::Validation loss decreased (0.619737 --> 0.618769).  Saving model ...
2024-12-16 02:24:57,055:INFO::Epoch_batch_00010 | lr 0.0005 |Train_Loss 0.6286 |  Loss 0.6286 | Val_Loss 0.6176| Train Time(s) 0.0268| Val Time(s) 0.0237 | Time(s) 0.0504
2024-12-16 02:24:57,055:INFO::Validation loss decreased (0.618769 --> 0.617640).  Saving model ...
2024-12-16 02:24:57,189:INFO::Epoch_batch_00011 | lr 0.0005 |Train_Loss 0.6279 |  Loss 0.6279 | Val_Loss 0.6164| Train Time(s) 0.0281| Val Time(s) 0.0223 | Time(s) 0.0504
2024-12-16 02:24:57,189:INFO::Validation loss decreased (0.617640 --> 0.616371).  Saving model ...
2024-12-16 02:24:57,319:INFO::Epoch_batch_00012 | lr 0.0005 |Train_Loss 0.6271 |  Loss 0.6271 | Val_Loss 0.6149| Train Time(s) 0.0267| Val Time(s) 0.0236 | Time(s) 0.0504
2024-12-16 02:24:57,319:INFO::Validation loss decreased (0.616371 --> 0.614900).  Saving model ...
2024-12-16 02:24:57,449:INFO::Epoch_batch_00013 | lr 0.0005 |Train_Loss 0.6254 |  Loss 0.6254 | Val_Loss 0.6131| Train Time(s) 0.0275| Val Time(s) 0.0228 | Time(s) 0.0504
2024-12-16 02:24:57,449:INFO::Validation loss decreased (0.614900 --> 0.613091).  Saving model ...
2024-12-16 02:24:57,579:INFO::Epoch_batch_00014 | lr 0.0005 |Train_Loss 0.6218 |  Loss 0.6218 | Val_Loss 0.6109| Train Time(s) 0.0298| Val Time(s) 0.0205 | Time(s) 0.0503
2024-12-16 02:24:57,579:INFO::Validation loss decreased (0.613091 --> 0.610947).  Saving model ...
2024-12-16 02:24:57,708:INFO::Epoch_batch_00015 | lr 0.0005 |Train_Loss 0.6203 |  Loss 0.6203 | Val_Loss 0.6083| Train Time(s) 0.0270| Val Time(s) 0.0234 | Time(s) 0.0504
2024-12-16 02:24:57,709:INFO::Validation loss decreased (0.610947 --> 0.608349).  Saving model ...
2024-12-16 02:24:57,838:INFO::Epoch_batch_00016 | lr 0.0005 |Train_Loss 0.6171 |  Loss 0.6171 | Val_Loss 0.6054| Train Time(s) 0.0268| Val Time(s) 0.0236 | Time(s) 0.0504
2024-12-16 02:24:57,839:INFO::Validation loss decreased (0.608349 --> 0.605352).  Saving model ...
2024-12-16 02:24:57,968:INFO::Epoch_batch_00017 | lr 0.0005 |Train_Loss 0.6144 |  Loss 0.6144 | Val_Loss 0.6021| Train Time(s) 0.0278| Val Time(s) 0.0226 | Time(s) 0.0504
2024-12-16 02:24:57,969:INFO::Validation loss decreased (0.605352 --> 0.602137).  Saving model ...
2024-12-16 02:24:58,098:INFO::Epoch_batch_00018 | lr 0.0005 |Train_Loss 0.6112 |  Loss 0.6112 | Val_Loss 0.5988| Train Time(s) 0.0267| Val Time(s) 0.0236 | Time(s) 0.0503
2024-12-16 02:24:58,099:INFO::Validation loss decreased (0.602137 --> 0.598793).  Saving model ...
2024-12-16 02:24:58,228:INFO::Epoch_batch_00019 | lr 0.0005 |Train_Loss 0.6086 |  Loss 0.6086 | Val_Loss 0.5956| Train Time(s) 0.0278| Val Time(s) 0.0226 | Time(s) 0.0504
2024-12-16 02:24:58,229:INFO::Validation loss decreased (0.598793 --> 0.595564).  Saving model ...
2024-12-16 02:24:58,357:INFO::Epoch_batch_00020 | lr 0.0005 |Train_Loss 0.6029 |  Loss 0.6029 | Val_Loss 0.5923| Train Time(s) 0.0268| Val Time(s) 0.0235 | Time(s) 0.0504
2024-12-16 02:24:58,357:INFO::Validation loss decreased (0.595564 --> 0.592315).  Saving model ...
2024-12-16 02:24:58,487:INFO::Epoch_batch_00021 | lr 0.0005 |Train_Loss 0.5986 |  Loss 0.5986 | Val_Loss 0.5896| Train Time(s) 0.0293| Val Time(s) 0.0211 | Time(s) 0.0503
2024-12-16 02:24:58,487:INFO::Validation loss decreased (0.592315 --> 0.589646).  Saving model ...
2024-12-16 02:24:58,617:INFO::Epoch_batch_00022 | lr 0.0005 |Train_Loss 0.5951 |  Loss 0.5951 | Val_Loss 0.5872| Train Time(s) 0.0281| Val Time(s) 0.0224 | Time(s) 0.0504
2024-12-16 02:24:58,617:INFO::Validation loss decreased (0.589646 --> 0.587210).  Saving model ...
2024-12-16 02:24:58,752:INFO::Epoch_batch_00023 | lr 0.0005 |Train_Loss 0.5926 |  Loss 0.5926 | Val_Loss 0.5853| Train Time(s) 0.0304| Val Time(s) 0.0204 | Time(s) 0.0508
2024-12-16 02:24:58,752:INFO::Validation loss decreased (0.587210 --> 0.585310).  Saving model ...
2024-12-16 02:24:58,888:INFO::Epoch_batch_00024 | lr 0.0005 |Train_Loss 0.5893 |  Loss 0.5893 | Val_Loss 0.5839| Train Time(s) 0.0286| Val Time(s) 0.0217 | Time(s) 0.0503
2024-12-16 02:24:58,888:INFO::Validation loss decreased (0.585310 --> 0.583885).  Saving model ...
2024-12-16 02:24:59,021:INFO::Epoch_batch_00025 | lr 0.0005 |Train_Loss 0.5867 |  Loss 0.5867 | Val_Loss 0.5837| Train Time(s) 0.0291| Val Time(s) 0.0213 | Time(s) 0.0504
2024-12-16 02:24:59,021:INFO::Validation loss decreased (0.583885 --> 0.583677).  Saving model ...
2024-12-16 02:24:59,151:INFO::Epoch_batch_00026 | lr 0.0005 |Train_Loss 0.5849 |  Loss 0.5849 | Val_Loss 0.5836| Train Time(s) 0.0304| Val Time(s) 0.0199 | Time(s) 0.0503
2024-12-16 02:24:59,151:INFO::Validation loss decreased (0.583677 --> 0.583599).  Saving model ...
2024-12-16 02:24:59,281:INFO::Epoch_batch_00027 | lr 0.0005 |Train_Loss 0.5825 |  Loss 0.5825 | Val_Loss 0.5822| Train Time(s) 0.0301| Val Time(s) 0.0204 | Time(s) 0.0505
2024-12-16 02:24:59,281:INFO::Validation loss decreased (0.583599 --> 0.582227).  Saving model ...
2024-12-16 02:24:59,411:INFO::Epoch_batch_00028 | lr 0.0005 |Train_Loss 0.5807 |  Loss 0.5807 | Val_Loss 0.5814| Train Time(s) 0.0300| Val Time(s) 0.0204 | Time(s) 0.0504
2024-12-16 02:24:59,411:INFO::Validation loss decreased (0.582227 --> 0.581401).  Saving model ...
2024-12-16 02:24:59,541:INFO::Epoch_batch_00029 | lr 0.0005 |Train_Loss 0.5760 |  Loss 0.5760 | Val_Loss 0.5812| Train Time(s) 0.0275| Val Time(s) 0.0229 | Time(s) 0.0504
2024-12-16 02:24:59,541:INFO::Validation loss decreased (0.581401 --> 0.581234).  Saving model ...
2024-12-16 02:24:59,671:INFO::Epoch_batch_00030 | lr 0.0005 |Train_Loss 0.5737 |  Loss 0.5737 | Val_Loss 0.5803| Train Time(s) 0.0268| Val Time(s) 0.0236 | Time(s) 0.0504
2024-12-16 02:24:59,671:INFO::Validation loss decreased (0.581234 --> 0.580299).  Saving model ...
2024-12-16 02:24:59,722:INFO::Epoch_batch_00031 | lr 0.0005 |Train_Loss 0.5716 |  Loss 0.5716 | Val_Loss 0.5807| Train Time(s) 0.0277| Val Time(s) 0.0226 | Time(s) 0.0504
2024-12-16 02:24:59,722:INFO::EarlyStopping counter: 1 out of 30
2024-12-16 02:24:59,851:INFO::Epoch_batch_00032 | lr 0.0005 |Train_Loss 0.5698 |  Loss 0.5698 | Val_Loss 0.5796| Train Time(s) 0.0295| Val Time(s) 0.0207 | Time(s) 0.0502
2024-12-16 02:24:59,852:INFO::Validation loss decreased (0.580299 --> 0.579620).  Saving model ...
2024-12-16 02:24:59,982:INFO::Epoch_batch_00033 | lr 0.0005 |Train_Loss 0.5677 |  Loss 0.5677 | Val_Loss 0.5795| Train Time(s) 0.0281| Val Time(s) 0.0223 | Time(s) 0.0504
2024-12-16 02:24:59,982:INFO::Validation loss decreased (0.579620 --> 0.579509).  Saving model ...
2024-12-16 02:25:00,112:INFO::Epoch_batch_00034 | lr 0.0005 |Train_Loss 0.5673 |  Loss 0.5673 | Val_Loss 0.5792| Train Time(s) 0.0269| Val Time(s) 0.0235 | Time(s) 0.0504
2024-12-16 02:25:00,112:INFO::Validation loss decreased (0.579509 --> 0.579232).  Saving model ...
2024-12-16 02:25:00,242:INFO::Epoch_batch_00035 | lr 0.0005 |Train_Loss 0.5648 |  Loss 0.5648 | Val_Loss 0.5792| Train Time(s) 0.0268| Val Time(s) 0.0236 | Time(s) 0.0504
2024-12-16 02:25:00,242:INFO::Validation loss decreased (0.579232 --> 0.579205).  Saving model ...
2024-12-16 02:25:00,372:INFO::Epoch_batch_00036 | lr 0.0005 |Train_Loss 0.5646 |  Loss 0.5646 | Val_Loss 0.5782| Train Time(s) 0.0268| Val Time(s) 0.0236 | Time(s) 0.0503
2024-12-16 02:25:00,372:INFO::Validation loss decreased (0.579205 --> 0.578185).  Saving model ...
2024-12-16 02:25:00,503:INFO::Epoch_batch_00037 | lr 0.0005 |Train_Loss 0.5621 |  Loss 0.5621 | Val_Loss 0.5771| Train Time(s) 0.0266| Val Time(s) 0.0237 | Time(s) 0.0503
2024-12-16 02:25:00,503:INFO::Validation loss decreased (0.578185 --> 0.577107).  Saving model ...
2024-12-16 02:25:00,709:INFO::Epoch_batch_00038 | lr 0.0005 |Train_Loss 0.5598 |  Loss 0.5598 | Val_Loss 0.5768| Train Time(s) 0.0663| Val Time(s) 0.0581 | Time(s) 0.1244
2024-12-16 02:25:00,710:INFO::Validation loss decreased (0.577107 --> 0.576825).  Saving model ...
2024-12-16 02:25:00,841:INFO::Epoch_batch_00039 | lr 0.0005 |Train_Loss 0.5573 |  Loss 0.5573 | Val_Loss 0.5773| Train Time(s) 0.0593| Val Time(s) 0.0718 | Time(s) 0.1310
2024-12-16 02:25:00,841:INFO::EarlyStopping counter: 1 out of 30
2024-12-16 02:25:00,897:INFO::Epoch_batch_00040 | lr 0.0005 |Train_Loss 0.5575 |  Loss 0.5575 | Val_Loss 0.5779| Train Time(s) 0.0378| Val Time(s) 0.0181 | Time(s) 0.0559
2024-12-16 02:25:00,898:INFO::EarlyStopping counter: 2 out of 30
2024-12-16 02:25:00,948:INFO::Epoch_batch_00041 | lr 0.0005 |Train_Loss 0.5553 |  Loss 0.5553 | Val_Loss 0.5777| Train Time(s) 0.0263| Val Time(s) 0.0238 | Time(s) 0.0501
2024-12-16 02:25:00,948:INFO::EarlyStopping counter: 3 out of 30
2024-12-16 02:25:00,998:INFO::Epoch_batch_00042 | lr 0.0005 |Train_Loss 0.5532 |  Loss 0.5532 | Val_Loss 0.5773| Train Time(s) 0.0313| Val Time(s) 0.0186 | Time(s) 0.0499
2024-12-16 02:25:00,999:INFO::EarlyStopping counter: 4 out of 30
2024-12-16 02:25:01,052:INFO::Epoch_batch_00043 | lr 0.0005 |Train_Loss 0.5533 |  Loss 0.5533 | Val_Loss 0.5775| Train Time(s) 0.0346| Val Time(s) 0.0181 | Time(s) 0.0527
2024-12-16 02:25:01,052:INFO::EarlyStopping counter: 5 out of 30
2024-12-16 02:25:01,102:INFO::Epoch_batch_00044 | lr 0.0005 |Train_Loss 0.5516 |  Loss 0.5516 | Val_Loss 0.5779| Train Time(s) 0.0263| Val Time(s) 0.0236 | Time(s) 0.0499
2024-12-16 02:25:01,102:INFO::EarlyStopping counter: 6 out of 30
2024-12-16 02:25:01,152:INFO::Epoch_batch_00045 | lr 0.0005 |Train_Loss 0.5503 |  Loss 0.5503 | Val_Loss 0.5775| Train Time(s) 0.0314| Val Time(s) 0.0186 | Time(s) 0.0499
2024-12-16 02:25:01,153:INFO::EarlyStopping counter: 7 out of 30
2024-12-16 02:25:01,210:INFO::Epoch_batch_00046 | lr 0.0005 |Train_Loss 0.5495 |  Loss 0.5495 | Val_Loss 0.5770| Train Time(s) 0.0378| Val Time(s) 0.0191 | Time(s) 0.0569
2024-12-16 02:25:01,210:INFO::EarlyStopping counter: 8 out of 30
2024-12-16 02:25:01,260:INFO::Epoch_batch_00047 | lr 0.0005 |Train_Loss 0.5487 |  Loss 0.5487 | Val_Loss 0.5772| Train Time(s) 0.0293| Val Time(s) 0.0206 | Time(s) 0.0500
2024-12-16 02:25:01,261:INFO::EarlyStopping counter: 9 out of 30
2024-12-16 02:25:01,311:INFO::Epoch_batch_00048 | lr 0.0005 |Train_Loss 0.5471 |  Loss 0.5471 | Val_Loss 0.5775| Train Time(s) 0.0316| Val Time(s) 0.0183 | Time(s) 0.0499
2024-12-16 02:25:01,311:INFO::EarlyStopping counter: 10 out of 30
2024-12-16 02:25:01,364:INFO::Epoch_batch_00049 | lr 0.0005 |Train_Loss 0.5461 |  Loss 0.5461 | Val_Loss 0.5774| Train Time(s) 0.0346| Val Time(s) 0.0180 | Time(s) 0.0526
2024-12-16 02:25:01,364:INFO::EarlyStopping counter: 11 out of 30
2024-12-16 02:25:01,414:INFO::Epoch_batch_00050 | lr 0.0005 |Train_Loss 0.5448 |  Loss 0.5448 | Val_Loss 0.5773| Train Time(s) 0.0264| Val Time(s) 0.0236 | Time(s) 0.0499
2024-12-16 02:25:01,415:INFO::EarlyStopping counter: 12 out of 30
2024-12-16 02:25:01,465:INFO::Epoch_batch_00051 | lr 0.0005 |Train_Loss 0.5436 |  Loss 0.5436 | Val_Loss 0.5777| Train Time(s) 0.0316| Val Time(s) 0.0186 | Time(s) 0.0502
2024-12-16 02:25:01,465:INFO::EarlyStopping counter: 13 out of 30
2024-12-16 02:25:01,522:INFO::Epoch_batch_00052 | lr 0.0005 |Train_Loss 0.5429 |  Loss 0.5429 | Val_Loss 0.5779| Train Time(s) 0.0381| Val Time(s) 0.0186 | Time(s) 0.0567
2024-12-16 02:25:01,522:INFO::EarlyStopping counter: 14 out of 30
2024-12-16 02:25:01,573:INFO::Epoch_batch_00053 | lr 0.0005 |Train_Loss 0.5412 |  Loss 0.5412 | Val_Loss 0.5784| Train Time(s) 0.0298| Val Time(s) 0.0201 | Time(s) 0.0499
2024-12-16 02:25:01,573:INFO::EarlyStopping counter: 15 out of 30
2024-12-16 02:25:01,623:INFO::Epoch_batch_00054 | lr 0.0005 |Train_Loss 0.5412 |  Loss 0.5412 | Val_Loss 0.5785| Train Time(s) 0.0292| Val Time(s) 0.0207 | Time(s) 0.0499
2024-12-16 02:25:01,623:INFO::EarlyStopping counter: 16 out of 30
2024-12-16 02:25:01,677:INFO::Epoch_batch_00055 | lr 0.0005 |Train_Loss 0.5407 |  Loss 0.5407 | Val_Loss 0.5784| Train Time(s) 0.0346| Val Time(s) 0.0186 | Time(s) 0.0532
2024-12-16 02:25:01,677:INFO::EarlyStopping counter: 17 out of 30
2024-12-16 02:25:01,727:INFO::Epoch_batch_00056 | lr 0.0005 |Train_Loss 0.5399 |  Loss 0.5399 | Val_Loss 0.5784| Train Time(s) 0.0263| Val Time(s) 0.0237 | Time(s) 0.0500
2024-12-16 02:25:01,727:INFO::EarlyStopping counter: 18 out of 30
2024-12-16 02:25:01,780:INFO::Epoch_batch_00057 | lr 0.0005 |Train_Loss 0.5389 |  Loss 0.5389 | Val_Loss 0.5791| Train Time(s) 0.0339| Val Time(s) 0.0186 | Time(s) 0.0524
2024-12-16 02:25:01,780:INFO::EarlyStopping counter: 19 out of 30
2024-12-16 02:25:01,830:INFO::Epoch_batch_00058 | lr 0.0005 |Train_Loss 0.5401 |  Loss 0.5401 | Val_Loss 0.5794| Train Time(s) 0.0262| Val Time(s) 0.0237 | Time(s) 0.0498
2024-12-16 02:25:01,831:INFO::EarlyStopping counter: 20 out of 30
2024-12-16 02:25:01,885:INFO::Epoch_batch_00059 | lr 0.0005 |Train_Loss 0.5386 |  Loss 0.5386 | Val_Loss 0.5792| Train Time(s) 0.0349| Val Time(s) 0.0192 | Time(s) 0.0541
2024-12-16 02:25:01,885:INFO::EarlyStopping counter: 21 out of 30
2024-12-16 02:25:01,944:INFO::Epoch_batch_00060 | lr 0.0005 |Train_Loss 0.5371 |  Loss 0.5371 | Val_Loss 0.5795| Train Time(s) 0.0427| Val Time(s) 0.0159 | Time(s) 0.0586
2024-12-16 02:25:01,944:INFO::EarlyStopping counter: 22 out of 30
2024-12-16 02:25:01,994:INFO::Epoch_batch_00061 | lr 0.0005 |Train_Loss 0.5367 |  Loss 0.5367 | Val_Loss 0.5796| Train Time(s) 0.0283| Val Time(s) 0.0217 | Time(s) 0.0499
2024-12-16 02:25:01,995:INFO::EarlyStopping counter: 23 out of 30
2024-12-16 02:25:02,048:INFO::Epoch_batch_00062 | lr 0.0005 |Train_Loss 0.5359 |  Loss 0.5359 | Val_Loss 0.5797| Train Time(s) 0.0349| Val Time(s) 0.0181 | Time(s) 0.0530
2024-12-16 02:25:02,048:INFO::EarlyStopping counter: 24 out of 30
2024-12-16 02:25:02,098:INFO::Epoch_batch_00063 | lr 0.0005 |Train_Loss 0.5351 |  Loss 0.5351 | Val_Loss 0.5801| Train Time(s) 0.0280| Val Time(s) 0.0220 | Time(s) 0.0500
2024-12-16 02:25:02,099:INFO::EarlyStopping counter: 25 out of 30
2024-12-16 02:25:02,151:INFO::Epoch_batch_00064 | lr 0.0005 |Train_Loss 0.5346 |  Loss 0.5346 | Val_Loss 0.5805| Train Time(s) 0.0339| Val Time(s) 0.0181 | Time(s) 0.0520
2024-12-16 02:25:02,151:INFO::EarlyStopping counter: 26 out of 30
2024-12-16 02:25:02,206:INFO::Epoch_batch_00065 | lr 0.0005 |Train_Loss 0.5341 |  Loss 0.5341 | Val_Loss 0.5797| Train Time(s) 0.0361| Val Time(s) 0.0189 | Time(s) 0.0550
2024-12-16 02:25:02,207:INFO::EarlyStopping counter: 27 out of 30
2024-12-16 02:25:02,257:INFO::Epoch_batch_00066 | lr 0.0005 |Train_Loss 0.5338 |  Loss 0.5338 | Val_Loss 0.5800| Train Time(s) 0.0263| Val Time(s) 0.0236 | Time(s) 0.0499
2024-12-16 02:25:02,257:INFO::EarlyStopping counter: 28 out of 30
2024-12-16 02:25:02,307:INFO::Epoch_batch_00067 | lr 0.0005 |Train_Loss 0.5334 |  Loss 0.5334 | Val_Loss 0.5805| Train Time(s) 0.0301| Val Time(s) 0.0199 | Time(s) 0.0499
2024-12-16 02:25:02,307:INFO::EarlyStopping counter: 29 out of 30
2024-12-16 02:25:02,361:INFO::Epoch_batch_00068 | lr 0.0005 |Train_Loss 0.5326 |  Loss 0.5326 | Val_Loss 0.5810| Train Time(s) 0.0351| Val Time(s) 0.0186 | Time(s) 0.0537
2024-12-16 02:25:02,362:INFO::EarlyStopping counter: 30 out of 30
2024-12-16 02:25:02,362:INFO::Eearly stopping!
2024-12-16 02:25:02,419:INFO::
testing...
2024-12-16 02:25:02,438:INFO::save_dir_name: simpleHGN_lr0.0005_wd0.0001
2024-12-16 02:25:02,438:INFO::save_dir_name: simpleHGN_lr0.0005_wd0.0001
2024-12-16 02:25:02,439:INFO::submit dir: submit/submit_simpleHGN_lr0.0005_wd0.0001
2024-12-16 02:25:02,454:INFO::save_dir_name: simpleHGN_lr0.0005_wd0.0001
2024-12-16 02:25:02,468:INFO::{'micro-f1': 0.666226040978189, 'macro-f1': 0.6181921907263485}
2024-12-16 02:25:02,508:INFO::############### Experiments Stage Ends! ###############
2024-12-16 02:25:02,508:INFO::=============== one experiment stage finish, use 20.48036789894104 time.
2024-12-16 02:25:05,357:INFO::save_dir_name: simpleHGN_lr0.0005_wd0.0001
2024-12-16 02:25:05,523:INFO::Epoch_batch_00000 | lr 0.0005 |Train_Loss 0.7371 |  Loss 0.7371 | Val_Loss 0.6312| Train Time(s) 0.0417| Val Time(s) 0.0173 | Time(s) 0.0590
2024-12-16 02:25:05,659:INFO::Epoch_batch_00001 | lr 0.0005 |Train_Loss 0.6640 |  Loss 0.6640 | Val_Loss 0.6272| Train Time(s) 0.0288| Val Time(s) 0.0222 | Time(s) 0.0510
2024-12-16 02:25:05,659:INFO::Validation loss decreased (inf --> 0.627194).  Saving model ...
2024-12-16 02:25:05,719:INFO::Epoch_batch_00002 | lr 0.0005 |Train_Loss 0.6442 |  Loss 0.6442 | Val_Loss 0.6281| Train Time(s) 0.0429| Val Time(s) 0.0164 | Time(s) 0.0593
2024-12-16 02:25:05,719:INFO::EarlyStopping counter: 1 out of 30
2024-12-16 02:25:05,769:INFO::Epoch_batch_00003 | lr 0.0005 |Train_Loss 0.6384 |  Loss 0.6384 | Val_Loss 0.6285| Train Time(s) 0.0267| Val Time(s) 0.0233 | Time(s) 0.0500
2024-12-16 02:25:05,769:INFO::EarlyStopping counter: 2 out of 30
2024-12-16 02:25:05,821:INFO::Epoch_batch_00004 | lr 0.0005 |Train_Loss 0.6355 |  Loss 0.6355 | Val_Loss 0.6284| Train Time(s) 0.0324| Val Time(s) 0.0193 | Time(s) 0.0517
2024-12-16 02:25:05,822:INFO::EarlyStopping counter: 3 out of 30
2024-12-16 02:25:05,878:INFO::Epoch_batch_00005 | lr 0.0005 |Train_Loss 0.6370 |  Loss 0.6370 | Val_Loss 0.6279| Train Time(s) 0.0384| Val Time(s) 0.0178 | Time(s) 0.0562
2024-12-16 02:25:05,878:INFO::EarlyStopping counter: 4 out of 30
2024-12-16 02:25:05,928:INFO::Epoch_batch_00006 | lr 0.0005 |Train_Loss 0.6354 |  Loss 0.6354 | Val_Loss 0.6273| Train Time(s) 0.0288| Val Time(s) 0.0212 | Time(s) 0.0500
2024-12-16 02:25:05,929:INFO::EarlyStopping counter: 5 out of 30
2024-12-16 02:25:06,059:INFO::Epoch_batch_00007 | lr 0.0005 |Train_Loss 0.6355 |  Loss 0.6355 | Val_Loss 0.6267| Train Time(s) 0.0296| Val Time(s) 0.0203 | Time(s) 0.0500
2024-12-16 02:25:06,059:INFO::Validation loss decreased (0.627194 --> 0.626680).  Saving model ...
2024-12-16 02:25:06,196:INFO::Epoch_batch_00008 | lr 0.0005 |Train_Loss 0.6327 |  Loss 0.6327 | Val_Loss 0.6260| Train Time(s) 0.0396| Val Time(s) 0.0173 | Time(s) 0.0569
2024-12-16 02:25:06,197:INFO::Validation loss decreased (0.626680 --> 0.625963).  Saving model ...
2024-12-16 02:25:06,327:INFO::Epoch_batch_00009 | lr 0.0005 |Train_Loss 0.6331 |  Loss 0.6331 | Val_Loss 0.6252| Train Time(s) 0.0266| Val Time(s) 0.0236 | Time(s) 0.0502
2024-12-16 02:25:06,327:INFO::Validation loss decreased (0.625963 --> 0.625212).  Saving model ...
2024-12-16 02:25:06,465:INFO::Epoch_batch_00010 | lr 0.0005 |Train_Loss 0.6327 |  Loss 0.6327 | Val_Loss 0.6244| Train Time(s) 0.0393| Val Time(s) 0.0190 | Time(s) 0.0582
2024-12-16 02:25:06,466:INFO::Validation loss decreased (0.625212 --> 0.624404).  Saving model ...
2024-12-16 02:25:06,595:INFO::Epoch_batch_00011 | lr 0.0005 |Train_Loss 0.6328 |  Loss 0.6328 | Val_Loss 0.6235| Train Time(s) 0.0265| Val Time(s) 0.0237 | Time(s) 0.0502
2024-12-16 02:25:06,595:INFO::Validation loss decreased (0.624404 --> 0.623542).  Saving model ...
2024-12-16 02:25:06,732:INFO::Epoch_batch_00012 | lr 0.0005 |Train_Loss 0.6310 |  Loss 0.6310 | Val_Loss 0.6226| Train Time(s) 0.0363| Val Time(s) 0.0201 | Time(s) 0.0564
2024-12-16 02:25:06,732:INFO::Validation loss decreased (0.623542 --> 0.622614).  Saving model ...
2024-12-16 02:25:06,862:INFO::Epoch_batch_00013 | lr 0.0005 |Train_Loss 0.6316 |  Loss 0.6316 | Val_Loss 0.6216| Train Time(s) 0.0266| Val Time(s) 0.0236 | Time(s) 0.0503
2024-12-16 02:25:06,862:INFO::Validation loss decreased (0.622614 --> 0.621604).  Saving model ...
2024-12-16 02:25:07,003:INFO::Epoch_batch_00014 | lr 0.0005 |Train_Loss 0.6297 |  Loss 0.6297 | Val_Loss 0.6205| Train Time(s) 0.0358| Val Time(s) 0.0198 | Time(s) 0.0556
2024-12-16 02:25:07,004:INFO::Validation loss decreased (0.621604 --> 0.620490).  Saving model ...
2024-12-16 02:25:07,140:INFO::Epoch_batch_00015 | lr 0.0005 |Train_Loss 0.6288 |  Loss 0.6288 | Val_Loss 0.6193| Train Time(s) 0.0267| Val Time(s) 0.0236 | Time(s) 0.0503
2024-12-16 02:25:07,141:INFO::Validation loss decreased (0.620490 --> 0.619253).  Saving model ...
2024-12-16 02:25:07,277:INFO::Epoch_batch_00016 | lr 0.0005 |Train_Loss 0.6273 |  Loss 0.6273 | Val_Loss 0.6178| Train Time(s) 0.0318| Val Time(s) 0.0183 | Time(s) 0.0500
2024-12-16 02:25:07,277:INFO::Validation loss decreased (0.619253 --> 0.617819).  Saving model ...
2024-12-16 02:25:07,416:INFO::Epoch_batch_00017 | lr 0.0005 |Train_Loss 0.6266 |  Loss 0.6266 | Val_Loss 0.6162| Train Time(s) 0.0393| Val Time(s) 0.0192 | Time(s) 0.0585
2024-12-16 02:25:07,417:INFO::Validation loss decreased (0.617819 --> 0.616227).  Saving model ...
2024-12-16 02:25:07,547:INFO::Epoch_batch_00018 | lr 0.0005 |Train_Loss 0.6261 |  Loss 0.6261 | Val_Loss 0.6144| Train Time(s) 0.0265| Val Time(s) 0.0237 | Time(s) 0.0502
2024-12-16 02:25:07,547:INFO::Validation loss decreased (0.616227 --> 0.614377).  Saving model ...
2024-12-16 02:25:07,684:INFO::Epoch_batch_00019 | lr 0.0005 |Train_Loss 0.6221 |  Loss 0.6221 | Val_Loss 0.6121| Train Time(s) 0.0400| Val Time(s) 0.0174 | Time(s) 0.0574
2024-12-16 02:25:07,685:INFO::Validation loss decreased (0.614377 --> 0.612103).  Saving model ...
2024-12-16 02:25:07,815:INFO::Epoch_batch_00020 | lr 0.0005 |Train_Loss 0.6215 |  Loss 0.6215 | Val_Loss 0.6095| Train Time(s) 0.0270| Val Time(s) 0.0234 | Time(s) 0.0504
2024-12-16 02:25:07,815:INFO::Validation loss decreased (0.612103 --> 0.609498).  Saving model ...
2024-12-16 02:25:07,956:INFO::Epoch_batch_00021 | lr 0.0005 |Train_Loss 0.6185 |  Loss 0.6185 | Val_Loss 0.6067| Train Time(s) 0.0407| Val Time(s) 0.0168 | Time(s) 0.0574
2024-12-16 02:25:07,957:INFO::Validation loss decreased (0.609498 --> 0.606665).  Saving model ...
2024-12-16 02:25:08,087:INFO::Epoch_batch_00022 | lr 0.0005 |Train_Loss 0.6145 |  Loss 0.6145 | Val_Loss 0.6036| Train Time(s) 0.0283| Val Time(s) 0.0219 | Time(s) 0.0502
2024-12-16 02:25:08,087:INFO::Validation loss decreased (0.606665 --> 0.603587).  Saving model ...
2024-12-16 02:25:08,222:INFO::Epoch_batch_00023 | lr 0.0005 |Train_Loss 0.6134 |  Loss 0.6134 | Val_Loss 0.6004| Train Time(s) 0.0362| Val Time(s) 0.0186 | Time(s) 0.0548
2024-12-16 02:25:08,222:INFO::Validation loss decreased (0.603587 --> 0.600419).  Saving model ...
2024-12-16 02:25:08,352:INFO::Epoch_batch_00024 | lr 0.0005 |Train_Loss 0.6081 |  Loss 0.6081 | Val_Loss 0.5972| Train Time(s) 0.0266| Val Time(s) 0.0236 | Time(s) 0.0501
2024-12-16 02:25:08,352:INFO::Validation loss decreased (0.600419 --> 0.597237).  Saving model ...
2024-12-16 02:25:08,483:INFO::Epoch_batch_00025 | lr 0.0005 |Train_Loss 0.6053 |  Loss 0.6053 | Val_Loss 0.5942| Train Time(s) 0.0314| Val Time(s) 0.0191 | Time(s) 0.0505
2024-12-16 02:25:08,483:INFO::Validation loss decreased (0.597237 --> 0.594234).  Saving model ...
2024-12-16 02:25:08,621:INFO::Epoch_batch_00026 | lr 0.0005 |Train_Loss 0.6009 |  Loss 0.6009 | Val_Loss 0.5916| Train Time(s) 0.0418| Val Time(s) 0.0165 | Time(s) 0.0582
2024-12-16 02:25:08,621:INFO::Validation loss decreased (0.594234 --> 0.591592).  Saving model ...
2024-12-16 02:25:08,751:INFO::Epoch_batch_00027 | lr 0.0005 |Train_Loss 0.5977 |  Loss 0.5977 | Val_Loss 0.5892| Train Time(s) 0.0288| Val Time(s) 0.0213 | Time(s) 0.0501
2024-12-16 02:25:08,751:INFO::Validation loss decreased (0.591592 --> 0.589234).  Saving model ...
2024-12-16 02:25:08,887:INFO::Epoch_batch_00028 | lr 0.0005 |Train_Loss 0.5933 |  Loss 0.5933 | Val_Loss 0.5870| Train Time(s) 0.0387| Val Time(s) 0.0174 | Time(s) 0.0561
2024-12-16 02:25:08,887:INFO::Validation loss decreased (0.589234 --> 0.586996).  Saving model ...
2024-12-16 02:25:09,017:INFO::Epoch_batch_00029 | lr 0.0005 |Train_Loss 0.5930 |  Loss 0.5930 | Val_Loss 0.5847| Train Time(s) 0.0295| Val Time(s) 0.0208 | Time(s) 0.0503
2024-12-16 02:25:09,018:INFO::Validation loss decreased (0.586996 --> 0.584655).  Saving model ...
2024-12-16 02:25:09,151:INFO::Epoch_batch_00030 | lr 0.0005 |Train_Loss 0.5889 |  Loss 0.5889 | Val_Loss 0.5827| Train Time(s) 0.0348| Val Time(s) 0.0191 | Time(s) 0.0539
2024-12-16 02:25:09,152:INFO::Validation loss decreased (0.584655 --> 0.582703).  Saving model ...
2024-12-16 02:25:09,290:INFO::Epoch_batch_00031 | lr 0.0005 |Train_Loss 0.5853 |  Loss 0.5853 | Val_Loss 0.5805| Train Time(s) 0.0409| Val Time(s) 0.0180 | Time(s) 0.0589
2024-12-16 02:25:09,291:INFO::Validation loss decreased (0.582703 --> 0.580493).  Saving model ...
2024-12-16 02:25:09,421:INFO::Epoch_batch_00032 | lr 0.0005 |Train_Loss 0.5806 |  Loss 0.5806 | Val_Loss 0.5784| Train Time(s) 0.0268| Val Time(s) 0.0235 | Time(s) 0.0503
2024-12-16 02:25:09,421:INFO::Validation loss decreased (0.580493 --> 0.578421).  Saving model ...
2024-12-16 02:25:09,551:INFO::Epoch_batch_00033 | lr 0.0005 |Train_Loss 0.5799 |  Loss 0.5799 | Val_Loss 0.5774| Train Time(s) 0.0327| Val Time(s) 0.0177 | Time(s) 0.0504
2024-12-16 02:25:09,551:INFO::Validation loss decreased (0.578421 --> 0.577377).  Saving model ...
2024-12-16 02:25:09,689:INFO::Epoch_batch_00034 | lr 0.0005 |Train_Loss 0.5771 |  Loss 0.5771 | Val_Loss 0.5767| Train Time(s) 0.0399| Val Time(s) 0.0181 | Time(s) 0.0580
2024-12-16 02:25:09,689:INFO::Validation loss decreased (0.577377 --> 0.576705).  Saving model ...
2024-12-16 02:25:09,740:INFO::Epoch_batch_00035 | lr 0.0005 |Train_Loss 0.5769 |  Loss 0.5769 | Val_Loss 0.5773| Train Time(s) 0.0286| Val Time(s) 0.0215 | Time(s) 0.0501
2024-12-16 02:25:09,740:INFO::EarlyStopping counter: 1 out of 30
2024-12-16 02:25:09,790:INFO::Epoch_batch_00036 | lr 0.0005 |Train_Loss 0.5738 |  Loss 0.5738 | Val_Loss 0.5769| Train Time(s) 0.0280| Val Time(s) 0.0219 | Time(s) 0.0499
2024-12-16 02:25:09,791:INFO::EarlyStopping counter: 2 out of 30
2024-12-16 02:25:09,927:INFO::Epoch_batch_00037 | lr 0.0005 |Train_Loss 0.5739 |  Loss 0.5739 | Val_Loss 0.5760| Train Time(s) 0.0400| Val Time(s) 0.0167 | Time(s) 0.0567
2024-12-16 02:25:09,927:INFO::Validation loss decreased (0.576705 --> 0.576035).  Saving model ...
2024-12-16 02:25:09,978:INFO::Epoch_batch_00038 | lr 0.0005 |Train_Loss 0.5724 |  Loss 0.5724 | Val_Loss 0.5765| Train Time(s) 0.0275| Val Time(s) 0.0227 | Time(s) 0.0502
2024-12-16 02:25:09,978:INFO::EarlyStopping counter: 1 out of 30
2024-12-16 02:25:10,028:INFO::Epoch_batch_00039 | lr 0.0005 |Train_Loss 0.5703 |  Loss 0.5703 | Val_Loss 0.5763| Train Time(s) 0.0319| Val Time(s) 0.0181 | Time(s) 0.0500
2024-12-16 02:25:10,029:INFO::EarlyStopping counter: 2 out of 30
2024-12-16 02:25:10,086:INFO::Epoch_batch_00040 | lr 0.0005 |Train_Loss 0.5671 |  Loss 0.5671 | Val_Loss 0.5767| Train Time(s) 0.0373| Val Time(s) 0.0195 | Time(s) 0.0569
2024-12-16 02:25:10,086:INFO::EarlyStopping counter: 3 out of 30
2024-12-16 02:25:10,141:INFO::Epoch_batch_00041 | lr 0.0005 |Train_Loss 0.5654 |  Loss 0.5654 | Val_Loss 0.5765| Train Time(s) 0.0362| Val Time(s) 0.0186 | Time(s) 0.0548
2024-12-16 02:25:10,141:INFO::EarlyStopping counter: 4 out of 30
2024-12-16 02:25:10,191:INFO::Epoch_batch_00042 | lr 0.0005 |Train_Loss 0.5639 |  Loss 0.5639 | Val_Loss 0.5762| Train Time(s) 0.0284| Val Time(s) 0.0216 | Time(s) 0.0499
2024-12-16 02:25:10,192:INFO::EarlyStopping counter: 5 out of 30
2024-12-16 02:25:10,245:INFO::Epoch_batch_00043 | lr 0.0005 |Train_Loss 0.5628 |  Loss 0.5628 | Val_Loss 0.5765| Train Time(s) 0.0353| Val Time(s) 0.0181 | Time(s) 0.0534
2024-12-16 02:25:10,245:INFO::EarlyStopping counter: 6 out of 30
2024-12-16 02:25:10,296:INFO::Epoch_batch_00044 | lr 0.0005 |Train_Loss 0.5611 |  Loss 0.5611 | Val_Loss 0.5765| Train Time(s) 0.0264| Val Time(s) 0.0236 | Time(s) 0.0500
2024-12-16 02:25:10,296:INFO::EarlyStopping counter: 7 out of 30
2024-12-16 02:25:10,346:INFO::Epoch_batch_00045 | lr 0.0005 |Train_Loss 0.5594 |  Loss 0.5594 | Val_Loss 0.5770| Train Time(s) 0.0302| Val Time(s) 0.0198 | Time(s) 0.0500
2024-12-16 02:25:10,346:INFO::EarlyStopping counter: 8 out of 30
2024-12-16 02:25:10,403:INFO::Epoch_batch_00046 | lr 0.0005 |Train_Loss 0.5577 |  Loss 0.5577 | Val_Loss 0.5773| Train Time(s) 0.0393| Val Time(s) 0.0170 | Time(s) 0.0563
2024-12-16 02:25:10,403:INFO::EarlyStopping counter: 9 out of 30
2024-12-16 02:25:10,453:INFO::Epoch_batch_00047 | lr 0.0005 |Train_Loss 0.5570 |  Loss 0.5570 | Val_Loss 0.5778| Train Time(s) 0.0267| Val Time(s) 0.0233 | Time(s) 0.0500
2024-12-16 02:25:10,454:INFO::EarlyStopping counter: 10 out of 30
2024-12-16 02:25:10,505:INFO::Epoch_batch_00048 | lr 0.0005 |Train_Loss 0.5555 |  Loss 0.5555 | Val_Loss 0.5778| Train Time(s) 0.0331| Val Time(s) 0.0182 | Time(s) 0.0512
2024-12-16 02:25:10,505:INFO::EarlyStopping counter: 11 out of 30
2024-12-16 02:25:10,561:INFO::Epoch_batch_00049 | lr 0.0005 |Train_Loss 0.5532 |  Loss 0.5532 | Val_Loss 0.5772| Train Time(s) 0.0376| Val Time(s) 0.0184 | Time(s) 0.0560
2024-12-16 02:25:10,562:INFO::EarlyStopping counter: 12 out of 30
2024-12-16 02:25:10,612:INFO::Epoch_batch_00050 | lr 0.0005 |Train_Loss 0.5534 |  Loss 0.5534 | Val_Loss 0.5772| Train Time(s) 0.0285| Val Time(s) 0.0214 | Time(s) 0.0499
2024-12-16 02:25:10,612:INFO::EarlyStopping counter: 13 out of 30
2024-12-16 02:25:10,662:INFO::Epoch_batch_00051 | lr 0.0005 |Train_Loss 0.5528 |  Loss 0.5528 | Val_Loss 0.5775| Train Time(s) 0.0296| Val Time(s) 0.0203 | Time(s) 0.0499
2024-12-16 02:25:10,663:INFO::EarlyStopping counter: 14 out of 30
2024-12-16 02:25:10,719:INFO::Epoch_batch_00052 | lr 0.0005 |Train_Loss 0.5520 |  Loss 0.5520 | Val_Loss 0.5783| Train Time(s) 0.0387| Val Time(s) 0.0172 | Time(s) 0.0559
2024-12-16 02:25:10,719:INFO::EarlyStopping counter: 15 out of 30
2024-12-16 02:25:10,769:INFO::Epoch_batch_00053 | lr 0.0005 |Train_Loss 0.5498 |  Loss 0.5498 | Val_Loss 0.5796| Train Time(s) 0.0269| Val Time(s) 0.0231 | Time(s) 0.0500
2024-12-16 02:25:10,770:INFO::EarlyStopping counter: 16 out of 30
2024-12-16 02:25:10,821:INFO::Epoch_batch_00054 | lr 0.0005 |Train_Loss 0.5500 |  Loss 0.5500 | Val_Loss 0.5800| Train Time(s) 0.0337| Val Time(s) 0.0178 | Time(s) 0.0515
2024-12-16 02:25:10,822:INFO::EarlyStopping counter: 17 out of 30
2024-12-16 02:25:10,878:INFO::Epoch_batch_00055 | lr 0.0005 |Train_Loss 0.5482 |  Loss 0.5482 | Val_Loss 0.5795| Train Time(s) 0.0383| Val Time(s) 0.0178 | Time(s) 0.0561
2024-12-16 02:25:10,878:INFO::EarlyStopping counter: 18 out of 30
2024-12-16 02:25:10,928:INFO::Epoch_batch_00056 | lr 0.0005 |Train_Loss 0.5469 |  Loss 0.5469 | Val_Loss 0.5796| Train Time(s) 0.0293| Val Time(s) 0.0206 | Time(s) 0.0499
2024-12-16 02:25:10,929:INFO::EarlyStopping counter: 19 out of 30
2024-12-16 02:25:10,979:INFO::Epoch_batch_00057 | lr 0.0005 |Train_Loss 0.5464 |  Loss 0.5464 | Val_Loss 0.5801| Train Time(s) 0.0285| Val Time(s) 0.0214 | Time(s) 0.0499
2024-12-16 02:25:10,979:INFO::EarlyStopping counter: 20 out of 30
2024-12-16 02:25:11,033:INFO::Epoch_batch_00058 | lr 0.0005 |Train_Loss 0.5465 |  Loss 0.5465 | Val_Loss 0.5808| Train Time(s) 0.0349| Val Time(s) 0.0185 | Time(s) 0.0534
2024-12-16 02:25:11,033:INFO::EarlyStopping counter: 21 out of 30
2024-12-16 02:25:11,083:INFO::Epoch_batch_00059 | lr 0.0005 |Train_Loss 0.5438 |  Loss 0.5438 | Val_Loss 0.5809| Train Time(s) 0.0265| Val Time(s) 0.0237 | Time(s) 0.0501
2024-12-16 02:25:11,084:INFO::EarlyStopping counter: 22 out of 30
2024-12-16 02:25:11,137:INFO::Epoch_batch_00060 | lr 0.0005 |Train_Loss 0.5453 |  Loss 0.5453 | Val_Loss 0.5813| Train Time(s) 0.0346| Val Time(s) 0.0186 | Time(s) 0.0532
2024-12-16 02:25:11,137:INFO::EarlyStopping counter: 23 out of 30
2024-12-16 02:25:11,187:INFO::Epoch_batch_00061 | lr 0.0005 |Train_Loss 0.5433 |  Loss 0.5433 | Val_Loss 0.5816| Train Time(s) 0.0263| Val Time(s) 0.0236 | Time(s) 0.0499
2024-12-16 02:25:11,188:INFO::EarlyStopping counter: 24 out of 30
2024-12-16 02:25:11,241:INFO::Epoch_batch_00062 | lr 0.0005 |Train_Loss 0.5430 |  Loss 0.5430 | Val_Loss 0.5827| Train Time(s) 0.0349| Val Time(s) 0.0186 | Time(s) 0.0535
2024-12-16 02:25:11,242:INFO::EarlyStopping counter: 25 out of 30
2024-12-16 02:25:11,292:INFO::Epoch_batch_00063 | lr 0.0005 |Train_Loss 0.5417 |  Loss 0.5417 | Val_Loss 0.5817| Train Time(s) 0.0263| Val Time(s) 0.0237 | Time(s) 0.0500
2024-12-16 02:25:11,292:INFO::EarlyStopping counter: 26 out of 30
2024-12-16 02:25:11,342:INFO::Epoch_batch_00064 | lr 0.0005 |Train_Loss 0.5414 |  Loss 0.5414 | Val_Loss 0.5815| Train Time(s) 0.0303| Val Time(s) 0.0197 | Time(s) 0.0500
2024-12-16 02:25:11,343:INFO::EarlyStopping counter: 27 out of 30
2024-12-16 02:25:11,399:INFO::Epoch_batch_00065 | lr 0.0005 |Train_Loss 0.5408 |  Loss 0.5408 | Val_Loss 0.5819| Train Time(s) 0.0403| Val Time(s) 0.0164 | Time(s) 0.0567
2024-12-16 02:25:11,400:INFO::EarlyStopping counter: 28 out of 30
2024-12-16 02:25:11,450:INFO::Epoch_batch_00066 | lr 0.0005 |Train_Loss 0.5393 |  Loss 0.5393 | Val_Loss 0.5828| Train Time(s) 0.0271| Val Time(s) 0.0229 | Time(s) 0.0500
2024-12-16 02:25:11,450:INFO::EarlyStopping counter: 29 out of 30
2024-12-16 02:25:11,500:INFO::Epoch_batch_00067 | lr 0.0005 |Train_Loss 0.5383 |  Loss 0.5383 | Val_Loss 0.5824| Train Time(s) 0.0315| Val Time(s) 0.0185 | Time(s) 0.0499
2024-12-16 02:25:11,501:INFO::EarlyStopping counter: 30 out of 30
2024-12-16 02:25:11,501:INFO::Eearly stopping!
2024-12-16 02:25:11,564:INFO::
testing...
2024-12-16 02:25:11,582:INFO::save_dir_name: simpleHGN_lr0.0005_wd0.0001
2024-12-16 02:25:11,582:INFO::save_dir_name: simpleHGN_lr0.0005_wd0.0001
2024-12-16 02:25:11,582:INFO::submit dir: submit/submit_simpleHGN_lr0.0005_wd0.0001
2024-12-16 02:25:11,597:INFO::save_dir_name: simpleHGN_lr0.0005_wd0.0001
2024-12-16 02:25:11,611:INFO::{'micro-f1': 0.662312925170068, 'macro-f1': 0.6254176324210187}
2024-12-16 02:25:11,647:INFO::############### Experiments Stage Ends! ###############
2024-12-16 02:25:11,647:INFO::=============== one experiment stage finish, use 29.61989712715149 time.
2024-12-16 02:25:14,555:INFO::save_dir_name: simpleHGN_lr0.0005_wd0.0001
2024-12-16 02:25:14,721:INFO::Epoch_batch_00000 | lr 0.0005 |Train_Loss 0.7305 |  Loss 0.7305 | Val_Loss 0.6323| Train Time(s) 0.0421| Val Time(s) 0.0192 | Time(s) 0.0613
2024-12-16 02:25:14,857:INFO::Epoch_batch_00001 | lr 0.0005 |Train_Loss 0.6688 |  Loss 0.6688 | Val_Loss 0.6302| Train Time(s) 0.0315| Val Time(s) 0.0213 | Time(s) 0.0528
2024-12-16 02:25:14,858:INFO::Validation loss decreased (inf --> 0.630164).  Saving model ...
2024-12-16 02:25:14,992:INFO::Epoch_batch_00002 | lr 0.0005 |Train_Loss 0.6457 |  Loss 0.6457 | Val_Loss 0.6298| Train Time(s) 0.0354| Val Time(s) 0.0193 | Time(s) 0.0548
2024-12-16 02:25:14,992:INFO::Validation loss decreased (0.630164 --> 0.629799).  Saving model ...
2024-12-16 02:25:15,131:INFO::Epoch_batch_00003 | lr 0.0005 |Train_Loss 0.6394 |  Loss 0.6394 | Val_Loss 0.6286| Train Time(s) 0.0421| Val Time(s) 0.0166 | Time(s) 0.0587
2024-12-16 02:25:15,131:INFO::Validation loss decreased (0.629799 --> 0.628599).  Saving model ...
2024-12-16 02:25:15,261:INFO::Epoch_batch_00004 | lr 0.0005 |Train_Loss 0.6381 |  Loss 0.6381 | Val_Loss 0.6273| Train Time(s) 0.0273| Val Time(s) 0.0230 | Time(s) 0.0503
2024-12-16 02:25:15,261:INFO::Validation loss decreased (0.628599 --> 0.627329).  Saving model ...
2024-12-16 02:25:15,392:INFO::Epoch_batch_00005 | lr 0.0005 |Train_Loss 0.6367 |  Loss 0.6367 | Val_Loss 0.6262| Train Time(s) 0.0329| Val Time(s) 0.0192 | Time(s) 0.0521
2024-12-16 02:25:15,393:INFO::Validation loss decreased (0.627329 --> 0.626197).  Saving model ...
2024-12-16 02:25:15,530:INFO::Epoch_batch_00006 | lr 0.0005 |Train_Loss 0.6347 |  Loss 0.6347 | Val_Loss 0.6252| Train Time(s) 0.0411| Val Time(s) 0.0172 | Time(s) 0.0583
2024-12-16 02:25:15,531:INFO::Validation loss decreased (0.626197 --> 0.625248).  Saving model ...
2024-12-16 02:25:15,660:INFO::Epoch_batch_00007 | lr 0.0005 |Train_Loss 0.6328 |  Loss 0.6328 | Val_Loss 0.6245| Train Time(s) 0.0269| Val Time(s) 0.0233 | Time(s) 0.0502
2024-12-16 02:25:15,660:INFO::Validation loss decreased (0.625248 --> 0.624471).  Saving model ...
2024-12-16 02:25:15,790:INFO::Epoch_batch_00008 | lr 0.0005 |Train_Loss 0.6346 |  Loss 0.6346 | Val_Loss 0.6238| Train Time(s) 0.0308| Val Time(s) 0.0195 | Time(s) 0.0503
2024-12-16 02:25:15,790:INFO::Validation loss decreased (0.624471 --> 0.623837).  Saving model ...
2024-12-16 02:25:15,930:INFO::Epoch_batch_00009 | lr 0.0005 |Train_Loss 0.6332 |  Loss 0.6332 | Val_Loss 0.6233| Train Time(s) 0.0438| Val Time(s) 0.0164 | Time(s) 0.0602
2024-12-16 02:25:15,930:INFO::Validation loss decreased (0.623837 --> 0.623273).  Saving model ...
2024-12-16 02:25:16,059:INFO::Epoch_batch_00010 | lr 0.0005 |Train_Loss 0.6318 |  Loss 0.6318 | Val_Loss 0.6228| Train Time(s) 0.0266| Val Time(s) 0.0236 | Time(s) 0.0502
2024-12-16 02:25:16,059:INFO::Validation loss decreased (0.623273 --> 0.622752).  Saving model ...
2024-12-16 02:25:16,196:INFO::Epoch_batch_00011 | lr 0.0005 |Train_Loss 0.6320 |  Loss 0.6320 | Val_Loss 0.6222| Train Time(s) 0.0366| Val Time(s) 0.0187 | Time(s) 0.0553
2024-12-16 02:25:16,196:INFO::Validation loss decreased (0.622752 --> 0.622225).  Saving model ...
2024-12-16 02:25:16,325:INFO::Epoch_batch_00012 | lr 0.0005 |Train_Loss 0.6319 |  Loss 0.6319 | Val_Loss 0.6217| Train Time(s) 0.0281| Val Time(s) 0.0222 | Time(s) 0.0503
2024-12-16 02:25:16,326:INFO::Validation loss decreased (0.622225 --> 0.621659).  Saving model ...
2024-12-16 02:25:16,461:INFO::Epoch_batch_00013 | lr 0.0005 |Train_Loss 0.6300 |  Loss 0.6300 | Val_Loss 0.6210| Train Time(s) 0.0395| Val Time(s) 0.0164 | Time(s) 0.0559
2024-12-16 02:25:16,461:INFO::Validation loss decreased (0.621659 --> 0.621022).  Saving model ...
2024-12-16 02:25:16,601:INFO::Epoch_batch_00014 | lr 0.0005 |Train_Loss 0.6304 |  Loss 0.6304 | Val_Loss 0.6203| Train Time(s) 0.0422| Val Time(s) 0.0185 | Time(s) 0.0608
2024-12-16 02:25:16,601:INFO::Validation loss decreased (0.621022 --> 0.620315).  Saving model ...
2024-12-16 02:25:16,730:INFO::Epoch_batch_00015 | lr 0.0005 |Train_Loss 0.6291 |  Loss 0.6291 | Val_Loss 0.6195| Train Time(s) 0.0266| Val Time(s) 0.0236 | Time(s) 0.0502
2024-12-16 02:25:16,731:INFO::Validation loss decreased (0.620315 --> 0.619496).  Saving model ...
2024-12-16 02:25:16,868:INFO::Epoch_batch_00016 | lr 0.0005 |Train_Loss 0.6274 |  Loss 0.6274 | Val_Loss 0.6185| Train Time(s) 0.0400| Val Time(s) 0.0174 | Time(s) 0.0575
2024-12-16 02:25:16,868:INFO::Validation loss decreased (0.619496 --> 0.618535).  Saving model ...
2024-12-16 02:25:16,998:INFO::Epoch_batch_00017 | lr 0.0005 |Train_Loss 0.6263 |  Loss 0.6263 | Val_Loss 0.6174| Train Time(s) 0.0302| Val Time(s) 0.0204 | Time(s) 0.0505
2024-12-16 02:25:16,998:INFO::Validation loss decreased (0.618535 --> 0.617400).  Saving model ...
2024-12-16 02:25:17,134:INFO::Epoch_batch_00018 | lr 0.0005 |Train_Loss 0.6252 |  Loss 0.6252 | Val_Loss 0.6161| Train Time(s) 0.0369| Val Time(s) 0.0199 | Time(s) 0.0568
2024-12-16 02:25:17,135:INFO::Validation loss decreased (0.617400 --> 0.616085).  Saving model ...
2024-12-16 02:25:17,264:INFO::Epoch_batch_00019 | lr 0.0005 |Train_Loss 0.6241 |  Loss 0.6241 | Val_Loss 0.6145| Train Time(s) 0.0273| Val Time(s) 0.0229 | Time(s) 0.0502
2024-12-16 02:25:17,264:INFO::Validation loss decreased (0.616085 --> 0.614530).  Saving model ...
2024-12-16 02:25:17,400:INFO::Epoch_batch_00020 | lr 0.0005 |Train_Loss 0.6219 |  Loss 0.6219 | Val_Loss 0.6127| Train Time(s) 0.0305| Val Time(s) 0.0196 | Time(s) 0.0502
2024-12-16 02:25:17,400:INFO::Validation loss decreased (0.614530 --> 0.612724).  Saving model ...
2024-12-16 02:25:17,544:INFO::Epoch_batch_00021 | lr 0.0005 |Train_Loss 0.6200 |  Loss 0.6200 | Val_Loss 0.6107| Train Time(s) 0.0454| Val Time(s) 0.0166 | Time(s) 0.0620
2024-12-16 02:25:17,545:INFO::Validation loss decreased (0.612724 --> 0.610744).  Saving model ...
2024-12-16 02:25:17,674:INFO::Epoch_batch_00022 | lr 0.0005 |Train_Loss 0.6178 |  Loss 0.6178 | Val_Loss 0.6085| Train Time(s) 0.0264| Val Time(s) 0.0237 | Time(s) 0.0500
2024-12-16 02:25:17,674:INFO::Validation loss decreased (0.610744 --> 0.608547).  Saving model ...
2024-12-16 02:25:17,810:INFO::Epoch_batch_00023 | lr 0.0005 |Train_Loss 0.6158 |  Loss 0.6158 | Val_Loss 0.6061| Train Time(s) 0.0388| Val Time(s) 0.0178 | Time(s) 0.0566
2024-12-16 02:25:17,810:INFO::Validation loss decreased (0.608547 --> 0.606115).  Saving model ...
2024-12-16 02:25:17,939:INFO::Epoch_batch_00024 | lr 0.0005 |Train_Loss 0.6110 |  Loss 0.6110 | Val_Loss 0.6035| Train Time(s) 0.0267| Val Time(s) 0.0236 | Time(s) 0.0503
2024-12-16 02:25:17,940:INFO::Validation loss decreased (0.606115 --> 0.603543).  Saving model ...
2024-12-16 02:25:18,079:INFO::Epoch_batch_00025 | lr 0.0005 |Train_Loss 0.6092 |  Loss 0.6092 | Val_Loss 0.6010| Train Time(s) 0.0430| Val Time(s) 0.0174 | Time(s) 0.0604
2024-12-16 02:25:18,080:INFO::Validation loss decreased (0.603543 --> 0.601046).  Saving model ...
2024-12-16 02:25:18,209:INFO::Epoch_batch_00026 | lr 0.0005 |Train_Loss 0.6055 |  Loss 0.6055 | Val_Loss 0.5980| Train Time(s) 0.0272| Val Time(s) 0.0230 | Time(s) 0.0502
2024-12-16 02:25:18,209:INFO::Validation loss decreased (0.601046 --> 0.598050).  Saving model ...
2024-12-16 02:25:18,342:INFO::Epoch_batch_00027 | lr 0.0005 |Train_Loss 0.6002 |  Loss 0.6002 | Val_Loss 0.5950| Train Time(s) 0.0352| Val Time(s) 0.0180 | Time(s) 0.0532
2024-12-16 02:25:18,342:INFO::Validation loss decreased (0.598050 --> 0.594967).  Saving model ...
2024-12-16 02:25:18,478:INFO::Epoch_batch_00028 | lr 0.0005 |Train_Loss 0.5963 |  Loss 0.5963 | Val_Loss 0.5919| Train Time(s) 0.0373| Val Time(s) 0.0192 | Time(s) 0.0565
2024-12-16 02:25:18,478:INFO::Validation loss decreased (0.594967 --> 0.591852).  Saving model ...
2024-12-16 02:25:18,690:INFO::Epoch_batch_00029 | lr 0.0005 |Train_Loss 0.5942 |  Loss 0.5942 | Val_Loss 0.5888| Train Time(s) 0.0579| Val Time(s) 0.0723 | Time(s) 0.1302
2024-12-16 02:25:18,691:INFO::Validation loss decreased (0.591852 --> 0.588793).  Saving model ...
2024-12-16 02:25:18,856:INFO::Epoch_batch_00030 | lr 0.0005 |Train_Loss 0.5883 |  Loss 0.5883 | Val_Loss 0.5863| Train Time(s) 0.0659| Val Time(s) 0.0201 | Time(s) 0.0860
2024-12-16 02:25:18,856:INFO::Validation loss decreased (0.588793 --> 0.586259).  Saving model ...
2024-12-16 02:25:18,989:INFO::Epoch_batch_00031 | lr 0.0005 |Train_Loss 0.5876 |  Loss 0.5876 | Val_Loss 0.5844| Train Time(s) 0.0267| Val Time(s) 0.0236 | Time(s) 0.0503
2024-12-16 02:25:18,990:INFO::Validation loss decreased (0.586259 --> 0.584378).  Saving model ...
2024-12-16 02:25:19,129:INFO::Epoch_batch_00032 | lr 0.0005 |Train_Loss 0.5835 |  Loss 0.5835 | Val_Loss 0.5826| Train Time(s) 0.0410| Val Time(s) 0.0191 | Time(s) 0.0600
2024-12-16 02:25:19,129:INFO::Validation loss decreased (0.584378 --> 0.582580).  Saving model ...
2024-12-16 02:25:19,258:INFO::Epoch_batch_00033 | lr 0.0005 |Train_Loss 0.5796 |  Loss 0.5796 | Val_Loss 0.5815| Train Time(s) 0.0268| Val Time(s) 0.0235 | Time(s) 0.0502
2024-12-16 02:25:19,259:INFO::Validation loss decreased (0.582580 --> 0.581467).  Saving model ...
2024-12-16 02:25:19,392:INFO::Epoch_batch_00034 | lr 0.0005 |Train_Loss 0.5789 |  Loss 0.5789 | Val_Loss 0.5806| Train Time(s) 0.0355| Val Time(s) 0.0187 | Time(s) 0.0542
2024-12-16 02:25:19,392:INFO::Validation loss decreased (0.581467 --> 0.580570).  Saving model ...
2024-12-16 02:25:19,443:INFO::Epoch_batch_00035 | lr 0.0005 |Train_Loss 0.5763 |  Loss 0.5763 | Val_Loss 0.5814| Train Time(s) 0.0265| Val Time(s) 0.0237 | Time(s) 0.0502
2024-12-16 02:25:19,443:INFO::EarlyStopping counter: 1 out of 30
2024-12-16 02:25:19,498:INFO::Epoch_batch_00036 | lr 0.0005 |Train_Loss 0.5731 |  Loss 0.5731 | Val_Loss 0.5811| Train Time(s) 0.0365| Val Time(s) 0.0183 | Time(s) 0.0549
2024-12-16 02:25:19,498:INFO::EarlyStopping counter: 2 out of 30
2024-12-16 02:25:19,627:INFO::Epoch_batch_00037 | lr 0.0005 |Train_Loss 0.5709 |  Loss 0.5709 | Val_Loss 0.5792| Train Time(s) 0.0296| Val Time(s) 0.0202 | Time(s) 0.0499
2024-12-16 02:25:19,628:INFO::Validation loss decreased (0.580570 --> 0.579219).  Saving model ...
2024-12-16 02:25:19,767:INFO::Epoch_batch_00038 | lr 0.0005 |Train_Loss 0.5684 |  Loss 0.5684 | Val_Loss 0.5776| Train Time(s) 0.0394| Val Time(s) 0.0178 | Time(s) 0.0572
2024-12-16 02:25:19,768:INFO::Validation loss decreased (0.579219 --> 0.577633).  Saving model ...
2024-12-16 02:25:19,897:INFO::Epoch_batch_00039 | lr 0.0005 |Train_Loss 0.5660 |  Loss 0.5660 | Val_Loss 0.5772| Train Time(s) 0.0265| Val Time(s) 0.0237 | Time(s) 0.0502
2024-12-16 02:25:19,898:INFO::Validation loss decreased (0.577633 --> 0.577177).  Saving model ...
2024-12-16 02:25:19,951:INFO::Epoch_batch_00040 | lr 0.0005 |Train_Loss 0.5644 |  Loss 0.5644 | Val_Loss 0.5780| Train Time(s) 0.0335| Val Time(s) 0.0192 | Time(s) 0.0527
2024-12-16 02:25:19,951:INFO::EarlyStopping counter: 1 out of 30
2024-12-16 02:25:20,007:INFO::Epoch_batch_00041 | lr 0.0005 |Train_Loss 0.5617 |  Loss 0.5617 | Val_Loss 0.5798| Train Time(s) 0.0366| Val Time(s) 0.0192 | Time(s) 0.0558
2024-12-16 02:25:20,007:INFO::EarlyStopping counter: 2 out of 30
2024-12-16 02:25:20,057:INFO::Epoch_batch_00042 | lr 0.0005 |Train_Loss 0.5619 |  Loss 0.5619 | Val_Loss 0.5802| Train Time(s) 0.0266| Val Time(s) 0.0234 | Time(s) 0.0500
2024-12-16 02:25:20,058:INFO::EarlyStopping counter: 3 out of 30
2024-12-16 02:25:20,109:INFO::Epoch_batch_00043 | lr 0.0005 |Train_Loss 0.5607 |  Loss 0.5607 | Val_Loss 0.5801| Train Time(s) 0.0330| Val Time(s) 0.0182 | Time(s) 0.0512
2024-12-16 02:25:20,109:INFO::EarlyStopping counter: 4 out of 30
2024-12-16 02:25:20,165:INFO::Epoch_batch_00044 | lr 0.0005 |Train_Loss 0.5604 |  Loss 0.5604 | Val_Loss 0.5800| Train Time(s) 0.0373| Val Time(s) 0.0184 | Time(s) 0.0557
2024-12-16 02:25:20,165:INFO::EarlyStopping counter: 5 out of 30
2024-12-16 02:25:20,215:INFO::Epoch_batch_00045 | lr 0.0005 |Train_Loss 0.5570 |  Loss 0.5570 | Val_Loss 0.5805| Train Time(s) 0.0282| Val Time(s) 0.0217 | Time(s) 0.0499
2024-12-16 02:25:20,216:INFO::EarlyStopping counter: 6 out of 30
2024-12-16 02:25:20,269:INFO::Epoch_batch_00046 | lr 0.0005 |Train_Loss 0.5553 |  Loss 0.5553 | Val_Loss 0.5815| Train Time(s) 0.0348| Val Time(s) 0.0181 | Time(s) 0.0529
2024-12-16 02:25:20,269:INFO::EarlyStopping counter: 7 out of 30
2024-12-16 02:25:20,320:INFO::Epoch_batch_00047 | lr 0.0005 |Train_Loss 0.5549 |  Loss 0.5549 | Val_Loss 0.5808| Train Time(s) 0.0264| Val Time(s) 0.0236 | Time(s) 0.0501
2024-12-16 02:25:20,320:INFO::EarlyStopping counter: 8 out of 30
2024-12-16 02:25:20,374:INFO::Epoch_batch_00048 | lr 0.0005 |Train_Loss 0.5530 |  Loss 0.5530 | Val_Loss 0.5791| Train Time(s) 0.0349| Val Time(s) 0.0186 | Time(s) 0.0535
2024-12-16 02:25:20,374:INFO::EarlyStopping counter: 9 out of 30
2024-12-16 02:25:20,424:INFO::Epoch_batch_00049 | lr 0.0005 |Train_Loss 0.5510 |  Loss 0.5510 | Val_Loss 0.5780| Train Time(s) 0.0262| Val Time(s) 0.0237 | Time(s) 0.0499
2024-12-16 02:25:20,424:INFO::EarlyStopping counter: 10 out of 30
2024-12-16 02:25:20,474:INFO::Epoch_batch_00050 | lr 0.0005 |Train_Loss 0.5497 |  Loss 0.5497 | Val_Loss 0.5782| Train Time(s) 0.0328| Val Time(s) 0.0173 | Time(s) 0.0501
2024-12-16 02:25:20,475:INFO::EarlyStopping counter: 11 out of 30
2024-12-16 02:25:20,527:INFO::Epoch_batch_00051 | lr 0.0005 |Train_Loss 0.5484 |  Loss 0.5484 | Val_Loss 0.5786| Train Time(s) 0.0343| Val Time(s) 0.0181 | Time(s) 0.0524
2024-12-16 02:25:20,528:INFO::EarlyStopping counter: 12 out of 30
2024-12-16 02:25:20,578:INFO::Epoch_batch_00052 | lr 0.0005 |Train_Loss 0.5468 |  Loss 0.5468 | Val_Loss 0.5799| Train Time(s) 0.0263| Val Time(s) 0.0237 | Time(s) 0.0500
2024-12-16 02:25:20,578:INFO::EarlyStopping counter: 13 out of 30
2024-12-16 02:25:20,630:INFO::Epoch_batch_00053 | lr 0.0005 |Train_Loss 0.5464 |  Loss 0.5464 | Val_Loss 0.5791| Train Time(s) 0.0332| Val Time(s) 0.0187 | Time(s) 0.0518
2024-12-16 02:25:20,631:INFO::EarlyStopping counter: 14 out of 30
2024-12-16 02:25:20,686:INFO::Epoch_batch_00054 | lr 0.0005 |Train_Loss 0.5439 |  Loss 0.5439 | Val_Loss 0.5788| Train Time(s) 0.0365| Val Time(s) 0.0186 | Time(s) 0.0552
2024-12-16 02:25:20,686:INFO::EarlyStopping counter: 15 out of 30
2024-12-16 02:25:20,736:INFO::Epoch_batch_00055 | lr 0.0005 |Train_Loss 0.5439 |  Loss 0.5439 | Val_Loss 0.5794| Train Time(s) 0.0262| Val Time(s) 0.0237 | Time(s) 0.0499
2024-12-16 02:25:20,737:INFO::EarlyStopping counter: 16 out of 30
2024-12-16 02:25:20,787:INFO::Epoch_batch_00056 | lr 0.0005 |Train_Loss 0.5429 |  Loss 0.5429 | Val_Loss 0.5804| Train Time(s) 0.0285| Val Time(s) 0.0214 | Time(s) 0.0499
2024-12-16 02:25:20,787:INFO::EarlyStopping counter: 17 out of 30
2024-12-16 02:25:20,841:INFO::Epoch_batch_00057 | lr 0.0005 |Train_Loss 0.5421 |  Loss 0.5421 | Val_Loss 0.5812| Train Time(s) 0.0348| Val Time(s) 0.0187 | Time(s) 0.0535
2024-12-16 02:25:20,841:INFO::EarlyStopping counter: 18 out of 30
2024-12-16 02:25:20,891:INFO::Epoch_batch_00058 | lr 0.0005 |Train_Loss 0.5400 |  Loss 0.5400 | Val_Loss 0.5797| Train Time(s) 0.0266| Val Time(s) 0.0235 | Time(s) 0.0501
2024-12-16 02:25:20,891:INFO::EarlyStopping counter: 19 out of 30
2024-12-16 02:25:20,944:INFO::Epoch_batch_00059 | lr 0.0005 |Train_Loss 0.5398 |  Loss 0.5398 | Val_Loss 0.5792| Train Time(s) 0.0341| Val Time(s) 0.0187 | Time(s) 0.0528
2024-12-16 02:25:20,945:INFO::EarlyStopping counter: 20 out of 30
2024-12-16 02:25:20,995:INFO::Epoch_batch_00060 | lr 0.0005 |Train_Loss 0.5394 |  Loss 0.5394 | Val_Loss 0.5800| Train Time(s) 0.0264| Val Time(s) 0.0236 | Time(s) 0.0500
2024-12-16 02:25:20,995:INFO::EarlyStopping counter: 21 out of 30
2024-12-16 02:25:21,052:INFO::Epoch_batch_00061 | lr 0.0005 |Train_Loss 0.5382 |  Loss 0.5382 | Val_Loss 0.5817| Train Time(s) 0.0396| Val Time(s) 0.0165 | Time(s) 0.0561
2024-12-16 02:25:21,052:INFO::EarlyStopping counter: 22 out of 30
2024-12-16 02:25:21,102:INFO::Epoch_batch_00062 | lr 0.0005 |Train_Loss 0.5373 |  Loss 0.5373 | Val_Loss 0.5815| Train Time(s) 0.0273| Val Time(s) 0.0227 | Time(s) 0.0500
2024-12-16 02:25:21,102:INFO::EarlyStopping counter: 23 out of 30
2024-12-16 02:25:21,155:INFO::Epoch_batch_00063 | lr 0.0005 |Train_Loss 0.5366 |  Loss 0.5366 | Val_Loss 0.5803| Train Time(s) 0.0338| Val Time(s) 0.0182 | Time(s) 0.0519
2024-12-16 02:25:21,155:INFO::EarlyStopping counter: 24 out of 30
2024-12-16 02:25:21,208:INFO::Epoch_batch_00064 | lr 0.0005 |Train_Loss 0.5349 |  Loss 0.5349 | Val_Loss 0.5798| Train Time(s) 0.0345| Val Time(s) 0.0186 | Time(s) 0.0531
2024-12-16 02:25:21,208:INFO::EarlyStopping counter: 25 out of 30
2024-12-16 02:25:21,259:INFO::Epoch_batch_00065 | lr 0.0005 |Train_Loss 0.5352 |  Loss 0.5352 | Val_Loss 0.5796| Train Time(s) 0.0263| Val Time(s) 0.0237 | Time(s) 0.0500
2024-12-16 02:25:21,259:INFO::EarlyStopping counter: 26 out of 30
2024-12-16 02:25:21,314:INFO::Epoch_batch_00066 | lr 0.0005 |Train_Loss 0.5343 |  Loss 0.5343 | Val_Loss 0.5806| Train Time(s) 0.0370| Val Time(s) 0.0181 | Time(s) 0.0551
2024-12-16 02:25:21,315:INFO::EarlyStopping counter: 27 out of 30
2024-12-16 02:25:21,365:INFO::Epoch_batch_00067 | lr 0.0005 |Train_Loss 0.5334 |  Loss 0.5334 | Val_Loss 0.5818| Train Time(s) 0.0288| Val Time(s) 0.0211 | Time(s) 0.0499
2024-12-16 02:25:21,365:INFO::EarlyStopping counter: 28 out of 30
2024-12-16 02:25:21,415:INFO::Epoch_batch_00068 | lr 0.0005 |Train_Loss 0.5322 |  Loss 0.5322 | Val_Loss 0.5820| Train Time(s) 0.0311| Val Time(s) 0.0189 | Time(s) 0.0500
2024-12-16 02:25:21,415:INFO::EarlyStopping counter: 29 out of 30
2024-12-16 02:25:21,470:INFO::Epoch_batch_00069 | lr 0.0005 |Train_Loss 0.5320 |  Loss 0.5320 | Val_Loss 0.5815| Train Time(s) 0.0354| Val Time(s) 0.0187 | Time(s) 0.0541
2024-12-16 02:25:21,470:INFO::EarlyStopping counter: 30 out of 30
2024-12-16 02:25:21,470:INFO::Eearly stopping!
2024-12-16 02:25:21,519:INFO::
testing...
2024-12-16 02:25:21,537:INFO::save_dir_name: simpleHGN_lr0.0005_wd0.0001
2024-12-16 02:25:21,537:INFO::save_dir_name: simpleHGN_lr0.0005_wd0.0001
2024-12-16 02:25:21,537:INFO::submit dir: submit/submit_simpleHGN_lr0.0005_wd0.0001
2024-12-16 02:25:21,552:INFO::save_dir_name: simpleHGN_lr0.0005_wd0.0001
2024-12-16 02:25:21,566:INFO::{'micro-f1': 0.6639622641509434, 'macro-f1': 0.6256747202377637}
2024-12-16 02:25:21,602:INFO::############### Experiments Stage Ends! ###############
2024-12-16 02:25:21,602:INFO::=============== one experiment stage finish, use 39.57420897483826 time.
2024-12-16 02:25:24,474:INFO::save_dir_name: simpleHGN_lr0.0005_wd0.0001
2024-12-16 02:25:24,632:INFO::Epoch_batch_00000 | lr 0.0005 |Train_Loss 0.7349 |  Loss 0.7349 | Val_Loss 0.6472| Train Time(s) 0.0329| Val Time(s) 0.0190 | Time(s) 0.0519
2024-12-16 02:25:24,767:INFO::Epoch_batch_00001 | lr 0.0005 |Train_Loss 0.6682 |  Loss 0.6682 | Val_Loss 0.6351| Train Time(s) 0.0330| Val Time(s) 0.0177 | Time(s) 0.0507
2024-12-16 02:25:24,767:INFO::Validation loss decreased (inf --> 0.635102).  Saving model ...
2024-12-16 02:25:24,909:INFO::Epoch_batch_00002 | lr 0.0005 |Train_Loss 0.6475 |  Loss 0.6475 | Val_Loss 0.6328| Train Time(s) 0.0461| Val Time(s) 0.0152 | Time(s) 0.0613
2024-12-16 02:25:24,909:INFO::Validation loss decreased (0.635102 --> 0.632817).  Saving model ...
2024-12-16 02:25:25,041:INFO::Epoch_batch_00003 | lr 0.0005 |Train_Loss 0.6401 |  Loss 0.6401 | Val_Loss 0.6312| Train Time(s) 0.0355| Val Time(s) 0.0170 | Time(s) 0.0524
2024-12-16 02:25:25,042:INFO::Validation loss decreased (0.632817 --> 0.631195).  Saving model ...
2024-12-16 02:25:25,180:INFO::Epoch_batch_00004 | lr 0.0005 |Train_Loss 0.6374 |  Loss 0.6374 | Val_Loss 0.6295| Train Time(s) 0.0391| Val Time(s) 0.0199 | Time(s) 0.0590
2024-12-16 02:25:25,181:INFO::Validation loss decreased (0.631195 --> 0.629513).  Saving model ...
2024-12-16 02:25:25,311:INFO::Epoch_batch_00005 | lr 0.0005 |Train_Loss 0.6369 |  Loss 0.6369 | Val_Loss 0.6280| Train Time(s) 0.0268| Val Time(s) 0.0235 | Time(s) 0.0502
2024-12-16 02:25:25,311:INFO::Validation loss decreased (0.629513 --> 0.628019).  Saving model ...
2024-12-16 02:25:25,448:INFO::Epoch_batch_00006 | lr 0.0005 |Train_Loss 0.6358 |  Loss 0.6358 | Val_Loss 0.6267| Train Time(s) 0.0378| Val Time(s) 0.0198 | Time(s) 0.0576
2024-12-16 02:25:25,448:INFO::Validation loss decreased (0.628019 --> 0.626710).  Saving model ...
2024-12-16 02:25:25,578:INFO::Epoch_batch_00007 | lr 0.0005 |Train_Loss 0.6341 |  Loss 0.6341 | Val_Loss 0.6256| Train Time(s) 0.0265| Val Time(s) 0.0236 | Time(s) 0.0501
2024-12-16 02:25:25,578:INFO::Validation loss decreased (0.626710 --> 0.625588).  Saving model ...
2024-12-16 02:25:25,717:INFO::Epoch_batch_00008 | lr 0.0005 |Train_Loss 0.6354 |  Loss 0.6354 | Val_Loss 0.6247| Train Time(s) 0.0426| Val Time(s) 0.0152 | Time(s) 0.0578
2024-12-16 02:25:25,718:INFO::Validation loss decreased (0.625588 --> 0.624714).  Saving model ...
2024-12-16 02:25:25,847:INFO::Epoch_batch_00009 | lr 0.0005 |Train_Loss 0.6335 |  Loss 0.6335 | Val_Loss 0.6240| Train Time(s) 0.0286| Val Time(s) 0.0216 | Time(s) 0.0502
2024-12-16 02:25:25,848:INFO::Validation loss decreased (0.624714 --> 0.623960).  Saving model ...
2024-12-16 02:25:25,986:INFO::Epoch_batch_00010 | lr 0.0005 |Train_Loss 0.6329 |  Loss 0.6329 | Val_Loss 0.6233| Train Time(s) 0.0403| Val Time(s) 0.0182 | Time(s) 0.0585
2024-12-16 02:25:25,987:INFO::Validation loss decreased (0.623960 --> 0.623291).  Saving model ...
2024-12-16 02:25:26,117:INFO::Epoch_batch_00011 | lr 0.0005 |Train_Loss 0.6313 |  Loss 0.6313 | Val_Loss 0.6227| Train Time(s) 0.0267| Val Time(s) 0.0235 | Time(s) 0.0503
2024-12-16 02:25:26,117:INFO::Validation loss decreased (0.623291 --> 0.622686).  Saving model ...
2024-12-16 02:25:26,249:INFO::Epoch_batch_00012 | lr 0.0005 |Train_Loss 0.6320 |  Loss 0.6320 | Val_Loss 0.6221| Train Time(s) 0.0338| Val Time(s) 0.0188 | Time(s) 0.0525
2024-12-16 02:25:26,249:INFO::Validation loss decreased (0.622686 --> 0.622127).  Saving model ...
2024-12-16 02:25:26,388:INFO::Epoch_batch_00013 | lr 0.0005 |Train_Loss 0.6311 |  Loss 0.6311 | Val_Loss 0.6216| Train Time(s) 0.0420| Val Time(s) 0.0170 | Time(s) 0.0591
2024-12-16 02:25:26,388:INFO::Validation loss decreased (0.622127 --> 0.621564).  Saving model ...
2024-12-16 02:25:26,518:INFO::Epoch_batch_00014 | lr 0.0005 |Train_Loss 0.6309 |  Loss 0.6309 | Val_Loss 0.6209| Train Time(s) 0.0293| Val Time(s) 0.0210 | Time(s) 0.0503
2024-12-16 02:25:26,518:INFO::Validation loss decreased (0.621564 --> 0.620917).  Saving model ...
2024-12-16 02:25:26,652:INFO::Epoch_batch_00015 | lr 0.0005 |Train_Loss 0.6288 |  Loss 0.6288 | Val_Loss 0.6201| Train Time(s) 0.0369| Val Time(s) 0.0177 | Time(s) 0.0546
2024-12-16 02:25:26,652:INFO::Validation loss decreased (0.620917 --> 0.620058).  Saving model ...
2024-12-16 02:25:26,782:INFO::Epoch_batch_00016 | lr 0.0005 |Train_Loss 0.6287 |  Loss 0.6287 | Val_Loss 0.6189| Train Time(s) 0.0266| Val Time(s) 0.0236 | Time(s) 0.0502
2024-12-16 02:25:26,782:INFO::Validation loss decreased (0.620058 --> 0.618942).  Saving model ...
2024-12-16 02:25:26,919:INFO::Epoch_batch_00017 | lr 0.0005 |Train_Loss 0.6262 |  Loss 0.6262 | Val_Loss 0.6176| Train Time(s) 0.0422| Val Time(s) 0.0151 | Time(s) 0.0573
2024-12-16 02:25:26,920:INFO::Validation loss decreased (0.618942 --> 0.617593).  Saving model ...
2024-12-16 02:25:27,049:INFO::Epoch_batch_00018 | lr 0.0005 |Train_Loss 0.6260 |  Loss 0.6260 | Val_Loss 0.6159| Train Time(s) 0.0280| Val Time(s) 0.0222 | Time(s) 0.0502
2024-12-16 02:25:27,050:INFO::Validation loss decreased (0.617593 --> 0.615919).  Saving model ...
2024-12-16 02:25:27,182:INFO::Epoch_batch_00019 | lr 0.0005 |Train_Loss 0.6239 |  Loss 0.6239 | Val_Loss 0.6139| Train Time(s) 0.0352| Val Time(s) 0.0173 | Time(s) 0.0525
2024-12-16 02:25:27,182:INFO::Validation loss decreased (0.615919 --> 0.613873).  Saving model ...
2024-12-16 02:25:27,318:INFO::Epoch_batch_00020 | lr 0.0005 |Train_Loss 0.6214 |  Loss 0.6214 | Val_Loss 0.6113| Train Time(s) 0.0413| Val Time(s) 0.0174 | Time(s) 0.0587
2024-12-16 02:25:27,318:INFO::Validation loss decreased (0.613873 --> 0.611265).  Saving model ...
2024-12-16 02:25:27,448:INFO::Epoch_batch_00021 | lr 0.0005 |Train_Loss 0.6194 |  Loss 0.6194 | Val_Loss 0.6082| Train Time(s) 0.0267| Val Time(s) 0.0235 | Time(s) 0.0501
2024-12-16 02:25:27,448:INFO::Validation loss decreased (0.611265 --> 0.608205).  Saving model ...
2024-12-16 02:25:27,578:INFO::Epoch_batch_00022 | lr 0.0005 |Train_Loss 0.6157 |  Loss 0.6157 | Val_Loss 0.6045| Train Time(s) 0.0303| Val Time(s) 0.0200 | Time(s) 0.0503
2024-12-16 02:25:27,578:INFO::Validation loss decreased (0.608205 --> 0.604531).  Saving model ...
2024-12-16 02:25:27,718:INFO::Epoch_batch_00023 | lr 0.0005 |Train_Loss 0.6132 |  Loss 0.6132 | Val_Loss 0.6008| Train Time(s) 0.0433| Val Time(s) 0.0164 | Time(s) 0.0597
2024-12-16 02:25:27,718:INFO::Validation loss decreased (0.604531 --> 0.600844).  Saving model ...
2024-12-16 02:25:27,848:INFO::Epoch_batch_00024 | lr 0.0005 |Train_Loss 0.6099 |  Loss 0.6099 | Val_Loss 0.5974| Train Time(s) 0.0301| Val Time(s) 0.0202 | Time(s) 0.0503
2024-12-16 02:25:27,848:INFO::Validation loss decreased (0.600844 --> 0.597398).  Saving model ...
2024-12-16 02:25:27,978:INFO::Epoch_batch_00025 | lr 0.0005 |Train_Loss 0.6070 |  Loss 0.6070 | Val_Loss 0.5944| Train Time(s) 0.0341| Val Time(s) 0.0167 | Time(s) 0.0508
2024-12-16 02:25:27,979:INFO::Validation loss decreased (0.597398 --> 0.594448).  Saving model ...
2024-12-16 02:25:28,124:INFO::Epoch_batch_00026 | lr 0.0005 |Train_Loss 0.6027 |  Loss 0.6027 | Val_Loss 0.5927| Train Time(s) 0.0394| Val Time(s) 0.0190 | Time(s) 0.0584
2024-12-16 02:25:28,124:INFO::Validation loss decreased (0.594448 --> 0.592677).  Saving model ...
2024-12-16 02:25:28,259:INFO::Epoch_batch_00027 | lr 0.0005 |Train_Loss 0.5977 |  Loss 0.5977 | Val_Loss 0.5914| Train Time(s) 0.0266| Val Time(s) 0.0237 | Time(s) 0.0503
2024-12-16 02:25:28,260:INFO::Validation loss decreased (0.592677 --> 0.591419).  Saving model ...
2024-12-16 02:25:28,402:INFO::Epoch_batch_00028 | lr 0.0005 |Train_Loss 0.5937 |  Loss 0.5937 | Val_Loss 0.5898| Train Time(s) 0.0392| Val Time(s) 0.0188 | Time(s) 0.0579
2024-12-16 02:25:28,403:INFO::Validation loss decreased (0.591419 --> 0.589813).  Saving model ...
2024-12-16 02:25:28,536:INFO::Epoch_batch_00029 | lr 0.0005 |Train_Loss 0.5900 |  Loss 0.5900 | Val_Loss 0.5869| Train Time(s) 0.0266| Val Time(s) 0.0236 | Time(s) 0.0502
2024-12-16 02:25:28,536:INFO::Validation loss decreased (0.589813 --> 0.586902).  Saving model ...
2024-12-16 02:25:28,674:INFO::Epoch_batch_00030 | lr 0.0005 |Train_Loss 0.5876 |  Loss 0.5876 | Val_Loss 0.5832| Train Time(s) 0.0359| Val Time(s) 0.0220 | Time(s) 0.0578
2024-12-16 02:25:28,674:INFO::Validation loss decreased (0.586902 --> 0.583219).  Saving model ...
2024-12-16 02:25:28,814:INFO::Epoch_batch_00031 | lr 0.0005 |Train_Loss 0.5856 |  Loss 0.5856 | Val_Loss 0.5809| Train Time(s) 0.0434| Val Time(s) 0.0164 | Time(s) 0.0598
2024-12-16 02:25:28,814:INFO::Validation loss decreased (0.583219 --> 0.580852).  Saving model ...
2024-12-16 02:25:28,942:INFO::Epoch_batch_00032 | lr 0.0005 |Train_Loss 0.5831 |  Loss 0.5831 | Val_Loss 0.5805| Train Time(s) 0.0292| Val Time(s) 0.0211 | Time(s) 0.0503
2024-12-16 02:25:28,943:INFO::Validation loss decreased (0.580852 --> 0.580496).  Saving model ...
2024-12-16 02:25:29,001:INFO::Epoch_batch_00033 | lr 0.0005 |Train_Loss 0.5805 |  Loss 0.5805 | Val_Loss 0.5814| Train Time(s) 0.0395| Val Time(s) 0.0189 | Time(s) 0.0584
2024-12-16 02:25:29,001:INFO::EarlyStopping counter: 1 out of 30
2024-12-16 02:25:29,052:INFO::Epoch_batch_00034 | lr 0.0005 |Train_Loss 0.5774 |  Loss 0.5774 | Val_Loss 0.5806| Train Time(s) 0.0283| Val Time(s) 0.0216 | Time(s) 0.0499
2024-12-16 02:25:29,052:INFO::EarlyStopping counter: 2 out of 30
2024-12-16 02:25:29,189:INFO::Epoch_batch_00035 | lr 0.0005 |Train_Loss 0.5769 |  Loss 0.5769 | Val_Loss 0.5766| Train Time(s) 0.0355| Val Time(s) 0.0181 | Time(s) 0.0536
2024-12-16 02:25:29,189:INFO::Validation loss decreased (0.580496 --> 0.576607).  Saving model ...
2024-12-16 02:25:29,319:INFO::Epoch_batch_00036 | lr 0.0005 |Train_Loss 0.5731 |  Loss 0.5731 | Val_Loss 0.5742| Train Time(s) 0.0289| Val Time(s) 0.0213 | Time(s) 0.0501
2024-12-16 02:25:29,319:INFO::Validation loss decreased (0.576607 --> 0.574222).  Saving model ...
2024-12-16 02:25:29,454:INFO::Epoch_batch_00037 | lr 0.0005 |Train_Loss 0.5717 |  Loss 0.5717 | Val_Loss 0.5737| Train Time(s) 0.0384| Val Time(s) 0.0174 | Time(s) 0.0558
2024-12-16 02:25:29,454:INFO::Validation loss decreased (0.574222 --> 0.573699).  Saving model ...
2024-12-16 02:25:29,505:INFO::Epoch_batch_00038 | lr 0.0005 |Train_Loss 0.5697 |  Loss 0.5697 | Val_Loss 0.5737| Train Time(s) 0.0293| Val Time(s) 0.0208 | Time(s) 0.0501
2024-12-16 02:25:29,505:INFO::EarlyStopping counter: 1 out of 30
2024-12-16 02:25:29,555:INFO::Epoch_batch_00039 | lr 0.0005 |Train_Loss 0.5655 |  Loss 0.5655 | Val_Loss 0.5750| Train Time(s) 0.0310| Val Time(s) 0.0188 | Time(s) 0.0498
2024-12-16 02:25:29,556:INFO::EarlyStopping counter: 2 out of 30
2024-12-16 02:25:29,611:INFO::Epoch_batch_00040 | lr 0.0005 |Train_Loss 0.5640 |  Loss 0.5640 | Val_Loss 0.5757| Train Time(s) 0.0353| Val Time(s) 0.0198 | Time(s) 0.0551
2024-12-16 02:25:29,611:INFO::EarlyStopping counter: 3 out of 30
2024-12-16 02:25:29,661:INFO::Epoch_batch_00041 | lr 0.0005 |Train_Loss 0.5613 |  Loss 0.5613 | Val_Loss 0.5753| Train Time(s) 0.0268| Val Time(s) 0.0231 | Time(s) 0.0499
2024-12-16 02:25:29,661:INFO::EarlyStopping counter: 4 out of 30
2024-12-16 02:25:29,713:INFO::Epoch_batch_00042 | lr 0.0005 |Train_Loss 0.5620 |  Loss 0.5620 | Val_Loss 0.5753| Train Time(s) 0.0331| Val Time(s) 0.0182 | Time(s) 0.0512
2024-12-16 02:25:29,713:INFO::EarlyStopping counter: 5 out of 30
2024-12-16 02:25:29,769:INFO::Epoch_batch_00043 | lr 0.0005 |Train_Loss 0.5598 |  Loss 0.5598 | Val_Loss 0.5758| Train Time(s) 0.0373| Val Time(s) 0.0186 | Time(s) 0.0559
2024-12-16 02:25:29,770:INFO::EarlyStopping counter: 6 out of 30
2024-12-16 02:25:29,820:INFO::Epoch_batch_00044 | lr 0.0005 |Train_Loss 0.5586 |  Loss 0.5586 | Val_Loss 0.5764| Train Time(s) 0.0286| Val Time(s) 0.0212 | Time(s) 0.0499
2024-12-16 02:25:29,820:INFO::EarlyStopping counter: 7 out of 30
2024-12-16 02:25:29,870:INFO::Epoch_batch_00045 | lr 0.0005 |Train_Loss 0.5564 |  Loss 0.5564 | Val_Loss 0.5771| Train Time(s) 0.0281| Val Time(s) 0.0217 | Time(s) 0.0498
2024-12-16 02:25:29,870:INFO::EarlyStopping counter: 8 out of 30
2024-12-16 02:25:29,927:INFO::Epoch_batch_00046 | lr 0.0005 |Train_Loss 0.5537 |  Loss 0.5537 | Val_Loss 0.5777| Train Time(s) 0.0399| Val Time(s) 0.0166 | Time(s) 0.0565
2024-12-16 02:25:29,927:INFO::EarlyStopping counter: 9 out of 30
2024-12-16 02:25:29,978:INFO::Epoch_batch_00047 | lr 0.0005 |Train_Loss 0.5533 |  Loss 0.5533 | Val_Loss 0.5775| Train Time(s) 0.0271| Val Time(s) 0.0230 | Time(s) 0.0500
2024-12-16 02:25:29,978:INFO::EarlyStopping counter: 10 out of 30
2024-12-16 02:25:30,030:INFO::Epoch_batch_00048 | lr 0.0005 |Train_Loss 0.5523 |  Loss 0.5523 | Val_Loss 0.5768| Train Time(s) 0.0352| Val Time(s) 0.0172 | Time(s) 0.0524
2024-12-16 02:25:30,031:INFO::EarlyStopping counter: 11 out of 30
2024-12-16 02:25:30,083:INFO::Epoch_batch_00049 | lr 0.0005 |Train_Loss 0.5497 |  Loss 0.5497 | Val_Loss 0.5764| Train Time(s) 0.0345| Val Time(s) 0.0181 | Time(s) 0.0525
2024-12-16 02:25:30,084:INFO::EarlyStopping counter: 12 out of 30
2024-12-16 02:25:30,134:INFO::Epoch_batch_00050 | lr 0.0005 |Train_Loss 0.5498 |  Loss 0.5498 | Val_Loss 0.5771| Train Time(s) 0.0262| Val Time(s) 0.0237 | Time(s) 0.0499
2024-12-16 02:25:30,134:INFO::EarlyStopping counter: 13 out of 30
2024-12-16 02:25:30,188:INFO::Epoch_batch_00051 | lr 0.0005 |Train_Loss 0.5473 |  Loss 0.5473 | Val_Loss 0.5782| Train Time(s) 0.0368| Val Time(s) 0.0165 | Time(s) 0.0533
2024-12-16 02:25:30,188:INFO::EarlyStopping counter: 14 out of 30
2024-12-16 02:25:30,240:INFO::Epoch_batch_00052 | lr 0.0005 |Train_Loss 0.5468 |  Loss 0.5468 | Val_Loss 0.5791| Train Time(s) 0.0343| Val Time(s) 0.0177 | Time(s) 0.0520
2024-12-16 02:25:30,240:INFO::EarlyStopping counter: 15 out of 30
2024-12-16 02:25:30,291:INFO::Epoch_batch_00053 | lr 0.0005 |Train_Loss 0.5454 |  Loss 0.5454 | Val_Loss 0.5800| Train Time(s) 0.0262| Val Time(s) 0.0238 | Time(s) 0.0499
2024-12-16 02:25:30,291:INFO::EarlyStopping counter: 16 out of 30
2024-12-16 02:25:30,345:INFO::Epoch_batch_00054 | lr 0.0005 |Train_Loss 0.5452 |  Loss 0.5452 | Val_Loss 0.5796| Train Time(s) 0.0359| Val Time(s) 0.0185 | Time(s) 0.0544
2024-12-16 02:25:30,346:INFO::EarlyStopping counter: 17 out of 30
2024-12-16 02:25:30,396:INFO::Epoch_batch_00055 | lr 0.0005 |Train_Loss 0.5439 |  Loss 0.5439 | Val_Loss 0.5790| Train Time(s) 0.0284| Val Time(s) 0.0216 | Time(s) 0.0500
2024-12-16 02:25:30,396:INFO::EarlyStopping counter: 18 out of 30
2024-12-16 02:25:30,446:INFO::Epoch_batch_00056 | lr 0.0005 |Train_Loss 0.5419 |  Loss 0.5419 | Val_Loss 0.5792| Train Time(s) 0.0310| Val Time(s) 0.0189 | Time(s) 0.0499
2024-12-16 02:25:30,447:INFO::EarlyStopping counter: 19 out of 30
2024-12-16 02:25:30,503:INFO::Epoch_batch_00057 | lr 0.0005 |Train_Loss 0.5414 |  Loss 0.5414 | Val_Loss 0.5803| Train Time(s) 0.0390| Val Time(s) 0.0171 | Time(s) 0.0560
2024-12-16 02:25:30,503:INFO::EarlyStopping counter: 20 out of 30
2024-12-16 02:25:30,553:INFO::Epoch_batch_00058 | lr 0.0005 |Train_Loss 0.5404 |  Loss 0.5404 | Val_Loss 0.5809| Train Time(s) 0.0264| Val Time(s) 0.0235 | Time(s) 0.0499
2024-12-16 02:25:30,554:INFO::EarlyStopping counter: 21 out of 30
2024-12-16 02:25:30,606:INFO::Epoch_batch_00059 | lr 0.0005 |Train_Loss 0.5395 |  Loss 0.5395 | Val_Loss 0.5809| Train Time(s) 0.0339| Val Time(s) 0.0179 | Time(s) 0.0518
2024-12-16 02:25:30,606:INFO::EarlyStopping counter: 22 out of 30
2024-12-16 02:25:30,662:INFO::Epoch_batch_00060 | lr 0.0005 |Train_Loss 0.5386 |  Loss 0.5386 | Val_Loss 0.5806| Train Time(s) 0.0379| Val Time(s) 0.0180 | Time(s) 0.0559
2024-12-16 02:25:30,662:INFO::EarlyStopping counter: 23 out of 30
2024-12-16 02:25:30,712:INFO::Epoch_batch_00061 | lr 0.0005 |Train_Loss 0.5373 |  Loss 0.5373 | Val_Loss 0.5807| Train Time(s) 0.0289| Val Time(s) 0.0209 | Time(s) 0.0498
2024-12-16 02:25:30,713:INFO::EarlyStopping counter: 24 out of 30
2024-12-16 02:25:30,763:INFO::Epoch_batch_00062 | lr 0.0005 |Train_Loss 0.5364 |  Loss 0.5364 | Val_Loss 0.5807| Train Time(s) 0.0290| Val Time(s) 0.0209 | Time(s) 0.0499
2024-12-16 02:25:30,763:INFO::EarlyStopping counter: 25 out of 30
2024-12-16 02:25:30,816:INFO::Epoch_batch_00063 | lr 0.0005 |Train_Loss 0.5365 |  Loss 0.5365 | Val_Loss 0.5809| Train Time(s) 0.0347| Val Time(s) 0.0186 | Time(s) 0.0532
2024-12-16 02:25:30,817:INFO::EarlyStopping counter: 26 out of 30
2024-12-16 02:25:30,867:INFO::Epoch_batch_00064 | lr 0.0005 |Train_Loss 0.5337 |  Loss 0.5337 | Val_Loss 0.5820| Train Time(s) 0.0263| Val Time(s) 0.0237 | Time(s) 0.0500
2024-12-16 02:25:30,867:INFO::EarlyStopping counter: 27 out of 30
2024-12-16 02:25:30,922:INFO::Epoch_batch_00065 | lr 0.0005 |Train_Loss 0.5349 |  Loss 0.5349 | Val_Loss 0.5823| Train Time(s) 0.0373| Val Time(s) 0.0178 | Time(s) 0.0551
2024-12-16 02:25:30,923:INFO::EarlyStopping counter: 28 out of 30
2024-12-16 02:25:30,973:INFO::Epoch_batch_00066 | lr 0.0005 |Train_Loss 0.5325 |  Loss 0.5325 | Val_Loss 0.5824| Train Time(s) 0.0264| Val Time(s) 0.0236 | Time(s) 0.0499
2024-12-16 02:25:30,973:INFO::EarlyStopping counter: 29 out of 30
2024-12-16 02:25:31,023:INFO::Epoch_batch_00067 | lr 0.0005 |Train_Loss 0.5320 |  Loss 0.5320 | Val_Loss 0.5826| Train Time(s) 0.0308| Val Time(s) 0.0191 | Time(s) 0.0499
2024-12-16 02:25:31,023:INFO::EarlyStopping counter: 30 out of 30
2024-12-16 02:25:31,023:INFO::Eearly stopping!
2024-12-16 02:25:31,073:INFO::
testing...
2024-12-16 02:25:31,097:INFO::save_dir_name: simpleHGN_lr0.0005_wd0.0001
2024-12-16 02:25:31,097:INFO::save_dir_name: simpleHGN_lr0.0005_wd0.0001
2024-12-16 02:25:31,097:INFO::submit dir: submit/submit_simpleHGN_lr0.0005_wd0.0001
2024-12-16 02:25:31,113:INFO::save_dir_name: simpleHGN_lr0.0005_wd0.0001
2024-12-16 02:25:31,126:INFO::{'micro-f1': 0.6618263055012567, 'macro-f1': 0.6234256156349949}
2024-12-16 02:25:31,163:INFO::############### Experiments Stage Ends! ###############
2024-12-16 02:25:31,163:INFO::=============== one experiment stage finish, use 49.13555431365967 time.
/home/yyj/MDNN-AC/AutoAC-main/data/IMDB
/home/yyj/MDNN-AC/AutoAC-main/data/IMDB
(3202,) (3202, 5)
/home/yyj/MDNN-AC/AutoAC-main/submit/submit_simpleHGN_lr0.0005_wd0.0001/IMDB_1.txt
multi
[93mWarning: If you want to obtain test score, please submit online on biendata.[0m
(3202,) (3202, 5)
/home/yyj/MDNN-AC/AutoAC-main/submit/submit_simpleHGN_lr0.0005_wd0.0001/IMDB_1.txt
multi
[93mWarning: If you want to obtain test score, please submit online on biendata.[0m
(3202,) (3202, 5)
/home/yyj/MDNN-AC/AutoAC-main/submit/submit_simpleHGN_lr0.0005_wd0.0001/IMDB_1.txt
multi
[93mWarning: If you want to obtain test score, please submit online on biendata.[0m
(3202,) (3202, 5)
/home/yyj/MDNN-AC/AutoAC-main/submit/submit_simpleHGN_lr0.0005_wd0.0001/IMDB_1.txt
multi
[93mWarning: If you want to obtain test score, please submit online on biendata.[0m
(3202,) (3202, 5)
/home/yyj/MDNN-AC/AutoAC-main/submit/submit_simpleHGN_lr0.0005_wd0.0001/IMDB_1.txt
multi
[93mWarning: If you want to obtain test score, please submit online on biendata.[0m
