nohup: ignoring input
2024-12-31 05:57:33,905:INFO::=============== Search Args:
Namespace(dataset='IMDB', feats_type=8, gnn_model='simpleHGN', valid_attributed_type=0, missingrate=0.67, hidden_dim=64, num_heads=8, attn_vec_dim=128, patience=30, batch_size=8, batch_size_test=64, repeat=5, save_postfix='IMDB', feats_opt='0111', cuda=True, l2norm=False, time_line='2024-12-31-05-57-33', edge_feats=64, rnn_type='RotatE0', seed=123, use_adamw=False, neighbor_samples=100, att_comp_dim=64, use_norm=False, schedule_step_retrain=500, patience_search=30, patience_retrain=30, is_use_type_linear='False', is_use_SGD='False', is_use_dropout='False', momentum=0.9, inner_epoch=1, use_minibatch=False, useSGD=False, useTypeLinear=False, usedropout=False, usebn=False, use_bn=False, use_5seeds=True, cur_repeat=False, no_use_fixseeds=False, lr_rate_min=3e-05, beta_1=1.0, lr=0.0005, num_layers=2, complete_num_layers=2, dropout=0.5, weight_decay=0.0001, slope=0.1, grad_clip=5, max_num_views=3, complete_epochs=1, search_epoch=350, retrain_epoch=500, intralayers=2, last_hidden_dim=512, logger=<Logger log_output (INFO)>)
2024-12-31 05:57:41,153:INFO::node_type_num: 4
/home/yyj/MDNN-AC/AutoAC-main/utils/data_process.py:211: UserWarning: To copy construct from a tensor, it is recommended to use sourceTensor.clone().detach() or sourceTensor.clone().detach().requires_grad_(True), rather than torch.tensor(sourceTensor).
  features_list[0] = torch.tensor(features_list[0], dtype=torch.float32).to(device)
/home/yyj/MDNN-AC/AutoAC-main/utils/data_process.py:213: UserWarning: To copy construct from a tensor, it is recommended to use sourceTensor.clone().detach() or sourceTensor.clone().detach().requires_grad_(True), rather than torch.tensor(sourceTensor).
  features_list[1] = torch.tensor(features_list[1], dtype=torch.float32).to(device)
/home/yyj/miniconda3/envs/yyj_mdnnac/lib/python3.9/site-packages/dgl/heterograph.py:72: DGLWarning: Recommend creating graphs by `dgl.graph(data)` instead of `dgl.DGLGraph(data)`.
  dgl_warning('Recommend creating graphs by `dgl.graph(data)`'
2024-12-31 05:57:53,678:INFO::=============== Prepare basic data stage finish, use 19.772833347320557 time.
2024-12-31 05:57:56,663:INFO::save_dir_name: simpleHGN_lr0.0005_wd0.0001
2024-12-31 05:57:57,840:INFO::Epoch_batch_00000 | lr 0.0005 |Train_Loss 0.6958 |  total_loss_consistency1 0.0809 | Loss 0.7767 | Val_Loss 0.6330| Train Time(s) 1.0462| Val Time(s) 0.0354 | Time(s) 1.0816
2024-12-31 05:57:58,331:INFO::Epoch_batch_00001 | lr 0.0005 |Train_Loss 0.6403 |  total_loss_consistency1 0.0822 | Loss 0.7225 | Val_Loss 0.6294| Train Time(s) 0.2616| Val Time(s) 0.0359 | Time(s) 0.2975
2024-12-31 05:57:58,331:INFO::Validation loss decreased (inf --> 0.629436).  Saving model ...
2024-12-31 05:57:58,817:INFO::Epoch_batch_00002 | lr 0.0005 |Train_Loss 0.6329 |  total_loss_consistency1 0.0809 | Loss 0.7138 | Val_Loss 0.6284| Train Time(s) 0.2604| Val Time(s) 0.0360 | Time(s) 0.2964
2024-12-31 05:57:58,818:INFO::Validation loss decreased (0.629436 --> 0.628407).  Saving model ...
2024-12-31 05:57:59,309:INFO::Epoch_batch_00003 | lr 0.0005 |Train_Loss 0.6315 |  total_loss_consistency1 0.0780 | Loss 0.7095 | Val_Loss 0.6276| Train Time(s) 0.2615| Val Time(s) 0.0361 | Time(s) 0.2976
2024-12-31 05:57:59,309:INFO::Validation loss decreased (0.628407 --> 0.627640).  Saving model ...
2024-12-31 05:57:59,793:INFO::Epoch_batch_00004 | lr 0.0005 |Train_Loss 0.6322 |  total_loss_consistency1 0.0750 | Loss 0.7072 | Val_Loss 0.6267| Train Time(s) 0.2616| Val Time(s) 0.0359 | Time(s) 0.2975
2024-12-31 05:57:59,794:INFO::Validation loss decreased (0.627640 --> 0.626728).  Saving model ...
2024-12-31 05:58:00,280:INFO::Epoch_batch_00005 | lr 0.0005 |Train_Loss 0.6310 |  total_loss_consistency1 0.0728 | Loss 0.7038 | Val_Loss 0.6257| Train Time(s) 0.2616| Val Time(s) 0.0361 | Time(s) 0.2977
2024-12-31 05:58:00,280:INFO::Validation loss decreased (0.626728 --> 0.625651).  Saving model ...
2024-12-31 05:58:00,769:INFO::Epoch_batch_00006 | lr 0.0005 |Train_Loss 0.6289 |  total_loss_consistency1 0.0707 | Loss 0.6995 | Val_Loss 0.6244| Train Time(s) 0.2610| Val Time(s) 0.0361 | Time(s) 0.2970
2024-12-31 05:58:00,770:INFO::Validation loss decreased (0.625651 --> 0.624393).  Saving model ...
2024-12-31 05:58:01,250:INFO::Epoch_batch_00007 | lr 0.0005 |Train_Loss 0.6270 |  total_loss_consistency1 0.0693 | Loss 0.6962 | Val_Loss 0.6230| Train Time(s) 0.2610| Val Time(s) 0.0361 | Time(s) 0.2970
2024-12-31 05:58:01,250:INFO::Validation loss decreased (0.624393 --> 0.622988).  Saving model ...
2024-12-31 05:58:01,740:INFO::Epoch_batch_00008 | lr 0.0005 |Train_Loss 0.6252 |  total_loss_consistency1 0.0679 | Loss 0.6932 | Val_Loss 0.6215| Train Time(s) 0.2616| Val Time(s) 0.0360 | Time(s) 0.2976
2024-12-31 05:58:01,741:INFO::Validation loss decreased (0.622988 --> 0.621546).  Saving model ...
2024-12-31 05:58:02,220:INFO::Epoch_batch_00009 | lr 0.0005 |Train_Loss 0.6239 |  total_loss_consistency1 0.0665 | Loss 0.6903 | Val_Loss 0.6200| Train Time(s) 0.2614| Val Time(s) 0.0360 | Time(s) 0.2974
2024-12-31 05:58:02,220:INFO::Validation loss decreased (0.621546 --> 0.620024).  Saving model ...
2024-12-31 05:58:02,707:INFO::Epoch_batch_00010 | lr 0.0005 |Train_Loss 0.6210 |  total_loss_consistency1 0.0651 | Loss 0.6860 | Val_Loss 0.6184| Train Time(s) 0.2618| Val Time(s) 0.0360 | Time(s) 0.2979
2024-12-31 05:58:02,708:INFO::Validation loss decreased (0.620024 --> 0.618430).  Saving model ...
2024-12-31 05:58:03,187:INFO::Epoch_batch_00011 | lr 0.0005 |Train_Loss 0.6197 |  total_loss_consistency1 0.0638 | Loss 0.6836 | Val_Loss 0.6167| Train Time(s) 0.2606| Val Time(s) 0.0362 | Time(s) 0.2967
2024-12-31 05:58:03,187:INFO::Validation loss decreased (0.618430 --> 0.616696).  Saving model ...
2024-12-31 05:58:03,679:INFO::Epoch_batch_00012 | lr 0.0005 |Train_Loss 0.6161 |  total_loss_consistency1 0.0628 | Loss 0.6788 | Val_Loss 0.6148| Train Time(s) 0.2612| Val Time(s) 0.0360 | Time(s) 0.2973
2024-12-31 05:58:03,679:INFO::Validation loss decreased (0.616696 --> 0.614751).  Saving model ...
2024-12-31 05:58:04,160:INFO::Epoch_batch_00013 | lr 0.0005 |Train_Loss 0.6129 |  total_loss_consistency1 0.0616 | Loss 0.6745 | Val_Loss 0.6125| Train Time(s) 0.2613| Val Time(s) 0.0361 | Time(s) 0.2973
2024-12-31 05:58:04,160:INFO::Validation loss decreased (0.614751 --> 0.612457).  Saving model ...
2024-12-31 05:58:04,650:INFO::Epoch_batch_00014 | lr 0.0005 |Train_Loss 0.6110 |  total_loss_consistency1 0.0610 | Loss 0.6719 | Val_Loss 0.6097| Train Time(s) 0.2614| Val Time(s) 0.0360 | Time(s) 0.2974
2024-12-31 05:58:04,650:INFO::Validation loss decreased (0.612457 --> 0.609724).  Saving model ...
2024-12-31 05:58:05,129:INFO::Epoch_batch_00015 | lr 0.0005 |Train_Loss 0.6080 |  total_loss_consistency1 0.0606 | Loss 0.6686 | Val_Loss 0.6068| Train Time(s) 0.2609| Val Time(s) 0.0360 | Time(s) 0.2969
2024-12-31 05:58:05,130:INFO::Validation loss decreased (0.609724 --> 0.606753).  Saving model ...
2024-12-31 05:58:05,619:INFO::Epoch_batch_00016 | lr 0.0005 |Train_Loss 0.6034 |  total_loss_consistency1 0.0602 | Loss 0.6636 | Val_Loss 0.6037| Train Time(s) 0.2612| Val Time(s) 0.0360 | Time(s) 0.2972
2024-12-31 05:58:05,620:INFO::Validation loss decreased (0.606753 --> 0.603740).  Saving model ...
2024-12-31 05:58:06,099:INFO::Epoch_batch_00017 | lr 0.0005 |Train_Loss 0.5991 |  total_loss_consistency1 0.0600 | Loss 0.6591 | Val_Loss 0.6012| Train Time(s) 0.2613| Val Time(s) 0.0361 | Time(s) 0.2974
2024-12-31 05:58:06,099:INFO::Validation loss decreased (0.603740 --> 0.601167).  Saving model ...
2024-12-31 05:58:06,589:INFO::Epoch_batch_00018 | lr 0.0005 |Train_Loss 0.5952 |  total_loss_consistency1 0.0596 | Loss 0.6548 | Val_Loss 0.5986| Train Time(s) 0.2618| Val Time(s) 0.0359 | Time(s) 0.2977
2024-12-31 05:58:06,590:INFO::Validation loss decreased (0.601167 --> 0.598612).  Saving model ...
2024-12-31 05:58:07,069:INFO::Epoch_batch_00019 | lr 0.0005 |Train_Loss 0.5922 |  total_loss_consistency1 0.0594 | Loss 0.6515 | Val_Loss 0.5964| Train Time(s) 0.2618| Val Time(s) 0.0360 | Time(s) 0.2978
2024-12-31 05:58:07,069:INFO::Validation loss decreased (0.598612 --> 0.596424).  Saving model ...
2024-12-31 05:58:07,559:INFO::Epoch_batch_00020 | lr 0.0005 |Train_Loss 0.5881 |  total_loss_consistency1 0.0590 | Loss 0.6471 | Val_Loss 0.5947| Train Time(s) 0.2610| Val Time(s) 0.0360 | Time(s) 0.2970
2024-12-31 05:58:07,559:INFO::Validation loss decreased (0.596424 --> 0.594701).  Saving model ...
2024-12-31 05:58:08,049:INFO::Epoch_batch_00021 | lr 0.0005 |Train_Loss 0.5845 |  total_loss_consistency1 0.0585 | Loss 0.6430 | Val_Loss 0.5939| Train Time(s) 0.2616| Val Time(s) 0.0361 | Time(s) 0.2977
2024-12-31 05:58:08,049:INFO::Validation loss decreased (0.594701 --> 0.593947).  Saving model ...
2024-12-31 05:58:08,535:INFO::Epoch_batch_00022 | lr 0.0005 |Train_Loss 0.5825 |  total_loss_consistency1 0.0580 | Loss 0.6404 | Val_Loss 0.5928| Train Time(s) 0.2614| Val Time(s) 0.0360 | Time(s) 0.2974
2024-12-31 05:58:08,536:INFO::Validation loss decreased (0.593947 --> 0.592838).  Saving model ...
2024-12-31 05:58:09,027:INFO::Epoch_batch_00023 | lr 0.0005 |Train_Loss 0.5780 |  total_loss_consistency1 0.0574 | Loss 0.6354 | Val_Loss 0.5913| Train Time(s) 0.2612| Val Time(s) 0.0360 | Time(s) 0.2973
2024-12-31 05:58:09,027:INFO::Validation loss decreased (0.592838 --> 0.591350).  Saving model ...
2024-12-31 05:58:09,511:INFO::Epoch_batch_00024 | lr 0.0005 |Train_Loss 0.5740 |  total_loss_consistency1 0.0567 | Loss 0.6307 | Val_Loss 0.5895| Train Time(s) 0.2629| Val Time(s) 0.0372 | Time(s) 0.3001
2024-12-31 05:58:09,511:INFO::Validation loss decreased (0.591350 --> 0.589469).  Saving model ...
2024-12-31 05:58:10,003:INFO::Epoch_batch_00025 | lr 0.0005 |Train_Loss 0.5731 |  total_loss_consistency1 0.0562 | Loss 0.6292 | Val_Loss 0.5874| Train Time(s) 0.2616| Val Time(s) 0.0361 | Time(s) 0.2976
2024-12-31 05:58:10,003:INFO::Validation loss decreased (0.589469 --> 0.587393).  Saving model ...
2024-12-31 05:58:10,491:INFO::Epoch_batch_00026 | lr 0.0005 |Train_Loss 0.5699 |  total_loss_consistency1 0.0557 | Loss 0.6256 | Val_Loss 0.5855| Train Time(s) 0.2618| Val Time(s) 0.0360 | Time(s) 0.2978
2024-12-31 05:58:10,492:INFO::Validation loss decreased (0.587393 --> 0.585508).  Saving model ...
2024-12-31 05:58:10,973:INFO::Epoch_batch_00027 | lr 0.0005 |Train_Loss 0.5670 |  total_loss_consistency1 0.0552 | Loss 0.6222 | Val_Loss 0.5841| Train Time(s) 0.2616| Val Time(s) 0.0361 | Time(s) 0.2977
2024-12-31 05:58:10,973:INFO::Validation loss decreased (0.585508 --> 0.584056).  Saving model ...
2024-12-31 05:58:11,453:INFO::Epoch_batch_00028 | lr 0.0005 |Train_Loss 0.5645 |  total_loss_consistency1 0.0548 | Loss 0.6193 | Val_Loss 0.5829| Train Time(s) 0.2617| Val Time(s) 0.0361 | Time(s) 0.2977
2024-12-31 05:58:11,453:INFO::Validation loss decreased (0.584056 --> 0.582893).  Saving model ...
2024-12-31 05:58:11,933:INFO::Epoch_batch_00029 | lr 0.0005 |Train_Loss 0.5614 |  total_loss_consistency1 0.0544 | Loss 0.6158 | Val_Loss 0.5820| Train Time(s) 0.2613| Val Time(s) 0.0361 | Time(s) 0.2973
2024-12-31 05:58:11,933:INFO::Validation loss decreased (0.582893 --> 0.581984).  Saving model ...
2024-12-31 05:58:12,413:INFO::Epoch_batch_00030 | lr 0.0005 |Train_Loss 0.5585 |  total_loss_consistency1 0.0540 | Loss 0.6125 | Val_Loss 0.5811| Train Time(s) 0.2613| Val Time(s) 0.0360 | Time(s) 0.2973
2024-12-31 05:58:12,413:INFO::Validation loss decreased (0.581984 --> 0.581081).  Saving model ...
2024-12-31 05:58:12,903:INFO::Epoch_batch_00031 | lr 0.0005 |Train_Loss 0.5575 |  total_loss_consistency1 0.0534 | Loss 0.6109 | Val_Loss 0.5809| Train Time(s) 0.2613| Val Time(s) 0.0361 | Time(s) 0.2974
2024-12-31 05:58:12,903:INFO::Validation loss decreased (0.581081 --> 0.580920).  Saving model ...
2024-12-31 05:58:13,382:INFO::Epoch_batch_00032 | lr 0.0005 |Train_Loss 0.5534 |  total_loss_consistency1 0.0531 | Loss 0.6065 | Val_Loss 0.5809| Train Time(s) 0.2616| Val Time(s) 0.0359 | Time(s) 0.2975
2024-12-31 05:58:13,383:INFO::Validation loss decreased (0.580920 --> 0.580907).  Saving model ...
2024-12-31 05:58:13,680:INFO::Epoch_batch_00033 | lr 0.0005 |Train_Loss 0.5542 |  total_loss_consistency1 0.0526 | Loss 0.6069 | Val_Loss 0.5812| Train Time(s) 0.2614| Val Time(s) 0.0360 | Time(s) 0.2974
2024-12-31 05:58:13,681:INFO::EarlyStopping counter: 1 out of 30
2024-12-31 05:58:13,979:INFO::Epoch_batch_00034 | lr 0.0005 |Train_Loss 0.5520 |  total_loss_consistency1 0.0522 | Loss 0.6042 | Val_Loss 0.5812| Train Time(s) 0.2623| Val Time(s) 0.0359 | Time(s) 0.2982
2024-12-31 05:58:13,979:INFO::EarlyStopping counter: 2 out of 30
2024-12-31 05:58:14,465:INFO::Epoch_batch_00035 | lr 0.0005 |Train_Loss 0.5507 |  total_loss_consistency1 0.0517 | Loss 0.6024 | Val_Loss 0.5808| Train Time(s) 0.2613| Val Time(s) 0.0359 | Time(s) 0.2973
2024-12-31 05:58:14,466:INFO::Validation loss decreased (0.580907 --> 0.580800).  Saving model ...
2024-12-31 05:58:14,951:INFO::Epoch_batch_00036 | lr 0.0005 |Train_Loss 0.5489 |  total_loss_consistency1 0.0514 | Loss 0.6003 | Val_Loss 0.5805| Train Time(s) 0.2616| Val Time(s) 0.0359 | Time(s) 0.2975
2024-12-31 05:58:14,952:INFO::Validation loss decreased (0.580800 --> 0.580519).  Saving model ...
2024-12-31 05:58:15,437:INFO::Epoch_batch_00037 | lr 0.0005 |Train_Loss 0.5459 |  total_loss_consistency1 0.0508 | Loss 0.5968 | Val_Loss 0.5803| Train Time(s) 0.2614| Val Time(s) 0.0361 | Time(s) 0.2974
2024-12-31 05:58:15,438:INFO::Validation loss decreased (0.580519 --> 0.580308).  Saving model ...
2024-12-31 05:58:15,921:INFO::Epoch_batch_00038 | lr 0.0005 |Train_Loss 0.5459 |  total_loss_consistency1 0.0505 | Loss 0.5964 | Val_Loss 0.5801| Train Time(s) 0.2617| Val Time(s) 0.0360 | Time(s) 0.2978
2024-12-31 05:58:15,922:INFO::Validation loss decreased (0.580308 --> 0.580129).  Saving model ...
2024-12-31 05:58:16,220:INFO::Epoch_batch_00039 | lr 0.0005 |Train_Loss 0.5439 |  total_loss_consistency1 0.0501 | Loss 0.5940 | Val_Loss 0.5807| Train Time(s) 0.2619| Val Time(s) 0.0361 | Time(s) 0.2981
2024-12-31 05:58:16,220:INFO::EarlyStopping counter: 1 out of 30
2024-12-31 05:58:16,518:INFO::Epoch_batch_00040 | lr 0.0005 |Train_Loss 0.5423 |  total_loss_consistency1 0.0498 | Loss 0.5921 | Val_Loss 0.5811| Train Time(s) 0.2616| Val Time(s) 0.0360 | Time(s) 0.2975
2024-12-31 05:58:16,518:INFO::EarlyStopping counter: 2 out of 30
2024-12-31 05:58:16,816:INFO::Epoch_batch_00041 | lr 0.0005 |Train_Loss 0.5404 |  total_loss_consistency1 0.0493 | Loss 0.5897 | Val_Loss 0.5813| Train Time(s) 0.2613| Val Time(s) 0.0361 | Time(s) 0.2973
2024-12-31 05:58:16,816:INFO::EarlyStopping counter: 3 out of 30
2024-12-31 05:58:17,115:INFO::Epoch_batch_00042 | lr 0.0005 |Train_Loss 0.5399 |  total_loss_consistency1 0.0490 | Loss 0.5889 | Val_Loss 0.5816| Train Time(s) 0.2622| Val Time(s) 0.0362 | Time(s) 0.2984
2024-12-31 05:58:17,115:INFO::EarlyStopping counter: 4 out of 30
2024-12-31 05:58:17,413:INFO::Epoch_batch_00043 | lr 0.0005 |Train_Loss 0.5380 |  total_loss_consistency1 0.0486 | Loss 0.5866 | Val_Loss 0.5819| Train Time(s) 0.2616| Val Time(s) 0.0361 | Time(s) 0.2977
2024-12-31 05:58:17,414:INFO::EarlyStopping counter: 5 out of 30
2024-12-31 05:58:17,712:INFO::Epoch_batch_00044 | lr 0.0005 |Train_Loss 0.5380 |  total_loss_consistency1 0.0482 | Loss 0.5862 | Val_Loss 0.5820| Train Time(s) 0.2618| Val Time(s) 0.0362 | Time(s) 0.2980
2024-12-31 05:58:17,712:INFO::EarlyStopping counter: 6 out of 30
2024-12-31 05:58:18,010:INFO::Epoch_batch_00045 | lr 0.0005 |Train_Loss 0.5372 |  total_loss_consistency1 0.0478 | Loss 0.5849 | Val_Loss 0.5813| Train Time(s) 0.2616| Val Time(s) 0.0361 | Time(s) 0.2976
2024-12-31 05:58:18,010:INFO::EarlyStopping counter: 7 out of 30
2024-12-31 05:58:18,308:INFO::Epoch_batch_00046 | lr 0.0005 |Train_Loss 0.5356 |  total_loss_consistency1 0.0475 | Loss 0.5831 | Val_Loss 0.5810| Train Time(s) 0.2619| Val Time(s) 0.0359 | Time(s) 0.2978
2024-12-31 05:58:18,309:INFO::EarlyStopping counter: 8 out of 30
2024-12-31 05:58:18,607:INFO::Epoch_batch_00047 | lr 0.0005 |Train_Loss 0.5324 |  total_loss_consistency1 0.0472 | Loss 0.5797 | Val_Loss 0.5809| Train Time(s) 0.2623| Val Time(s) 0.0360 | Time(s) 0.2983
2024-12-31 05:58:18,607:INFO::EarlyStopping counter: 9 out of 30
2024-12-31 05:58:18,906:INFO::Epoch_batch_00048 | lr 0.0005 |Train_Loss 0.5331 |  total_loss_consistency1 0.0467 | Loss 0.5798 | Val_Loss 0.5818| Train Time(s) 0.2622| Val Time(s) 0.0359 | Time(s) 0.2981
2024-12-31 05:58:18,906:INFO::EarlyStopping counter: 10 out of 30
2024-12-31 05:58:19,204:INFO::Epoch_batch_00049 | lr 0.0005 |Train_Loss 0.5330 |  total_loss_consistency1 0.0463 | Loss 0.5793 | Val_Loss 0.5824| Train Time(s) 0.2617| Val Time(s) 0.0359 | Time(s) 0.2976
2024-12-31 05:58:19,204:INFO::EarlyStopping counter: 11 out of 30
2024-12-31 05:58:19,503:INFO::Epoch_batch_00050 | lr 0.0005 |Train_Loss 0.5313 |  total_loss_consistency1 0.0460 | Loss 0.5772 | Val_Loss 0.5819| Train Time(s) 0.2621| Val Time(s) 0.0360 | Time(s) 0.2981
2024-12-31 05:58:19,503:INFO::EarlyStopping counter: 12 out of 30
2024-12-31 05:58:19,802:INFO::Epoch_batch_00051 | lr 0.0005 |Train_Loss 0.5298 |  total_loss_consistency1 0.0457 | Loss 0.5755 | Val_Loss 0.5819| Train Time(s) 0.2624| Val Time(s) 0.0360 | Time(s) 0.2983
2024-12-31 05:58:19,802:INFO::EarlyStopping counter: 13 out of 30
2024-12-31 05:58:20,100:INFO::Epoch_batch_00052 | lr 0.0005 |Train_Loss 0.5290 |  total_loss_consistency1 0.0453 | Loss 0.5743 | Val_Loss 0.5823| Train Time(s) 0.2621| Val Time(s) 0.0360 | Time(s) 0.2981
2024-12-31 05:58:20,101:INFO::EarlyStopping counter: 14 out of 30
2024-12-31 05:58:20,399:INFO::Epoch_batch_00053 | lr 0.0005 |Train_Loss 0.5285 |  total_loss_consistency1 0.0447 | Loss 0.5733 | Val_Loss 0.5830| Train Time(s) 0.2618| Val Time(s) 0.0360 | Time(s) 0.2978
2024-12-31 05:58:20,399:INFO::EarlyStopping counter: 15 out of 30
2024-12-31 05:58:20,697:INFO::Epoch_batch_00054 | lr 0.0005 |Train_Loss 0.5278 |  total_loss_consistency1 0.0444 | Loss 0.5722 | Val_Loss 0.5832| Train Time(s) 0.2620| Val Time(s) 0.0360 | Time(s) 0.2980
2024-12-31 05:58:20,698:INFO::EarlyStopping counter: 16 out of 30
2024-12-31 05:58:20,996:INFO::Epoch_batch_00055 | lr 0.0005 |Train_Loss 0.5274 |  total_loss_consistency1 0.0440 | Loss 0.5714 | Val_Loss 0.5827| Train Time(s) 0.2622| Val Time(s) 0.0361 | Time(s) 0.2982
2024-12-31 05:58:20,997:INFO::EarlyStopping counter: 17 out of 30
2024-12-31 05:58:21,295:INFO::Epoch_batch_00056 | lr 0.0005 |Train_Loss 0.5262 |  total_loss_consistency1 0.0437 | Loss 0.5699 | Val_Loss 0.5816| Train Time(s) 0.2624| Val Time(s) 0.0359 | Time(s) 0.2984
2024-12-31 05:58:21,295:INFO::EarlyStopping counter: 18 out of 30
2024-12-31 05:58:21,594:INFO::Epoch_batch_00057 | lr 0.0005 |Train_Loss 0.5254 |  total_loss_consistency1 0.0433 | Loss 0.5687 | Val_Loss 0.5811| Train Time(s) 0.2621| Val Time(s) 0.0361 | Time(s) 0.2981
2024-12-31 05:58:21,594:INFO::EarlyStopping counter: 19 out of 30
2024-12-31 05:58:21,893:INFO::Epoch_batch_00058 | lr 0.0005 |Train_Loss 0.5246 |  total_loss_consistency1 0.0429 | Loss 0.5675 | Val_Loss 0.5821| Train Time(s) 0.2629| Val Time(s) 0.0360 | Time(s) 0.2989
2024-12-31 05:58:21,894:INFO::EarlyStopping counter: 20 out of 30
2024-12-31 05:58:22,192:INFO::Epoch_batch_00059 | lr 0.0005 |Train_Loss 0.5236 |  total_loss_consistency1 0.0424 | Loss 0.5660 | Val_Loss 0.5821| Train Time(s) 0.2620| Val Time(s) 0.0359 | Time(s) 0.2980
2024-12-31 05:58:22,192:INFO::EarlyStopping counter: 21 out of 30
2024-12-31 05:58:22,491:INFO::Epoch_batch_00060 | lr 0.0005 |Train_Loss 0.5235 |  total_loss_consistency1 0.0418 | Loss 0.5653 | Val_Loss 0.5820| Train Time(s) 0.2628| Val Time(s) 0.0360 | Time(s) 0.2988
2024-12-31 05:58:22,491:INFO::EarlyStopping counter: 22 out of 30
2024-12-31 05:58:22,790:INFO::Epoch_batch_00061 | lr 0.0005 |Train_Loss 0.5236 |  total_loss_consistency1 0.0414 | Loss 0.5650 | Val_Loss 0.5827| Train Time(s) 0.2623| Val Time(s) 0.0360 | Time(s) 0.2984
2024-12-31 05:58:22,790:INFO::EarlyStopping counter: 23 out of 30
2024-12-31 05:58:23,089:INFO::Epoch_batch_00062 | lr 0.0005 |Train_Loss 0.5219 |  total_loss_consistency1 0.0411 | Loss 0.5630 | Val_Loss 0.5829| Train Time(s) 0.2625| Val Time(s) 0.0359 | Time(s) 0.2984
2024-12-31 05:58:23,089:INFO::EarlyStopping counter: 24 out of 30
2024-12-31 05:58:23,388:INFO::Epoch_batch_00063 | lr 0.0005 |Train_Loss 0.5216 |  total_loss_consistency1 0.0405 | Loss 0.5621 | Val_Loss 0.5832| Train Time(s) 0.2627| Val Time(s) 0.0360 | Time(s) 0.2987
2024-12-31 05:58:23,389:INFO::EarlyStopping counter: 25 out of 30
2024-12-31 05:58:23,688:INFO::Epoch_batch_00064 | lr 0.0005 |Train_Loss 0.5209 |  total_loss_consistency1 0.0400 | Loss 0.5609 | Val_Loss 0.5821| Train Time(s) 0.2627| Val Time(s) 0.0360 | Time(s) 0.2987
2024-12-31 05:58:23,688:INFO::EarlyStopping counter: 26 out of 30
2024-12-31 05:58:23,986:INFO::Epoch_batch_00065 | lr 0.0005 |Train_Loss 0.5201 |  total_loss_consistency1 0.0395 | Loss 0.5596 | Val_Loss 0.5812| Train Time(s) 0.2622| Val Time(s) 0.0360 | Time(s) 0.2982
2024-12-31 05:58:23,987:INFO::EarlyStopping counter: 27 out of 30
2024-12-31 05:58:24,285:INFO::Epoch_batch_00066 | lr 0.0005 |Train_Loss 0.5204 |  total_loss_consistency1 0.0391 | Loss 0.5594 | Val_Loss 0.5814| Train Time(s) 0.2625| Val Time(s) 0.0359 | Time(s) 0.2984
2024-12-31 05:58:24,286:INFO::EarlyStopping counter: 28 out of 30
2024-12-31 05:58:24,584:INFO::Epoch_batch_00067 | lr 0.0005 |Train_Loss 0.5195 |  total_loss_consistency1 0.0385 | Loss 0.5580 | Val_Loss 0.5826| Train Time(s) 0.2624| Val Time(s) 0.0360 | Time(s) 0.2984
2024-12-31 05:58:24,585:INFO::EarlyStopping counter: 29 out of 30
2024-12-31 05:58:24,884:INFO::Epoch_batch_00068 | lr 0.0005 |Train_Loss 0.5188 |  total_loss_consistency1 0.0380 | Loss 0.5568 | Val_Loss 0.5841| Train Time(s) 0.2628| Val Time(s) 0.0360 | Time(s) 0.2988
2024-12-31 05:58:24,884:INFO::EarlyStopping counter: 30 out of 30
2024-12-31 05:58:24,884:INFO::Eearly stopping!
2024-12-31 05:58:24,942:INFO::
testing...
2024-12-31 05:58:25,011:INFO::save_dir_name: simpleHGN_lr0.0005_wd0.0001
2024-12-31 05:58:25,011:INFO::save_dir_name: simpleHGN_lr0.0005_wd0.0001
2024-12-31 05:58:25,011:INFO::submit dir: submit/submit_simpleHGN_lr0.0005_wd0.0001
2024-12-31 05:58:25,046:INFO::save_dir_name: simpleHGN_lr0.0005_wd0.0001
2024-12-31 05:58:25,060:INFO::{'micro-f1': 0.6936574666422958, 'macro-f1': 0.6619517371990381}
2024-12-31 05:58:25,102:INFO::############### Experiments Stage Ends! ###############
2024-12-31 05:58:25,103:INFO::=============== one experiment stage finish, use 31.424660682678223 time.
2024-12-31 05:58:28,039:INFO::save_dir_name: simpleHGN_lr0.0005_wd0.0001
2024-12-31 05:58:28,547:INFO::Epoch_batch_00000 | lr 0.0005 |Train_Loss 0.7304 |  total_loss_consistency1 0.0806 | Loss 0.8110 | Val_Loss 0.6339| Train Time(s) 0.2663| Val Time(s) 0.0354 | Time(s) 0.3017
2024-12-31 05:58:29,036:INFO::Epoch_batch_00001 | lr 0.0005 |Train_Loss 0.6468 |  total_loss_consistency1 0.0824 | Loss 0.7292 | Val_Loss 0.6287| Train Time(s) 0.2632| Val Time(s) 0.0360 | Time(s) 0.2991
2024-12-31 05:58:29,037:INFO::Validation loss decreased (inf --> 0.628661).  Saving model ...
2024-12-31 05:58:29,523:INFO::Epoch_batch_00002 | lr 0.0005 |Train_Loss 0.6346 |  total_loss_consistency1 0.0828 | Loss 0.7174 | Val_Loss 0.6277| Train Time(s) 0.2615| Val Time(s) 0.0359 | Time(s) 0.2974
2024-12-31 05:58:29,524:INFO::Validation loss decreased (0.628661 --> 0.627705).  Saving model ...
2024-12-31 05:58:30,011:INFO::Epoch_batch_00003 | lr 0.0005 |Train_Loss 0.6305 |  total_loss_consistency1 0.0813 | Loss 0.7118 | Val_Loss 0.6267| Train Time(s) 0.2656| Val Time(s) 0.0359 | Time(s) 0.3015
2024-12-31 05:58:30,012:INFO::Validation loss decreased (0.627705 --> 0.626739).  Saving model ...
2024-12-31 05:58:30,499:INFO::Epoch_batch_00004 | lr 0.0005 |Train_Loss 0.6301 |  total_loss_consistency1 0.0785 | Loss 0.7086 | Val_Loss 0.6255| Train Time(s) 0.2624| Val Time(s) 0.0366 | Time(s) 0.2990
2024-12-31 05:58:30,500:INFO::Validation loss decreased (0.626739 --> 0.625480).  Saving model ...
2024-12-31 05:58:30,985:INFO::Epoch_batch_00005 | lr 0.0005 |Train_Loss 0.6283 |  total_loss_consistency1 0.0760 | Loss 0.7043 | Val_Loss 0.6239| Train Time(s) 0.2620| Val Time(s) 0.0360 | Time(s) 0.2981
2024-12-31 05:58:30,985:INFO::Validation loss decreased (0.625480 --> 0.623922).  Saving model ...
2024-12-31 05:58:31,476:INFO::Epoch_batch_00006 | lr 0.0005 |Train_Loss 0.6255 |  total_loss_consistency1 0.0735 | Loss 0.6990 | Val_Loss 0.6222| Train Time(s) 0.2626| Val Time(s) 0.0360 | Time(s) 0.2986
2024-12-31 05:58:31,477:INFO::Validation loss decreased (0.623922 --> 0.622227).  Saving model ...
2024-12-31 05:58:31,965:INFO::Epoch_batch_00007 | lr 0.0005 |Train_Loss 0.6235 |  total_loss_consistency1 0.0713 | Loss 0.6948 | Val_Loss 0.6205| Train Time(s) 0.2620| Val Time(s) 0.0360 | Time(s) 0.2979
2024-12-31 05:58:31,965:INFO::Validation loss decreased (0.622227 --> 0.620482).  Saving model ...
2024-12-31 05:58:32,456:INFO::Epoch_batch_00008 | lr 0.0005 |Train_Loss 0.6224 |  total_loss_consistency1 0.0697 | Loss 0.6921 | Val_Loss 0.6186| Train Time(s) 0.2627| Val Time(s) 0.0362 | Time(s) 0.2988
2024-12-31 05:58:32,456:INFO::Validation loss decreased (0.620482 --> 0.618644).  Saving model ...
2024-12-31 05:58:32,937:INFO::Epoch_batch_00009 | lr 0.0005 |Train_Loss 0.6200 |  total_loss_consistency1 0.0683 | Loss 0.6882 | Val_Loss 0.6167| Train Time(s) 0.2626| Val Time(s) 0.0359 | Time(s) 0.2985
2024-12-31 05:58:32,937:INFO::Validation loss decreased (0.618644 --> 0.616730).  Saving model ...
2024-12-31 05:58:33,418:INFO::Epoch_batch_00010 | lr 0.0005 |Train_Loss 0.6182 |  total_loss_consistency1 0.0669 | Loss 0.6851 | Val_Loss 0.6146| Train Time(s) 0.2623| Val Time(s) 0.0360 | Time(s) 0.2983
2024-12-31 05:58:33,418:INFO::Validation loss decreased (0.616730 --> 0.614636).  Saving model ...
2024-12-31 05:58:33,900:INFO::Epoch_batch_00011 | lr 0.0005 |Train_Loss 0.6155 |  total_loss_consistency1 0.0661 | Loss 0.6815 | Val_Loss 0.6122| Train Time(s) 0.2622| Val Time(s) 0.0360 | Time(s) 0.2982
2024-12-31 05:58:33,900:INFO::Validation loss decreased (0.614636 --> 0.612178).  Saving model ...
2024-12-31 05:58:34,385:INFO::Epoch_batch_00012 | lr 0.0005 |Train_Loss 0.6105 |  total_loss_consistency1 0.0650 | Loss 0.6755 | Val_Loss 0.6095| Train Time(s) 0.2628| Val Time(s) 0.0360 | Time(s) 0.2988
2024-12-31 05:58:34,385:INFO::Validation loss decreased (0.612178 --> 0.609471).  Saving model ...
2024-12-31 05:58:34,873:INFO::Epoch_batch_00013 | lr 0.0005 |Train_Loss 0.6089 |  total_loss_consistency1 0.0640 | Loss 0.6729 | Val_Loss 0.6065| Train Time(s) 0.2630| Val Time(s) 0.0362 | Time(s) 0.2992
2024-12-31 05:58:34,873:INFO::Validation loss decreased (0.609471 --> 0.606537).  Saving model ...
2024-12-31 05:58:35,357:INFO::Epoch_batch_00014 | lr 0.0005 |Train_Loss 0.6042 |  total_loss_consistency1 0.0633 | Loss 0.6676 | Val_Loss 0.6034| Train Time(s) 0.2619| Val Time(s) 0.0359 | Time(s) 0.2977
2024-12-31 05:58:35,358:INFO::Validation loss decreased (0.606537 --> 0.603400).  Saving model ...
2024-12-31 05:58:35,848:INFO::Epoch_batch_00015 | lr 0.0005 |Train_Loss 0.5994 |  total_loss_consistency1 0.0628 | Loss 0.6622 | Val_Loss 0.6003| Train Time(s) 0.2625| Val Time(s) 0.0360 | Time(s) 0.2985
2024-12-31 05:58:35,848:INFO::Validation loss decreased (0.603400 --> 0.600255).  Saving model ...
2024-12-31 05:58:36,335:INFO::Epoch_batch_00016 | lr 0.0005 |Train_Loss 0.5946 |  total_loss_consistency1 0.0620 | Loss 0.6566 | Val_Loss 0.5973| Train Time(s) 0.2627| Val Time(s) 0.0359 | Time(s) 0.2986
2024-12-31 05:58:36,336:INFO::Validation loss decreased (0.600255 --> 0.597272).  Saving model ...
2024-12-31 05:58:36,821:INFO::Epoch_batch_00017 | lr 0.0005 |Train_Loss 0.5896 |  total_loss_consistency1 0.0615 | Loss 0.6511 | Val_Loss 0.5945| Train Time(s) 0.2621| Val Time(s) 0.0360 | Time(s) 0.2981
2024-12-31 05:58:36,821:INFO::Validation loss decreased (0.597272 --> 0.594519).  Saving model ...
2024-12-31 05:58:37,308:INFO::Epoch_batch_00018 | lr 0.0005 |Train_Loss 0.5880 |  total_loss_consistency1 0.0609 | Loss 0.6489 | Val_Loss 0.5922| Train Time(s) 0.2625| Val Time(s) 0.0360 | Time(s) 0.2984
2024-12-31 05:58:37,309:INFO::Validation loss decreased (0.594519 --> 0.592210).  Saving model ...
2024-12-31 05:58:37,793:INFO::Epoch_batch_00019 | lr 0.0005 |Train_Loss 0.5807 |  total_loss_consistency1 0.0607 | Loss 0.6415 | Val_Loss 0.5906| Train Time(s) 0.2620| Val Time(s) 0.0361 | Time(s) 0.2982
2024-12-31 05:58:37,793:INFO::Validation loss decreased (0.592210 --> 0.590613).  Saving model ...
2024-12-31 05:58:38,285:INFO::Epoch_batch_00020 | lr 0.0005 |Train_Loss 0.5784 |  total_loss_consistency1 0.0603 | Loss 0.6387 | Val_Loss 0.5892| Train Time(s) 0.2629| Val Time(s) 0.0362 | Time(s) 0.2991
2024-12-31 05:58:38,285:INFO::Validation loss decreased (0.590613 --> 0.589197).  Saving model ...
2024-12-31 05:58:38,766:INFO::Epoch_batch_00021 | lr 0.0005 |Train_Loss 0.5720 |  total_loss_consistency1 0.0595 | Loss 0.6316 | Val_Loss 0.5877| Train Time(s) 0.2623| Val Time(s) 0.0360 | Time(s) 0.2983
2024-12-31 05:58:38,767:INFO::Validation loss decreased (0.589197 --> 0.587673).  Saving model ...
2024-12-31 05:58:39,257:INFO::Epoch_batch_00022 | lr 0.0005 |Train_Loss 0.5715 |  total_loss_consistency1 0.0591 | Loss 0.6306 | Val_Loss 0.5856| Train Time(s) 0.2626| Val Time(s) 0.0359 | Time(s) 0.2985
2024-12-31 05:58:39,258:INFO::Validation loss decreased (0.587673 --> 0.585562).  Saving model ...
2024-12-31 05:58:39,743:INFO::Epoch_batch_00023 | lr 0.0005 |Train_Loss 0.5700 |  total_loss_consistency1 0.0584 | Loss 0.6284 | Val_Loss 0.5834| Train Time(s) 0.2622| Val Time(s) 0.0359 | Time(s) 0.2981
2024-12-31 05:58:39,743:INFO::Validation loss decreased (0.585562 --> 0.583403).  Saving model ...
2024-12-31 05:58:40,234:INFO::Epoch_batch_00024 | lr 0.0005 |Train_Loss 0.5652 |  total_loss_consistency1 0.0577 | Loss 0.6230 | Val_Loss 0.5822| Train Time(s) 0.2627| Val Time(s) 0.0361 | Time(s) 0.2987
2024-12-31 05:58:40,235:INFO::Validation loss decreased (0.583403 --> 0.582152).  Saving model ...
2024-12-31 05:58:40,722:INFO::Epoch_batch_00025 | lr 0.0005 |Train_Loss 0.5620 |  total_loss_consistency1 0.0571 | Loss 0.6192 | Val_Loss 0.5815| Train Time(s) 0.2630| Val Time(s) 0.0360 | Time(s) 0.2990
2024-12-31 05:58:40,723:INFO::Validation loss decreased (0.582152 --> 0.581479).  Saving model ...
2024-12-31 05:58:41,207:INFO::Epoch_batch_00026 | lr 0.0005 |Train_Loss 0.5600 |  total_loss_consistency1 0.0566 | Loss 0.6166 | Val_Loss 0.5806| Train Time(s) 0.2628| Val Time(s) 0.0359 | Time(s) 0.2986
2024-12-31 05:58:41,208:INFO::Validation loss decreased (0.581479 --> 0.580613).  Saving model ...
2024-12-31 05:58:41,695:INFO::Epoch_batch_00027 | lr 0.0005 |Train_Loss 0.5585 |  total_loss_consistency1 0.0559 | Loss 0.6144 | Val_Loss 0.5798| Train Time(s) 0.2629| Val Time(s) 0.0359 | Time(s) 0.2988
2024-12-31 05:58:41,696:INFO::Validation loss decreased (0.580613 --> 0.579775).  Saving model ...
2024-12-31 05:58:42,181:INFO::Epoch_batch_00028 | lr 0.0005 |Train_Loss 0.5555 |  total_loss_consistency1 0.0554 | Loss 0.6109 | Val_Loss 0.5792| Train Time(s) 0.2627| Val Time(s) 0.0360 | Time(s) 0.2987
2024-12-31 05:58:42,182:INFO::Validation loss decreased (0.579775 --> 0.579246).  Saving model ...
2024-12-31 05:58:42,669:INFO::Epoch_batch_00029 | lr 0.0005 |Train_Loss 0.5555 |  total_loss_consistency1 0.0548 | Loss 0.6103 | Val_Loss 0.5792| Train Time(s) 0.2630| Val Time(s) 0.0359 | Time(s) 0.2988
2024-12-31 05:58:42,670:INFO::Validation loss decreased (0.579246 --> 0.579150).  Saving model ...
2024-12-31 05:58:42,969:INFO::Epoch_batch_00030 | lr 0.0005 |Train_Loss 0.5534 |  total_loss_consistency1 0.0544 | Loss 0.6078 | Val_Loss 0.5795| Train Time(s) 0.2628| Val Time(s) 0.0360 | Time(s) 0.2988
2024-12-31 05:58:42,969:INFO::EarlyStopping counter: 1 out of 30
2024-12-31 05:58:43,269:INFO::Epoch_batch_00031 | lr 0.0005 |Train_Loss 0.5518 |  total_loss_consistency1 0.0540 | Loss 0.6058 | Val_Loss 0.5799| Train Time(s) 0.2633| Val Time(s) 0.0361 | Time(s) 0.2993
2024-12-31 05:58:43,269:INFO::EarlyStopping counter: 2 out of 30
2024-12-31 05:58:43,568:INFO::Epoch_batch_00032 | lr 0.0005 |Train_Loss 0.5498 |  total_loss_consistency1 0.0533 | Loss 0.6031 | Val_Loss 0.5802| Train Time(s) 0.2625| Val Time(s) 0.0360 | Time(s) 0.2985
2024-12-31 05:58:43,568:INFO::EarlyStopping counter: 3 out of 30
2024-12-31 05:58:43,867:INFO::Epoch_batch_00033 | lr 0.0005 |Train_Loss 0.5485 |  total_loss_consistency1 0.0529 | Loss 0.6014 | Val_Loss 0.5795| Train Time(s) 0.2623| Val Time(s) 0.0360 | Time(s) 0.2983
2024-12-31 05:58:43,867:INFO::EarlyStopping counter: 4 out of 30
2024-12-31 05:58:44,166:INFO::Epoch_batch_00034 | lr 0.0005 |Train_Loss 0.5466 |  total_loss_consistency1 0.0523 | Loss 0.5990 | Val_Loss 0.5792| Train Time(s) 0.2631| Val Time(s) 0.0359 | Time(s) 0.2990
2024-12-31 05:58:44,166:INFO::EarlyStopping counter: 5 out of 30
2024-12-31 05:58:44,466:INFO::Epoch_batch_00035 | lr 0.0005 |Train_Loss 0.5457 |  total_loss_consistency1 0.0519 | Loss 0.5976 | Val_Loss 0.5797| Train Time(s) 0.2635| Val Time(s) 0.0359 | Time(s) 0.2994
2024-12-31 05:58:44,466:INFO::EarlyStopping counter: 6 out of 30
2024-12-31 05:58:44,766:INFO::Epoch_batch_00036 | lr 0.0005 |Train_Loss 0.5444 |  total_loss_consistency1 0.0512 | Loss 0.5957 | Val_Loss 0.5812| Train Time(s) 0.2632| Val Time(s) 0.0360 | Time(s) 0.2992
2024-12-31 05:58:44,766:INFO::EarlyStopping counter: 7 out of 30
2024-12-31 05:58:45,065:INFO::Epoch_batch_00037 | lr 0.0005 |Train_Loss 0.5429 |  total_loss_consistency1 0.0507 | Loss 0.5936 | Val_Loss 0.5820| Train Time(s) 0.2629| Val Time(s) 0.0360 | Time(s) 0.2989
2024-12-31 05:58:45,066:INFO::EarlyStopping counter: 8 out of 30
2024-12-31 05:58:45,365:INFO::Epoch_batch_00038 | lr 0.0005 |Train_Loss 0.5400 |  total_loss_consistency1 0.0501 | Loss 0.5901 | Val_Loss 0.5820| Train Time(s) 0.2630| Val Time(s) 0.0360 | Time(s) 0.2989
2024-12-31 05:58:45,365:INFO::EarlyStopping counter: 9 out of 30
2024-12-31 05:58:45,664:INFO::Epoch_batch_00039 | lr 0.0005 |Train_Loss 0.5399 |  total_loss_consistency1 0.0499 | Loss 0.5898 | Val_Loss 0.5816| Train Time(s) 0.2624| Val Time(s) 0.0359 | Time(s) 0.2983
2024-12-31 05:58:45,664:INFO::EarlyStopping counter: 10 out of 30
2024-12-31 05:58:45,964:INFO::Epoch_batch_00040 | lr 0.0005 |Train_Loss 0.5387 |  total_loss_consistency1 0.0493 | Loss 0.5879 | Val_Loss 0.5808| Train Time(s) 0.2631| Val Time(s) 0.0360 | Time(s) 0.2991
2024-12-31 05:58:45,964:INFO::EarlyStopping counter: 11 out of 30
2024-12-31 05:58:46,263:INFO::Epoch_batch_00041 | lr 0.0005 |Train_Loss 0.5369 |  total_loss_consistency1 0.0492 | Loss 0.5861 | Val_Loss 0.5810| Train Time(s) 0.2633| Val Time(s) 0.0359 | Time(s) 0.2992
2024-12-31 05:58:46,264:INFO::EarlyStopping counter: 12 out of 30
2024-12-31 05:58:46,563:INFO::Epoch_batch_00042 | lr 0.0005 |Train_Loss 0.5354 |  total_loss_consistency1 0.0487 | Loss 0.5842 | Val_Loss 0.5812| Train Time(s) 0.2632| Val Time(s) 0.0359 | Time(s) 0.2991
2024-12-31 05:58:46,563:INFO::EarlyStopping counter: 13 out of 30
2024-12-31 05:58:46,862:INFO::Epoch_batch_00043 | lr 0.0005 |Train_Loss 0.5350 |  total_loss_consistency1 0.0483 | Loss 0.5833 | Val_Loss 0.5812| Train Time(s) 0.2625| Val Time(s) 0.0360 | Time(s) 0.2985
2024-12-31 05:58:46,862:INFO::EarlyStopping counter: 14 out of 30
2024-12-31 05:58:47,162:INFO::Epoch_batch_00044 | lr 0.0005 |Train_Loss 0.5345 |  total_loss_consistency1 0.0480 | Loss 0.5825 | Val_Loss 0.5811| Train Time(s) 0.2629| Val Time(s) 0.0361 | Time(s) 0.2990
2024-12-31 05:58:47,162:INFO::EarlyStopping counter: 15 out of 30
2024-12-31 05:58:47,461:INFO::Epoch_batch_00045 | lr 0.0005 |Train_Loss 0.5321 |  total_loss_consistency1 0.0477 | Loss 0.5798 | Val_Loss 0.5810| Train Time(s) 0.2630| Val Time(s) 0.0362 | Time(s) 0.2992
2024-12-31 05:58:47,462:INFO::EarlyStopping counter: 16 out of 30
2024-12-31 05:58:47,761:INFO::Epoch_batch_00046 | lr 0.0005 |Train_Loss 0.5322 |  total_loss_consistency1 0.0472 | Loss 0.5794 | Val_Loss 0.5815| Train Time(s) 0.2633| Val Time(s) 0.0360 | Time(s) 0.2992
2024-12-31 05:58:47,762:INFO::EarlyStopping counter: 17 out of 30
2024-12-31 05:58:48,062:INFO::Epoch_batch_00047 | lr 0.0005 |Train_Loss 0.5313 |  total_loss_consistency1 0.0468 | Loss 0.5781 | Val_Loss 0.5829| Train Time(s) 0.2634| Val Time(s) 0.0361 | Time(s) 0.2995
2024-12-31 05:58:48,062:INFO::EarlyStopping counter: 18 out of 30
2024-12-31 05:58:48,361:INFO::Epoch_batch_00048 | lr 0.0005 |Train_Loss 0.5307 |  total_loss_consistency1 0.0465 | Loss 0.5772 | Val_Loss 0.5832| Train Time(s) 0.2630| Val Time(s) 0.0360 | Time(s) 0.2990
2024-12-31 05:58:48,361:INFO::EarlyStopping counter: 19 out of 30
2024-12-31 05:58:48,661:INFO::Epoch_batch_00049 | lr 0.0005 |Train_Loss 0.5288 |  total_loss_consistency1 0.0460 | Loss 0.5748 | Val_Loss 0.5828| Train Time(s) 0.2628| Val Time(s) 0.0361 | Time(s) 0.2989
2024-12-31 05:58:48,661:INFO::EarlyStopping counter: 20 out of 30
2024-12-31 05:58:48,960:INFO::Epoch_batch_00050 | lr 0.0005 |Train_Loss 0.5287 |  total_loss_consistency1 0.0456 | Loss 0.5743 | Val_Loss 0.5829| Train Time(s) 0.2631| Val Time(s) 0.0359 | Time(s) 0.2990
2024-12-31 05:58:48,961:INFO::EarlyStopping counter: 21 out of 30
2024-12-31 05:58:49,261:INFO::Epoch_batch_00051 | lr 0.0005 |Train_Loss 0.5276 |  total_loss_consistency1 0.0453 | Loss 0.5728 | Val_Loss 0.5835| Train Time(s) 0.2637| Val Time(s) 0.0360 | Time(s) 0.2996
2024-12-31 05:58:49,261:INFO::EarlyStopping counter: 22 out of 30
2024-12-31 05:58:49,561:INFO::Epoch_batch_00052 | lr 0.0005 |Train_Loss 0.5264 |  total_loss_consistency1 0.0448 | Loss 0.5711 | Val_Loss 0.5836| Train Time(s) 0.2634| Val Time(s) 0.0361 | Time(s) 0.2995
2024-12-31 05:58:49,561:INFO::EarlyStopping counter: 23 out of 30
2024-12-31 05:58:49,861:INFO::Epoch_batch_00053 | lr 0.0005 |Train_Loss 0.5259 |  total_loss_consistency1 0.0444 | Loss 0.5702 | Val_Loss 0.5831| Train Time(s) 0.2634| Val Time(s) 0.0361 | Time(s) 0.2995
2024-12-31 05:58:49,861:INFO::EarlyStopping counter: 24 out of 30
2024-12-31 05:58:50,161:INFO::Epoch_batch_00054 | lr 0.0005 |Train_Loss 0.5258 |  total_loss_consistency1 0.0440 | Loss 0.5698 | Val_Loss 0.5824| Train Time(s) 0.2634| Val Time(s) 0.0359 | Time(s) 0.2992
2024-12-31 05:58:50,161:INFO::EarlyStopping counter: 25 out of 30
2024-12-31 05:58:50,460:INFO::Epoch_batch_00055 | lr 0.0005 |Train_Loss 0.5249 |  total_loss_consistency1 0.0436 | Loss 0.5686 | Val_Loss 0.5825| Train Time(s) 0.2630| Val Time(s) 0.0359 | Time(s) 0.2989
2024-12-31 05:58:50,460:INFO::EarlyStopping counter: 26 out of 30
2024-12-31 05:58:50,760:INFO::Epoch_batch_00056 | lr 0.0005 |Train_Loss 0.5250 |  total_loss_consistency1 0.0434 | Loss 0.5684 | Val_Loss 0.5840| Train Time(s) 0.2633| Val Time(s) 0.0360 | Time(s) 0.2993
2024-12-31 05:58:50,760:INFO::EarlyStopping counter: 27 out of 30
2024-12-31 05:58:51,060:INFO::Epoch_batch_00057 | lr 0.0005 |Train_Loss 0.5229 |  total_loss_consistency1 0.0430 | Loss 0.5660 | Val_Loss 0.5851| Train Time(s) 0.2636| Val Time(s) 0.0360 | Time(s) 0.2996
2024-12-31 05:58:51,060:INFO::EarlyStopping counter: 28 out of 30
2024-12-31 05:58:51,360:INFO::Epoch_batch_00058 | lr 0.0005 |Train_Loss 0.5226 |  total_loss_consistency1 0.0427 | Loss 0.5653 | Val_Loss 0.5851| Train Time(s) 0.2636| Val Time(s) 0.0359 | Time(s) 0.2995
2024-12-31 05:58:51,361:INFO::EarlyStopping counter: 29 out of 30
2024-12-31 05:58:51,660:INFO::Epoch_batch_00059 | lr 0.0005 |Train_Loss 0.5221 |  total_loss_consistency1 0.0422 | Loss 0.5642 | Val_Loss 0.5841| Train Time(s) 0.2633| Val Time(s) 0.0360 | Time(s) 0.2993
2024-12-31 05:58:51,660:INFO::EarlyStopping counter: 30 out of 30
2024-12-31 05:58:51,660:INFO::Eearly stopping!
2024-12-31 05:58:51,732:INFO::
testing...
2024-12-31 05:58:51,796:INFO::save_dir_name: simpleHGN_lr0.0005_wd0.0001
2024-12-31 05:58:51,797:INFO::save_dir_name: simpleHGN_lr0.0005_wd0.0001
2024-12-31 05:58:51,797:INFO::submit dir: submit/submit_simpleHGN_lr0.0005_wd0.0001
2024-12-31 05:58:51,832:INFO::save_dir_name: simpleHGN_lr0.0005_wd0.0001
2024-12-31 05:58:51,846:INFO::{'micro-f1': 0.6961911606180381, 'macro-f1': 0.6677492635854996}
2024-12-31 05:58:51,890:INFO::############### Experiments Stage Ends! ###############
2024-12-31 05:58:51,890:INFO::=============== one experiment stage finish, use 58.21229553222656 time.
2024-12-31 05:58:54,846:INFO::save_dir_name: simpleHGN_lr0.0005_wd0.0001
2024-12-31 05:58:55,356:INFO::Epoch_batch_00000 | lr 0.0005 |Train_Loss 0.7167 |  total_loss_consistency1 0.0836 | Loss 0.8003 | Val_Loss 0.6322| Train Time(s) 0.2693| Val Time(s) 0.0353 | Time(s) 0.3046
2024-12-31 05:58:55,850:INFO::Epoch_batch_00001 | lr 0.0005 |Train_Loss 0.6462 |  total_loss_consistency1 0.0842 | Loss 0.7304 | Val_Loss 0.6279| Train Time(s) 0.2641| Val Time(s) 0.0359 | Time(s) 0.3000
2024-12-31 05:58:55,850:INFO::Validation loss decreased (inf --> 0.627931).  Saving model ...
2024-12-31 05:58:56,333:INFO::Epoch_batch_00002 | lr 0.0005 |Train_Loss 0.6355 |  total_loss_consistency1 0.0836 | Loss 0.7191 | Val_Loss 0.6271| Train Time(s) 0.2625| Val Time(s) 0.0359 | Time(s) 0.2985
2024-12-31 05:58:56,333:INFO::Validation loss decreased (0.627931 --> 0.627059).  Saving model ...
2024-12-31 05:58:56,820:INFO::Epoch_batch_00003 | lr 0.0005 |Train_Loss 0.6327 |  total_loss_consistency1 0.0811 | Loss 0.7138 | Val_Loss 0.6263| Train Time(s) 0.2629| Val Time(s) 0.0359 | Time(s) 0.2989
2024-12-31 05:58:56,821:INFO::Validation loss decreased (0.627059 --> 0.626349).  Saving model ...
2024-12-31 05:58:57,317:INFO::Epoch_batch_00004 | lr 0.0005 |Train_Loss 0.6306 |  total_loss_consistency1 0.0780 | Loss 0.7085 | Val_Loss 0.6253| Train Time(s) 0.2631| Val Time(s) 0.0359 | Time(s) 0.2990
2024-12-31 05:58:57,317:INFO::Validation loss decreased (0.626349 --> 0.625288).  Saving model ...
2024-12-31 05:58:57,816:INFO::Epoch_batch_00005 | lr 0.0005 |Train_Loss 0.6287 |  total_loss_consistency1 0.0752 | Loss 0.7040 | Val_Loss 0.6240| Train Time(s) 0.2630| Val Time(s) 0.0359 | Time(s) 0.2989
2024-12-31 05:58:57,816:INFO::Validation loss decreased (0.625288 --> 0.624031).  Saving model ...
2024-12-31 05:58:58,300:INFO::Epoch_batch_00006 | lr 0.0005 |Train_Loss 0.6271 |  total_loss_consistency1 0.0729 | Loss 0.7000 | Val_Loss 0.6227| Train Time(s) 0.2630| Val Time(s) 0.0360 | Time(s) 0.2989
2024-12-31 05:58:58,301:INFO::Validation loss decreased (0.624031 --> 0.622680).  Saving model ...
2024-12-31 05:58:58,792:INFO::Epoch_batch_00007 | lr 0.0005 |Train_Loss 0.6253 |  total_loss_consistency1 0.0711 | Loss 0.6964 | Val_Loss 0.6211| Train Time(s) 0.2634| Val Time(s) 0.0358 | Time(s) 0.2992
2024-12-31 05:58:58,792:INFO::Validation loss decreased (0.622680 --> 0.621117).  Saving model ...
2024-12-31 05:58:59,273:INFO::Epoch_batch_00008 | lr 0.0005 |Train_Loss 0.6241 |  total_loss_consistency1 0.0692 | Loss 0.6934 | Val_Loss 0.6192| Train Time(s) 0.2626| Val Time(s) 0.0359 | Time(s) 0.2986
2024-12-31 05:58:59,273:INFO::Validation loss decreased (0.621117 --> 0.619244).  Saving model ...
2024-12-31 05:58:59,756:INFO::Epoch_batch_00009 | lr 0.0005 |Train_Loss 0.6209 |  total_loss_consistency1 0.0677 | Loss 0.6886 | Val_Loss 0.6171| Train Time(s) 0.2643| Val Time(s) 0.0363 | Time(s) 0.3006
2024-12-31 05:58:59,757:INFO::Validation loss decreased (0.619244 --> 0.617089).  Saving model ...
2024-12-31 05:59:00,244:INFO::Epoch_batch_00010 | lr 0.0005 |Train_Loss 0.6192 |  total_loss_consistency1 0.0664 | Loss 0.6856 | Val_Loss 0.6148| Train Time(s) 0.2631| Val Time(s) 0.0360 | Time(s) 0.2991
2024-12-31 05:59:00,245:INFO::Validation loss decreased (0.617089 --> 0.614767).  Saving model ...
2024-12-31 05:59:00,725:INFO::Epoch_batch_00011 | lr 0.0005 |Train_Loss 0.6170 |  total_loss_consistency1 0.0653 | Loss 0.6822 | Val_Loss 0.6123| Train Time(s) 0.2629| Val Time(s) 0.0359 | Time(s) 0.2988
2024-12-31 05:59:00,726:INFO::Validation loss decreased (0.614767 --> 0.612315).  Saving model ...
2024-12-31 05:59:01,216:INFO::Epoch_batch_00012 | lr 0.0005 |Train_Loss 0.6145 |  total_loss_consistency1 0.0644 | Loss 0.6789 | Val_Loss 0.6097| Train Time(s) 0.2631| Val Time(s) 0.0359 | Time(s) 0.2990
2024-12-31 05:59:01,216:INFO::Validation loss decreased (0.612315 --> 0.609740).  Saving model ...
2024-12-31 05:59:01,698:INFO::Epoch_batch_00013 | lr 0.0005 |Train_Loss 0.6108 |  total_loss_consistency1 0.0633 | Loss 0.6741 | Val_Loss 0.6070| Train Time(s) 0.2628| Val Time(s) 0.0359 | Time(s) 0.2987
2024-12-31 05:59:01,698:INFO::Validation loss decreased (0.609740 --> 0.607047).  Saving model ...
2024-12-31 05:59:02,189:INFO::Epoch_batch_00014 | lr 0.0005 |Train_Loss 0.6092 |  total_loss_consistency1 0.0627 | Loss 0.6719 | Val_Loss 0.6043| Train Time(s) 0.2632| Val Time(s) 0.0359 | Time(s) 0.2991
2024-12-31 05:59:02,189:INFO::Validation loss decreased (0.607047 --> 0.604278).  Saving model ...
2024-12-31 05:59:02,670:INFO::Epoch_batch_00015 | lr 0.0005 |Train_Loss 0.6061 |  total_loss_consistency1 0.0622 | Loss 0.6683 | Val_Loss 0.6014| Train Time(s) 0.2629| Val Time(s) 0.0360 | Time(s) 0.2988
2024-12-31 05:59:02,670:INFO::Validation loss decreased (0.604278 --> 0.601408).  Saving model ...
2024-12-31 05:59:03,161:INFO::Epoch_batch_00016 | lr 0.0005 |Train_Loss 0.5997 |  total_loss_consistency1 0.0620 | Loss 0.6617 | Val_Loss 0.5985| Train Time(s) 0.2635| Val Time(s) 0.0360 | Time(s) 0.2995
2024-12-31 05:59:03,162:INFO::Validation loss decreased (0.601408 --> 0.598512).  Saving model ...
2024-12-31 05:59:03,648:INFO::Epoch_batch_00017 | lr 0.0005 |Train_Loss 0.5961 |  total_loss_consistency1 0.0618 | Loss 0.6578 | Val_Loss 0.5960| Train Time(s) 0.2636| Val Time(s) 0.0359 | Time(s) 0.2995
2024-12-31 05:59:03,649:INFO::Validation loss decreased (0.598512 --> 0.595954).  Saving model ...
2024-12-31 05:59:04,133:INFO::Epoch_batch_00018 | lr 0.0005 |Train_Loss 0.5925 |  total_loss_consistency1 0.0615 | Loss 0.6539 | Val_Loss 0.5939| Train Time(s) 0.2628| Val Time(s) 0.0359 | Time(s) 0.2987
2024-12-31 05:59:04,133:INFO::Validation loss decreased (0.595954 --> 0.593911).  Saving model ...
2024-12-31 05:59:04,621:INFO::Epoch_batch_00019 | lr 0.0005 |Train_Loss 0.5880 |  total_loss_consistency1 0.0613 | Loss 0.6492 | Val_Loss 0.5923| Train Time(s) 0.2644| Val Time(s) 0.0360 | Time(s) 0.3005
2024-12-31 05:59:04,622:INFO::Validation loss decreased (0.593911 --> 0.592297).  Saving model ...
2024-12-31 05:59:05,105:INFO::Epoch_batch_00020 | lr 0.0005 |Train_Loss 0.5839 |  total_loss_consistency1 0.0609 | Loss 0.6448 | Val_Loss 0.5910| Train Time(s) 0.2629| Val Time(s) 0.0359 | Time(s) 0.2988
2024-12-31 05:59:05,106:INFO::Validation loss decreased (0.592297 --> 0.591037).  Saving model ...
2024-12-31 05:59:05,593:INFO::Epoch_batch_00021 | lr 0.0005 |Train_Loss 0.5792 |  total_loss_consistency1 0.0606 | Loss 0.6398 | Val_Loss 0.5900| Train Time(s) 0.2633| Val Time(s) 0.0360 | Time(s) 0.2993
2024-12-31 05:59:05,593:INFO::Validation loss decreased (0.591037 --> 0.589979).  Saving model ...
2024-12-31 05:59:06,077:INFO::Epoch_batch_00022 | lr 0.0005 |Train_Loss 0.5738 |  total_loss_consistency1 0.0604 | Loss 0.6342 | Val_Loss 0.5888| Train Time(s) 0.2629| Val Time(s) 0.0360 | Time(s) 0.2989
2024-12-31 05:59:06,078:INFO::Validation loss decreased (0.589979 --> 0.588843).  Saving model ...
2024-12-31 05:59:06,568:INFO::Epoch_batch_00023 | lr 0.0005 |Train_Loss 0.5723 |  total_loss_consistency1 0.0597 | Loss 0.6319 | Val_Loss 0.5879| Train Time(s) 0.2631| Val Time(s) 0.0359 | Time(s) 0.2989
2024-12-31 05:59:06,568:INFO::Validation loss decreased (0.588843 --> 0.587856).  Saving model ...
2024-12-31 05:59:07,056:INFO::Epoch_batch_00024 | lr 0.0005 |Train_Loss 0.5688 |  total_loss_consistency1 0.0592 | Loss 0.6280 | Val_Loss 0.5868| Train Time(s) 0.2633| Val Time(s) 0.0361 | Time(s) 0.2994
2024-12-31 05:59:07,056:INFO::Validation loss decreased (0.587856 --> 0.586778).  Saving model ...
2024-12-31 05:59:07,547:INFO::Epoch_batch_00025 | lr 0.0005 |Train_Loss 0.5645 |  total_loss_consistency1 0.0588 | Loss 0.6233 | Val_Loss 0.5850| Train Time(s) 0.2634| Val Time(s) 0.0360 | Time(s) 0.2994
2024-12-31 05:59:07,547:INFO::Validation loss decreased (0.586778 --> 0.584964).  Saving model ...
2024-12-31 05:59:08,029:INFO::Epoch_batch_00026 | lr 0.0005 |Train_Loss 0.5652 |  total_loss_consistency1 0.0580 | Loss 0.6232 | Val_Loss 0.5834| Train Time(s) 0.2635| Val Time(s) 0.0359 | Time(s) 0.2994
2024-12-31 05:59:08,029:INFO::Validation loss decreased (0.584964 --> 0.583350).  Saving model ...
2024-12-31 05:59:08,519:INFO::Epoch_batch_00027 | lr 0.0005 |Train_Loss 0.5606 |  total_loss_consistency1 0.0575 | Loss 0.6181 | Val_Loss 0.5819| Train Time(s) 0.2636| Val Time(s) 0.0359 | Time(s) 0.2994
2024-12-31 05:59:08,520:INFO::Validation loss decreased (0.583350 --> 0.581947).  Saving model ...
2024-12-31 05:59:09,001:INFO::Epoch_batch_00028 | lr 0.0005 |Train_Loss 0.5601 |  total_loss_consistency1 0.0570 | Loss 0.6171 | Val_Loss 0.5806| Train Time(s) 0.2635| Val Time(s) 0.0360 | Time(s) 0.2995
2024-12-31 05:59:09,002:INFO::Validation loss decreased (0.581947 --> 0.580559).  Saving model ...
2024-12-31 05:59:09,492:INFO::Epoch_batch_00029 | lr 0.0005 |Train_Loss 0.5594 |  total_loss_consistency1 0.0566 | Loss 0.6161 | Val_Loss 0.5796| Train Time(s) 0.2637| Val Time(s) 0.0359 | Time(s) 0.2996
2024-12-31 05:59:09,492:INFO::Validation loss decreased (0.580559 --> 0.579647).  Saving model ...
2024-12-31 05:59:09,979:INFO::Epoch_batch_00030 | lr 0.0005 |Train_Loss 0.5546 |  total_loss_consistency1 0.0560 | Loss 0.6106 | Val_Loss 0.5792| Train Time(s) 0.2633| Val Time(s) 0.0360 | Time(s) 0.2993
2024-12-31 05:59:09,979:INFO::Validation loss decreased (0.579647 --> 0.579227).  Saving model ...
2024-12-31 05:59:10,463:INFO::Epoch_batch_00031 | lr 0.0005 |Train_Loss 0.5542 |  total_loss_consistency1 0.0555 | Loss 0.6097 | Val_Loss 0.5791| Train Time(s) 0.2635| Val Time(s) 0.0360 | Time(s) 0.2995
2024-12-31 05:59:10,463:INFO::Validation loss decreased (0.579227 --> 0.579058).  Saving model ...
2024-12-31 05:59:10,950:INFO::Epoch_batch_00032 | lr 0.0005 |Train_Loss 0.5527 |  total_loss_consistency1 0.0549 | Loss 0.6076 | Val_Loss 0.5790| Train Time(s) 0.2637| Val Time(s) 0.0359 | Time(s) 0.2996
2024-12-31 05:59:10,950:INFO::Validation loss decreased (0.579058 --> 0.579041).  Saving model ...
2024-12-31 05:59:11,435:INFO::Epoch_batch_00033 | lr 0.0005 |Train_Loss 0.5518 |  total_loss_consistency1 0.0545 | Loss 0.6062 | Val_Loss 0.5790| Train Time(s) 0.2631| Val Time(s) 0.0359 | Time(s) 0.2991
2024-12-31 05:59:11,435:INFO::Validation loss decreased (0.579041 --> 0.578994).  Saving model ...
2024-12-31 05:59:11,735:INFO::Epoch_batch_00034 | lr 0.0005 |Train_Loss 0.5487 |  total_loss_consistency1 0.0538 | Loss 0.6025 | Val_Loss 0.5790| Train Time(s) 0.2632| Val Time(s) 0.0360 | Time(s) 0.2993
2024-12-31 05:59:11,735:INFO::EarlyStopping counter: 1 out of 30
2024-12-31 05:59:12,222:INFO::Epoch_batch_00035 | lr 0.0005 |Train_Loss 0.5456 |  total_loss_consistency1 0.0535 | Loss 0.5991 | Val_Loss 0.5789| Train Time(s) 0.2637| Val Time(s) 0.0359 | Time(s) 0.2997
2024-12-31 05:59:12,223:INFO::Validation loss decreased (0.578994 --> 0.578924).  Saving model ...
2024-12-31 05:59:12,707:INFO::Epoch_batch_00036 | lr 0.0005 |Train_Loss 0.5458 |  total_loss_consistency1 0.0530 | Loss 0.5988 | Val_Loss 0.5788| Train Time(s) 0.2640| Val Time(s) 0.0359 | Time(s) 0.2999
2024-12-31 05:59:12,707:INFO::Validation loss decreased (0.578924 --> 0.578801).  Saving model ...
2024-12-31 05:59:13,194:INFO::Epoch_batch_00037 | lr 0.0005 |Train_Loss 0.5446 |  total_loss_consistency1 0.0524 | Loss 0.5970 | Val_Loss 0.5787| Train Time(s) 0.2637| Val Time(s) 0.0360 | Time(s) 0.2997
2024-12-31 05:59:13,195:INFO::Validation loss decreased (0.578801 --> 0.578737).  Saving model ...
2024-12-31 05:59:13,495:INFO::Epoch_batch_00038 | lr 0.0005 |Train_Loss 0.5423 |  total_loss_consistency1 0.0520 | Loss 0.5943 | Val_Loss 0.5789| Train Time(s) 0.2640| Val Time(s) 0.0359 | Time(s) 0.3000
2024-12-31 05:59:13,495:INFO::EarlyStopping counter: 1 out of 30
2024-12-31 05:59:13,795:INFO::Epoch_batch_00039 | lr 0.0005 |Train_Loss 0.5414 |  total_loss_consistency1 0.0515 | Loss 0.5929 | Val_Loss 0.5793| Train Time(s) 0.2640| Val Time(s) 0.0359 | Time(s) 0.2998
2024-12-31 05:59:13,796:INFO::EarlyStopping counter: 2 out of 30
2024-12-31 05:59:14,096:INFO::Epoch_batch_00040 | lr 0.0005 |Train_Loss 0.5408 |  total_loss_consistency1 0.0510 | Loss 0.5918 | Val_Loss 0.5798| Train Time(s) 0.2637| Val Time(s) 0.0359 | Time(s) 0.2996
2024-12-31 05:59:14,096:INFO::EarlyStopping counter: 3 out of 30
2024-12-31 05:59:14,395:INFO::Epoch_batch_00041 | lr 0.0005 |Train_Loss 0.5384 |  total_loss_consistency1 0.0506 | Loss 0.5890 | Val_Loss 0.5801| Train Time(s) 0.2634| Val Time(s) 0.0360 | Time(s) 0.2994
2024-12-31 05:59:14,396:INFO::EarlyStopping counter: 4 out of 30
2024-12-31 05:59:14,696:INFO::Epoch_batch_00042 | lr 0.0005 |Train_Loss 0.5367 |  total_loss_consistency1 0.0504 | Loss 0.5871 | Val_Loss 0.5799| Train Time(s) 0.2637| Val Time(s) 0.0359 | Time(s) 0.2997
2024-12-31 05:59:14,696:INFO::EarlyStopping counter: 5 out of 30
2024-12-31 05:59:14,996:INFO::Epoch_batch_00043 | lr 0.0005 |Train_Loss 0.5371 |  total_loss_consistency1 0.0501 | Loss 0.5872 | Val_Loss 0.5794| Train Time(s) 0.2634| Val Time(s) 0.0360 | Time(s) 0.2994
2024-12-31 05:59:14,996:INFO::EarlyStopping counter: 6 out of 30
2024-12-31 05:59:15,297:INFO::Epoch_batch_00044 | lr 0.0005 |Train_Loss 0.5354 |  total_loss_consistency1 0.0498 | Loss 0.5852 | Val_Loss 0.5792| Train Time(s) 0.2644| Val Time(s) 0.0359 | Time(s) 0.3003
2024-12-31 05:59:15,297:INFO::EarlyStopping counter: 7 out of 30
2024-12-31 05:59:15,597:INFO::Epoch_batch_00045 | lr 0.0005 |Train_Loss 0.5340 |  total_loss_consistency1 0.0494 | Loss 0.5834 | Val_Loss 0.5796| Train Time(s) 0.2639| Val Time(s) 0.0359 | Time(s) 0.2998
2024-12-31 05:59:15,597:INFO::EarlyStopping counter: 8 out of 30
2024-12-31 05:59:15,896:INFO::Epoch_batch_00046 | lr 0.0005 |Train_Loss 0.5323 |  total_loss_consistency1 0.0490 | Loss 0.5813 | Val_Loss 0.5803| Train Time(s) 0.2629| Val Time(s) 0.0360 | Time(s) 0.2989
2024-12-31 05:59:15,897:INFO::EarlyStopping counter: 9 out of 30
2024-12-31 05:59:16,196:INFO::Epoch_batch_00047 | lr 0.0005 |Train_Loss 0.5317 |  total_loss_consistency1 0.0486 | Loss 0.5803 | Val_Loss 0.5813| Train Time(s) 0.2629| Val Time(s) 0.0358 | Time(s) 0.2988
2024-12-31 05:59:16,196:INFO::EarlyStopping counter: 10 out of 30
2024-12-31 05:59:16,496:INFO::Epoch_batch_00048 | lr 0.0005 |Train_Loss 0.5320 |  total_loss_consistency1 0.0484 | Loss 0.5803 | Val_Loss 0.5816| Train Time(s) 0.2634| Val Time(s) 0.0360 | Time(s) 0.2994
2024-12-31 05:59:16,496:INFO::EarlyStopping counter: 11 out of 30
2024-12-31 05:59:16,796:INFO::Epoch_batch_00049 | lr 0.0005 |Train_Loss 0.5307 |  total_loss_consistency1 0.0480 | Loss 0.5787 | Val_Loss 0.5812| Train Time(s) 0.2639| Val Time(s) 0.0359 | Time(s) 0.2998
2024-12-31 05:59:16,796:INFO::EarlyStopping counter: 12 out of 30
2024-12-31 05:59:17,097:INFO::Epoch_batch_00050 | lr 0.0005 |Train_Loss 0.5295 |  total_loss_consistency1 0.0475 | Loss 0.5770 | Val_Loss 0.5811| Train Time(s) 0.2643| Val Time(s) 0.0359 | Time(s) 0.3002
2024-12-31 05:59:17,097:INFO::EarlyStopping counter: 13 out of 30
2024-12-31 05:59:17,398:INFO::Epoch_batch_00051 | lr 0.0005 |Train_Loss 0.5272 |  total_loss_consistency1 0.0471 | Loss 0.5744 | Val_Loss 0.5816| Train Time(s) 0.2642| Val Time(s) 0.0359 | Time(s) 0.3001
2024-12-31 05:59:17,398:INFO::EarlyStopping counter: 14 out of 30
2024-12-31 05:59:17,699:INFO::Epoch_batch_00052 | lr 0.0005 |Train_Loss 0.5274 |  total_loss_consistency1 0.0470 | Loss 0.5743 | Val_Loss 0.5820| Train Time(s) 0.2646| Val Time(s) 0.0360 | Time(s) 0.3006
2024-12-31 05:59:17,699:INFO::EarlyStopping counter: 15 out of 30
2024-12-31 05:59:17,999:INFO::Epoch_batch_00053 | lr 0.0005 |Train_Loss 0.5277 |  total_loss_consistency1 0.0466 | Loss 0.5743 | Val_Loss 0.5822| Train Time(s) 0.2637| Val Time(s) 0.0360 | Time(s) 0.2997
2024-12-31 05:59:17,999:INFO::EarlyStopping counter: 16 out of 30
2024-12-31 05:59:18,300:INFO::Epoch_batch_00054 | lr 0.0005 |Train_Loss 0.5264 |  total_loss_consistency1 0.0463 | Loss 0.5726 | Val_Loss 0.5823| Train Time(s) 0.2642| Val Time(s) 0.0359 | Time(s) 0.3000
2024-12-31 05:59:18,300:INFO::EarlyStopping counter: 17 out of 30
2024-12-31 05:59:18,600:INFO::Epoch_batch_00055 | lr 0.0005 |Train_Loss 0.5246 |  total_loss_consistency1 0.0461 | Loss 0.5706 | Val_Loss 0.5820| Train Time(s) 0.2644| Val Time(s) 0.0359 | Time(s) 0.3003
2024-12-31 05:59:18,601:INFO::EarlyStopping counter: 18 out of 30
2024-12-31 05:59:18,901:INFO::Epoch_batch_00056 | lr 0.0005 |Train_Loss 0.5252 |  total_loss_consistency1 0.0458 | Loss 0.5710 | Val_Loss 0.5823| Train Time(s) 0.2638| Val Time(s) 0.0360 | Time(s) 0.2998
2024-12-31 05:59:18,901:INFO::EarlyStopping counter: 19 out of 30
2024-12-31 05:59:19,202:INFO::Epoch_batch_00057 | lr 0.0005 |Train_Loss 0.5236 |  total_loss_consistency1 0.0455 | Loss 0.5691 | Val_Loss 0.5833| Train Time(s) 0.2648| Val Time(s) 0.0360 | Time(s) 0.3008
2024-12-31 05:59:19,202:INFO::EarlyStopping counter: 20 out of 30
2024-12-31 05:59:19,503:INFO::Epoch_batch_00058 | lr 0.0005 |Train_Loss 0.5228 |  total_loss_consistency1 0.0451 | Loss 0.5679 | Val_Loss 0.5836| Train Time(s) 0.2641| Val Time(s) 0.0359 | Time(s) 0.3000
2024-12-31 05:59:19,503:INFO::EarlyStopping counter: 21 out of 30
2024-12-31 05:59:19,804:INFO::Epoch_batch_00059 | lr 0.0005 |Train_Loss 0.5225 |  total_loss_consistency1 0.0448 | Loss 0.5673 | Val_Loss 0.5833| Train Time(s) 0.2645| Val Time(s) 0.0360 | Time(s) 0.3005
2024-12-31 05:59:19,804:INFO::EarlyStopping counter: 22 out of 30
2024-12-31 05:59:20,105:INFO::Epoch_batch_00060 | lr 0.0005 |Train_Loss 0.5228 |  total_loss_consistency1 0.0444 | Loss 0.5671 | Val_Loss 0.5836| Train Time(s) 0.2646| Val Time(s) 0.0362 | Time(s) 0.3008
2024-12-31 05:59:20,105:INFO::EarlyStopping counter: 23 out of 30
2024-12-31 05:59:20,406:INFO::Epoch_batch_00061 | lr 0.0005 |Train_Loss 0.5227 |  total_loss_consistency1 0.0441 | Loss 0.5669 | Val_Loss 0.5843| Train Time(s) 0.2646| Val Time(s) 0.0360 | Time(s) 0.3006
2024-12-31 05:59:20,407:INFO::EarlyStopping counter: 24 out of 30
2024-12-31 05:59:20,707:INFO::Epoch_batch_00062 | lr 0.0005 |Train_Loss 0.5206 |  total_loss_consistency1 0.0437 | Loss 0.5643 | Val_Loss 0.5848| Train Time(s) 0.2644| Val Time(s) 0.0359 | Time(s) 0.3003
2024-12-31 05:59:20,707:INFO::EarlyStopping counter: 25 out of 30
2024-12-31 05:59:21,007:INFO::Epoch_batch_00063 | lr 0.0005 |Train_Loss 0.5210 |  total_loss_consistency1 0.0433 | Loss 0.5643 | Val_Loss 0.5846| Train Time(s) 0.2638| Val Time(s) 0.0359 | Time(s) 0.2997
2024-12-31 05:59:21,008:INFO::EarlyStopping counter: 26 out of 30
2024-12-31 05:59:21,308:INFO::Epoch_batch_00064 | lr 0.0005 |Train_Loss 0.5196 |  total_loss_consistency1 0.0430 | Loss 0.5626 | Val_Loss 0.5842| Train Time(s) 0.2642| Val Time(s) 0.0359 | Time(s) 0.3001
2024-12-31 05:59:21,308:INFO::EarlyStopping counter: 27 out of 30
2024-12-31 05:59:21,609:INFO::Epoch_batch_00065 | lr 0.0005 |Train_Loss 0.5199 |  total_loss_consistency1 0.0427 | Loss 0.5626 | Val_Loss 0.5838| Train Time(s) 0.2647| Val Time(s) 0.0360 | Time(s) 0.3007
2024-12-31 05:59:21,610:INFO::EarlyStopping counter: 28 out of 30
2024-12-31 05:59:21,911:INFO::Epoch_batch_00066 | lr 0.0005 |Train_Loss 0.5188 |  total_loss_consistency1 0.0422 | Loss 0.5610 | Val_Loss 0.5843| Train Time(s) 0.2650| Val Time(s) 0.0359 | Time(s) 0.3009
2024-12-31 05:59:21,911:INFO::EarlyStopping counter: 29 out of 30
2024-12-31 05:59:22,212:INFO::Epoch_batch_00067 | lr 0.0005 |Train_Loss 0.5182 |  total_loss_consistency1 0.0417 | Loss 0.5599 | Val_Loss 0.5852| Train Time(s) 0.2645| Val Time(s) 0.0360 | Time(s) 0.3005
2024-12-31 05:59:22,212:INFO::EarlyStopping counter: 30 out of 30
2024-12-31 05:59:22,212:INFO::Eearly stopping!
2024-12-31 05:59:22,281:INFO::
testing...
2024-12-31 05:59:22,344:INFO::save_dir_name: simpleHGN_lr0.0005_wd0.0001
2024-12-31 05:59:22,344:INFO::save_dir_name: simpleHGN_lr0.0005_wd0.0001
2024-12-31 05:59:22,344:INFO::submit dir: submit/submit_simpleHGN_lr0.0005_wd0.0001
2024-12-31 05:59:22,379:INFO::save_dir_name: simpleHGN_lr0.0005_wd0.0001
2024-12-31 05:59:22,394:INFO::{'micro-f1': 0.7000804073974806, 'macro-f1': 0.6752806263713355}
2024-12-31 05:59:22,437:INFO::############### Experiments Stage Ends! ###############
2024-12-31 05:59:22,437:INFO::=============== one experiment stage finish, use 88.75935578346252 time.
2024-12-31 05:59:25,359:INFO::save_dir_name: simpleHGN_lr0.0005_wd0.0001
2024-12-31 05:59:25,867:INFO::Epoch_batch_00000 | lr 0.0005 |Train_Loss 0.7198 |  total_loss_consistency1 0.0869 | Loss 0.8067 | Val_Loss 0.6385| Train Time(s) 0.2666| Val Time(s) 0.0354 | Time(s) 0.3021
2024-12-31 05:59:26,355:INFO::Epoch_batch_00001 | lr 0.0005 |Train_Loss 0.6487 |  total_loss_consistency1 0.0810 | Loss 0.7297 | Val_Loss 0.6314| Train Time(s) 0.2643| Val Time(s) 0.0359 | Time(s) 0.3002
2024-12-31 05:59:26,356:INFO::Validation loss decreased (inf --> 0.631386).  Saving model ...
2024-12-31 05:59:26,839:INFO::Epoch_batch_00002 | lr 0.0005 |Train_Loss 0.6378 |  total_loss_consistency1 0.0795 | Loss 0.7173 | Val_Loss 0.6293| Train Time(s) 0.2632| Val Time(s) 0.0359 | Time(s) 0.2991
2024-12-31 05:59:26,840:INFO::Validation loss decreased (0.631386 --> 0.629267).  Saving model ...
2024-12-31 05:59:27,328:INFO::Epoch_batch_00003 | lr 0.0005 |Train_Loss 0.6326 |  total_loss_consistency1 0.0786 | Loss 0.7111 | Val_Loss 0.6278| Train Time(s) 0.2635| Val Time(s) 0.0359 | Time(s) 0.2994
2024-12-31 05:59:27,328:INFO::Validation loss decreased (0.629267 --> 0.627840).  Saving model ...
2024-12-31 05:59:27,810:INFO::Epoch_batch_00004 | lr 0.0005 |Train_Loss 0.6300 |  total_loss_consistency1 0.0767 | Loss 0.7067 | Val_Loss 0.6263| Train Time(s) 0.2653| Val Time(s) 0.0360 | Time(s) 0.3013
2024-12-31 05:59:27,810:INFO::Validation loss decreased (0.627840 --> 0.626341).  Saving model ...
2024-12-31 05:59:28,300:INFO::Epoch_batch_00005 | lr 0.0005 |Train_Loss 0.6291 |  total_loss_consistency1 0.0747 | Loss 0.7038 | Val_Loss 0.6249| Train Time(s) 0.2644| Val Time(s) 0.0360 | Time(s) 0.3004
2024-12-31 05:59:28,300:INFO::Validation loss decreased (0.626341 --> 0.624869).  Saving model ...
2024-12-31 05:59:28,787:INFO::Epoch_batch_00006 | lr 0.0005 |Train_Loss 0.6271 |  total_loss_consistency1 0.0725 | Loss 0.6996 | Val_Loss 0.6234| Train Time(s) 0.2639| Val Time(s) 0.0361 | Time(s) 0.3000
2024-12-31 05:59:28,788:INFO::Validation loss decreased (0.624869 --> 0.623435).  Saving model ...
2024-12-31 05:59:29,279:INFO::Epoch_batch_00007 | lr 0.0005 |Train_Loss 0.6262 |  total_loss_consistency1 0.0704 | Loss 0.6966 | Val_Loss 0.6219| Train Time(s) 0.2645| Val Time(s) 0.0359 | Time(s) 0.3004
2024-12-31 05:59:29,279:INFO::Validation loss decreased (0.623435 --> 0.621905).  Saving model ...
2024-12-31 05:59:29,759:INFO::Epoch_batch_00008 | lr 0.0005 |Train_Loss 0.6243 |  total_loss_consistency1 0.0687 | Loss 0.6931 | Val_Loss 0.6203| Train Time(s) 0.2635| Val Time(s) 0.0360 | Time(s) 0.2994
2024-12-31 05:59:29,760:INFO::Validation loss decreased (0.621905 --> 0.620328).  Saving model ...
2024-12-31 05:59:30,248:INFO::Epoch_batch_00009 | lr 0.0005 |Train_Loss 0.6213 |  total_loss_consistency1 0.0671 | Loss 0.6884 | Val_Loss 0.6187| Train Time(s) 0.2635| Val Time(s) 0.0360 | Time(s) 0.2994
2024-12-31 05:59:30,248:INFO::Validation loss decreased (0.620328 --> 0.618662).  Saving model ...
2024-12-31 05:59:30,735:INFO::Epoch_batch_00010 | lr 0.0005 |Train_Loss 0.6204 |  total_loss_consistency1 0.0655 | Loss 0.6859 | Val_Loss 0.6169| Train Time(s) 0.2633| Val Time(s) 0.0360 | Time(s) 0.2993
2024-12-31 05:59:30,736:INFO::Validation loss decreased (0.618662 --> 0.616900).  Saving model ...
2024-12-31 05:59:31,217:INFO::Epoch_batch_00011 | lr 0.0005 |Train_Loss 0.6187 |  total_loss_consistency1 0.0645 | Loss 0.6832 | Val_Loss 0.6151| Train Time(s) 0.2640| Val Time(s) 0.0360 | Time(s) 0.3000
2024-12-31 05:59:31,218:INFO::Validation loss decreased (0.616900 --> 0.615054).  Saving model ...
2024-12-31 05:59:31,712:INFO::Epoch_batch_00012 | lr 0.0005 |Train_Loss 0.6159 |  total_loss_consistency1 0.0636 | Loss 0.6794 | Val_Loss 0.6130| Train Time(s) 0.2686| Val Time(s) 0.0361 | Time(s) 0.3047
2024-12-31 05:59:31,712:INFO::Validation loss decreased (0.615054 --> 0.613037).  Saving model ...
2024-12-31 05:59:32,200:INFO::Epoch_batch_00013 | lr 0.0005 |Train_Loss 0.6112 |  total_loss_consistency1 0.0629 | Loss 0.6742 | Val_Loss 0.6108| Train Time(s) 0.2637| Val Time(s) 0.0360 | Time(s) 0.2997
2024-12-31 05:59:32,200:INFO::Validation loss decreased (0.613037 --> 0.610846).  Saving model ...
2024-12-31 05:59:32,693:INFO::Epoch_batch_00014 | lr 0.0005 |Train_Loss 0.6087 |  total_loss_consistency1 0.0627 | Loss 0.6713 | Val_Loss 0.6084| Train Time(s) 0.2634| Val Time(s) 0.0360 | Time(s) 0.2994
2024-12-31 05:59:32,693:INFO::Validation loss decreased (0.610846 --> 0.608422).  Saving model ...
2024-12-31 05:59:33,179:INFO::Epoch_batch_00015 | lr 0.0005 |Train_Loss 0.6055 |  total_loss_consistency1 0.0623 | Loss 0.6678 | Val_Loss 0.6058| Train Time(s) 0.2643| Val Time(s) 0.0361 | Time(s) 0.3004
2024-12-31 05:59:33,180:INFO::Validation loss decreased (0.608422 --> 0.605753).  Saving model ...
2024-12-31 05:59:33,667:INFO::Epoch_batch_00016 | lr 0.0005 |Train_Loss 0.6027 |  total_loss_consistency1 0.0619 | Loss 0.6646 | Val_Loss 0.6030| Train Time(s) 0.2642| Val Time(s) 0.0360 | Time(s) 0.3002
2024-12-31 05:59:33,668:INFO::Validation loss decreased (0.605753 --> 0.602958).  Saving model ...
2024-12-31 05:59:34,161:INFO::Epoch_batch_00017 | lr 0.0005 |Train_Loss 0.5988 |  total_loss_consistency1 0.0616 | Loss 0.6604 | Val_Loss 0.6004| Train Time(s) 0.2642| Val Time(s) 0.0360 | Time(s) 0.3002
2024-12-31 05:59:34,161:INFO::Validation loss decreased (0.602958 --> 0.600358).  Saving model ...
2024-12-31 05:59:34,655:INFO::Epoch_batch_00018 | lr 0.0005 |Train_Loss 0.5931 |  total_loss_consistency1 0.0613 | Loss 0.6543 | Val_Loss 0.5981| Train Time(s) 0.2633| Val Time(s) 0.0360 | Time(s) 0.2993
2024-12-31 05:59:34,655:INFO::Validation loss decreased (0.600358 --> 0.598149).  Saving model ...
2024-12-31 05:59:35,141:INFO::Epoch_batch_00019 | lr 0.0005 |Train_Loss 0.5923 |  total_loss_consistency1 0.0607 | Loss 0.6530 | Val_Loss 0.5967| Train Time(s) 0.2640| Val Time(s) 0.0359 | Time(s) 0.2999
2024-12-31 05:59:35,141:INFO::Validation loss decreased (0.598149 --> 0.596686).  Saving model ...
2024-12-31 05:59:35,633:INFO::Epoch_batch_00020 | lr 0.0005 |Train_Loss 0.5858 |  total_loss_consistency1 0.0602 | Loss 0.6461 | Val_Loss 0.5950| Train Time(s) 0.2646| Val Time(s) 0.0361 | Time(s) 0.3007
2024-12-31 05:59:35,633:INFO::Validation loss decreased (0.596686 --> 0.595041).  Saving model ...
2024-12-31 05:59:36,119:INFO::Epoch_batch_00021 | lr 0.0005 |Train_Loss 0.5824 |  total_loss_consistency1 0.0601 | Loss 0.6425 | Val_Loss 0.5936| Train Time(s) 0.2638| Val Time(s) 0.0360 | Time(s) 0.2999
2024-12-31 05:59:36,120:INFO::Validation loss decreased (0.595041 --> 0.593631).  Saving model ...
2024-12-31 05:59:36,611:INFO::Epoch_batch_00022 | lr 0.0005 |Train_Loss 0.5777 |  total_loss_consistency1 0.0595 | Loss 0.6372 | Val_Loss 0.5924| Train Time(s) 0.2638| Val Time(s) 0.0360 | Time(s) 0.2998
2024-12-31 05:59:36,611:INFO::Validation loss decreased (0.593631 --> 0.592377).  Saving model ...
2024-12-31 05:59:37,093:INFO::Epoch_batch_00023 | lr 0.0005 |Train_Loss 0.5765 |  total_loss_consistency1 0.0590 | Loss 0.6354 | Val_Loss 0.5909| Train Time(s) 0.2645| Val Time(s) 0.0361 | Time(s) 0.3006
2024-12-31 05:59:37,093:INFO::Validation loss decreased (0.592377 --> 0.590897).  Saving model ...
2024-12-31 05:59:37,585:INFO::Epoch_batch_00024 | lr 0.0005 |Train_Loss 0.5731 |  total_loss_consistency1 0.0584 | Loss 0.6316 | Val_Loss 0.5884| Train Time(s) 0.2640| Val Time(s) 0.0361 | Time(s) 0.3001
2024-12-31 05:59:37,585:INFO::Validation loss decreased (0.590897 --> 0.588447).  Saving model ...
2024-12-31 05:59:38,069:INFO::Epoch_batch_00025 | lr 0.0005 |Train_Loss 0.5675 |  total_loss_consistency1 0.0578 | Loss 0.6253 | Val_Loss 0.5868| Train Time(s) 0.2643| Val Time(s) 0.0359 | Time(s) 0.3002
2024-12-31 05:59:38,069:INFO::Validation loss decreased (0.588447 --> 0.586837).  Saving model ...
2024-12-31 05:59:38,561:INFO::Epoch_batch_00026 | lr 0.0005 |Train_Loss 0.5683 |  total_loss_consistency1 0.0574 | Loss 0.6257 | Val_Loss 0.5852| Train Time(s) 0.2644| Val Time(s) 0.0359 | Time(s) 0.3004
2024-12-31 05:59:38,561:INFO::Validation loss decreased (0.586837 --> 0.585249).  Saving model ...
2024-12-31 05:59:39,045:INFO::Epoch_batch_00027 | lr 0.0005 |Train_Loss 0.5651 |  total_loss_consistency1 0.0566 | Loss 0.6217 | Val_Loss 0.5839| Train Time(s) 0.2647| Val Time(s) 0.0362 | Time(s) 0.3008
2024-12-31 05:59:39,045:INFO::Validation loss decreased (0.585249 --> 0.583917).  Saving model ...
2024-12-31 05:59:39,533:INFO::Epoch_batch_00028 | lr 0.0005 |Train_Loss 0.5622 |  total_loss_consistency1 0.0562 | Loss 0.6184 | Val_Loss 0.5833| Train Time(s) 0.2645| Val Time(s) 0.0362 | Time(s) 0.3007
2024-12-31 05:59:39,533:INFO::Validation loss decreased (0.583917 --> 0.583260).  Saving model ...
2024-12-31 05:59:40,019:INFO::Epoch_batch_00029 | lr 0.0005 |Train_Loss 0.5609 |  total_loss_consistency1 0.0555 | Loss 0.6164 | Val_Loss 0.5828| Train Time(s) 0.2644| Val Time(s) 0.0361 | Time(s) 0.3005
2024-12-31 05:59:40,020:INFO::Validation loss decreased (0.583260 --> 0.582805).  Saving model ...
2024-12-31 05:59:40,512:INFO::Epoch_batch_00030 | lr 0.0005 |Train_Loss 0.5595 |  total_loss_consistency1 0.0549 | Loss 0.6144 | Val_Loss 0.5825| Train Time(s) 0.2647| Val Time(s) 0.0360 | Time(s) 0.3007
2024-12-31 05:59:40,513:INFO::Validation loss decreased (0.582805 --> 0.582523).  Saving model ...
2024-12-31 05:59:40,997:INFO::Epoch_batch_00031 | lr 0.0005 |Train_Loss 0.5569 |  total_loss_consistency1 0.0544 | Loss 0.6113 | Val_Loss 0.5819| Train Time(s) 0.2641| Val Time(s) 0.0359 | Time(s) 0.3000
2024-12-31 05:59:40,997:INFO::Validation loss decreased (0.582523 --> 0.581908).  Saving model ...
2024-12-31 05:59:41,490:INFO::Epoch_batch_00032 | lr 0.0005 |Train_Loss 0.5548 |  total_loss_consistency1 0.0540 | Loss 0.6088 | Val_Loss 0.5814| Train Time(s) 0.2649| Val Time(s) 0.0360 | Time(s) 0.3009
2024-12-31 05:59:41,490:INFO::Validation loss decreased (0.581908 --> 0.581356).  Saving model ...
2024-12-31 05:59:41,979:INFO::Epoch_batch_00033 | lr 0.0005 |Train_Loss 0.5525 |  total_loss_consistency1 0.0536 | Loss 0.6060 | Val_Loss 0.5812| Train Time(s) 0.2649| Val Time(s) 0.0361 | Time(s) 0.3010
2024-12-31 05:59:41,980:INFO::Validation loss decreased (0.581356 --> 0.581235).  Saving model ...
2024-12-31 05:59:42,281:INFO::Epoch_batch_00034 | lr 0.0005 |Train_Loss 0.5523 |  total_loss_consistency1 0.0531 | Loss 0.6055 | Val_Loss 0.5819| Train Time(s) 0.2648| Val Time(s) 0.0360 | Time(s) 0.3009
2024-12-31 05:59:42,281:INFO::EarlyStopping counter: 1 out of 30
2024-12-31 05:59:42,582:INFO::Epoch_batch_00035 | lr 0.0005 |Train_Loss 0.5513 |  total_loss_consistency1 0.0527 | Loss 0.6040 | Val_Loss 0.5831| Train Time(s) 0.2646| Val Time(s) 0.0360 | Time(s) 0.3006
2024-12-31 05:59:42,582:INFO::EarlyStopping counter: 2 out of 30
2024-12-31 05:59:42,884:INFO::Epoch_batch_00036 | lr 0.0005 |Train_Loss 0.5479 |  total_loss_consistency1 0.0523 | Loss 0.6002 | Val_Loss 0.5827| Train Time(s) 0.2649| Val Time(s) 0.0359 | Time(s) 0.3008
2024-12-31 05:59:42,884:INFO::EarlyStopping counter: 3 out of 30
2024-12-31 05:59:43,184:INFO::Epoch_batch_00037 | lr 0.0005 |Train_Loss 0.5478 |  total_loss_consistency1 0.0517 | Loss 0.5996 | Val_Loss 0.5815| Train Time(s) 0.2643| Val Time(s) 0.0360 | Time(s) 0.3003
2024-12-31 05:59:43,185:INFO::EarlyStopping counter: 4 out of 30
2024-12-31 05:59:43,486:INFO::Epoch_batch_00038 | lr 0.0005 |Train_Loss 0.5442 |  total_loss_consistency1 0.0513 | Loss 0.5956 | Val_Loss 0.5813| Train Time(s) 0.2647| Val Time(s) 0.0360 | Time(s) 0.3007
2024-12-31 05:59:43,486:INFO::EarlyStopping counter: 5 out of 30
2024-12-31 05:59:43,788:INFO::Epoch_batch_00039 | lr 0.0005 |Train_Loss 0.5444 |  total_loss_consistency1 0.0510 | Loss 0.5954 | Val_Loss 0.5815| Train Time(s) 0.2660| Val Time(s) 0.0360 | Time(s) 0.3020
2024-12-31 05:59:43,789:INFO::EarlyStopping counter: 6 out of 30
2024-12-31 05:59:44,090:INFO::Epoch_batch_00040 | lr 0.0005 |Train_Loss 0.5425 |  total_loss_consistency1 0.0506 | Loss 0.5931 | Val_Loss 0.5823| Train Time(s) 0.2647| Val Time(s) 0.0361 | Time(s) 0.3008
2024-12-31 05:59:44,090:INFO::EarlyStopping counter: 7 out of 30
2024-12-31 05:59:44,391:INFO::Epoch_batch_00041 | lr 0.0005 |Train_Loss 0.5404 |  total_loss_consistency1 0.0502 | Loss 0.5906 | Val_Loss 0.5840| Train Time(s) 0.2644| Val Time(s) 0.0360 | Time(s) 0.3004
2024-12-31 05:59:44,391:INFO::EarlyStopping counter: 8 out of 30
2024-12-31 05:59:44,691:INFO::Epoch_batch_00042 | lr 0.0005 |Train_Loss 0.5399 |  total_loss_consistency1 0.0496 | Loss 0.5895 | Val_Loss 0.5837| Train Time(s) 0.2640| Val Time(s) 0.0360 | Time(s) 0.3000
2024-12-31 05:59:44,691:INFO::EarlyStopping counter: 9 out of 30
2024-12-31 05:59:44,992:INFO::Epoch_batch_00043 | lr 0.0005 |Train_Loss 0.5380 |  total_loss_consistency1 0.0493 | Loss 0.5874 | Val_Loss 0.5830| Train Time(s) 0.2645| Val Time(s) 0.0360 | Time(s) 0.3005
2024-12-31 05:59:44,992:INFO::EarlyStopping counter: 10 out of 30
2024-12-31 05:59:45,293:INFO::Epoch_batch_00044 | lr 0.0005 |Train_Loss 0.5369 |  total_loss_consistency1 0.0489 | Loss 0.5857 | Val_Loss 0.5826| Train Time(s) 0.2643| Val Time(s) 0.0360 | Time(s) 0.3003
2024-12-31 05:59:45,293:INFO::EarlyStopping counter: 11 out of 30
2024-12-31 05:59:45,595:INFO::Epoch_batch_00045 | lr 0.0005 |Train_Loss 0.5365 |  total_loss_consistency1 0.0487 | Loss 0.5852 | Val_Loss 0.5828| Train Time(s) 0.2651| Val Time(s) 0.0361 | Time(s) 0.3013
2024-12-31 05:59:45,595:INFO::EarlyStopping counter: 12 out of 30
2024-12-31 05:59:45,896:INFO::Epoch_batch_00046 | lr 0.0005 |Train_Loss 0.5352 |  total_loss_consistency1 0.0483 | Loss 0.5836 | Val_Loss 0.5828| Train Time(s) 0.2647| Val Time(s) 0.0360 | Time(s) 0.3007
2024-12-31 05:59:45,897:INFO::EarlyStopping counter: 13 out of 30
2024-12-31 05:59:46,201:INFO::Epoch_batch_00047 | lr 0.0005 |Train_Loss 0.5340 |  total_loss_consistency1 0.0480 | Loss 0.5820 | Val_Loss 0.5826| Train Time(s) 0.2675| Val Time(s) 0.0366 | Time(s) 0.3041
2024-12-31 05:59:46,201:INFO::EarlyStopping counter: 14 out of 30
2024-12-31 05:59:46,503:INFO::Epoch_batch_00048 | lr 0.0005 |Train_Loss 0.5322 |  total_loss_consistency1 0.0478 | Loss 0.5799 | Val_Loss 0.5831| Train Time(s) 0.2650| Val Time(s) 0.0360 | Time(s) 0.3010
2024-12-31 05:59:46,503:INFO::EarlyStopping counter: 15 out of 30
2024-12-31 05:59:46,804:INFO::Epoch_batch_00049 | lr 0.0005 |Train_Loss 0.5320 |  total_loss_consistency1 0.0474 | Loss 0.5794 | Val_Loss 0.5834| Train Time(s) 0.2647| Val Time(s) 0.0360 | Time(s) 0.3007
2024-12-31 05:59:46,804:INFO::EarlyStopping counter: 16 out of 30
2024-12-31 05:59:47,106:INFO::Epoch_batch_00050 | lr 0.0005 |Train_Loss 0.5301 |  total_loss_consistency1 0.0470 | Loss 0.5771 | Val_Loss 0.5834| Train Time(s) 0.2652| Val Time(s) 0.0360 | Time(s) 0.3012
2024-12-31 05:59:47,106:INFO::EarlyStopping counter: 17 out of 30
2024-12-31 05:59:47,407:INFO::Epoch_batch_00051 | lr 0.0005 |Train_Loss 0.5304 |  total_loss_consistency1 0.0467 | Loss 0.5771 | Val_Loss 0.5836| Train Time(s) 0.2650| Val Time(s) 0.0360 | Time(s) 0.3009
2024-12-31 05:59:47,407:INFO::EarlyStopping counter: 18 out of 30
2024-12-31 05:59:47,709:INFO::Epoch_batch_00052 | lr 0.0005 |Train_Loss 0.5298 |  total_loss_consistency1 0.0463 | Loss 0.5761 | Val_Loss 0.5839| Train Time(s) 0.2650| Val Time(s) 0.0360 | Time(s) 0.3010
2024-12-31 05:59:47,709:INFO::EarlyStopping counter: 19 out of 30
2024-12-31 05:59:48,010:INFO::Epoch_batch_00053 | lr 0.0005 |Train_Loss 0.5290 |  total_loss_consistency1 0.0460 | Loss 0.5750 | Val_Loss 0.5845| Train Time(s) 0.2650| Val Time(s) 0.0361 | Time(s) 0.3011
2024-12-31 05:59:48,011:INFO::EarlyStopping counter: 20 out of 30
2024-12-31 05:59:48,311:INFO::Epoch_batch_00054 | lr 0.0005 |Train_Loss 0.5285 |  total_loss_consistency1 0.0457 | Loss 0.5742 | Val_Loss 0.5848| Train Time(s) 0.2643| Val Time(s) 0.0360 | Time(s) 0.3003
2024-12-31 05:59:48,312:INFO::EarlyStopping counter: 21 out of 30
2024-12-31 05:59:48,613:INFO::Epoch_batch_00055 | lr 0.0005 |Train_Loss 0.5268 |  total_loss_consistency1 0.0454 | Loss 0.5722 | Val_Loss 0.5853| Train Time(s) 0.2652| Val Time(s) 0.0361 | Time(s) 0.3013
2024-12-31 05:59:48,614:INFO::EarlyStopping counter: 22 out of 30
2024-12-31 05:59:48,915:INFO::Epoch_batch_00056 | lr 0.0005 |Train_Loss 0.5265 |  total_loss_consistency1 0.0450 | Loss 0.5715 | Val_Loss 0.5859| Train Time(s) 0.2648| Val Time(s) 0.0360 | Time(s) 0.3008
2024-12-31 05:59:48,915:INFO::EarlyStopping counter: 23 out of 30
2024-12-31 05:59:49,216:INFO::Epoch_batch_00057 | lr 0.0005 |Train_Loss 0.5260 |  total_loss_consistency1 0.0447 | Loss 0.5707 | Val_Loss 0.5853| Train Time(s) 0.2645| Val Time(s) 0.0359 | Time(s) 0.3004
2024-12-31 05:59:49,216:INFO::EarlyStopping counter: 24 out of 30
2024-12-31 05:59:49,517:INFO::Epoch_batch_00058 | lr 0.0005 |Train_Loss 0.5255 |  total_loss_consistency1 0.0443 | Loss 0.5699 | Val_Loss 0.5852| Train Time(s) 0.2647| Val Time(s) 0.0360 | Time(s) 0.3007
2024-12-31 05:59:49,517:INFO::EarlyStopping counter: 25 out of 30
2024-12-31 05:59:49,819:INFO::Epoch_batch_00059 | lr 0.0005 |Train_Loss 0.5237 |  total_loss_consistency1 0.0440 | Loss 0.5677 | Val_Loss 0.5852| Train Time(s) 0.2652| Val Time(s) 0.0360 | Time(s) 0.3011
2024-12-31 05:59:49,819:INFO::EarlyStopping counter: 26 out of 30
2024-12-31 05:59:50,120:INFO::Epoch_batch_00060 | lr 0.0005 |Train_Loss 0.5234 |  total_loss_consistency1 0.0435 | Loss 0.5668 | Val_Loss 0.5850| Train Time(s) 0.2647| Val Time(s) 0.0360 | Time(s) 0.3007
2024-12-31 05:59:50,120:INFO::EarlyStopping counter: 27 out of 30
2024-12-31 05:59:50,422:INFO::Epoch_batch_00061 | lr 0.0005 |Train_Loss 0.5228 |  total_loss_consistency1 0.0432 | Loss 0.5660 | Val_Loss 0.5858| Train Time(s) 0.2652| Val Time(s) 0.0360 | Time(s) 0.3012
2024-12-31 05:59:50,422:INFO::EarlyStopping counter: 28 out of 30
2024-12-31 05:59:50,723:INFO::Epoch_batch_00062 | lr 0.0005 |Train_Loss 0.5217 |  total_loss_consistency1 0.0428 | Loss 0.5645 | Val_Loss 0.5862| Train Time(s) 0.2649| Val Time(s) 0.0360 | Time(s) 0.3010
2024-12-31 05:59:50,724:INFO::EarlyStopping counter: 29 out of 30
2024-12-31 05:59:51,024:INFO::Epoch_batch_00063 | lr 0.0005 |Train_Loss 0.5225 |  total_loss_consistency1 0.0424 | Loss 0.5648 | Val_Loss 0.5864| Train Time(s) 0.2647| Val Time(s) 0.0360 | Time(s) 0.3007
2024-12-31 05:59:51,025:INFO::EarlyStopping counter: 30 out of 30
2024-12-31 05:59:51,025:INFO::Eearly stopping!
2024-12-31 05:59:51,096:INFO::
testing...
2024-12-31 05:59:51,162:INFO::save_dir_name: simpleHGN_lr0.0005_wd0.0001
2024-12-31 05:59:51,162:INFO::save_dir_name: simpleHGN_lr0.0005_wd0.0001
2024-12-31 05:59:51,162:INFO::submit dir: submit/submit_simpleHGN_lr0.0005_wd0.0001
2024-12-31 05:59:51,197:INFO::save_dir_name: simpleHGN_lr0.0005_wd0.0001
2024-12-31 05:59:51,211:INFO::{'micro-f1': 0.6934174932371506, 'macro-f1': 0.6652245266236297}
2024-12-31 05:59:51,253:INFO::############### Experiments Stage Ends! ###############
2024-12-31 05:59:51,254:INFO::=============== one experiment stage finish, use 117.57567548751831 time.
2024-12-31 05:59:54,195:INFO::save_dir_name: simpleHGN_lr0.0005_wd0.0001
2024-12-31 05:59:54,703:INFO::Epoch_batch_00000 | lr 0.0005 |Train_Loss 0.7078 |  total_loss_consistency1 0.0850 | Loss 0.7928 | Val_Loss 0.6329| Train Time(s) 0.2672| Val Time(s) 0.0353 | Time(s) 0.3026
2024-12-31 05:59:55,189:INFO::Epoch_batch_00001 | lr 0.0005 |Train_Loss 0.6428 |  total_loss_consistency1 0.0845 | Loss 0.7273 | Val_Loss 0.6287| Train Time(s) 0.2659| Val Time(s) 0.0361 | Time(s) 0.3020
2024-12-31 05:59:55,189:INFO::Validation loss decreased (inf --> 0.628660).  Saving model ...
2024-12-31 05:59:55,674:INFO::Epoch_batch_00002 | lr 0.0005 |Train_Loss 0.6344 |  total_loss_consistency1 0.0836 | Loss 0.7180 | Val_Loss 0.6270| Train Time(s) 0.2656| Val Time(s) 0.0360 | Time(s) 0.3016
2024-12-31 05:59:55,674:INFO::Validation loss decreased (0.628660 --> 0.627033).  Saving model ...
2024-12-31 05:59:56,157:INFO::Epoch_batch_00003 | lr 0.0005 |Train_Loss 0.6321 |  total_loss_consistency1 0.0803 | Loss 0.7124 | Val_Loss 0.6258| Train Time(s) 0.2653| Val Time(s) 0.0360 | Time(s) 0.3013
2024-12-31 05:59:56,157:INFO::Validation loss decreased (0.627033 --> 0.625779).  Saving model ...
2024-12-31 05:59:56,645:INFO::Epoch_batch_00004 | lr 0.0005 |Train_Loss 0.6307 |  total_loss_consistency1 0.0774 | Loss 0.7082 | Val_Loss 0.6245| Train Time(s) 0.2644| Val Time(s) 0.0360 | Time(s) 0.3004
2024-12-31 05:59:56,646:INFO::Validation loss decreased (0.625779 --> 0.624489).  Saving model ...
2024-12-31 05:59:57,130:INFO::Epoch_batch_00005 | lr 0.0005 |Train_Loss 0.6285 |  total_loss_consistency1 0.0748 | Loss 0.7033 | Val_Loss 0.6232| Train Time(s) 0.2650| Val Time(s) 0.0360 | Time(s) 0.3010
2024-12-31 05:59:57,130:INFO::Validation loss decreased (0.624489 --> 0.623160).  Saving model ...
2024-12-31 05:59:57,623:INFO::Epoch_batch_00006 | lr 0.0005 |Train_Loss 0.6262 |  total_loss_consistency1 0.0725 | Loss 0.6987 | Val_Loss 0.6218| Train Time(s) 0.2657| Val Time(s) 0.0359 | Time(s) 0.3016
2024-12-31 05:59:57,623:INFO::Validation loss decreased (0.623160 --> 0.621792).  Saving model ...
2024-12-31 05:59:58,105:INFO::Epoch_batch_00007 | lr 0.0005 |Train_Loss 0.6260 |  total_loss_consistency1 0.0708 | Loss 0.6968 | Val_Loss 0.6203| Train Time(s) 0.2643| Val Time(s) 0.0359 | Time(s) 0.3002
2024-12-31 05:59:58,105:INFO::Validation loss decreased (0.621792 --> 0.620340).  Saving model ...
2024-12-31 05:59:58,597:INFO::Epoch_batch_00008 | lr 0.0005 |Train_Loss 0.6219 |  total_loss_consistency1 0.0691 | Loss 0.6911 | Val_Loss 0.6188| Train Time(s) 0.2648| Val Time(s) 0.0359 | Time(s) 0.3008
2024-12-31 05:59:58,597:INFO::Validation loss decreased (0.620340 --> 0.618818).  Saving model ...
2024-12-31 05:59:59,086:INFO::Epoch_batch_00009 | lr 0.0005 |Train_Loss 0.6214 |  total_loss_consistency1 0.0679 | Loss 0.6894 | Val_Loss 0.6171| Train Time(s) 0.2646| Val Time(s) 0.0361 | Time(s) 0.3007
2024-12-31 05:59:59,087:INFO::Validation loss decreased (0.618818 --> 0.617079).  Saving model ...
2024-12-31 05:59:59,580:INFO::Epoch_batch_00010 | lr 0.0005 |Train_Loss 0.6196 |  total_loss_consistency1 0.0670 | Loss 0.6866 | Val_Loss 0.6151| Train Time(s) 0.2647| Val Time(s) 0.0360 | Time(s) 0.3007
2024-12-31 05:59:59,581:INFO::Validation loss decreased (0.617079 --> 0.615083).  Saving model ...
2024-12-31 06:00:00,062:INFO::Epoch_batch_00011 | lr 0.0005 |Train_Loss 0.6161 |  total_loss_consistency1 0.0661 | Loss 0.6821 | Val_Loss 0.6128| Train Time(s) 0.2649| Val Time(s) 0.0359 | Time(s) 0.3008
2024-12-31 06:00:00,063:INFO::Validation loss decreased (0.615083 --> 0.612766).  Saving model ...
2024-12-31 06:00:00,551:INFO::Epoch_batch_00012 | lr 0.0005 |Train_Loss 0.6157 |  total_loss_consistency1 0.0651 | Loss 0.6808 | Val_Loss 0.6102| Train Time(s) 0.2651| Val Time(s) 0.0360 | Time(s) 0.3011
2024-12-31 06:00:00,552:INFO::Validation loss decreased (0.612766 --> 0.610243).  Saving model ...
2024-12-31 06:00:01,037:INFO::Epoch_batch_00013 | lr 0.0005 |Train_Loss 0.6130 |  total_loss_consistency1 0.0641 | Loss 0.6771 | Val_Loss 0.6075| Train Time(s) 0.2645| Val Time(s) 0.0359 | Time(s) 0.3004
2024-12-31 06:00:01,037:INFO::Validation loss decreased (0.610243 --> 0.607544).  Saving model ...
2024-12-31 06:00:01,525:INFO::Epoch_batch_00014 | lr 0.0005 |Train_Loss 0.6092 |  total_loss_consistency1 0.0633 | Loss 0.6725 | Val_Loss 0.6047| Train Time(s) 0.2647| Val Time(s) 0.0359 | Time(s) 0.3006
2024-12-31 06:00:01,526:INFO::Validation loss decreased (0.607544 --> 0.604695).  Saving model ...
2024-12-31 06:00:02,013:INFO::Epoch_batch_00015 | lr 0.0005 |Train_Loss 0.6022 |  total_loss_consistency1 0.0624 | Loss 0.6646 | Val_Loss 0.6018| Train Time(s) 0.2654| Val Time(s) 0.0361 | Time(s) 0.3015
2024-12-31 06:00:02,014:INFO::Validation loss decreased (0.604695 --> 0.601784).  Saving model ...
2024-12-31 06:00:02,502:INFO::Epoch_batch_00016 | lr 0.0005 |Train_Loss 0.5998 |  total_loss_consistency1 0.0620 | Loss 0.6617 | Val_Loss 0.5990| Train Time(s) 0.2652| Val Time(s) 0.0359 | Time(s) 0.3011
2024-12-31 06:00:02,502:INFO::Validation loss decreased (0.601784 --> 0.599012).  Saving model ...
2024-12-31 06:00:02,989:INFO::Epoch_batch_00017 | lr 0.0005 |Train_Loss 0.5952 |  total_loss_consistency1 0.0615 | Loss 0.6567 | Val_Loss 0.5963| Train Time(s) 0.2652| Val Time(s) 0.0360 | Time(s) 0.3012
2024-12-31 06:00:02,989:INFO::Validation loss decreased (0.599012 --> 0.596304).  Saving model ...
2024-12-31 06:00:03,477:INFO::Epoch_batch_00018 | lr 0.0005 |Train_Loss 0.5930 |  total_loss_consistency1 0.0609 | Loss 0.6539 | Val_Loss 0.5937| Train Time(s) 0.2651| Val Time(s) 0.0360 | Time(s) 0.3011
2024-12-31 06:00:03,478:INFO::Validation loss decreased (0.596304 --> 0.593683).  Saving model ...
2024-12-31 06:00:03,971:INFO::Epoch_batch_00019 | lr 0.0005 |Train_Loss 0.5872 |  total_loss_consistency1 0.0604 | Loss 0.6476 | Val_Loss 0.5912| Train Time(s) 0.2649| Val Time(s) 0.0360 | Time(s) 0.3010
2024-12-31 06:00:03,972:INFO::Validation loss decreased (0.593683 --> 0.591246).  Saving model ...
2024-12-31 06:00:04,465:INFO::Epoch_batch_00020 | lr 0.0005 |Train_Loss 0.5853 |  total_loss_consistency1 0.0599 | Loss 0.6451 | Val_Loss 0.5892| Train Time(s) 0.2649| Val Time(s) 0.0358 | Time(s) 0.3008
2024-12-31 06:00:04,465:INFO::Validation loss decreased (0.591246 --> 0.589233).  Saving model ...
2024-12-31 06:00:04,959:INFO::Epoch_batch_00021 | lr 0.0005 |Train_Loss 0.5797 |  total_loss_consistency1 0.0595 | Loss 0.6392 | Val_Loss 0.5877| Train Time(s) 0.2652| Val Time(s) 0.0361 | Time(s) 0.3013
2024-12-31 06:00:04,959:INFO::Validation loss decreased (0.589233 --> 0.587664).  Saving model ...
2024-12-31 06:00:05,453:INFO::Epoch_batch_00022 | lr 0.0005 |Train_Loss 0.5746 |  total_loss_consistency1 0.0590 | Loss 0.6335 | Val_Loss 0.5863| Train Time(s) 0.2654| Val Time(s) 0.0359 | Time(s) 0.3013
2024-12-31 06:00:05,453:INFO::Validation loss decreased (0.587664 --> 0.586286).  Saving model ...
2024-12-31 06:00:05,939:INFO::Epoch_batch_00023 | lr 0.0005 |Train_Loss 0.5755 |  total_loss_consistency1 0.0587 | Loss 0.6342 | Val_Loss 0.5848| Train Time(s) 0.2641| Val Time(s) 0.0360 | Time(s) 0.3001
2024-12-31 06:00:05,940:INFO::Validation loss decreased (0.586286 --> 0.584769).  Saving model ...
2024-12-31 06:00:06,427:INFO::Epoch_batch_00024 | lr 0.0005 |Train_Loss 0.5689 |  total_loss_consistency1 0.0580 | Loss 0.6268 | Val_Loss 0.5833| Train Time(s) 0.2644| Val Time(s) 0.0360 | Time(s) 0.3004
2024-12-31 06:00:06,428:INFO::Validation loss decreased (0.584769 --> 0.583284).  Saving model ...
2024-12-31 06:00:06,918:INFO::Epoch_batch_00025 | lr 0.0005 |Train_Loss 0.5693 |  total_loss_consistency1 0.0573 | Loss 0.6266 | Val_Loss 0.5822| Train Time(s) 0.2653| Val Time(s) 0.0360 | Time(s) 0.3013
2024-12-31 06:00:06,919:INFO::Validation loss decreased (0.583284 --> 0.582234).  Saving model ...
2024-12-31 06:00:07,413:INFO::Epoch_batch_00026 | lr 0.0005 |Train_Loss 0.5669 |  total_loss_consistency1 0.0567 | Loss 0.6235 | Val_Loss 0.5815| Train Time(s) 0.2651| Val Time(s) 0.0359 | Time(s) 0.3010
2024-12-31 06:00:07,413:INFO::Validation loss decreased (0.582234 --> 0.581476).  Saving model ...
2024-12-31 06:00:07,906:INFO::Epoch_batch_00027 | lr 0.0005 |Train_Loss 0.5638 |  total_loss_consistency1 0.0562 | Loss 0.6200 | Val_Loss 0.5812| Train Time(s) 0.2650| Val Time(s) 0.0360 | Time(s) 0.3009
2024-12-31 06:00:07,907:INFO::Validation loss decreased (0.581476 --> 0.581164).  Saving model ...
2024-12-31 06:00:08,400:INFO::Epoch_batch_00028 | lr 0.0005 |Train_Loss 0.5626 |  total_loss_consistency1 0.0555 | Loss 0.6182 | Val_Loss 0.5803| Train Time(s) 0.2653| Val Time(s) 0.0359 | Time(s) 0.3012
2024-12-31 06:00:08,401:INFO::Validation loss decreased (0.581164 --> 0.580347).  Saving model ...
2024-12-31 06:00:08,901:INFO::Epoch_batch_00029 | lr 0.0005 |Train_Loss 0.5607 |  total_loss_consistency1 0.0551 | Loss 0.6158 | Val_Loss 0.5792| Train Time(s) 0.2649| Val Time(s) 0.0360 | Time(s) 0.3008
2024-12-31 06:00:08,901:INFO::Validation loss decreased (0.580347 --> 0.579170).  Saving model ...
2024-12-31 06:00:09,392:INFO::Epoch_batch_00030 | lr 0.0005 |Train_Loss 0.5586 |  total_loss_consistency1 0.0546 | Loss 0.6132 | Val_Loss 0.5787| Train Time(s) 0.2648| Val Time(s) 0.0359 | Time(s) 0.3007
2024-12-31 06:00:09,393:INFO::Validation loss decreased (0.579170 --> 0.578704).  Saving model ...
2024-12-31 06:00:09,876:INFO::Epoch_batch_00031 | lr 0.0005 |Train_Loss 0.5556 |  total_loss_consistency1 0.0542 | Loss 0.6098 | Val_Loss 0.5785| Train Time(s) 0.2645| Val Time(s) 0.0360 | Time(s) 0.3006
2024-12-31 06:00:09,876:INFO::Validation loss decreased (0.578704 --> 0.578475).  Saving model ...
2024-12-31 06:00:10,368:INFO::Epoch_batch_00032 | lr 0.0005 |Train_Loss 0.5558 |  total_loss_consistency1 0.0537 | Loss 0.6095 | Val_Loss 0.5784| Train Time(s) 0.2650| Val Time(s) 0.0359 | Time(s) 0.3010
2024-12-31 06:00:10,369:INFO::Validation loss decreased (0.578475 --> 0.578442).  Saving model ...
2024-12-31 06:00:10,670:INFO::Epoch_batch_00033 | lr 0.0005 |Train_Loss 0.5533 |  total_loss_consistency1 0.0532 | Loss 0.6065 | Val_Loss 0.5785| Train Time(s) 0.2654| Val Time(s) 0.0360 | Time(s) 0.3014
2024-12-31 06:00:10,671:INFO::EarlyStopping counter: 1 out of 30
2024-12-31 06:00:10,973:INFO::Epoch_batch_00034 | lr 0.0005 |Train_Loss 0.5520 |  total_loss_consistency1 0.0530 | Loss 0.6050 | Val_Loss 0.5785| Train Time(s) 0.2659| Val Time(s) 0.0359 | Time(s) 0.3019
2024-12-31 06:00:10,973:INFO::EarlyStopping counter: 2 out of 30
2024-12-31 06:00:11,275:INFO::Epoch_batch_00035 | lr 0.0005 |Train_Loss 0.5507 |  total_loss_consistency1 0.0524 | Loss 0.6031 | Val_Loss 0.5789| Train Time(s) 0.2652| Val Time(s) 0.0360 | Time(s) 0.3012
2024-12-31 06:00:11,275:INFO::EarlyStopping counter: 3 out of 30
2024-12-31 06:00:11,576:INFO::Epoch_batch_00036 | lr 0.0005 |Train_Loss 0.5482 |  total_loss_consistency1 0.0518 | Loss 0.6000 | Val_Loss 0.5795| Train Time(s) 0.2651| Val Time(s) 0.0359 | Time(s) 0.3011
2024-12-31 06:00:11,577:INFO::EarlyStopping counter: 4 out of 30
2024-12-31 06:00:11,878:INFO::Epoch_batch_00037 | lr 0.0005 |Train_Loss 0.5480 |  total_loss_consistency1 0.0512 | Loss 0.5993 | Val_Loss 0.5798| Train Time(s) 0.2656| Val Time(s) 0.0359 | Time(s) 0.3015
2024-12-31 06:00:11,879:INFO::EarlyStopping counter: 5 out of 30
2024-12-31 06:00:12,181:INFO::Epoch_batch_00038 | lr 0.0005 |Train_Loss 0.5462 |  total_loss_consistency1 0.0508 | Loss 0.5970 | Val_Loss 0.5801| Train Time(s) 0.2656| Val Time(s) 0.0360 | Time(s) 0.3016
2024-12-31 06:00:12,181:INFO::EarlyStopping counter: 6 out of 30
2024-12-31 06:00:12,484:INFO::Epoch_batch_00039 | lr 0.0005 |Train_Loss 0.5448 |  total_loss_consistency1 0.0502 | Loss 0.5950 | Val_Loss 0.5801| Train Time(s) 0.2666| Val Time(s) 0.0360 | Time(s) 0.3026
2024-12-31 06:00:12,484:INFO::EarlyStopping counter: 7 out of 30
2024-12-31 06:00:12,786:INFO::Epoch_batch_00040 | lr 0.0005 |Train_Loss 0.5445 |  total_loss_consistency1 0.0498 | Loss 0.5944 | Val_Loss 0.5798| Train Time(s) 0.2653| Val Time(s) 0.0360 | Time(s) 0.3013
2024-12-31 06:00:12,786:INFO::EarlyStopping counter: 8 out of 30
2024-12-31 06:00:13,088:INFO::Epoch_batch_00041 | lr 0.0005 |Train_Loss 0.5423 |  total_loss_consistency1 0.0494 | Loss 0.5917 | Val_Loss 0.5794| Train Time(s) 0.2658| Val Time(s) 0.0361 | Time(s) 0.3019
2024-12-31 06:00:13,088:INFO::EarlyStopping counter: 9 out of 30
2024-12-31 06:00:13,390:INFO::Epoch_batch_00042 | lr 0.0005 |Train_Loss 0.5416 |  total_loss_consistency1 0.0491 | Loss 0.5906 | Val_Loss 0.5791| Train Time(s) 0.2652| Val Time(s) 0.0359 | Time(s) 0.3011
2024-12-31 06:00:13,390:INFO::EarlyStopping counter: 10 out of 30
2024-12-31 06:00:13,691:INFO::Epoch_batch_00043 | lr 0.0005 |Train_Loss 0.5393 |  total_loss_consistency1 0.0487 | Loss 0.5881 | Val_Loss 0.5791| Train Time(s) 0.2646| Val Time(s) 0.0360 | Time(s) 0.3006
2024-12-31 06:00:13,691:INFO::EarlyStopping counter: 11 out of 30
2024-12-31 06:00:13,992:INFO::Epoch_batch_00044 | lr 0.0005 |Train_Loss 0.5393 |  total_loss_consistency1 0.0483 | Loss 0.5876 | Val_Loss 0.5793| Train Time(s) 0.2645| Val Time(s) 0.0359 | Time(s) 0.3004
2024-12-31 06:00:13,992:INFO::EarlyStopping counter: 12 out of 30
2024-12-31 06:00:14,295:INFO::Epoch_batch_00045 | lr 0.0005 |Train_Loss 0.5375 |  total_loss_consistency1 0.0479 | Loss 0.5854 | Val_Loss 0.5800| Train Time(s) 0.2659| Val Time(s) 0.0361 | Time(s) 0.3020
2024-12-31 06:00:14,295:INFO::EarlyStopping counter: 13 out of 30
2024-12-31 06:00:14,597:INFO::Epoch_batch_00046 | lr 0.0005 |Train_Loss 0.5359 |  total_loss_consistency1 0.0476 | Loss 0.5835 | Val_Loss 0.5802| Train Time(s) 0.2659| Val Time(s) 0.0360 | Time(s) 0.3019
2024-12-31 06:00:14,597:INFO::EarlyStopping counter: 14 out of 30
2024-12-31 06:00:14,899:INFO::Epoch_batch_00047 | lr 0.0005 |Train_Loss 0.5349 |  total_loss_consistency1 0.0470 | Loss 0.5819 | Val_Loss 0.5801| Train Time(s) 0.2658| Val Time(s) 0.0361 | Time(s) 0.3019
2024-12-31 06:00:14,900:INFO::EarlyStopping counter: 15 out of 30
2024-12-31 06:00:15,202:INFO::Epoch_batch_00048 | lr 0.0005 |Train_Loss 0.5351 |  total_loss_consistency1 0.0469 | Loss 0.5820 | Val_Loss 0.5801| Train Time(s) 0.2656| Val Time(s) 0.0361 | Time(s) 0.3016
2024-12-31 06:00:15,202:INFO::EarlyStopping counter: 16 out of 30
2024-12-31 06:00:15,503:INFO::Epoch_batch_00049 | lr 0.0005 |Train_Loss 0.5341 |  total_loss_consistency1 0.0464 | Loss 0.5805 | Val_Loss 0.5803| Train Time(s) 0.2652| Val Time(s) 0.0361 | Time(s) 0.3013
2024-12-31 06:00:15,504:INFO::EarlyStopping counter: 17 out of 30
2024-12-31 06:00:15,805:INFO::Epoch_batch_00050 | lr 0.0005 |Train_Loss 0.5335 |  total_loss_consistency1 0.0461 | Loss 0.5796 | Val_Loss 0.5805| Train Time(s) 0.2654| Val Time(s) 0.0361 | Time(s) 0.3014
2024-12-31 06:00:15,806:INFO::EarlyStopping counter: 18 out of 30
2024-12-31 06:00:16,108:INFO::Epoch_batch_00051 | lr 0.0005 |Train_Loss 0.5320 |  total_loss_consistency1 0.0455 | Loss 0.5776 | Val_Loss 0.5806| Train Time(s) 0.2658| Val Time(s) 0.0361 | Time(s) 0.3019
2024-12-31 06:00:16,108:INFO::EarlyStopping counter: 19 out of 30
2024-12-31 06:00:16,409:INFO::Epoch_batch_00052 | lr 0.0005 |Train_Loss 0.5309 |  total_loss_consistency1 0.0453 | Loss 0.5761 | Val_Loss 0.5807| Train Time(s) 0.2649| Val Time(s) 0.0359 | Time(s) 0.3008
2024-12-31 06:00:16,410:INFO::EarlyStopping counter: 20 out of 30
2024-12-31 06:00:16,712:INFO::Epoch_batch_00053 | lr 0.0005 |Train_Loss 0.5303 |  total_loss_consistency1 0.0449 | Loss 0.5752 | Val_Loss 0.5809| Train Time(s) 0.2660| Val Time(s) 0.0359 | Time(s) 0.3019
2024-12-31 06:00:16,712:INFO::EarlyStopping counter: 21 out of 30
2024-12-31 06:00:17,014:INFO::Epoch_batch_00054 | lr 0.0005 |Train_Loss 0.5299 |  total_loss_consistency1 0.0444 | Loss 0.5743 | Val_Loss 0.5813| Train Time(s) 0.2658| Val Time(s) 0.0360 | Time(s) 0.3018
2024-12-31 06:00:17,014:INFO::EarlyStopping counter: 22 out of 30
2024-12-31 06:00:17,317:INFO::Epoch_batch_00055 | lr 0.0005 |Train_Loss 0.5283 |  total_loss_consistency1 0.0442 | Loss 0.5725 | Val_Loss 0.5814| Train Time(s) 0.2659| Val Time(s) 0.0359 | Time(s) 0.3018
2024-12-31 06:00:17,317:INFO::EarlyStopping counter: 23 out of 30
2024-12-31 06:00:17,619:INFO::Epoch_batch_00056 | lr 0.0005 |Train_Loss 0.5279 |  total_loss_consistency1 0.0437 | Loss 0.5716 | Val_Loss 0.5816| Train Time(s) 0.2662| Val Time(s) 0.0360 | Time(s) 0.3022
2024-12-31 06:00:17,620:INFO::EarlyStopping counter: 24 out of 30
2024-12-31 06:00:17,922:INFO::Epoch_batch_00057 | lr 0.0005 |Train_Loss 0.5270 |  total_loss_consistency1 0.0432 | Loss 0.5701 | Val_Loss 0.5819| Train Time(s) 0.2660| Val Time(s) 0.0361 | Time(s) 0.3021
2024-12-31 06:00:17,922:INFO::EarlyStopping counter: 25 out of 30
2024-12-31 06:00:18,224:INFO::Epoch_batch_00058 | lr 0.0005 |Train_Loss 0.5280 |  total_loss_consistency1 0.0427 | Loss 0.5707 | Val_Loss 0.5820| Train Time(s) 0.2656| Val Time(s) 0.0360 | Time(s) 0.3016
2024-12-31 06:00:18,224:INFO::EarlyStopping counter: 26 out of 30
2024-12-31 06:00:18,527:INFO::Epoch_batch_00059 | lr 0.0005 |Train_Loss 0.5260 |  total_loss_consistency1 0.0424 | Loss 0.5684 | Val_Loss 0.5822| Train Time(s) 0.2662| Val Time(s) 0.0361 | Time(s) 0.3022
2024-12-31 06:00:18,527:INFO::EarlyStopping counter: 27 out of 30
2024-12-31 06:00:18,829:INFO::Epoch_batch_00060 | lr 0.0005 |Train_Loss 0.5250 |  total_loss_consistency1 0.0420 | Loss 0.5670 | Val_Loss 0.5823| Train Time(s) 0.2658| Val Time(s) 0.0361 | Time(s) 0.3019
2024-12-31 06:00:18,830:INFO::EarlyStopping counter: 28 out of 30
2024-12-31 06:00:19,132:INFO::Epoch_batch_00061 | lr 0.0005 |Train_Loss 0.5254 |  total_loss_consistency1 0.0416 | Loss 0.5670 | Val_Loss 0.5822| Train Time(s) 0.2665| Val Time(s) 0.0361 | Time(s) 0.3025
2024-12-31 06:00:19,133:INFO::EarlyStopping counter: 29 out of 30
2024-12-31 06:00:19,434:INFO::Epoch_batch_00062 | lr 0.0005 |Train_Loss 0.5248 |  total_loss_consistency1 0.0411 | Loss 0.5660 | Val_Loss 0.5822| Train Time(s) 0.2648| Val Time(s) 0.0359 | Time(s) 0.3007
2024-12-31 06:00:19,434:INFO::EarlyStopping counter: 30 out of 30
2024-12-31 06:00:19,434:INFO::Eearly stopping!
2024-12-31 06:00:19,498:INFO::
testing...
2024-12-31 06:00:19,558:INFO::save_dir_name: simpleHGN_lr0.0005_wd0.0001
2024-12-31 06:00:19,559:INFO::save_dir_name: simpleHGN_lr0.0005_wd0.0001
2024-12-31 06:00:19,559:INFO::submit dir: submit/submit_simpleHGN_lr0.0005_wd0.0001
2024-12-31 06:00:19,594:INFO::save_dir_name: simpleHGN_lr0.0005_wd0.0001
2024-12-31 06:00:19,608:INFO::{'micro-f1': 0.6942013129102844, 'macro-f1': 0.6641357479910204}
2024-12-31 06:00:19,648:INFO::############### Experiments Stage Ends! ###############
2024-12-31 06:00:19,648:INFO::=============== one experiment stage finish, use 145.97019577026367 time.
/home/yyj/MDNN-AC/AutoAC-main/data/IMDB
/home/yyj/MDNN-AC/AutoAC-main/data/IMDB
(3202,) (3202, 5)
/home/yyj/MDNN-AC/AutoAC-main/submit/submit_simpleHGN_lr0.0005_wd0.0001/IMDB_1.txt
multi
[93mWarning: If you want to obtain test score, please submit online on biendata.[0m
(3202,) (3202, 5)
/home/yyj/MDNN-AC/AutoAC-main/submit/submit_simpleHGN_lr0.0005_wd0.0001/IMDB_1.txt
multi
[93mWarning: If you want to obtain test score, please submit online on biendata.[0m
(3202,) (3202, 5)
/home/yyj/MDNN-AC/AutoAC-main/submit/submit_simpleHGN_lr0.0005_wd0.0001/IMDB_1.txt
multi
[93mWarning: If you want to obtain test score, please submit online on biendata.[0m
(3202,) (3202, 5)
/home/yyj/MDNN-AC/AutoAC-main/submit/submit_simpleHGN_lr0.0005_wd0.0001/IMDB_1.txt
multi
[93mWarning: If you want to obtain test score, please submit online on biendata.[0m
(3202,) (3202, 5)
/home/yyj/MDNN-AC/AutoAC-main/submit/submit_simpleHGN_lr0.0005_wd0.0001/IMDB_1.txt
multi
[93mWarning: If you want to obtain test score, please submit online on biendata.[0m
