2024-04-12 22:23:18,465:INFO::=============== Search Args:
Namespace(dataset='ACM', feats_type=6, gnn_model='gat', valid_attributed_type=0, cluster_num=8, cluster_eps=1e-05, att_comp_dim=64, hidden_dim=64, num_heads=8, attn_vec_dim=128, search_epoch=8, retrain_epoch=8, inner_epoch=1, patience_search=8, patience_retrain=30, batch_size=2, batch_size_test=2, momentum=0.9, lr=0.0005, lr_rate_min=3e-05, num_layers=3, dropout=0.5, weight_decay=0.0001, slope=0.05, grad_clip=5, network_momentum=0.9, arch_learning_rate=0.005, arch_weight_decay=1e-05, repeat=5, cluster_epoch=4, save_postfix='DBLP', feats_opt='0111', cuda=True, unrolled=False, useSGD=False, useTypeLinear=False, l2norm=False, cluster_norm=False, usedropout=False, is_unrolled='False', is_use_type_linear='False', is_use_SGD='False', is_use_dropout='False', time_line='2024-04-12-22-23-17', edge_feats=64, warmup_epoch=0, clusterupdate_round=1, searcher_name='nasp', rnn_type='RotatE0', neighbor_samples=100, use_minibatch=False, shared_ops=True, e_greedy=0, usebn=False, seed=123, use_5seeds=True, no_use_fixseeds=False, use_dmon=True, collapse_regularization=0.1, dmon_loss_alpha=0.4, tau=1.0, schedule_step=350, schedule_step_retrain=500, use_norm=False, use_adamw=False, use_skip=False, cur_repeat=0, last_hidden_dim=512, logger=<Logger log_output (INFO)>)
2024-04-12 22:24:14,629:INFO::node_type_num: 4
2024-04-12 22:24:25,611:INFO::=============== Prepare basic data stage finish, use 67.14631247520447 time.
2024-04-12 22:24:30,353:INFO::save_dir_name: gat_nasp_egreedy0_C8_useDmon_coef0.4_Adam_gcn.ppnp.mean.one-hot_noTypeLinear_014_64_shared_ops_lr0.0005_wd0.0001_use5seeds_use_adam_patience-8_30_not_use_skip
2024-04-12 22:24:46,423:INFO::Epoch: 0
tensor([[0.5000, 0.5000, 0.5000, 0.5000],
        [0.5000, 0.5000, 0.5000, 0.5000],
        [0.5000, 0.5000, 0.5000, 0.5000],
        [0.5000, 0.5000, 0.5000, 0.5000],
        [0.5000, 0.5000, 0.5000, 0.5000],
        [0.5000, 0.5000, 0.5000, 0.5000],
        [0.5000, 0.5000, 0.5000, 0.5000],
        [0.5000, 0.5000, 0.5000, 0.5000]], device='cuda:0', requires_grad=True)
2024-04-12 22:24:46,425:INFO::its now!!!!!!!!5
2024-04-12 22:24:48,077:INFO::its now!!!!!!!!0
2024-04-12 22:24:48,079:INFO::its now!!!!!!!!3
2024-04-12 22:24:48,265:INFO::its now!!!!!!!!5
2024-04-12 22:24:48,446:INFO::its now!!!!!!!!
2024-04-12 22:24:48,446:INFO::its now!!!!!!!! on 
2024-04-12 22:24:48,641:INFO::its now!!!!!!!!5
2024-04-12 22:24:48,804:INFO::save_dir_name: gat_nasp_egreedy0_C8_useDmon_coef0.4_Adam_gcn.ppnp.mean.one-hot_noTypeLinear_014_64_shared_ops_lr0.0005_wd0.0001_use5seeds_use_adam_patience-8_30_not_use_skip
2024-04-12 22:24:52,025:INFO::Epoch 00000 | lr 0.00050 | Train_Loss 1.0938 | Train_Classification_Loss 1.1044 | Dmon_Loss -0.0264 | Val_Loss 2.2604 | Search Time(s) 4.1340 | Infer Time(s) 0.1685 | Time(s) 4.3025 
2024-04-12 22:24:54,497:INFO::cluster info:
0: -1;	1: -1;	2: -1;	3: -1;	4: -1;	5: -1;	6: -1;	7: -1;	8: -1;	9: -1;	10: -1;	11: -1;	12: -1;	13: -1;	14: -1;	15: -1;	16: -1;	17: -1;	18: -1;	19: -1;	20: -1;	21: -1;	22: -1;	23: -1;	24: -1;	25: -1;	26: -1;	27: -1;	28: -1;	29: -1;	30: -1;	31: -1;	32: -1;	33: -1;	34: -1;	35: -1;	36: -1;	37: -1;	38: -1
10912: 0;	10913: 2;	10914: 1;	10915: 2;	10916: 0;	10917: 0;	10918: 2;	10919: 2;	10920: 2;	10921: 2;	10922: 2;	10923: 0;	10924: 2;	10925: 2;	10926: 2;	10927: 2;	10928: 2;	10929: 0;	10930: 2;	10931: 2;	10932: 2;	10933: 0;	10934: 5;	10935: 2;	10936: 2;	10937: 2;	10938: 2;	10939: 2;	10940: 0;	10941: 0;	
2024-04-12 22:24:54,503:INFO::Epoch: 1
tensor([[0.5050, 0.5050, 0.5050, 0.5050],
        [0.4950, 0.5050, 0.5050, 0.5050],
        [0.4950, 0.5050, 0.5050, 0.5050],
        [0.4950, 0.5050, 0.5050, 0.5050],
        [0.5050, 0.5050, 0.5050, 0.5050],
        [0.4950, 0.5050, 0.5050, 0.5050],
        [0.4950, 0.5050, 0.5050, 0.5050],
        [0.4950, 0.5050, 0.5050, 0.5050]], device='cuda:0', requires_grad=True)
2024-04-12 22:24:54,505:INFO::its now!!!!!!!!5
2024-04-12 22:24:54,815:INFO::its now!!!!!!!!0
2024-04-12 22:24:54,817:INFO::its now!!!!!!!!3
2024-04-12 22:24:55,011:INFO::its now!!!!!!!!5
2024-04-12 22:24:55,188:INFO::its now!!!!!!!!
2024-04-12 22:24:55,189:INFO::its now!!!!!!!! on 
2024-04-12 22:24:55,384:INFO::its now!!!!!!!!5
2024-04-12 22:24:55,555:INFO::save_dir_name: gat_nasp_egreedy0_C8_useDmon_coef0.4_Adam_gcn.ppnp.mean.one-hot_noTypeLinear_014_64_shared_ops_lr0.0005_wd0.0001_use5seeds_use_adam_patience-8_30_not_use_skip
2024-04-12 22:24:55,557:INFO::Epoch 00001 | lr 0.00050 | Train_Loss 2.2875 | Train_Classification_Loss 2.2983 | Dmon_Loss -0.0271 | Val_Loss 1.2917 | Search Time(s) 0.8777 | Infer Time(s) 0.1785 | Time(s) 1.0562 
2024-04-12 22:24:55,597:INFO::cluster info:
0: -1;	1: -1;	2: -1;	3: -1;	4: -1;	5: -1;	6: -1;	7: -1;	8: -1;	9: -1;	10: -1;	11: -1;	12: -1;	13: -1;	14: -1;	15: -1;	16: -1;	17: -1;	18: -1;	19: -1;	20: -1;	21: -1;	22: -1;	23: -1;	24: -1;	25: -1;	26: -1;	27: -1;	28: -1;	29: -1;	30: -1;	31: -1;	32: -1;	33: -1;	34: -1;	35: -1;	36: -1;	37: -1;	38: -1
10912: 0;	10913: 0;	10914: 6;	10915: 0;	10916: 0;	10917: 0;	10918: 0;	10919: 0;	10920: 0;	10921: 0;	10922: 2;	10923: 0;	10924: 6;	10925: 2;	10926: 0;	10927: 0;	10928: 0;	10929: 0;	10930: 0;	10931: 0;	10932: 0;	10933: 0;	10934: 2;	10935: 0;	10936: 0;	10937: 0;	10938: 6;	10939: 0;	10940: 6;	10941: 0;	
2024-04-12 22:24:55,599:INFO::Validation loss decreased (inf --> 1.291725).  Saving model ...
2024-04-12 22:24:55,603:INFO::Epoch: 2
tensor([[0.5003, 0.5075, 0.5003, 0.5003],
        [0.4903, 0.5074, 0.5003, 0.5003],
        [0.4903, 0.5083, 0.5003, 0.5003],
        [0.4903, 0.5074, 0.5003, 0.5003],
        [0.5003, 0.5073, 0.5003, 0.5003],
        [0.4903, 0.5073, 0.5003, 0.5003],
        [0.4903, 0.5073, 0.5003, 0.5003],
        [0.4903, 0.5074, 0.5003, 0.5003]], device='cuda:0', requires_grad=True)
2024-04-12 22:24:55,605:INFO::its now!!!!!!!!5
2024-04-12 22:24:55,764:INFO::its now!!!!!!!!0
2024-04-12 22:24:55,766:INFO::its now!!!!!!!!3
2024-04-12 22:24:55,949:INFO::its now!!!!!!!!5
2024-04-12 22:24:56,113:INFO::its now!!!!!!!!
2024-04-12 22:24:56,113:INFO::its now!!!!!!!! on 
2024-04-12 22:24:56,310:INFO::its now!!!!!!!!5
2024-04-12 22:24:56,474:INFO::save_dir_name: gat_nasp_egreedy0_C8_useDmon_coef0.4_Adam_gcn.ppnp.mean.one-hot_noTypeLinear_014_64_shared_ops_lr0.0005_wd0.0001_use5seeds_use_adam_patience-8_30_not_use_skip
2024-04-12 22:24:56,475:INFO::Epoch 00002 | lr 0.00050 | Train_Loss 1.2963 | Train_Classification_Loss 1.3082 | Dmon_Loss -0.0297 | Val_Loss 1.1433 | Search Time(s) 0.7051 | Infer Time(s) 0.1695 | Time(s) 0.8747 
2024-04-12 22:24:56,512:INFO::cluster info:
0: -1;	1: -1;	2: -1;	3: -1;	4: -1;	5: -1;	6: -1;	7: -1;	8: -1;	9: -1;	10: -1;	11: -1;	12: -1;	13: -1;	14: -1;	15: -1;	16: -1;	17: -1;	18: -1;	19: -1;	20: -1;	21: -1;	22: -1;	23: -1;	24: -1;	25: -1;	26: -1;	27: -1;	28: -1;	29: -1;	30: -1;	31: -1;	32: -1;	33: -1;	34: -1;	35: -1;	36: -1;	37: -1;	38: -1
10912: 2;	10913: 0;	10914: 2;	10915: 0;	10916: 0;	10917: 2;	10918: 0;	10919: 0;	10920: 2;	10921: 0;	10922: 0;	10923: 0;	10924: 0;	10925: 0;	10926: 0;	10927: 0;	10928: 2;	10929: 0;	10930: 2;	10931: 0;	10932: 2;	10933: 2;	10934: 6;	10935: 2;	10936: 2;	10937: 0;	10938: 0;	10939: 5;	10940: 0;	10941: 0;	
2024-04-12 22:24:56,514:INFO::Validation loss decreased (1.291725 --> 1.143255).  Saving model ...
2024-04-12 22:24:56,519:INFO::Epoch: 3
tensor([[0.4966, 0.5069, 0.4967, 0.4967],
        [0.4866, 0.5086, 0.4967, 0.4967],
        [0.4866, 0.5101, 0.4967, 0.4967],
        [0.4866, 0.5086, 0.4967, 0.4967],
        [0.4966, 0.5086, 0.4967, 0.4967],
        [0.4866, 0.5086, 0.4967, 0.4967],
        [0.4866, 0.5085, 0.4967, 0.4967],
        [0.4866, 0.5086, 0.4967, 0.4967]], device='cuda:0', requires_grad=True)
2024-04-12 22:24:56,519:INFO::its now!!!!!!!!5
2024-04-12 22:24:56,680:INFO::its now!!!!!!!!0
2024-04-12 22:24:56,682:INFO::its now!!!!!!!!3
2024-04-12 22:24:56,866:INFO::its now!!!!!!!!5
2024-04-12 22:24:57,036:INFO::its now!!!!!!!!
2024-04-12 22:24:57,036:INFO::its now!!!!!!!! on 
2024-04-12 22:24:57,232:INFO::its now!!!!!!!!5
2024-04-12 22:24:57,396:INFO::Epoch 00003 | lr 0.00050 | Train_Loss 1.1515 | Train_Classification_Loss 1.1637 | Dmon_Loss -0.0304 | Val_Loss 1.1747 | Search Time(s) 0.7101 | Infer Time(s) 0.1715 | Time(s) 0.8816 
2024-04-12 22:24:57,442:INFO::cluster info:
0: -1;	1: -1;	2: -1;	3: -1;	4: -1;	5: -1;	6: -1;	7: -1;	8: -1;	9: -1;	10: -1;	11: -1;	12: -1;	13: -1;	14: -1;	15: -1;	16: -1;	17: -1;	18: -1;	19: -1;	20: -1;	21: -1;	22: -1;	23: -1;	24: -1;	25: -1;	26: -1;	27: -1;	28: -1;	29: -1;	30: -1;	31: -1;	32: -1;	33: -1;	34: -1;	35: -1;	36: -1;	37: -1;	38: -1
10912: 2;	10913: 2;	10914: 5;	10915: 2;	10916: 2;	10917: 2;	10918: 2;	10919: 2;	10920: 2;	10921: 5;	10922: 2;	10923: 2;	10924: 2;	10925: 2;	10926: 5;	10927: 5;	10928: 2;	10929: 2;	10930: 2;	10931: 5;	10932: 5;	10933: 2;	10934: 2;	10935: 5;	10936: 0;	10937: 2;	10938: 0;	10939: 2;	10940: 0;	10941: 2;	
2024-04-12 22:24:57,444:INFO::EarlyStopping counter: 1 out of 8
2024-04-12 22:24:57,471:INFO::Epoch: 4
tensor([[0.4959, 0.5107, 0.4959, 0.4959],
        [0.4859, 0.5092, 0.4959, 0.4959],
        [0.4859, 0.5118, 0.4959, 0.4959],
        [0.4859, 0.5093, 0.4959, 0.4959],
        [0.4959, 0.5092, 0.4959, 0.4959],
        [0.4859, 0.5092, 0.4959, 0.4959],
        [0.4859, 0.5092, 0.4959, 0.4959],
        [0.4859, 0.5093, 0.4959, 0.4959]], device='cuda:0', requires_grad=True)
2024-04-12 22:24:57,472:INFO::its now!!!!!!!!5
2024-04-12 22:24:57,635:INFO::its now!!!!!!!!0
2024-04-12 22:24:57,637:INFO::its now!!!!!!!!3
2024-04-12 22:24:57,819:INFO::its now!!!!!!!!5
2024-04-12 22:24:57,995:INFO::its now!!!!!!!!
2024-04-12 22:24:57,995:INFO::its now!!!!!!!! on 
2024-04-12 22:24:58,188:INFO::its now!!!!!!!!5
2024-04-12 22:24:58,348:INFO::save_dir_name: gat_nasp_egreedy0_C8_useDmon_coef0.4_Adam_gcn.ppnp.mean.one-hot_noTypeLinear_014_64_shared_ops_lr0.0005_wd0.0001_use5seeds_use_adam_patience-8_30_not_use_skip
2024-04-12 22:24:58,350:INFO::Epoch 00004 | lr 0.00050 | Train_Loss 1.2248 | Train_Classification_Loss 1.2369 | Dmon_Loss -0.0302 | Val_Loss 1.0802 | Search Time(s) 0.7370 | Infer Time(s) 0.1666 | Time(s) 0.9036 
2024-04-12 22:24:58,384:INFO::cluster info:
0: -1;	1: -1;	2: -1;	3: -1;	4: -1;	5: -1;	6: -1;	7: -1;	8: -1;	9: -1;	10: -1;	11: -1;	12: -1;	13: -1;	14: -1;	15: -1;	16: -1;	17: -1;	18: -1;	19: -1;	20: -1;	21: -1;	22: -1;	23: -1;	24: -1;	25: -1;	26: -1;	27: -1;	28: -1;	29: -1;	30: -1;	31: -1;	32: -1;	33: -1;	34: -1;	35: -1;	36: -1;	37: -1;	38: -1
10912: 5;	10913: 5;	10914: 0;	10915: 2;	10916: 5;	10917: 2;	10918: 2;	10919: 2;	10920: 5;	10921: 2;	10922: 5;	10923: 2;	10924: 5;	10925: 2;	10926: 5;	10927: 2;	10928: 5;	10929: 2;	10930: 5;	10931: 2;	10932: 5;	10933: 2;	10934: 1;	10935: 5;	10936: 2;	10937: 0;	10938: 0;	10939: 2;	10940: 2;	10941: 0;	
2024-04-12 22:24:58,385:INFO::Validation loss decreased (1.143255 --> 1.080171).  Saving model ...
2024-04-12 22:24:58,390:INFO::Epoch: 5
tensor([[0.4960, 0.5130, 0.4960, 0.4960],
        [0.4860, 0.5097, 0.4960, 0.4960],
        [0.4860, 0.5177, 0.4960, 0.4960],
        [0.4860, 0.5097, 0.4960, 0.4960],
        [0.4960, 0.5096, 0.4960, 0.4960],
        [0.4860, 0.5117, 0.4960, 0.4960],
        [0.4860, 0.5096, 0.4960, 0.4960],
        [0.4860, 0.5096, 0.4960, 0.4960]], device='cuda:0', requires_grad=True)
2024-04-12 22:24:58,391:INFO::its now!!!!!!!!5
2024-04-12 22:24:58,553:INFO::its now!!!!!!!!0
2024-04-12 22:24:58,555:INFO::its now!!!!!!!!3
2024-04-12 22:24:58,740:INFO::its now!!!!!!!!5
2024-04-12 22:24:58,919:INFO::its now!!!!!!!!
2024-04-12 22:24:58,919:INFO::its now!!!!!!!! on 
2024-04-12 22:24:59,114:INFO::its now!!!!!!!!5
2024-04-12 22:24:59,282:INFO::Epoch 00005 | lr 0.00050 | Train_Loss 1.1439 | Train_Classification_Loss 1.1558 | Dmon_Loss -0.0298 | Val_Loss 1.1102 | Search Time(s) 0.7221 | Infer Time(s) 0.1745 | Time(s) 0.8966 
2024-04-12 22:24:59,313:INFO::cluster info:
0: -1;	1: -1;	2: -1;	3: -1;	4: -1;	5: -1;	6: -1;	7: -1;	8: -1;	9: -1;	10: -1;	11: -1;	12: -1;	13: -1;	14: -1;	15: -1;	16: -1;	17: -1;	18: -1;	19: -1;	20: -1;	21: -1;	22: -1;	23: -1;	24: -1;	25: -1;	26: -1;	27: -1;	28: -1;	29: -1;	30: -1;	31: -1;	32: -1;	33: -1;	34: -1;	35: -1;	36: -1;	37: -1;	38: -1
10912: 5;	10913: 5;	10914: 1;	10915: 5;	10916: 2;	10917: 2;	10918: 2;	10919: 2;	10920: 2;	10921: 2;	10922: 5;	10923: 2;	10924: 2;	10925: 5;	10926: 0;	10927: 2;	10928: 5;	10929: 2;	10930: 2;	10931: 2;	10932: 2;	10933: 2;	10934: 5;	10935: 5;	10936: 2;	10937: 2;	10938: 5;	10939: 2;	10940: 5;	10941: 5;	
2024-04-12 22:24:59,314:INFO::EarlyStopping counter: 1 out of 8
2024-04-12 22:24:59,319:INFO::Epoch: 6
tensor([[0.4958, 0.5142, 0.4959, 0.4959],
        [0.4858, 0.5097, 0.4959, 0.4959],
        [0.4858, 0.5134, 0.4959, 0.4959],
        [0.4858, 0.5099, 0.4959, 0.4959],
        [0.4958, 0.5097, 0.4959, 0.4959],
        [0.4858, 0.5059, 0.4959, 0.4959],
        [0.4858, 0.5097, 0.4959, 0.4959],
        [0.4858, 0.5098, 0.4959, 0.4959]], device='cuda:0', requires_grad=True)
2024-04-12 22:24:59,320:INFO::its now!!!!!!!!5
2024-04-12 22:24:59,478:INFO::its now!!!!!!!!0
2024-04-12 22:24:59,481:INFO::its now!!!!!!!!3
2024-04-12 22:24:59,662:INFO::its now!!!!!!!!5
2024-04-12 22:24:59,838:INFO::its now!!!!!!!!
2024-04-12 22:24:59,838:INFO::its now!!!!!!!! on 
2024-04-12 22:25:00,034:INFO::its now!!!!!!!!5
2024-04-12 22:25:00,185:INFO::save_dir_name: gat_nasp_egreedy0_C8_useDmon_coef0.4_Adam_gcn.ppnp.mean.one-hot_noTypeLinear_014_64_shared_ops_lr0.0005_wd0.0001_use5seeds_use_adam_patience-8_30_not_use_skip
2024-04-12 22:25:00,186:INFO::Epoch 00006 | lr 0.00050 | Train_Loss 1.2120 | Train_Classification_Loss 1.2238 | Dmon_Loss -0.0296 | Val_Loss 1.0741 | Search Time(s) 0.7111 | Infer Time(s) 0.1586 | Time(s) 0.8697 
2024-04-12 22:25:00,219:INFO::cluster info:
0: -1;	1: -1;	2: -1;	3: -1;	4: -1;	5: -1;	6: -1;	7: -1;	8: -1;	9: -1;	10: -1;	11: -1;	12: -1;	13: -1;	14: -1;	15: -1;	16: -1;	17: -1;	18: -1;	19: -1;	20: -1;	21: -1;	22: -1;	23: -1;	24: -1;	25: -1;	26: -1;	27: -1;	28: -1;	29: -1;	30: -1;	31: -1;	32: -1;	33: -1;	34: -1;	35: -1;	36: -1;	37: -1;	38: -1
10912: 2;	10913: 1;	10914: 5;	10915: 5;	10916: 5;	10917: 2;	10918: 2;	10919: 5;	10920: 0;	10921: 2;	10922: 5;	10923: 2;	10924: 2;	10925: 5;	10926: 4;	10927: 5;	10928: 5;	10929: 5;	10930: 5;	10931: 5;	10932: 2;	10933: 5;	10934: 3;	10935: 5;	10936: 2;	10937: 5;	10938: 5;	10939: 5;	10940: 2;	10941: 4;	
2024-04-12 22:25:00,221:INFO::Validation loss decreased (1.080171 --> 1.074089).  Saving model ...
2024-04-12 22:25:00,227:INFO::Epoch: 7
tensor([[0.4976, 0.5147, 0.4976, 0.4976],
        [0.4876, 0.5095, 0.4976, 0.4976],
        [0.4876, 0.5068, 0.4976, 0.4976],
        [0.4876, 0.5099, 0.4976, 0.4976],
        [0.4976, 0.5097, 0.4976, 0.4976],
        [0.4876, 0.5003, 0.4976, 0.4976],
        [0.4876, 0.5097, 0.4976, 0.4976],
        [0.4876, 0.5099, 0.4976, 0.4976]], device='cuda:0', requires_grad=True)
2024-04-12 22:25:00,228:INFO::its now!!!!!!!!5
2024-04-12 22:25:00,392:INFO::its now!!!!!!!!0
2024-04-12 22:25:00,394:INFO::its now!!!!!!!!3
2024-04-12 22:25:00,579:INFO::its now!!!!!!!!5
2024-04-12 22:25:00,776:INFO::its now!!!!!!!!
2024-04-12 22:25:00,777:INFO::its now!!!!!!!! on 
2024-04-12 22:25:00,976:INFO::its now!!!!!!!!5
2024-04-12 22:25:01,160:INFO::Epoch 00007 | lr 0.00050 | Train_Loss 1.6878 | Train_Classification_Loss 1.7001 | Dmon_Loss -0.0307 | Val_Loss 1.2754 | Search Time(s) 0.7450 | Infer Time(s) 0.1935 | Time(s) 0.9385 
2024-04-12 22:25:01,191:INFO::cluster info:
0: -1;	1: -1;	2: -1;	3: -1;	4: -1;	5: -1;	6: -1;	7: -1;	8: -1;	9: -1;	10: -1;	11: -1;	12: -1;	13: -1;	14: -1;	15: -1;	16: -1;	17: -1;	18: -1;	19: -1;	20: -1;	21: -1;	22: -1;	23: -1;	24: -1;	25: -1;	26: -1;	27: -1;	28: -1;	29: -1;	30: -1;	31: -1;	32: -1;	33: -1;	34: -1;	35: -1;	36: -1;	37: -1;	38: -1
10912: 4;	10913: 2;	10914: 5;	10915: 5;	10916: 5;	10917: 2;	10918: 2;	10919: 5;	10920: 1;	10921: 2;	10922: 2;	10923: 2;	10924: 5;	10925: 2;	10926: 5;	10927: 5;	10928: 5;	10929: 5;	10930: 5;	10931: 5;	10932: 5;	10933: 5;	10934: 3;	10935: 2;	10936: 2;	10937: 2;	10938: 2;	10939: 2;	10940: 1;	10941: 2;	
2024-04-12 22:25:01,193:INFO::EarlyStopping counter: 1 out of 8
2024-04-12 22:25:01,309:INFO::############### Search Stage Ends! ###############
2024-04-12 22:25:01,311:INFO::=============== Retrain Stage Starts:
2024-04-12 22:25:01,311:INFO::save_dir_name: gat_nasp_egreedy0_C8_useDmon_coef0.4_Adam_gcn.ppnp.mean.one-hot_noTypeLinear_014_64_shared_ops_lr0.0005_wd0.0001_use5seeds_use_adam_patience-8_30_not_use_skip
2024-04-12 22:25:13,059:INFO::node_assign_Counter:
Counter({-1: 3025, 2: 2796, 5: 1719, 1: 920, 0: 710, 3: 556, 4: 549, 6: 458, 7: 209})
2024-04-12 22:26:46,174:INFO::save_dir_name: gat_nasp_egreedy0_C8_useDmon_coef0.4_Adam_gcn.ppnp.mean.one-hot_noTypeLinear_014_64_shared_ops_lr0.0005_wd0.0001_use5seeds_use_adam_patience-8_30_not_use_skip
2024-04-12 22:26:46,245:INFO::============= repeat round: 0; seed: 123
2024-04-12 22:26:46,325:INFO::arch_weights:
[[0.49756774 0.51470417 0.49762884 0.49762884]
 [0.48755774 0.5094843  0.49762884 0.49762884]
 [0.4875599  0.5067628  0.49762884 0.49762884]
 [0.48756185 0.5099401  0.49762884 0.49762884]
 [0.4975654  0.50969136 0.49762884 0.49762884]
 [0.48756057 0.50026697 0.49762884 0.49762884]
 [0.48755404 0.5097033  0.49762884 0.49762884]
 [0.48756114 0.5099283  0.49762884 0.49762884]]
2024-04-12 22:26:46,327:INFO::arch_weights_softmax:
[[0.24891682 0.25321913 0.24893202 0.24893202]
 [0.24737702 0.25286105 0.24988098 0.24988098]
 [0.24754754 0.2523471  0.25005266 0.25005266]
 [0.24734929 0.2529469  0.2498519  0.2498519 ]
 [0.24923195 0.25227252 0.24924777 0.24924777]
 [0.24795277 0.2511235  0.25046185 0.25046185]
 [0.24736263 0.25290266 0.24986735 0.24986735]
 [0.24734989 0.25294474 0.24985269 0.24985269]]
2024-04-12 22:26:46,328:INFO::genotype choice:
['ppnp', 'ppnp', 'ppnp', 'ppnp', 'ppnp', 'ppnp', 'ppnp', 'ppnp']
2024-04-12 22:26:47,726:INFO::Epoch 00000 | lr 0.00050 |Train_Loss 1.1324 | Val_Loss 1.8773 | Time(s) 1.3334
2024-04-12 22:26:49,178:INFO::Epoch 00001 | lr 0.00050 |Train_Loss 1.9369 | Val_Loss 1.2368 | Time(s) 1.3564
2024-04-12 22:26:49,192:INFO::Validation loss decreased (inf --> 1.236790).  Saving model ...
2024-04-12 22:26:50,262:INFO::Epoch 00002 | lr 0.00050 |Train_Loss 1.2975 | Val_Loss 1.1876 | Time(s) 1.0691
2024-04-12 22:26:50,281:INFO::Validation loss decreased (1.236790 --> 1.187568).  Saving model ...
2024-04-12 22:26:51,419:INFO::Epoch 00003 | lr 0.00050 |Train_Loss 1.2266 | Val_Loss 1.3866 | Time(s) 1.1380
2024-04-12 22:26:51,420:INFO::EarlyStopping counter: 1 out of 30
2024-04-12 22:26:52,530:INFO::Epoch 00004 | lr 0.00050 |Train_Loss 1.3656 | Val_Loss 1.2944 | Time(s) 1.1080
2024-04-12 22:26:52,531:INFO::EarlyStopping counter: 2 out of 30
2024-04-12 22:26:53,674:INFO::Epoch 00005 | lr 0.00050 |Train_Loss 1.2837 | Val_Loss 1.1326 | Time(s) 1.1429
2024-04-12 22:26:53,686:INFO::Validation loss decreased (1.187568 --> 1.132571).  Saving model ...
2024-04-12 22:26:54,763:INFO::Epoch 00006 | lr 0.00050 |Train_Loss 1.1319 | Val_Loss 1.0906 | Time(s) 1.0771
2024-04-12 22:26:54,777:INFO::Validation loss decreased (1.132571 --> 1.090650).  Saving model ...
2024-04-12 22:26:55,894:INFO::Epoch 00007 | lr 0.00050 |Train_Loss 1.1013 | Val_Loss 1.1263 | Time(s) 1.1170
2024-04-12 22:26:55,896:INFO::EarlyStopping counter: 1 out of 30
2024-04-12 22:26:55,898:INFO::
testing...
2024-04-12 22:26:55,922:INFO::submit dir: submit/submit_gat_nasp_egreedy0_C8_useDmon_coef0.4_Adam_gcn.ppnp.mean.one-hot_noTypeLinear_014_64_shared_ops_lr0.0005_wd0.0001_use5seeds_use_adam_patience-8_30_not_use_skip
2024-04-12 22:27:06,755:INFO::{'micro-f1': 0.34466477809254015, 'macro-f1': 0.17349516652968575, 'roc_auc': 0.5010630620168828, 'MRR score': 0.6192949323260997}
2024-04-12 22:27:12,943:INFO::############### Retrain Stage Ends! #################
2024-04-12 22:27:17,758:INFO::=============== Search Args:
Namespace(dataset='ACM', feats_type=6, gnn_model='gat', valid_attributed_type=0, cluster_num=8, cluster_eps=1e-05, att_comp_dim=64, hidden_dim=64, num_heads=8, attn_vec_dim=128, search_epoch=8, retrain_epoch=8, inner_epoch=1, patience_search=8, patience_retrain=30, batch_size=2, batch_size_test=2, momentum=0.9, lr=0.0005, lr_rate_min=3e-05, num_layers=3, dropout=0.5, weight_decay=0.0001, slope=0.05, grad_clip=5, network_momentum=0.9, arch_learning_rate=0.005, arch_weight_decay=1e-05, repeat=5, cluster_epoch=4, save_postfix='DBLP', feats_opt='0111', cuda=True, unrolled=False, useSGD=False, useTypeLinear=False, l2norm=False, cluster_norm=False, usedropout=False, is_unrolled='False', is_use_type_linear='False', is_use_SGD='False', is_use_dropout='False', time_line='2024-04-12-22-23-17', edge_feats=64, warmup_epoch=0, clusterupdate_round=1, searcher_name='nasp', rnn_type='RotatE0', neighbor_samples=100, use_minibatch=False, shared_ops=True, e_greedy=0, usebn=False, seed=666, use_5seeds=True, no_use_fixseeds=False, use_dmon=True, collapse_regularization=0.1, dmon_loss_alpha=0.4, tau=1.0, schedule_step=350, schedule_step_retrain=500, use_norm=False, use_adamw=False, use_skip=False, cur_repeat=1, last_hidden_dim=512, logger=<Logger log_output (INFO)>)
2024-04-12 22:27:23,608:INFO::node_type_num: 4
2024-04-12 22:27:23,649:INFO::=============== Prepare basic data stage finish, use 5.8901894092559814 time.
2024-04-12 22:27:23,817:INFO::save_dir_name: gat_nasp_egreedy0_C8_useDmon_coef0.4_Adam_gcn.ppnp.mean.one-hot_noTypeLinear_014_64_shared_ops_lr0.0005_wd0.0001_use5seeds_use_adam_patience-8_30_not_use_skip
2024-04-12 22:27:24,217:INFO::Epoch: 0
tensor([[0.5000, 0.5000, 0.5000, 0.5000],
        [0.5000, 0.5000, 0.5000, 0.5000],
        [0.5000, 0.5000, 0.5000, 0.5000],
        [0.5000, 0.5000, 0.5000, 0.5000],
        [0.5000, 0.5000, 0.5000, 0.5000],
        [0.5000, 0.5000, 0.5000, 0.5000],
        [0.5000, 0.5000, 0.5000, 0.5000],
        [0.5000, 0.5000, 0.5000, 0.5000]], device='cuda:0', requires_grad=True)
2024-04-12 22:27:24,219:INFO::its now!!!!!!!!5
2024-04-12 22:27:24,489:INFO::its now!!!!!!!!0
2024-04-12 22:27:24,492:INFO::its now!!!!!!!!3
2024-04-12 22:27:24,669:INFO::its now!!!!!!!!5
2024-04-12 22:27:24,843:INFO::its now!!!!!!!!
2024-04-12 22:27:24,844:INFO::its now!!!!!!!! on 
2024-04-12 22:27:25,040:INFO::its now!!!!!!!!5
2024-04-12 22:27:25,218:INFO::save_dir_name: gat_nasp_egreedy0_C8_useDmon_coef0.4_Adam_gcn.ppnp.mean.one-hot_noTypeLinear_014_64_shared_ops_lr0.0005_wd0.0001_use5seeds_use_adam_patience-8_30_not_use_skip
2024-04-12 22:27:25,221:INFO::Epoch 00000 | lr 0.00050 | Train_Loss 1.1501 | Train_Classification_Loss 1.1606 | Dmon_Loss -0.0263 | Val_Loss 1.4163 | Search Time(s) 0.8218 | Infer Time(s) 0.1845 | Time(s) 1.0063 
2024-04-12 22:27:25,271:INFO::cluster info:
0: -1;	1: -1;	2: -1;	3: -1;	4: -1;	5: -1;	6: -1;	7: -1;	8: -1;	9: -1;	10: -1;	11: -1;	12: -1;	13: -1;	14: -1;	15: -1;	16: -1;	17: -1;	18: -1;	19: -1;	20: -1;	21: -1;	22: -1;	23: -1;	24: -1;	25: -1;	26: -1;	27: -1;	28: -1;	29: -1;	30: -1;	31: -1;	32: -1;	33: -1;	34: -1;	35: -1;	36: -1;	37: -1;	38: -1
10912: 6;	10913: 3;	10914: 3;	10915: 6;	10916: 3;	10917: 2;	10918: 6;	10919: 2;	10920: 3;	10921: 6;	10922: 6;	10923: 2;	10924: 6;	10925: 3;	10926: 2;	10927: 6;	10928: 3;	10929: 3;	10930: 3;	10931: 3;	10932: 2;	10933: 3;	10934: 2;	10935: 6;	10936: 6;	10937: 6;	10938: 2;	10939: 6;	10940: 6;	10941: 3;	
2024-04-12 22:27:25,276:INFO::Epoch: 1
tensor([[0.4950, 0.5050, 0.5050, 0.5050],
        [0.4950, 0.5050, 0.5050, 0.5050],
        [0.4950, 0.5050, 0.5050, 0.5050],
        [0.4950, 0.5050, 0.5050, 0.5050],
        [0.4950, 0.5050, 0.5050, 0.5050],
        [0.4950, 0.5050, 0.5050, 0.5050],
        [0.4950, 0.5050, 0.5050, 0.5050],
        [0.4950, 0.5050, 0.5050, 0.5050]], device='cuda:0', requires_grad=True)
2024-04-12 22:27:25,277:INFO::its now!!!!!!!!5
2024-04-12 22:27:25,468:INFO::its now!!!!!!!!0
2024-04-12 22:27:25,469:INFO::its now!!!!!!!!3
2024-04-12 22:27:25,654:INFO::its now!!!!!!!!5
2024-04-12 22:27:25,826:INFO::its now!!!!!!!!
2024-04-12 22:27:25,827:INFO::its now!!!!!!!! on 
2024-04-12 22:27:26,023:INFO::its now!!!!!!!!5
2024-04-12 22:27:26,200:INFO::save_dir_name: gat_nasp_egreedy0_C8_useDmon_coef0.4_Adam_gcn.ppnp.mean.one-hot_noTypeLinear_014_64_shared_ops_lr0.0005_wd0.0001_use5seeds_use_adam_patience-8_30_not_use_skip
2024-04-12 22:27:26,202:INFO::Epoch 00001 | lr 0.00050 | Train_Loss 1.5758 | Train_Classification_Loss 1.5873 | Dmon_Loss -0.0290 | Val_Loss 1.1272 | Search Time(s) 0.7430 | Infer Time(s) 0.1845 | Time(s) 0.9275 
2024-04-12 22:27:26,246:INFO::cluster info:
0: -1;	1: -1;	2: -1;	3: -1;	4: -1;	5: -1;	6: -1;	7: -1;	8: -1;	9: -1;	10: -1;	11: -1;	12: -1;	13: -1;	14: -1;	15: -1;	16: -1;	17: -1;	18: -1;	19: -1;	20: -1;	21: -1;	22: -1;	23: -1;	24: -1;	25: -1;	26: -1;	27: -1;	28: -1;	29: -1;	30: -1;	31: -1;	32: -1;	33: -1;	34: -1;	35: -1;	36: -1;	37: -1;	38: -1
10912: 6;	10913: 5;	10914: 3;	10915: 6;	10916: 6;	10917: 6;	10918: 6;	10919: 6;	10920: 3;	10921: 3;	10922: 6;	10923: 3;	10924: 6;	10925: 6;	10926: 6;	10927: 3;	10928: 3;	10929: 6;	10930: 6;	10931: 6;	10932: 6;	10933: 6;	10934: 6;	10935: 6;	10936: 6;	10937: 6;	10938: 3;	10939: 6;	10940: 5;	10941: 3;	
2024-04-12 22:27:26,247:INFO::Validation loss decreased (inf --> 1.127216).  Saving model ...
2024-04-12 22:27:26,253:INFO::Epoch: 2
tensor([[0.4994, 0.5074, 0.5098, 0.5098],
        [0.4996, 0.5073, 0.5098, 0.5098],
        [0.4995, 0.5080, 0.5098, 0.5098],
        [0.4996, 0.5085, 0.5098, 0.5098],
        [0.4996, 0.5075, 0.5098, 0.5098],
        [0.4992, 0.5074, 0.5098, 0.5098],
        [0.4994, 0.5102, 0.5098, 0.5098],
        [0.4996, 0.5075, 0.5098, 0.5098]], device='cuda:0', requires_grad=True)
2024-04-12 22:27:26,255:INFO::its now!!!!!!!!5
2024-04-12 22:27:26,419:INFO::its now!!!!!!!!0
2024-04-12 22:27:26,421:INFO::its now!!!!!!!!3
2024-04-12 22:27:26,608:INFO::its now!!!!!!!!5
2024-04-12 22:27:26,777:INFO::its now!!!!!!!!
2024-04-12 22:27:26,778:INFO::its now!!!!!!!! on 
2024-04-12 22:27:26,974:INFO::its now!!!!!!!!5
2024-04-12 22:27:27,153:INFO::Epoch 00002 | lr 0.00050 | Train_Loss 1.1131 | Train_Classification_Loss 1.1248 | Dmon_Loss -0.0293 | Val_Loss 1.3301 | Search Time(s) 0.7171 | Infer Time(s) 0.1875 | Time(s) 0.9046 
2024-04-12 22:27:27,205:INFO::cluster info:
0: -1;	1: -1;	2: -1;	3: -1;	4: -1;	5: -1;	6: -1;	7: -1;	8: -1;	9: -1;	10: -1;	11: -1;	12: -1;	13: -1;	14: -1;	15: -1;	16: -1;	17: -1;	18: -1;	19: -1;	20: -1;	21: -1;	22: -1;	23: -1;	24: -1;	25: -1;	26: -1;	27: -1;	28: -1;	29: -1;	30: -1;	31: -1;	32: -1;	33: -1;	34: -1;	35: -1;	36: -1;	37: -1;	38: -1
10912: 6;	10913: 6;	10914: 0;	10915: 6;	10916: 3;	10917: 3;	10918: 3;	10919: 3;	10920: 3;	10921: 3;	10922: 3;	10923: 3;	10924: 3;	10925: 6;	10926: 6;	10927: 3;	10928: 3;	10929: 3;	10930: 3;	10931: 3;	10932: 6;	10933: 3;	10934: 5;	10935: 6;	10936: 2;	10937: 3;	10938: 3;	10939: 3;	10940: 3;	10941: 1;	
2024-04-12 22:27:27,295:INFO::EarlyStopping counter: 1 out of 8
2024-04-12 22:27:27,302:INFO::Epoch: 3
tensor([[0.4975, 0.5025, 0.5124, 0.5081],
        [0.4977, 0.5025, 0.5124, 0.5081],
        [0.4977, 0.5031, 0.5124, 0.5081],
        [0.4977, 0.5037, 0.5124, 0.5081],
        [0.4977, 0.5026, 0.5124, 0.5081],
        [0.4973, 0.5025, 0.5124, 0.5081],
        [0.4975, 0.5129, 0.5081, 0.5081],
        [0.4977, 0.5026, 0.5124, 0.5081]], device='cuda:0', requires_grad=True)
2024-04-12 22:27:27,304:INFO::its now!!!!!!!!5
2024-04-12 22:27:27,646:INFO::its now!!!!!!!!0
2024-04-12 22:27:27,648:INFO::its now!!!!!!!!3
2024-04-12 22:27:27,840:INFO::its now!!!!!!!!5
2024-04-12 22:27:28,035:INFO::its now!!!!!!!!
2024-04-12 22:27:28,036:INFO::its now!!!!!!!! on 
2024-04-12 22:27:28,233:INFO::its now!!!!!!!!5
2024-04-12 22:27:28,410:INFO::Epoch 00003 | lr 0.00050 | Train_Loss 1.2982 | Train_Classification_Loss 1.3097 | Dmon_Loss -0.0287 | Val_Loss 1.2405 | Search Time(s) 0.9305 | Infer Time(s) 0.1825 | Time(s) 1.1130 
2024-04-12 22:27:28,445:INFO::cluster info:
0: -1;	1: -1;	2: -1;	3: -1;	4: -1;	5: -1;	6: -1;	7: -1;	8: -1;	9: -1;	10: -1;	11: -1;	12: -1;	13: -1;	14: -1;	15: -1;	16: -1;	17: -1;	18: -1;	19: -1;	20: -1;	21: -1;	22: -1;	23: -1;	24: -1;	25: -1;	26: -1;	27: -1;	28: -1;	29: -1;	30: -1;	31: -1;	32: -1;	33: -1;	34: -1;	35: -1;	36: -1;	37: -1;	38: -1
10912: 3;	10913: 6;	10914: 3;	10915: 3;	10916: 3;	10917: 4;	10918: 0;	10919: 3;	10920: 4;	10921: 2;	10922: 2;	10923: 6;	10924: 6;	10925: 6;	10926: 4;	10927: 6;	10928: 6;	10929: 6;	10930: 3;	10931: 3;	10932: 3;	10933: 3;	10934: 6;	10935: 0;	10936: 2;	10937: 0;	10938: 0;	10939: 7;	10940: 6;	10941: 3;	
2024-04-12 22:27:28,446:INFO::EarlyStopping counter: 2 out of 8
2024-04-12 22:27:28,450:INFO::Epoch: 4
tensor([[0.5018, 0.5067, 0.5137, 0.5125],
        [0.5021, 0.5067, 0.5137, 0.5125],
        [0.5020, 0.5074, 0.5137, 0.5125],
        [0.5021, 0.5079, 0.5132, 0.5125],
        [0.5021, 0.5068, 0.5137, 0.5125],
        [0.5016, 0.5067, 0.5137, 0.5125],
        [0.5019, 0.5150, 0.5125, 0.5125],
        [0.5021, 0.5068, 0.5137, 0.5125]], device='cuda:0', requires_grad=True)
2024-04-12 22:27:28,451:INFO::its now!!!!!!!!5
2024-04-12 22:27:28,617:INFO::its now!!!!!!!!0
2024-04-12 22:27:28,619:INFO::its now!!!!!!!!3
2024-04-12 22:27:28,806:INFO::its now!!!!!!!!5
2024-04-12 22:27:28,990:INFO::its now!!!!!!!!
2024-04-12 22:27:28,991:INFO::its now!!!!!!!! on 
2024-04-12 22:27:29,195:INFO::its now!!!!!!!!5
2024-04-12 22:27:29,364:INFO::Epoch 00004 | lr 0.00050 | Train_Loss 1.1741 | Train_Classification_Loss 1.1866 | Dmon_Loss -0.0312 | Val_Loss 1.1608 | Search Time(s) 0.7470 | Infer Time(s) 0.1705 | Time(s) 0.9175 
2024-04-12 22:27:29,410:INFO::cluster info:
0: -1;	1: -1;	2: -1;	3: -1;	4: -1;	5: -1;	6: -1;	7: -1;	8: -1;	9: -1;	10: -1;	11: -1;	12: -1;	13: -1;	14: -1;	15: -1;	16: -1;	17: -1;	18: -1;	19: -1;	20: -1;	21: -1;	22: -1;	23: -1;	24: -1;	25: -1;	26: -1;	27: -1;	28: -1;	29: -1;	30: -1;	31: -1;	32: -1;	33: -1;	34: -1;	35: -1;	36: -1;	37: -1;	38: -1
10912: 0;	10913: 6;	10914: 1;	10915: 3;	10916: 3;	10917: 3;	10918: 6;	10919: 3;	10920: 3;	10921: 3;	10922: 0;	10923: 3;	10924: 4;	10925: 3;	10926: 0;	10927: 3;	10928: 3;	10929: 3;	10930: 3;	10931: 3;	10932: 2;	10933: 6;	10934: 3;	10935: 0;	10936: 3;	10937: 3;	10938: 0;	10939: 0;	10940: 6;	10941: 3;	
2024-04-12 22:27:29,411:INFO::EarlyStopping counter: 3 out of 8
2024-04-12 22:27:29,416:INFO::Epoch: 5
tensor([[0.5042, 0.5090, 0.5144, 0.5149],
        [0.5045, 0.5089, 0.5145, 0.5149],
        [0.5044, 0.5096, 0.5145, 0.5149],
        [0.5045, 0.5102, 0.5134, 0.5149],
        [0.5045, 0.5091, 0.5144, 0.5149],
        [0.5040, 0.5090, 0.5144, 0.5149],
        [0.5043, 0.5159, 0.5149, 0.5149],
        [0.5045, 0.5091, 0.5145, 0.5149]], device='cuda:0', requires_grad=True)
2024-04-12 22:27:29,417:INFO::its now!!!!!!!!5
2024-04-12 22:27:29,584:INFO::its now!!!!!!!!0
2024-04-12 22:27:29,585:INFO::its now!!!!!!!!3
2024-04-12 22:27:29,770:INFO::its now!!!!!!!!5
2024-04-12 22:27:29,947:INFO::its now!!!!!!!!
2024-04-12 22:27:29,948:INFO::its now!!!!!!!! on 
2024-04-12 22:27:30,152:INFO::its now!!!!!!!!5
2024-04-12 22:27:30,309:INFO::save_dir_name: gat_nasp_egreedy0_C8_useDmon_coef0.4_Adam_gcn.ppnp.mean.one-hot_noTypeLinear_014_64_shared_ops_lr0.0005_wd0.0001_use5seeds_use_adam_patience-8_30_not_use_skip
2024-04-12 22:27:30,311:INFO::Epoch 00005 | lr 0.00050 | Train_Loss 1.1474 | Train_Classification_Loss 1.1599 | Dmon_Loss -0.0312 | Val_Loss 1.1097 | Search Time(s) 0.7390 | Infer Time(s) 0.1576 | Time(s) 0.8966 
2024-04-12 22:27:30,367:INFO::cluster info:
0: -1;	1: -1;	2: -1;	3: -1;	4: -1;	5: -1;	6: -1;	7: -1;	8: -1;	9: -1;	10: -1;	11: -1;	12: -1;	13: -1;	14: -1;	15: -1;	16: -1;	17: -1;	18: -1;	19: -1;	20: -1;	21: -1;	22: -1;	23: -1;	24: -1;	25: -1;	26: -1;	27: -1;	28: -1;	29: -1;	30: -1;	31: -1;	32: -1;	33: -1;	34: -1;	35: -1;	36: -1;	37: -1;	38: -1
10912: 0;	10913: 5;	10914: 6;	10915: 3;	10916: 3;	10917: 6;	10918: 2;	10919: 5;	10920: 0;	10921: 3;	10922: 5;	10923: 0;	10924: 0;	10925: 2;	10926: 6;	10927: 5;	10928: 3;	10929: 3;	10930: 3;	10931: 3;	10932: 3;	10933: 3;	10934: 3;	10935: 3;	10936: 5;	10937: 0;	10938: 3;	10939: 5;	10940: 6;	10941: 5;	
2024-04-12 22:27:30,369:INFO::Validation loss decreased (1.127216 --> 1.109725).  Saving model ...
2024-04-12 22:27:30,374:INFO::Epoch: 6
tensor([[0.5040, 0.5086, 0.5107, 0.5161],
        [0.5043, 0.5086, 0.5109, 0.5161],
        [0.5042, 0.5093, 0.5108, 0.5161],
        [0.5043, 0.5098, 0.5096, 0.5162],
        [0.5042, 0.5087, 0.5108, 0.5161],
        [0.5038, 0.5087, 0.5108, 0.5161],
        [0.5040, 0.5162, 0.5146, 0.5146],
        [0.5043, 0.5087, 0.5108, 0.5161]], device='cuda:0', requires_grad=True)
2024-04-12 22:27:30,377:INFO::its now!!!!!!!!5
2024-04-12 22:27:30,536:INFO::its now!!!!!!!!0
2024-04-12 22:27:30,538:INFO::its now!!!!!!!!3
2024-04-12 22:27:30,725:INFO::its now!!!!!!!!5
2024-04-12 22:27:30,928:INFO::its now!!!!!!!!
2024-04-12 22:27:30,929:INFO::its now!!!!!!!! on 
2024-04-12 22:27:31,138:INFO::its now!!!!!!!!5
2024-04-12 22:27:31,305:INFO::Epoch 00006 | lr 0.00050 | Train_Loss 1.1336 | Train_Classification_Loss 1.1461 | Dmon_Loss -0.0313 | Val_Loss 1.1367 | Search Time(s) 0.7679 | Infer Time(s) 0.1685 | Time(s) 0.9365 
2024-04-12 22:27:31,345:INFO::cluster info:
0: -1;	1: -1;	2: -1;	3: -1;	4: -1;	5: -1;	6: -1;	7: -1;	8: -1;	9: -1;	10: -1;	11: -1;	12: -1;	13: -1;	14: -1;	15: -1;	16: -1;	17: -1;	18: -1;	19: -1;	20: -1;	21: -1;	22: -1;	23: -1;	24: -1;	25: -1;	26: -1;	27: -1;	28: -1;	29: -1;	30: -1;	31: -1;	32: -1;	33: -1;	34: -1;	35: -1;	36: -1;	37: -1;	38: -1
10912: 5;	10913: 5;	10914: 5;	10915: 5;	10916: 6;	10917: 4;	10918: 5;	10919: 6;	10920: 6;	10921: 3;	10922: 3;	10923: 6;	10924: 5;	10925: 6;	10926: 0;	10927: 5;	10928: 3;	10929: 5;	10930: 6;	10931: 5;	10932: 5;	10933: 3;	10934: 5;	10935: 5;	10936: 5;	10937: 3;	10938: 3;	10939: 5;	10940: 6;	10941: 6;	
2024-04-12 22:27:31,347:INFO::EarlyStopping counter: 1 out of 8
2024-04-12 22:27:31,350:INFO::Epoch: 7
tensor([[0.5000, 0.5045, 0.5039, 0.5168],
        [0.5003, 0.5044, 0.5041, 0.5168],
        [0.5002, 0.5051, 0.5040, 0.5168],
        [0.5003, 0.5057, 0.5028, 0.5168],
        [0.5002, 0.5046, 0.5040, 0.5168],
        [0.4998, 0.5045, 0.5040, 0.5168],
        [0.5001, 0.5165, 0.5107, 0.5107],
        [0.5003, 0.5046, 0.5040, 0.5168]], device='cuda:0', requires_grad=True)
2024-04-12 22:27:31,351:INFO::its now!!!!!!!!5
2024-04-12 22:27:31,511:INFO::its now!!!!!!!!0
2024-04-12 22:27:31,513:INFO::its now!!!!!!!!3
2024-04-12 22:27:31,702:INFO::its now!!!!!!!!5
2024-04-12 22:27:31,874:INFO::its now!!!!!!!!
2024-04-12 22:27:31,874:INFO::its now!!!!!!!! on 
2024-04-12 22:27:32,078:INFO::its now!!!!!!!!5
2024-04-12 22:27:32,241:INFO::Epoch 00007 | lr 0.00050 | Train_Loss 1.1840 | Train_Classification_Loss 1.1965 | Dmon_Loss -0.0312 | Val_Loss 1.1104 | Search Time(s) 0.7290 | Infer Time(s) 0.1646 | Time(s) 0.8936 
2024-04-12 22:27:32,277:INFO::cluster info:
0: -1;	1: -1;	2: -1;	3: -1;	4: -1;	5: -1;	6: -1;	7: -1;	8: -1;	9: -1;	10: -1;	11: -1;	12: -1;	13: -1;	14: -1;	15: -1;	16: -1;	17: -1;	18: -1;	19: -1;	20: -1;	21: -1;	22: -1;	23: -1;	24: -1;	25: -1;	26: -1;	27: -1;	28: -1;	29: -1;	30: -1;	31: -1;	32: -1;	33: -1;	34: -1;	35: -1;	36: -1;	37: -1;	38: -1
10912: 5;	10913: 5;	10914: 5;	10915: 6;	10916: 5;	10917: 0;	10918: 0;	10919: 3;	10920: 5;	10921: 5;	10922: 5;	10923: 5;	10924: 0;	10925: 6;	10926: 5;	10927: 6;	10928: 0;	10929: 5;	10930: 5;	10931: 3;	10932: 5;	10933: 5;	10934: 5;	10935: 5;	10936: 5;	10937: 3;	10938: 6;	10939: 6;	10940: 1;	10941: 5;	
2024-04-12 22:27:32,278:INFO::EarlyStopping counter: 2 out of 8
2024-04-12 22:27:32,397:INFO::############### Search Stage Ends! ###############
2024-04-12 22:27:43,780:INFO::=============== Retrain Stage Starts:
2024-04-12 22:27:43,781:INFO::save_dir_name: gat_nasp_egreedy0_C8_useDmon_coef0.4_Adam_gcn.ppnp.mean.one-hot_noTypeLinear_014_64_shared_ops_lr0.0005_wd0.0001_use5seeds_use_adam_patience-8_30_not_use_skip
2024-04-12 22:27:45,967:INFO::node_assign_Counter:
Counter({-1: 3025, 3: 2368, 6: 1164, 0: 1018, 5: 924, 1: 814, 4: 643, 2: 563, 7: 423})
2024-04-12 22:27:45,968:INFO::save_dir_name: gat_nasp_egreedy0_C8_useDmon_coef0.4_Adam_gcn.ppnp.mean.one-hot_noTypeLinear_014_64_shared_ops_lr0.0005_wd0.0001_use5seeds_use_adam_patience-8_30_not_use_skip
2024-04-12 22:27:46,026:INFO::============= repeat round: 1; seed: 666
2024-04-12 22:27:46,066:INFO::arch_weights:
[[0.5039884  0.50863206 0.5107101  0.5161475 ]
 [0.5042614  0.50859463 0.5108909  0.5161484 ]
 [0.50419486 0.5092908  0.5108214  0.5161478 ]
 [0.5042845  0.50984037 0.509609   0.5161537 ]
 [0.5042327  0.50872636 0.51078445 0.5161478 ]
 [0.5037523  0.50866747 0.51080614 0.5161476 ]
 [0.5040481  0.51624167 0.51463777 0.51463777]
 [0.5042555  0.50874907 0.510812   0.5161471 ]]
2024-04-12 22:27:46,068:INFO::arch_weights_softmax:
[[0.24853167 0.24968845 0.25020784 0.25157204]
 [0.24857369 0.24965316 0.25022706 0.2515461 ]
 [0.24852239 0.24979208 0.25017473 0.2515108 ]
 [0.24858    0.24996491 0.2499071  0.25154802]
 [0.2485668  0.24968629 0.2502007  0.2515462 ]
 [0.24847938 0.24970372 0.25023833 0.25157854]
 [0.24791996 0.25096148 0.25055927 0.25055927]
 [0.24856795 0.24968743 0.25020307 0.2515415 ]]
2024-04-12 22:27:46,068:INFO::genotype choice:
['one-hot', 'one-hot', 'one-hot', 'one-hot', 'one-hot', 'one-hot', 'ppnp', 'one-hot']
2024-04-12 22:27:46,833:INFO::Epoch 00000 | lr 0.00050 |Train_Loss 1.1054 | Val_Loss 1.9671 | Time(s) 0.7121
2024-04-12 22:27:47,334:INFO::Epoch 00001 | lr 0.00050 |Train_Loss 1.8380 | Val_Loss 1.5020 | Time(s) 0.4857
2024-04-12 22:27:47,346:INFO::Validation loss decreased (inf --> 1.501961).  Saving model ...
2024-04-12 22:27:47,824:INFO::Epoch 00002 | lr 0.00050 |Train_Loss 1.4169 | Val_Loss 1.1319 | Time(s) 0.4777
2024-04-12 22:27:47,837:INFO::Validation loss decreased (1.501961 --> 1.131906).  Saving model ...
2024-04-12 22:27:48,308:INFO::Epoch 00003 | lr 0.00050 |Train_Loss 1.1374 | Val_Loss 1.2421 | Time(s) 0.4697
2024-04-12 22:27:48,309:INFO::EarlyStopping counter: 1 out of 30
2024-04-12 22:27:48,788:INFO::Epoch 00004 | lr 0.00050 |Train_Loss 1.3166 | Val_Loss 1.1948 | Time(s) 0.4767
2024-04-12 22:27:48,788:INFO::EarlyStopping counter: 2 out of 30
2024-04-12 22:27:49,271:INFO::Epoch 00005 | lr 0.00050 |Train_Loss 1.2374 | Val_Loss 1.1113 | Time(s) 0.4827
2024-04-12 22:27:49,285:INFO::Validation loss decreased (1.131906 --> 1.111338).  Saving model ...
2024-04-12 22:27:49,765:INFO::Epoch 00006 | lr 0.00050 |Train_Loss 1.1271 | Val_Loss 1.1202 | Time(s) 0.4787
2024-04-12 22:27:49,766:INFO::EarlyStopping counter: 1 out of 30
2024-04-12 22:27:50,255:INFO::Epoch 00007 | lr 0.00050 |Train_Loss 1.1054 | Val_Loss 1.1741 | Time(s) 0.4877
2024-04-12 22:27:50,256:INFO::EarlyStopping counter: 2 out of 30
2024-04-12 22:27:50,257:INFO::
testing...
2024-04-12 22:27:50,279:INFO::submit dir: submit/submit_gat_nasp_egreedy0_C8_useDmon_coef0.4_Adam_gcn.ppnp.mean.one-hot_noTypeLinear_014_64_shared_ops_lr0.0005_wd0.0001_use5seeds_use_adam_patience-8_30_not_use_skip
2024-04-12 22:27:57,914:INFO::{'micro-f1': 0.3371104815864023, 'macro-f1': 0.16807909604519775, 'roc_auc': 0.5, 'MRR score': 0.6113471828769171}
2024-04-12 22:29:50,400:INFO::############### Retrain Stage Ends! #################
2024-04-12 22:29:51,248:INFO::=============== Search Args:
Namespace(dataset='ACM', feats_type=6, gnn_model='gat', valid_attributed_type=0, cluster_num=8, cluster_eps=1e-05, att_comp_dim=64, hidden_dim=64, num_heads=8, attn_vec_dim=128, search_epoch=8, retrain_epoch=8, inner_epoch=1, patience_search=8, patience_retrain=30, batch_size=2, batch_size_test=2, momentum=0.9, lr=0.0005, lr_rate_min=3e-05, num_layers=3, dropout=0.5, weight_decay=0.0001, slope=0.05, grad_clip=5, network_momentum=0.9, arch_learning_rate=0.005, arch_weight_decay=1e-05, repeat=5, cluster_epoch=4, save_postfix='DBLP', feats_opt='0111', cuda=True, unrolled=False, useSGD=False, useTypeLinear=False, l2norm=False, cluster_norm=False, usedropout=False, is_unrolled='False', is_use_type_linear='False', is_use_SGD='False', is_use_dropout='False', time_line='2024-04-12-22-23-17', edge_feats=64, warmup_epoch=0, clusterupdate_round=1, searcher_name='nasp', rnn_type='RotatE0', neighbor_samples=100, use_minibatch=False, shared_ops=True, e_greedy=0, usebn=False, seed=1233, use_5seeds=True, no_use_fixseeds=False, use_dmon=True, collapse_regularization=0.1, dmon_loss_alpha=0.4, tau=1.0, schedule_step=350, schedule_step_retrain=500, use_norm=False, use_adamw=False, use_skip=False, cur_repeat=2, last_hidden_dim=512, logger=<Logger log_output (INFO)>)
2024-04-12 22:29:57,266:INFO::node_type_num: 4
2024-04-12 22:29:57,314:INFO::=============== Prepare basic data stage finish, use 6.066621541976929 time.
2024-04-12 22:29:57,511:INFO::save_dir_name: gat_nasp_egreedy0_C8_useDmon_coef0.4_Adam_gcn.ppnp.mean.one-hot_noTypeLinear_014_64_shared_ops_lr0.0005_wd0.0001_use5seeds_use_adam_patience-8_30_not_use_skip
2024-04-12 22:29:57,835:INFO::Epoch: 0
tensor([[0.5000, 0.5000, 0.5000, 0.5000],
        [0.5000, 0.5000, 0.5000, 0.5000],
        [0.5000, 0.5000, 0.5000, 0.5000],
        [0.5000, 0.5000, 0.5000, 0.5000],
        [0.5000, 0.5000, 0.5000, 0.5000],
        [0.5000, 0.5000, 0.5000, 0.5000],
        [0.5000, 0.5000, 0.5000, 0.5000],
        [0.5000, 0.5000, 0.5000, 0.5000]], device='cuda:0', requires_grad=True)
2024-04-12 22:29:57,838:INFO::its now!!!!!!!!5
2024-04-12 22:29:58,101:INFO::its now!!!!!!!!0
2024-04-12 22:29:58,103:INFO::its now!!!!!!!!3
2024-04-12 22:29:58,280:INFO::its now!!!!!!!!5
2024-04-12 22:29:58,466:INFO::its now!!!!!!!!
2024-04-12 22:29:58,467:INFO::its now!!!!!!!! on 
2024-04-12 22:29:58,653:INFO::its now!!!!!!!!5
2024-04-12 22:29:58,827:INFO::save_dir_name: gat_nasp_egreedy0_C8_useDmon_coef0.4_Adam_gcn.ppnp.mean.one-hot_noTypeLinear_014_64_shared_ops_lr0.0005_wd0.0001_use5seeds_use_adam_patience-8_30_not_use_skip
2024-04-12 22:29:58,829:INFO::Epoch 00000 | lr 0.00050 | Train_Loss 1.1595 | Train_Classification_Loss 1.1708 | Dmon_Loss -0.0281 | Val_Loss 1.7865 | Search Time(s) 0.8228 | Infer Time(s) 0.1755 | Time(s) 0.9983 
2024-04-12 22:29:58,876:INFO::cluster info:
0: -1;	1: -1;	2: -1;	3: -1;	4: -1;	5: -1;	6: -1;	7: -1;	8: -1;	9: -1;	10: -1;	11: -1;	12: -1;	13: -1;	14: -1;	15: -1;	16: -1;	17: -1;	18: -1;	19: -1;	20: -1;	21: -1;	22: -1;	23: -1;	24: -1;	25: -1;	26: -1;	27: -1;	28: -1;	29: -1;	30: -1;	31: -1;	32: -1;	33: -1;	34: -1;	35: -1;	36: -1;	37: -1;	38: -1
10912: 1;	10913: 1;	10914: 1;	10915: 1;	10916: 1;	10917: 1;	10918: 1;	10919: 1;	10920: 1;	10921: 1;	10922: 1;	10923: 2;	10924: 1;	10925: 1;	10926: 1;	10927: 1;	10928: 1;	10929: 1;	10930: 1;	10931: 1;	10932: 1;	10933: 2;	10934: 1;	10935: 1;	10936: 1;	10937: 1;	10938: 1;	10939: 1;	10940: 5;	10941: 1;	
2024-04-12 22:29:58,884:INFO::Epoch: 1
tensor([[0.4950, 0.4950, 0.4950, 0.4950],
        [0.4950, 0.4950, 0.4950, 0.4950],
        [0.4950, 0.4950, 0.4950, 0.4950],
        [0.5050, 0.4950, 0.4950, 0.4950],
        [0.4950, 0.4950, 0.4950, 0.4950],
        [0.5050, 0.4950, 0.4950, 0.4950],
        [0.5050, 0.4950, 0.4950, 0.4950],
        [0.4950, 0.4950, 0.4950, 0.4950]], device='cuda:0', requires_grad=True)
2024-04-12 22:29:58,885:INFO::its now!!!!!!!!5
2024-04-12 22:29:59,052:INFO::its now!!!!!!!!0
2024-04-12 22:29:59,053:INFO::its now!!!!!!!!3
2024-04-12 22:29:59,224:INFO::its now!!!!!!!!5
2024-04-12 22:29:59,418:INFO::its now!!!!!!!!
2024-04-12 22:29:59,419:INFO::its now!!!!!!!! on 
2024-04-12 22:29:59,616:INFO::its now!!!!!!!!5
2024-04-12 22:29:59,784:INFO::save_dir_name: gat_nasp_egreedy0_C8_useDmon_coef0.4_Adam_gcn.ppnp.mean.one-hot_noTypeLinear_014_64_shared_ops_lr0.0005_wd0.0001_use5seeds_use_adam_patience-8_30_not_use_skip
2024-04-12 22:29:59,786:INFO::Epoch 00001 | lr 0.00050 | Train_Loss 1.7421 | Train_Classification_Loss 1.7531 | Dmon_Loss -0.0275 | Val_Loss 1.2942 | Search Time(s) 0.7281 | Infer Time(s) 0.1775 | Time(s) 0.9056 
2024-04-12 22:29:59,839:INFO::cluster info:
0: -1;	1: -1;	2: -1;	3: -1;	4: -1;	5: -1;	6: -1;	7: -1;	8: -1;	9: -1;	10: -1;	11: -1;	12: -1;	13: -1;	14: -1;	15: -1;	16: -1;	17: -1;	18: -1;	19: -1;	20: -1;	21: -1;	22: -1;	23: -1;	24: -1;	25: -1;	26: -1;	27: -1;	28: -1;	29: -1;	30: -1;	31: -1;	32: -1;	33: -1;	34: -1;	35: -1;	36: -1;	37: -1;	38: -1
10912: 2;	10913: 1;	10914: 1;	10915: 1;	10916: 2;	10917: 2;	10918: 1;	10919: 1;	10920: 1;	10921: 1;	10922: 1;	10923: 2;	10924: 1;	10925: 1;	10926: 1;	10927: 1;	10928: 1;	10929: 1;	10930: 1;	10931: 1;	10932: 1;	10933: 1;	10934: 1;	10935: 1;	10936: 1;	10937: 1;	10938: 2;	10939: 1;	10940: 1;	10941: 4;	
2024-04-12 22:29:59,841:INFO::Validation loss decreased (inf --> 1.294176).  Saving model ...
2024-04-12 22:29:59,847:INFO::Epoch: 2
tensor([[0.4906, 0.4994, 0.4994, 0.4994],
        [0.4902, 0.4994, 0.4994, 0.4994],
        [0.4912, 0.4994, 0.4994, 0.4994],
        [0.5026, 0.4994, 0.4994, 0.4994],
        [0.4943, 0.4994, 0.4994, 0.4994],
        [0.5092, 0.4994, 0.4994, 0.4994],
        [0.5063, 0.4994, 0.4994, 0.4994],
        [0.4927, 0.4994, 0.4994, 0.4994]], device='cuda:0', requires_grad=True)
2024-04-12 22:29:59,849:INFO::its now!!!!!!!!5
2024-04-12 22:30:00,028:INFO::its now!!!!!!!!0
2024-04-12 22:30:00,030:INFO::its now!!!!!!!!3
2024-04-12 22:30:00,215:INFO::its now!!!!!!!!5
2024-04-12 22:30:00,402:INFO::its now!!!!!!!!
2024-04-12 22:30:00,403:INFO::its now!!!!!!!! on 
2024-04-12 22:30:00,602:INFO::its now!!!!!!!!5
2024-04-12 22:30:00,767:INFO::save_dir_name: gat_nasp_egreedy0_C8_useDmon_coef0.4_Adam_gcn.ppnp.mean.one-hot_noTypeLinear_014_64_shared_ops_lr0.0005_wd0.0001_use5seeds_use_adam_patience-8_30_not_use_skip
2024-04-12 22:30:00,769:INFO::Epoch 00002 | lr 0.00050 | Train_Loss 1.4025 | Train_Classification_Loss 1.4145 | Dmon_Loss -0.0300 | Val_Loss 1.1434 | Search Time(s) 0.7490 | Infer Time(s) 0.1755 | Time(s) 0.9245 
2024-04-12 22:30:00,813:INFO::cluster info:
0: -1;	1: -1;	2: -1;	3: -1;	4: -1;	5: -1;	6: -1;	7: -1;	8: -1;	9: -1;	10: -1;	11: -1;	12: -1;	13: -1;	14: -1;	15: -1;	16: -1;	17: -1;	18: -1;	19: -1;	20: -1;	21: -1;	22: -1;	23: -1;	24: -1;	25: -1;	26: -1;	27: -1;	28: -1;	29: -1;	30: -1;	31: -1;	32: -1;	33: -1;	34: -1;	35: -1;	36: -1;	37: -1;	38: -1
10912: 2;	10913: 1;	10914: 1;	10915: 1;	10916: 1;	10917: 1;	10918: 1;	10919: 2;	10920: 1;	10921: 2;	10922: 1;	10923: 0;	10924: 2;	10925: 2;	10926: 1;	10927: 2;	10928: 1;	10929: 1;	10930: 2;	10931: 1;	10932: 2;	10933: 2;	10934: 2;	10935: 1;	10936: 2;	10937: 2;	10938: 1;	10939: 2;	10940: 2;	10941: 0;	
2024-04-12 22:30:00,815:INFO::Validation loss decreased (1.294176 --> 1.143425).  Saving model ...
2024-04-12 22:30:00,819:INFO::Epoch: 3
tensor([[0.4956, 0.5017, 0.5042, 0.5042],
        [0.4948, 0.5017, 0.5042, 0.5042],
        [0.4962, 0.5017, 0.5042, 0.5042],
        [0.4975, 0.5042, 0.5042, 0.5042],
        [0.4992, 0.5017, 0.5042, 0.5042],
        [0.5102, 0.5042, 0.5042, 0.5042],
        [0.5077, 0.5042, 0.5042, 0.5042],
        [0.4977, 0.5017, 0.5042, 0.5042]], device='cuda:0', requires_grad=True)
2024-04-12 22:30:00,821:INFO::its now!!!!!!!!5
2024-04-12 22:30:00,989:INFO::its now!!!!!!!!0
2024-04-12 22:30:00,990:INFO::its now!!!!!!!!3
2024-04-12 22:30:01,176:INFO::its now!!!!!!!!5
2024-04-12 22:30:01,357:INFO::its now!!!!!!!!
2024-04-12 22:30:01,358:INFO::its now!!!!!!!! on 
2024-04-12 22:30:01,569:INFO::its now!!!!!!!!5
2024-04-12 22:30:01,742:INFO::Epoch 00003 | lr 0.00050 | Train_Loss 1.1067 | Train_Classification_Loss 1.1189 | Dmon_Loss -0.0307 | Val_Loss 1.3236 | Search Time(s) 0.7520 | Infer Time(s) 0.1745 | Time(s) 0.9265 
2024-04-12 22:30:01,792:INFO::cluster info:
0: -1;	1: -1;	2: -1;	3: -1;	4: -1;	5: -1;	6: -1;	7: -1;	8: -1;	9: -1;	10: -1;	11: -1;	12: -1;	13: -1;	14: -1;	15: -1;	16: -1;	17: -1;	18: -1;	19: -1;	20: -1;	21: -1;	22: -1;	23: -1;	24: -1;	25: -1;	26: -1;	27: -1;	28: -1;	29: -1;	30: -1;	31: -1;	32: -1;	33: -1;	34: -1;	35: -1;	36: -1;	37: -1;	38: -1
10912: 2;	10913: 2;	10914: 0;	10915: 2;	10916: 0;	10917: 2;	10918: 0;	10919: 2;	10920: 2;	10921: 2;	10922: 2;	10923: 2;	10924: 2;	10925: 2;	10926: 2;	10927: 2;	10928: 2;	10929: 2;	10930: 0;	10931: 2;	10932: 2;	10933: 1;	10934: 2;	10935: 2;	10936: 1;	10937: 2;	10938: 2;	10939: 1;	10940: 0;	10941: 5;	
2024-04-12 22:30:01,794:INFO::EarlyStopping counter: 1 out of 8
2024-04-12 22:30:01,800:INFO::Epoch: 4
tensor([[0.5008, 0.5053, 0.5068, 0.5086],
        [0.4999, 0.5053, 0.5068, 0.5086],
        [0.5014, 0.5053, 0.5068, 0.5086],
        [0.5029, 0.5068, 0.5086, 0.5086],
        [0.5044, 0.5053, 0.5068, 0.5086],
        [0.5063, 0.5086, 0.5086, 0.5086],
        [0.5074, 0.5086, 0.5086, 0.5086],
        [0.5029, 0.5053, 0.5067, 0.5086]], device='cuda:0', requires_grad=True)
2024-04-12 22:30:01,803:INFO::its now!!!!!!!!5
2024-04-12 22:30:01,973:INFO::its now!!!!!!!!0
2024-04-12 22:30:01,975:INFO::its now!!!!!!!!3
2024-04-12 22:30:02,162:INFO::its now!!!!!!!!5
2024-04-12 22:30:02,351:INFO::its now!!!!!!!!
2024-04-12 22:30:02,352:INFO::its now!!!!!!!! on 
2024-04-12 22:30:02,559:INFO::its now!!!!!!!!5
2024-04-12 22:30:02,733:INFO::Epoch 00004 | lr 0.00050 | Train_Loss 1.3052 | Train_Classification_Loss 1.3176 | Dmon_Loss -0.0310 | Val_Loss 1.2725 | Search Time(s) 0.7620 | Infer Time(s) 0.1755 | Time(s) 0.9375 
2024-04-12 22:30:02,768:INFO::cluster info:
0: -1;	1: -1;	2: -1;	3: -1;	4: -1;	5: -1;	6: -1;	7: -1;	8: -1;	9: -1;	10: -1;	11: -1;	12: -1;	13: -1;	14: -1;	15: -1;	16: -1;	17: -1;	18: -1;	19: -1;	20: -1;	21: -1;	22: -1;	23: -1;	24: -1;	25: -1;	26: -1;	27: -1;	28: -1;	29: -1;	30: -1;	31: -1;	32: -1;	33: -1;	34: -1;	35: -1;	36: -1;	37: -1;	38: -1
10912: 2;	10913: 2;	10914: 2;	10915: 2;	10916: 2;	10917: 2;	10918: 2;	10919: 2;	10920: 2;	10921: 0;	10922: 2;	10923: 2;	10924: 0;	10925: 1;	10926: 5;	10927: 2;	10928: 0;	10929: 2;	10930: 2;	10931: 0;	10932: 2;	10933: 0;	10934: 2;	10935: 0;	10936: 2;	10937: 2;	10938: 2;	10939: 2;	10940: 2;	10941: 2;	
2024-04-12 22:30:02,769:INFO::EarlyStopping counter: 2 out of 8
2024-04-12 22:30:02,775:INFO::Epoch: 5
tensor([[0.4991, 0.5035, 0.5048, 0.5110],
        [0.4982, 0.5036, 0.5049, 0.5110],
        [0.4997, 0.5035, 0.5049, 0.5110],
        [0.4996, 0.5048, 0.5110, 0.5078],
        [0.5028, 0.5035, 0.5048, 0.5110],
        [0.5006, 0.5110, 0.5078, 0.5078],
        [0.5016, 0.5110, 0.5078, 0.5078],
        [0.5012, 0.5035, 0.5048, 0.5110]], device='cuda:0', requires_grad=True)
2024-04-12 22:30:02,776:INFO::its now!!!!!!!!5
2024-04-12 22:30:02,928:INFO::its now!!!!!!!!0
2024-04-12 22:30:02,930:INFO::its now!!!!!!!!3
2024-04-12 22:30:03,121:INFO::its now!!!!!!!!5
2024-04-12 22:30:03,294:INFO::its now!!!!!!!!
2024-04-12 22:30:03,295:INFO::its now!!!!!!!! on 
2024-04-12 22:30:03,506:INFO::its now!!!!!!!!5
2024-04-12 22:30:03,682:INFO::save_dir_name: gat_nasp_egreedy0_C8_useDmon_coef0.4_Adam_gcn.ppnp.mean.one-hot_noTypeLinear_014_64_shared_ops_lr0.0005_wd0.0001_use5seeds_use_adam_patience-8_30_not_use_skip
2024-04-12 22:30:03,684:INFO::Epoch 00005 | lr 0.00050 | Train_Loss 1.2450 | Train_Classification_Loss 1.2575 | Dmon_Loss -0.0312 | Val_Loss 1.1265 | Search Time(s) 0.7350 | Infer Time(s) 0.1775 | Time(s) 0.9126 
2024-04-12 22:30:03,727:INFO::cluster info:
0: -1;	1: -1;	2: -1;	3: -1;	4: -1;	5: -1;	6: -1;	7: -1;	8: -1;	9: -1;	10: -1;	11: -1;	12: -1;	13: -1;	14: -1;	15: -1;	16: -1;	17: -1;	18: -1;	19: -1;	20: -1;	21: -1;	22: -1;	23: -1;	24: -1;	25: -1;	26: -1;	27: -1;	28: -1;	29: -1;	30: -1;	31: -1;	32: -1;	33: -1;	34: -1;	35: -1;	36: -1;	37: -1;	38: -1
10912: 2;	10913: 5;	10914: 7;	10915: 0;	10916: 5;	10917: 0;	10918: 0;	10919: 5;	10920: 5;	10921: 0;	10922: 2;	10923: 5;	10924: 5;	10925: 0;	10926: 0;	10927: 0;	10928: 0;	10929: 2;	10930: 5;	10931: 1;	10932: 0;	10933: 0;	10934: 5;	10935: 5;	10936: 0;	10937: 2;	10938: 0;	10939: 2;	10940: 4;	10941: 2;	
2024-04-12 22:30:03,728:INFO::Validation loss decreased (1.143425 --> 1.126477).  Saving model ...
2024-04-12 22:30:03,732:INFO::Epoch: 6
tensor([[0.4953, 0.4999, 0.5013, 0.5123],
        [0.4943, 0.5000, 0.5014, 0.5123],
        [0.4959, 0.4999, 0.5013, 0.5123],
        [0.4946, 0.5013, 0.5123, 0.5049],
        [0.4989, 0.4999, 0.5013, 0.5123],
        [0.4942, 0.5123, 0.5049, 0.5049],
        [0.4952, 0.5123, 0.5049, 0.5049],
        [0.4974, 0.4999, 0.5012, 0.5123]], device='cuda:0', requires_grad=True)
2024-04-12 22:30:03,734:INFO::its now!!!!!!!!5
2024-04-12 22:30:03,891:INFO::its now!!!!!!!!0
2024-04-12 22:30:03,893:INFO::its now!!!!!!!!3
2024-04-12 22:30:04,080:INFO::its now!!!!!!!!5
2024-04-12 22:30:04,274:INFO::its now!!!!!!!!
2024-04-12 22:30:04,275:INFO::its now!!!!!!!! on 
2024-04-12 22:30:04,481:INFO::its now!!!!!!!!5
2024-04-12 22:30:04,658:INFO::save_dir_name: gat_nasp_egreedy0_C8_useDmon_coef0.4_Adam_gcn.ppnp.mean.one-hot_noTypeLinear_014_64_shared_ops_lr0.0005_wd0.0001_use5seeds_use_adam_patience-8_30_not_use_skip
2024-04-12 22:30:04,660:INFO::Epoch 00006 | lr 0.00050 | Train_Loss 1.1261 | Train_Classification_Loss 1.1386 | Dmon_Loss -0.0312 | Val_Loss 1.0974 | Search Time(s) 0.7510 | Infer Time(s) 0.1775 | Time(s) 0.9285 
2024-04-12 22:30:04,710:INFO::cluster info:
0: -1;	1: -1;	2: -1;	3: -1;	4: -1;	5: -1;	6: -1;	7: -1;	8: -1;	9: -1;	10: -1;	11: -1;	12: -1;	13: -1;	14: -1;	15: -1;	16: -1;	17: -1;	18: -1;	19: -1;	20: -1;	21: -1;	22: -1;	23: -1;	24: -1;	25: -1;	26: -1;	27: -1;	28: -1;	29: -1;	30: -1;	31: -1;	32: -1;	33: -1;	34: -1;	35: -1;	36: -1;	37: -1;	38: -1
10912: 0;	10913: 4;	10914: 2;	10915: 2;	10916: 0;	10917: 2;	10918: 0;	10919: 2;	10920: 5;	10921: 2;	10922: 0;	10923: 2;	10924: 2;	10925: 2;	10926: 0;	10927: 2;	10928: 2;	10929: 2;	10930: 5;	10931: 5;	10932: 0;	10933: 2;	10934: 0;	10935: 2;	10936: 2;	10937: 4;	10938: 1;	10939: 3;	10940: 0;	10941: 2;	
2024-04-12 22:30:04,712:INFO::Validation loss decreased (1.126477 --> 1.097355).  Saving model ...
2024-04-12 22:30:04,716:INFO::Epoch: 7
tensor([[0.4927, 0.4974, 0.4989, 0.5130],
        [0.4917, 0.4975, 0.4990, 0.5130],
        [0.4932, 0.4974, 0.4989, 0.5130],
        [0.4912, 0.4989, 0.5131, 0.5028],
        [0.4963, 0.4974, 0.4989, 0.5130],
        [0.4900, 0.5130, 0.5028, 0.5028],
        [0.4910, 0.5130, 0.5028, 0.5028],
        [0.4947, 0.4974, 0.4988, 0.5130]], device='cuda:0', requires_grad=True)
2024-04-12 22:30:04,717:INFO::its now!!!!!!!!5
2024-04-12 22:30:04,887:INFO::its now!!!!!!!!0
2024-04-12 22:30:04,890:INFO::its now!!!!!!!!3
2024-04-12 22:30:05,085:INFO::its now!!!!!!!!5
2024-04-12 22:30:05,292:INFO::its now!!!!!!!!
2024-04-12 22:30:05,292:INFO::its now!!!!!!!! on 
2024-04-12 22:30:05,507:INFO::its now!!!!!!!!5
2024-04-12 22:30:05,697:INFO::Epoch 00007 | lr 0.00050 | Train_Loss 1.0908 | Train_Classification_Loss 1.1032 | Dmon_Loss -0.0312 | Val_Loss 1.1305 | Search Time(s) 0.7929 | Infer Time(s) 0.1915 | Time(s) 0.9844 
2024-04-12 22:30:05,749:INFO::cluster info:
0: -1;	1: -1;	2: -1;	3: -1;	4: -1;	5: -1;	6: -1;	7: -1;	8: -1;	9: -1;	10: -1;	11: -1;	12: -1;	13: -1;	14: -1;	15: -1;	16: -1;	17: -1;	18: -1;	19: -1;	20: -1;	21: -1;	22: -1;	23: -1;	24: -1;	25: -1;	26: -1;	27: -1;	28: -1;	29: -1;	30: -1;	31: -1;	32: -1;	33: -1;	34: -1;	35: -1;	36: -1;	37: -1;	38: -1
10912: 2;	10913: 1;	10914: 7;	10915: 2;	10916: 5;	10917: 7;	10918: 2;	10919: 2;	10920: 2;	10921: 2;	10922: 2;	10923: 5;	10924: 2;	10925: 2;	10926: 4;	10927: 2;	10928: 5;	10929: 2;	10930: 2;	10931: 2;	10932: 2;	10933: 0;	10934: 7;	10935: 2;	10936: 7;	10937: 2;	10938: 2;	10939: 0;	10940: 2;	10941: 2;	
2024-04-12 22:30:05,751:INFO::EarlyStopping counter: 1 out of 8
2024-04-12 22:30:05,879:INFO::############### Search Stage Ends! ###############
2024-04-12 22:30:05,903:INFO::=============== Retrain Stage Starts:
2024-04-12 22:30:05,903:INFO::save_dir_name: gat_nasp_egreedy0_C8_useDmon_coef0.4_Adam_gcn.ppnp.mean.one-hot_noTypeLinear_014_64_shared_ops_lr0.0005_wd0.0001_use5seeds_use_adam_patience-8_30_not_use_skip
2024-04-12 22:30:07,520:INFO::node_assign_Counter:
Counter({-1: 3025, 2: 1959, 0: 1619, 5: 974, 7: 904, 3: 775, 1: 641, 6: 529, 4: 516})
2024-04-12 22:30:07,521:INFO::save_dir_name: gat_nasp_egreedy0_C8_useDmon_coef0.4_Adam_gcn.ppnp.mean.one-hot_noTypeLinear_014_64_shared_ops_lr0.0005_wd0.0001_use5seeds_use_adam_patience-8_30_not_use_skip
2024-04-12 22:30:07,583:INFO::============= repeat round: 2; seed: 1233
2024-04-12 22:30:07,643:INFO::arch_weights:
[[0.49266687 0.49743485 0.49890578 0.5130343 ]
 [0.49165177 0.49753663 0.49901205 0.5130282 ]
 [0.49322593 0.4974376  0.49892673 0.5130151 ]
 [0.4911732  0.49888614 0.5130543  0.5028268 ]
 [0.49627858 0.49743673 0.49889782 0.5130299 ]
 [0.48997664 0.5130081  0.5028268  0.5028268 ]
 [0.49100044 0.5130264  0.5028268  0.5028268 ]
 [0.49474618 0.4974392  0.4988044  0.5130343 ]]
2024-04-12 22:30:07,645:INFO::arch_weights_softmax:
[[0.24803962 0.24922508 0.24959195 0.25314334]
 [0.24783786 0.24930064 0.24966875 0.25319278]
 [0.24814364 0.24919094 0.24956232 0.2531031 ]
 [0.24742758 0.24934335 0.25290123 0.25032786]
 [0.24871452 0.24900272 0.24936682 0.25291592]
 [0.2469645  0.25271848 0.25015852 0.25015852]
 [0.24715379 0.25265798 0.2500941  0.2500941 ]
 [0.24843368 0.24910359 0.2494439  0.25301886]]
2024-04-12 22:30:07,645:INFO::genotype choice:
['one-hot', 'one-hot', 'one-hot', 'mean', 'one-hot', 'ppnp', 'ppnp', 'one-hot']
2024-04-12 22:30:08,386:INFO::Epoch 00000 | lr 0.00050 |Train_Loss 1.2507 | Val_Loss 1.5809 | Time(s) 0.6921
2024-04-12 22:30:08,996:INFO::Epoch 00001 | lr 0.00050 |Train_Loss 1.6505 | Val_Loss 1.5201 | Time(s) 0.5904
2024-04-12 22:30:09,010:INFO::Validation loss decreased (inf --> 1.520099).  Saving model ...
2024-04-12 22:30:09,614:INFO::Epoch 00002 | lr 0.00050 |Train_Loss 1.5754 | Val_Loss 1.1600 | Time(s) 0.6034
2024-04-12 22:30:09,639:INFO::Validation loss decreased (1.520099 --> 1.159995).  Saving model ...
2024-04-12 22:30:10,231:INFO::Epoch 00003 | lr 0.00050 |Train_Loss 1.1885 | Val_Loss 1.0951 | Time(s) 0.5914
2024-04-12 22:30:10,244:INFO::Validation loss decreased (1.159995 --> 1.095110).  Saving model ...
2024-04-12 22:30:10,811:INFO::Epoch 00004 | lr 0.00050 |Train_Loss 1.1471 | Val_Loss 1.2045 | Time(s) 0.5675
2024-04-12 22:30:10,812:INFO::EarlyStopping counter: 1 out of 30
2024-04-12 22:30:11,395:INFO::Epoch 00005 | lr 0.00050 |Train_Loss 1.2543 | Val_Loss 1.1947 | Time(s) 0.5814
2024-04-12 22:30:11,397:INFO::EarlyStopping counter: 2 out of 30
2024-04-12 22:30:11,998:INFO::Epoch 00006 | lr 0.00050 |Train_Loss 1.2295 | Val_Loss 1.1174 | Time(s) 0.6004
2024-04-12 22:30:11,999:INFO::EarlyStopping counter: 3 out of 30
2024-04-12 22:30:12,598:INFO::Epoch 00007 | lr 0.00050 |Train_Loss 1.1429 | Val_Loss 1.0798 | Time(s) 0.5984
2024-04-12 22:30:12,618:INFO::Validation loss decreased (1.095110 --> 1.079818).  Saving model ...
2024-04-12 22:30:12,619:INFO::
testing...
2024-04-12 22:30:12,648:INFO::submit dir: submit/submit_gat_nasp_egreedy0_C8_useDmon_coef0.4_Adam_gcn.ppnp.mean.one-hot_noTypeLinear_014_64_shared_ops_lr0.0005_wd0.0001_use5seeds_use_adam_patience-8_30_not_use_skip
2024-04-12 22:31:03,748:INFO::{'micro-f1': 0.3432483474976393, 'macro-f1': 0.17035735207967193, 'roc_auc': 0.5, 'MRR score': 0.6183506452628325}
