2024-02-28 22:16:14,269:INFO::=============== Search Args:
Namespace(dataset='DBLP', feats_type=6, gnn_model='gat', valid_attributed_type=1, cluster_num=8, cluster_eps=1e-05, att_comp_dim=64, hidden_dim=64, num_heads=8, attn_vec_dim=128, search_epoch=350, retrain_epoch=500, inner_epoch=1, patience_search=8, patience_retrain=30, batch_size=2, batch_size_test=2, momentum=0.9, lr=0.0005, lr_rate_min=3e-05, num_layers=3, dropout=0.5, weight_decay=0.0001, slope=0.05, grad_clip=5, network_momentum=0.9, arch_learning_rate=0.005, arch_weight_decay=1e-05, repeat=5, cluster_epoch=4, save_postfix='DBLP', feats_opt='1011', cuda=True, unrolled=False, useSGD=False, useTypeLinear=False, l2norm=False, cluster_norm=False, usedropout=False, is_unrolled='False', is_use_type_linear='False', is_use_SGD='False', is_use_dropout='False', time_line='2024-02-28-22-16-14', edge_feats=64, warmup_epoch=0, clusterupdate_round=1, searcher_name='nasp', rnn_type='RotatE0', neighbor_samples=100, use_minibatch=False, shared_ops=True, e_greedy=0, usebn=False, seed=123, use_5seeds=True, no_use_fixseeds=False, use_dmon=True, collapse_regularization=0.1, dmon_loss_alpha=0.4, tau=1.0, schedule_step=350, schedule_step_retrain=500, use_norm=False, use_adamw=False, use_skip=False, cur_repeat=0, last_hidden_dim=512, logger=<Logger log_output (INFO)>)
2024-02-28 22:16:29,005:INFO::node_type_num: 4
2024-02-28 22:16:29,347:INFO::=============== Prepare basic data stage finish, use 15.078119039535522 time.
2024-02-28 22:16:30,547:INFO::save_dir_name: gat_nasp_egreedy0_C8_useDmon_coef0.4_Adam_gcn.ppnp.mean.one-hot_noTypeLinear_014_64_shared_ops_lr0.0005_wd0.0001_use5seeds_use_adam_patience-8_30_not_use_skip
2024-02-28 22:16:35,090:INFO::Epoch: 0
tensor([[0.5000, 0.5000, 0.5000, 0.5000],
        [0.5000, 0.5000, 0.5000, 0.5000],
        [0.5000, 0.5000, 0.5000, 0.5000],
        [0.5000, 0.5000, 0.5000, 0.5000],
        [0.5000, 0.5000, 0.5000, 0.5000],
        [0.5000, 0.5000, 0.5000, 0.5000],
        [0.5000, 0.5000, 0.5000, 0.5000],
        [0.5000, 0.5000, 0.5000, 0.5000]], device='cuda:0', requires_grad=True)
2024-02-28 22:16:35,091:INFO::its now!!!!!!!!5
2024-02-28 22:16:35,928:INFO::its now!!!!!!!!0
2024-02-28 22:16:35,932:INFO::its now!!!!!!!!3
2024-02-28 22:16:36,110:INFO::its now!!!!!!!!5
2024-02-28 22:16:36,281:INFO::its now!!!!!!!!
2024-02-28 22:16:36,282:INFO::its now!!!!!!!! on 
2024-02-28 22:16:36,481:INFO::its now!!!!!!!!5
2024-02-28 22:16:36,639:INFO::save_dir_name: gat_nasp_egreedy0_C8_useDmon_coef0.4_Adam_gcn.ppnp.mean.one-hot_noTypeLinear_014_64_shared_ops_lr0.0005_wd0.0001_use5seeds_use_adam_patience-8_30_not_use_skip
2024-02-28 22:16:36,641:INFO::Epoch 00000 | lr 0.00050 | Train_Loss 1.4819 | Train_Classification_Loss 1.4942 | Dmon_Loss -0.0307 | Val_Loss 1.5767 | Search Time(s) 1.3774 | Infer Time(s) 0.1765 | Time(s) 1.5538 
2024-02-28 22:16:36,697:INFO::cluster info:
0: 7;	1: 3;	2: 2;	3: 1;	4: 6;	5: 3;	6: 1;	7: 6;	8: 1;	9: 1;	10: 6;	11: 6;	12: 3;	13: 1;	14: 2;	15: 2;	16: 1;	17: 5;	18: 4;	19: 0;	20: 6;	21: 3;	22: 1;	23: 1;	24: 4;	25: 4;	26: 3;	27: 0;	28: 6;	29: 0;	30: 1;	31: 1;	32: 3;	33: 0;	34: 6;	35: 7;	36: 1;	37: 7;	38: 2;	39: 0;	40: 2;	41: 2;	42: 1;	43: 0;	44
26098: 6;	26099: 1;	26100: 1;	26101: 7;	26102: 6;	26103: 1;	26104: 1;	26105: 7;	26106: 1;	26107: 7;	26108: 1;	26109: 1;	26110: 1;	26111: 1;	26112: 1;	26113: 1;	26114: 1;	26115: 1;	26116: 1;	26117: 1;	26118: 1;	26119: 1;	26120: 1;	26121: 1;	26122: 1;	26123: 1;	26124: 1;	26125: 1;	26126: 1;	26127: 3;	
2024-02-28 22:16:36,702:INFO::Epoch: 1
tensor([[0.4950, 0.5050, 0.5050, 0.5050],
        [0.4950, 0.5050, 0.5050, 0.5050],
        [0.4950, 0.5050, 0.5050, 0.5050],
        [0.4950, 0.5050, 0.5050, 0.5050],
        [0.4950, 0.5050, 0.5050, 0.5050],
        [0.4950, 0.5050, 0.5050, 0.5050],
        [0.4950, 0.5050, 0.5050, 0.5050],
        [0.4950, 0.5050, 0.5050, 0.5050]], device='cuda:0', requires_grad=True)
2024-02-28 22:16:36,703:INFO::its now!!!!!!!!5
2024-02-28 22:16:36,860:INFO::its now!!!!!!!!0
2024-02-28 22:16:36,863:INFO::its now!!!!!!!!3
2024-02-28 22:16:37,050:INFO::its now!!!!!!!!5
2024-02-28 22:16:37,224:INFO::its now!!!!!!!!
2024-02-28 22:16:37,224:INFO::its now!!!!!!!! on 
2024-02-28 22:16:37,426:INFO::its now!!!!!!!!5
2024-02-28 22:16:37,584:INFO::save_dir_name: gat_nasp_egreedy0_C8_useDmon_coef0.4_Adam_gcn.ppnp.mean.one-hot_noTypeLinear_014_64_shared_ops_lr0.0005_wd0.0001_use5seeds_use_adam_patience-8_30_not_use_skip
2024-02-28 22:16:37,586:INFO::Epoch 00001 | lr 0.00050 | Train_Loss 1.3926 | Train_Classification_Loss 1.4051 | Dmon_Loss -0.0312 | Val_Loss 1.3976 | Search Time(s) 0.7062 | Infer Time(s) 0.1795 | Time(s) 0.8856 
2024-02-28 22:16:37,643:INFO::cluster info:
0: 2;	1: 3;	2: 0;	3: 1;	4: 2;	5: 3;	6: 7;	7: 1;	8: 1;	9: 6;	10: 1;	11: 1;	12: 3;	13: 1;	14: 1;	15: 7;	16: 0;	17: 1;	18: 3;	19: 0;	20: 3;	21: 1;	22: 0;	23: 3;	24: 1;	25: 3;	26: 3;	27: 1;	28: 1;	29: 0;	30: 1;	31: 1;	32: 0;	33: 6;	34: 2;	35: 0;	36: 0;	37: 0;	38: 1;	39: 0;	40: 0;	41: 6;	42: 1;	43: 4;	44
26098: 6;	26099: 3;	26100: 0;	26101: 0;	26102: 6;	26103: 0;	26104: 0;	26105: 1;	26106: 2;	26107: 2;	26108: 1;	26109: 1;	26110: 1;	26111: 1;	26112: 1;	26113: 1;	26114: 1;	26115: 1;	26116: 1;	26117: 1;	26118: 1;	26119: 1;	26120: 1;	26121: 1;	26122: 1;	26123: 1;	26124: 1;	26125: 1;	26126: 1;	26127: 0;	
2024-02-28 22:16:37,644:INFO::Validation loss decreased (inf --> 1.397591).  Saving model ...
2024-02-28 22:16:37,648:INFO::Epoch: 2
tensor([[0.4899, 0.5073, 0.5071, 0.5071],
        [0.4900, 0.5056, 0.5071, 0.5071],
        [0.4897, 0.5073, 0.5071, 0.5071],
        [0.4900, 0.5073, 0.5071, 0.5071],
        [0.4901, 0.5073, 0.5071, 0.5071],
        [0.4899, 0.5074, 0.5071, 0.5071],
        [0.4902, 0.5073, 0.5071, 0.5071],
        [0.4898, 0.5073, 0.5071, 0.5071]], device='cuda:0', requires_grad=True)
2024-02-28 22:16:37,649:INFO::its now!!!!!!!!5
2024-02-28 22:16:37,809:INFO::its now!!!!!!!!0
2024-02-28 22:16:37,812:INFO::its now!!!!!!!!3
2024-02-28 22:16:38,005:INFO::its now!!!!!!!!5
2024-02-28 22:16:38,187:INFO::its now!!!!!!!!
2024-02-28 22:16:38,187:INFO::its now!!!!!!!! on 
2024-02-28 22:16:38,373:INFO::its now!!!!!!!!5
2024-02-28 22:16:38,536:INFO::save_dir_name: gat_nasp_egreedy0_C8_useDmon_coef0.4_Adam_gcn.ppnp.mean.one-hot_noTypeLinear_014_64_shared_ops_lr0.0005_wd0.0001_use5seeds_use_adam_patience-8_30_not_use_skip
2024-02-28 22:16:38,538:INFO::Epoch 00002 | lr 0.00050 | Train_Loss 1.3834 | Train_Classification_Loss 1.3959 | Dmon_Loss -0.0313 | Val_Loss 1.3602 | Search Time(s) 0.7271 | Infer Time(s) 0.1656 | Time(s) 0.8926 
2024-02-28 22:16:38,597:INFO::cluster info:
0: 0;	1: 1;	2: 1;	3: 1;	4: 0;	5: 1;	6: 0;	7: 1;	8: 1;	9: 3;	10: 3;	11: 0;	12: 0;	13: 3;	14: 1;	15: 0;	16: 1;	17: 1;	18: 3;	19: 1;	20: 0;	21: 3;	22: 3;	23: 1;	24: 6;	25: 1;	26: 3;	27: 6;	28: 2;	29: 0;	30: 0;	31: 2;	32: 1;	33: 7;	34: 3;	35: 7;	36: 1;	37: 6;	38: 1;	39: 1;	40: 3;	41: 1;	42: 1;	43: 1;	44
26098: 5;	26099: 3;	26100: 4;	26101: 3;	26102: 1;	26103: 3;	26104: 1;	26105: 6;	26106: 5;	26107: 2;	26108: 1;	26109: 1;	26110: 1;	26111: 1;	26112: 1;	26113: 0;	26114: 1;	26115: 1;	26116: 1;	26117: 1;	26118: 1;	26119: 1;	26120: 1;	26121: 1;	26122: 1;	26123: 1;	26124: 1;	26125: 1;	26126: 1;	26127: 1;	
2024-02-28 22:16:38,599:INFO::Validation loss decreased (1.397591 --> 1.360210).  Saving model ...
2024-02-28 22:16:38,603:INFO::Epoch: 3
tensor([[0.4944, 0.5085, 0.5098, 0.5098],
        [0.4945, 0.5075, 0.5081, 0.5098],
        [0.4942, 0.5085, 0.5098, 0.5098],
        [0.4945, 0.5084, 0.5098, 0.5098],
        [0.4946, 0.5086, 0.5098, 0.5098],
        [0.4942, 0.5086, 0.5098, 0.5098],
        [0.4947, 0.5084, 0.5098, 0.5098],
        [0.4943, 0.5085, 0.5098, 0.5098]], device='cuda:0', requires_grad=True)
2024-02-28 22:16:38,604:INFO::its now!!!!!!!!5
2024-02-28 22:16:38,760:INFO::its now!!!!!!!!0
2024-02-28 22:16:38,763:INFO::its now!!!!!!!!3
2024-02-28 22:16:38,937:INFO::its now!!!!!!!!5
2024-02-28 22:16:39,106:INFO::its now!!!!!!!!
2024-02-28 22:16:39,106:INFO::its now!!!!!!!! on 
2024-02-28 22:16:39,288:INFO::its now!!!!!!!!5
2024-02-28 22:16:39,440:INFO::save_dir_name: gat_nasp_egreedy0_C8_useDmon_coef0.4_Adam_gcn.ppnp.mean.one-hot_noTypeLinear_014_64_shared_ops_lr0.0005_wd0.0001_use5seeds_use_adam_patience-8_30_not_use_skip
2024-02-28 22:16:39,442:INFO::Epoch 00003 | lr 0.00050 | Train_Loss 1.3479 | Train_Classification_Loss 1.3604 | Dmon_Loss -0.0313 | Val_Loss 1.3497 | Search Time(s) 0.6862 | Infer Time(s) 0.1546 | Time(s) 0.8408 
2024-02-28 22:16:39,488:INFO::cluster info:
0: 0;	1: 1;	2: 3;	3: 1;	4: 1;	5: 1;	6: 1;	7: 1;	8: 6;	9: 3;	10: 1;	11: 0;	12: 7;	13: 3;	14: 1;	15: 1;	16: 5;	17: 0;	18: 3;	19: 0;	20: 1;	21: 1;	22: 1;	23: 1;	24: 1;	25: 0;	26: 6;	27: 3;	28: 1;	29: 2;	30: 1;	31: 7;	32: 0;	33: 0;	34: 6;	35: 0;	36: 1;	37: 3;	38: 0;	39: 3;	40: 3;	41: 0;	42: 1;	43: 7;	44
26098: 1;	26099: 3;	26100: 1;	26101: 1;	26102: 2;	26103: 4;	26104: 4;	26105: 6;	26106: 3;	26107: 2;	26108: 1;	26109: 1;	26110: 1;	26111: 1;	26112: 1;	26113: 1;	26114: 1;	26115: 1;	26116: 3;	26117: 3;	26118: 1;	26119: 1;	26120: 1;	26121: 1;	26122: 1;	26123: 1;	26124: 1;	26125: 1;	26126: 1;	26127: 1;	
2024-02-28 22:16:39,489:INFO::Validation loss decreased (1.360210 --> 1.349659).  Saving model ...
2024-02-28 22:16:39,493:INFO::Epoch: 4
tensor([[0.4973, 0.5093, 0.5113, 0.5115],
        [0.4974, 0.5087, 0.5088, 0.5113],
        [0.4970, 0.5094, 0.5113, 0.5115],
        [0.4973, 0.5092, 0.5113, 0.5115],
        [0.4975, 0.5094, 0.5113, 0.5115],
        [0.4969, 0.5094, 0.5113, 0.5115],
        [0.4975, 0.5092, 0.5113, 0.5115],
        [0.4971, 0.5094, 0.5113, 0.5115]], device='cuda:0', requires_grad=True)
2024-02-28 22:16:39,493:INFO::its now!!!!!!!!5
2024-02-28 22:16:39,646:INFO::its now!!!!!!!!0
2024-02-28 22:16:39,648:INFO::its now!!!!!!!!3
2024-02-28 22:16:39,823:INFO::its now!!!!!!!!5
2024-02-28 22:16:39,991:INFO::its now!!!!!!!!
2024-02-28 22:16:39,992:INFO::its now!!!!!!!! on 
2024-02-28 22:16:40,176:INFO::its now!!!!!!!!5
2024-02-28 22:16:40,329:INFO::save_dir_name: gat_nasp_egreedy0_C8_useDmon_coef0.4_Adam_gcn.ppnp.mean.one-hot_noTypeLinear_014_64_shared_ops_lr0.0005_wd0.0001_use5seeds_use_adam_patience-8_30_not_use_skip
2024-02-28 22:16:40,330:INFO::Epoch 00004 | lr 0.00050 | Train_Loss 1.3411 | Train_Classification_Loss 1.3536 | Dmon_Loss -0.0314 | Val_Loss 1.3280 | Search Time(s) 0.6832 | Infer Time(s) 0.1575 | Time(s) 0.8408 
2024-02-28 22:16:40,378:INFO::cluster info:
0: 6;	1: 2;	2: 3;	3: 1;	4: 3;	5: 1;	6: 1;	7: 1;	8: 1;	9: 2;	10: 3;	11: 1;	12: 3;	13: 0;	14: 1;	15: 7;	16: 1;	17: 1;	18: 1;	19: 1;	20: 3;	21: 0;	22: 3;	23: 1;	24: 6;	25: 1;	26: 3;	27: 0;	28: 0;	29: 2;	30: 3;	31: 3;	32: 3;	33: 4;	34: 3;	35: 1;	36: 1;	37: 1;	38: 3;	39: 5;	40: 0;	41: 1;	42: 0;	43: 3;	44
26098: 0;	26099: 6;	26100: 0;	26101: 0;	26102: 3;	26103: 4;	26104: 7;	26105: 6;	26106: 6;	26107: 4;	26108: 3;	26109: 1;	26110: 3;	26111: 3;	26112: 3;	26113: 1;	26114: 1;	26115: 1;	26116: 3;	26117: 3;	26118: 1;	26119: 3;	26120: 3;	26121: 3;	26122: 1;	26123: 3;	26124: 1;	26125: 1;	26126: 3;	26127: 1;	
2024-02-28 22:16:40,379:INFO::Validation loss decreased (1.349659 --> 1.328022).  Saving model ...
2024-02-28 22:16:40,382:INFO::Epoch: 5
tensor([[0.4988, 0.5098, 0.5122, 0.5124],
        [0.4989, 0.5093, 0.5092, 0.5122],
        [0.4985, 0.5098, 0.5121, 0.5124],
        [0.4989, 0.5096, 0.5121, 0.5124],
        [0.4991, 0.5098, 0.5121, 0.5124],
        [0.4985, 0.5099, 0.5121, 0.5124],
        [0.4991, 0.5097, 0.5121, 0.5124],
        [0.4986, 0.5098, 0.5121, 0.5124]], device='cuda:0', requires_grad=True)
2024-02-28 22:16:40,383:INFO::its now!!!!!!!!5
2024-02-28 22:16:40,537:INFO::its now!!!!!!!!0
2024-02-28 22:16:40,539:INFO::its now!!!!!!!!3
2024-02-28 22:16:40,710:INFO::its now!!!!!!!!5
2024-02-28 22:16:40,878:INFO::its now!!!!!!!!
2024-02-28 22:16:40,878:INFO::its now!!!!!!!! on 
2024-02-28 22:16:41,063:INFO::its now!!!!!!!!5
2024-02-28 22:16:41,215:INFO::save_dir_name: gat_nasp_egreedy0_C8_useDmon_coef0.4_Adam_gcn.ppnp.mean.one-hot_noTypeLinear_014_64_shared_ops_lr0.0005_wd0.0001_use5seeds_use_adam_patience-8_30_not_use_skip
2024-02-28 22:16:41,216:INFO::Epoch 00005 | lr 0.00050 | Train_Loss 1.3541 | Train_Classification_Loss 1.3667 | Dmon_Loss -0.0313 | Val_Loss 1.3231 | Search Time(s) 0.6812 | Infer Time(s) 0.1546 | Time(s) 0.8358 
2024-02-28 22:16:41,275:INFO::cluster info:
0: 0;	1: 1;	2: 1;	3: 3;	4: 3;	5: 3;	6: 1;	7: 0;	8: 2;	9: 1;	10: 0;	11: 6;	12: 3;	13: 0;	14: 1;	15: 1;	16: 1;	17: 0;	18: 6;	19: 1;	20: 3;	21: 6;	22: 1;	23: 3;	24: 2;	25: 3;	26: 3;	27: 0;	28: 0;	29: 1;	30: 3;	31: 5;	32: 0;	33: 1;	34: 1;	35: 6;	36: 1;	37: 0;	38: 3;	39: 0;	40: 6;	41: 3;	42: 1;	43: 2;	44
26098: 3;	26099: 6;	26100: 4;	26101: 6;	26102: 1;	26103: 3;	26104: 7;	26105: 3;	26106: 0;	26107: 0;	26108: 3;	26109: 3;	26110: 1;	26111: 1;	26112: 3;	26113: 1;	26114: 1;	26115: 3;	26116: 3;	26117: 3;	26118: 1;	26119: 3;	26120: 1;	26121: 3;	26122: 1;	26123: 1;	26124: 1;	26125: 1;	26126: 3;	26127: 3;	
2024-02-28 22:16:41,277:INFO::Validation loss decreased (1.328022 --> 1.323078).  Saving model ...
2024-02-28 22:16:41,281:INFO::Epoch: 6
tensor([[0.5017, 0.5108, 0.5134, 0.5128],
        [0.5018, 0.5104, 0.5102, 0.5128],
        [0.5014, 0.5109, 0.5134, 0.5128],
        [0.5018, 0.5107, 0.5133, 0.5129],
        [0.5020, 0.5109, 0.5134, 0.5129],
        [0.5013, 0.5110, 0.5134, 0.5128],
        [0.5020, 0.5108, 0.5134, 0.5129],
        [0.5015, 0.5109, 0.5134, 0.5128]], device='cuda:0', requires_grad=True)
2024-02-28 22:16:41,282:INFO::its now!!!!!!!!5
2024-02-28 22:16:41,443:INFO::its now!!!!!!!!0
2024-02-28 22:16:41,445:INFO::its now!!!!!!!!3
2024-02-28 22:16:41,620:INFO::its now!!!!!!!!5
2024-02-28 22:16:41,801:INFO::its now!!!!!!!!
2024-02-28 22:16:41,801:INFO::its now!!!!!!!! on 
2024-02-28 22:16:41,987:INFO::its now!!!!!!!!5
2024-02-28 22:16:42,138:INFO::save_dir_name: gat_nasp_egreedy0_C8_useDmon_coef0.4_Adam_gcn.ppnp.mean.one-hot_noTypeLinear_014_64_shared_ops_lr0.0005_wd0.0001_use5seeds_use_adam_patience-8_30_not_use_skip
2024-02-28 22:16:42,140:INFO::Epoch 00006 | lr 0.00050 | Train_Loss 1.3370 | Train_Classification_Loss 1.3494 | Dmon_Loss -0.0312 | Val_Loss 1.3031 | Search Time(s) 0.7071 | Infer Time(s) 0.1536 | Time(s) 0.8607 
2024-02-28 22:16:42,199:INFO::cluster info:
0: 1;	1: 3;	2: 3;	3: 2;	4: 7;	5: 3;	6: 3;	7: 0;	8: 3;	9: 1;	10: 3;	11: 3;	12: 1;	13: 0;	14: 0;	15: 3;	16: 0;	17: 0;	18: 3;	19: 1;	20: 0;	21: 1;	22: 6;	23: 1;	24: 6;	25: 3;	26: 0;	27: 0;	28: 3;	29: 2;	30: 3;	31: 0;	32: 0;	33: 1;	34: 3;	35: 3;	36: 3;	37: 2;	38: 1;	39: 7;	40: 0;	41: 0;	42: 3;	43: 1;	44
26098: 0;	26099: 3;	26100: 1;	26101: 0;	26102: 2;	26103: 0;	26104: 6;	26105: 6;	26106: 3;	26107: 6;	26108: 3;	26109: 3;	26110: 3;	26111: 3;	26112: 3;	26113: 1;	26114: 1;	26115: 1;	26116: 3;	26117: 3;	26118: 1;	26119: 1;	26120: 3;	26121: 3;	26122: 1;	26123: 3;	26124: 1;	26125: 1;	26126: 3;	26127: 3;	
2024-02-28 22:16:42,200:INFO::Validation loss decreased (1.323078 --> 1.303104).  Saving model ...
2024-02-28 22:16:42,204:INFO::Epoch: 7
tensor([[0.5032, 0.5114, 0.5140, 0.5131],
        [0.5033, 0.5110, 0.5108, 0.5133],
        [0.5029, 0.5115, 0.5140, 0.5131],
        [0.5033, 0.5113, 0.5139, 0.5131],
        [0.5035, 0.5115, 0.5140, 0.5131],
        [0.5028, 0.5115, 0.5140, 0.5131],
        [0.5035, 0.5113, 0.5140, 0.5131],
        [0.5031, 0.5115, 0.5140, 0.5131]], device='cuda:0', requires_grad=True)
2024-02-28 22:16:42,205:INFO::its now!!!!!!!!5
2024-02-28 22:16:42,374:INFO::its now!!!!!!!!0
2024-02-28 22:16:42,376:INFO::its now!!!!!!!!3
2024-02-28 22:16:42,551:INFO::its now!!!!!!!!5
2024-02-28 22:16:42,714:INFO::its now!!!!!!!!
2024-02-28 22:16:42,714:INFO::its now!!!!!!!! on 
2024-02-28 22:16:42,897:INFO::its now!!!!!!!!5
2024-02-28 22:16:43,049:INFO::save_dir_name: gat_nasp_egreedy0_C8_useDmon_coef0.4_Adam_gcn.ppnp.mean.one-hot_noTypeLinear_014_64_shared_ops_lr0.0005_wd0.0001_use5seeds_use_adam_patience-8_30_not_use_skip
2024-02-28 22:16:43,051:INFO::Epoch 00007 | lr 0.00050 | Train_Loss 1.2966 | Train_Classification_Loss 1.3092 | Dmon_Loss -0.0314 | Val_Loss 1.2752 | Search Time(s) 0.6932 | Infer Time(s) 0.1555 | Time(s) 0.8487 
2024-02-28 22:16:43,095:INFO::cluster info:
0: 7;	1: 3;	2: 0;	3: 3;	4: 5;	5: 3;	6: 4;	7: 1;	8: 3;	9: 6;	10: 2;	11: 3;	12: 3;	13: 1;	14: 3;	15: 6;	16: 1;	17: 1;	18: 1;	19: 3;	20: 3;	21: 0;	22: 1;	23: 3;	24: 3;	25: 6;	26: 2;	27: 4;	28: 1;	29: 1;	30: 3;	31: 3;	32: 3;	33: 6;	34: 1;	35: 3;	36: 1;	37: 1;	38: 3;	39: 3;	40: 3;	41: 1;	42: 1;	43: 3;	44
26098: 1;	26099: 4;	26100: 4;	26101: 2;	26102: 2;	26103: 3;	26104: 6;	26105: 1;	26106: 1;	26107: 3;	26108: 3;	26109: 3;	26110: 1;	26111: 3;	26112: 3;	26113: 3;	26114: 3;	26115: 3;	26116: 3;	26117: 3;	26118: 3;	26119: 3;	26120: 3;	26121: 3;	26122: 1;	26123: 3;	26124: 1;	26125: 1;	26126: 3;	26127: 3;	
2024-02-28 22:16:43,096:INFO::Validation loss decreased (1.303104 --> 1.275249).  Saving model ...
2024-02-28 22:16:43,101:INFO::Epoch: 8
tensor([[0.5085, 0.5140, 0.5143, 0.5154],
        [0.5086, 0.5134, 0.5134, 0.5138],
        [0.5082, 0.5141, 0.5143, 0.5154],
        [0.5086, 0.5139, 0.5139, 0.5155],
        [0.5088, 0.5141, 0.5144, 0.5155],
        [0.5081, 0.5142, 0.5143, 0.5155],
        [0.5088, 0.5140, 0.5143, 0.5155],
        [0.5083, 0.5141, 0.5143, 0.5155]], device='cuda:0', requires_grad=True)
2024-02-28 22:16:43,102:INFO::its now!!!!!!!!5
2024-02-28 22:16:43,260:INFO::its now!!!!!!!!0
2024-02-28 22:16:43,262:INFO::its now!!!!!!!!3
2024-02-28 22:16:43,435:INFO::its now!!!!!!!!5
2024-02-28 22:16:43,602:INFO::its now!!!!!!!!
2024-02-28 22:16:43,602:INFO::its now!!!!!!!! on 
2024-02-28 22:16:43,785:INFO::its now!!!!!!!!5
2024-02-28 22:16:43,941:INFO::Epoch 00008 | lr 0.00050 | Train_Loss 1.2905 | Train_Classification_Loss 1.3030 | Dmon_Loss -0.0314 | Val_Loss 1.2764 | Search Time(s) 0.6841 | Infer Time(s) 0.1596 | Time(s) 0.8437 
2024-02-28 22:16:44,002:INFO::cluster info:
0: 1;	1: 2;	2: 0;	3: 3;	4: 3;	5: 4;	6: 6;	7: 0;	8: 2;	9: 0;	10: 1;	11: 1;	12: 7;	13: 1;	14: 0;	15: 0;	16: 3;	17: 0;	18: 3;	19: 1;	20: 3;	21: 3;	22: 3;	23: 3;	24: 2;	25: 5;	26: 1;	27: 2;	28: 3;	29: 0;	30: 0;	31: 0;	32: 1;	33: 6;	34: 1;	35: 2;	36: 0;	37: 6;	38: 2;	39: 1;	40: 0;	41: 0;	42: 0;	43: 3;	44
26098: 3;	26099: 3;	26100: 0;	26101: 0;	26102: 2;	26103: 0;	26104: 4;	26105: 3;	26106: 5;	26107: 2;	26108: 3;	26109: 3;	26110: 3;	26111: 3;	26112: 3;	26113: 3;	26114: 1;	26115: 3;	26116: 3;	26117: 3;	26118: 3;	26119: 3;	26120: 3;	26121: 2;	26122: 3;	26123: 3;	26124: 2;	26125: 3;	26126: 3;	26127: 1;	
2024-02-28 22:16:44,003:INFO::EarlyStopping counter: 1 out of 8
2024-02-28 22:16:44,007:INFO::Epoch: 9
tensor([[0.5104, 0.5150, 0.5140, 0.5166],
        [0.5105, 0.5143, 0.5143, 0.5141],
        [0.5100, 0.5150, 0.5140, 0.5167],
        [0.5104, 0.5148, 0.5135, 0.5167],
        [0.5106, 0.5150, 0.5141, 0.5167],
        [0.5099, 0.5151, 0.5140, 0.5167],
        [0.5106, 0.5149, 0.5140, 0.5167],
        [0.5102, 0.5150, 0.5140, 0.5167]], device='cuda:0', requires_grad=True)
2024-02-28 22:16:44,008:INFO::its now!!!!!!!!5
2024-02-28 22:16:44,164:INFO::its now!!!!!!!!0
2024-02-28 22:16:44,167:INFO::its now!!!!!!!!3
2024-02-28 22:16:44,342:INFO::its now!!!!!!!!5
2024-02-28 22:16:44,501:INFO::its now!!!!!!!!
2024-02-28 22:16:44,501:INFO::its now!!!!!!!! on 
2024-02-28 22:16:44,704:INFO::its now!!!!!!!!5
2024-02-28 22:16:44,856:INFO::save_dir_name: gat_nasp_egreedy0_C8_useDmon_coef0.4_Adam_gcn.ppnp.mean.one-hot_noTypeLinear_014_64_shared_ops_lr0.0005_wd0.0001_use5seeds_use_adam_patience-8_30_not_use_skip
2024-02-28 22:16:44,858:INFO::Epoch 00009 | lr 0.00050 | Train_Loss 1.2571 | Train_Classification_Loss 1.2697 | Dmon_Loss -0.0314 | Val_Loss 1.2450 | Search Time(s) 0.6971 | Infer Time(s) 0.1556 | Time(s) 0.8527 
2024-02-28 22:16:44,902:INFO::cluster info:
0: 0;	1: 3;	2: 7;	3: 3;	4: 3;	5: 3;	6: 7;	7: 3;	8: 1;	9: 2;	10: 1;	11: 1;	12: 3;	13: 1;	14: 3;	15: 7;	16: 1;	17: 1;	18: 1;	19: 3;	20: 0;	21: 7;	22: 3;	23: 3;	24: 1;	25: 1;	26: 3;	27: 4;	28: 3;	29: 3;	30: 1;	31: 5;	32: 2;	33: 7;	34: 4;	35: 3;	36: 3;	37: 4;	38: 7;	39: 2;	40: 1;	41: 0;	42: 3;	43: 3;	44
26098: 3;	26099: 1;	26100: 6;	26101: 4;	26102: 0;	26103: 4;	26104: 3;	26105: 6;	26106: 6;	26107: 3;	26108: 3;	26109: 3;	26110: 3;	26111: 3;	26112: 3;	26113: 3;	26114: 0;	26115: 3;	26116: 3;	26117: 3;	26118: 3;	26119: 3;	26120: 3;	26121: 0;	26122: 1;	26123: 3;	26124: 1;	26125: 1;	26126: 3;	26127: 3;	
2024-02-28 22:16:44,903:INFO::Validation loss decreased (1.275249 --> 1.244976).  Saving model ...
2024-02-28 22:16:44,907:INFO::Epoch: 10
tensor([[0.5138, 0.5168, 0.5151, 0.5173],
        [0.5139, 0.5159, 0.5147, 0.5156],
        [0.5134, 0.5168, 0.5151, 0.5174],
        [0.5138, 0.5166, 0.5146, 0.5177],
        [0.5140, 0.5168, 0.5153, 0.5174],
        [0.5133, 0.5169, 0.5152, 0.5174],
        [0.5140, 0.5167, 0.5151, 0.5173],
        [0.5136, 0.5168, 0.5151, 0.5173]], device='cuda:0', requires_grad=True)
2024-02-28 22:16:44,908:INFO::its now!!!!!!!!5
2024-02-28 22:16:45,066:INFO::its now!!!!!!!!0
2024-02-28 22:16:45,068:INFO::its now!!!!!!!!3
2024-02-28 22:16:45,260:INFO::its now!!!!!!!!5
2024-02-28 22:16:45,427:INFO::its now!!!!!!!!
2024-02-28 22:16:45,428:INFO::its now!!!!!!!! on 
2024-02-28 22:16:45,628:INFO::its now!!!!!!!!5
2024-02-28 22:16:45,782:INFO::save_dir_name: gat_nasp_egreedy0_C8_useDmon_coef0.4_Adam_gcn.ppnp.mean.one-hot_noTypeLinear_014_64_shared_ops_lr0.0005_wd0.0001_use5seeds_use_adam_patience-8_30_not_use_skip
2024-02-28 22:16:45,783:INFO::Epoch 00010 | lr 0.00050 | Train_Loss 1.1810 | Train_Classification_Loss 1.1936 | Dmon_Loss -0.0315 | Val_Loss 1.1421 | Search Time(s) 0.7201 | Infer Time(s) 0.1576 | Time(s) 0.8777 
2024-02-28 22:16:45,824:INFO::cluster info:
0: 2;	1: 3;	2: 1;	3: 3;	4: 2;	5: 6;	6: 2;	7: 6;	8: 4;	9: 0;	10: 2;	11: 0;	12: 1;	13: 6;	14: 3;	15: 1;	16: 1;	17: 2;	18: 2;	19: 1;	20: 2;	21: 0;	22: 1;	23: 3;	24: 7;	25: 2;	26: 0;	27: 0;	28: 1;	29: 3;	30: 2;	31: 6;	32: 3;	33: 1;	34: 1;	35: 7;	36: 3;	37: 6;	38: 7;	39: 1;	40: 0;	41: 0;	42: 1;	43: 1;	44
26098: 1;	26099: 0;	26100: 0;	26101: 5;	26102: 0;	26103: 6;	26104: 1;	26105: 2;	26106: 3;	26107: 3;	26108: 3;	26109: 3;	26110: 3;	26111: 3;	26112: 3;	26113: 3;	26114: 1;	26115: 3;	26116: 3;	26117: 3;	26118: 3;	26119: 3;	26120: 3;	26121: 3;	26122: 3;	26123: 3;	26124: 0;	26125: 0;	26126: 3;	26127: 3;	
2024-02-28 22:16:45,825:INFO::Validation loss decreased (1.244976 --> 1.142068).  Saving model ...
2024-02-28 22:16:45,829:INFO::Epoch: 11
tensor([[0.5112, 0.5153, 0.5133, 0.5176],
        [0.5113, 0.5162, 0.5125, 0.5140],
        [0.5108, 0.5153, 0.5133, 0.5178],
        [0.5113, 0.5151, 0.5127, 0.5187],
        [0.5114, 0.5153, 0.5135, 0.5178],
        [0.5107, 0.5154, 0.5134, 0.5177],
        [0.5115, 0.5152, 0.5133, 0.5177],
        [0.5110, 0.5153, 0.5133, 0.5177]], device='cuda:0', requires_grad=True)
2024-02-28 22:16:45,829:INFO::its now!!!!!!!!5
2024-02-28 22:16:45,980:INFO::its now!!!!!!!!0
2024-02-28 22:16:45,983:INFO::its now!!!!!!!!3
2024-02-28 22:16:46,174:INFO::its now!!!!!!!!5
2024-02-28 22:16:46,334:INFO::its now!!!!!!!!
2024-02-28 22:16:46,335:INFO::its now!!!!!!!! on 
2024-02-28 22:16:46,537:INFO::its now!!!!!!!!5
2024-02-28 22:16:46,706:INFO::save_dir_name: gat_nasp_egreedy0_C8_useDmon_coef0.4_Adam_gcn.ppnp.mean.one-hot_noTypeLinear_014_64_shared_ops_lr0.0005_wd0.0001_use5seeds_use_adam_patience-8_30_not_use_skip
2024-02-28 22:16:46,708:INFO::Epoch 00011 | lr 0.00050 | Train_Loss 1.1693 | Train_Classification_Loss 1.1818 | Dmon_Loss -0.0314 | Val_Loss 1.1097 | Search Time(s) 0.7081 | Infer Time(s) 0.1735 | Time(s) 0.8816 
2024-02-28 22:16:46,758:INFO::cluster info:
0: 0;	1: 3;	2: 1;	3: 6;	4: 1;	5: 1;	6: 2;	7: 5;	8: 6;	9: 1;	10: 7;	11: 3;	12: 4;	13: 5;	14: 1;	15: 7;	16: 1;	17: 7;	18: 0;	19: 2;	20: 3;	21: 7;	22: 3;	23: 1;	24: 1;	25: 3;	26: 3;	27: 5;	28: 3;	29: 3;	30: 0;	31: 3;	32: 6;	33: 7;	34: 1;	35: 0;	36: 3;	37: 6;	38: 3;	39: 1;	40: 3;	41: 3;	42: 1;	43: 2;	44
26098: 5;	26099: 0;	26100: 4;	26101: 1;	26102: 3;	26103: 2;	26104: 2;	26105: 6;	26106: 5;	26107: 2;	26108: 3;	26109: 3;	26110: 3;	26111: 3;	26112: 3;	26113: 3;	26114: 3;	26115: 3;	26116: 3;	26117: 3;	26118: 3;	26119: 3;	26120: 3;	26121: 2;	26122: 3;	26123: 3;	26124: 3;	26125: 3;	26126: 3;	26127: 3;	
2024-02-28 22:16:46,759:INFO::Validation loss decreased (1.142068 --> 1.109724).  Saving model ...
2024-02-28 22:16:46,762:INFO::Epoch: 12
tensor([[0.5050, 0.5112, 0.5091, 0.5179],
        [0.5051, 0.5162, 0.5081, 0.5098],
        [0.5047, 0.5112, 0.5091, 0.5181],
        [0.5051, 0.5110, 0.5085, 0.5194],
        [0.5053, 0.5112, 0.5093, 0.5179],
        [0.5046, 0.5113, 0.5092, 0.5179],
        [0.5053, 0.5111, 0.5091, 0.5179],
        [0.5048, 0.5112, 0.5091, 0.5179]], device='cuda:0', requires_grad=True)
2024-02-28 22:16:46,763:INFO::its now!!!!!!!!5
2024-02-28 22:16:46,915:INFO::its now!!!!!!!!0
2024-02-28 22:16:46,918:INFO::its now!!!!!!!!3
2024-02-28 22:16:47,110:INFO::its now!!!!!!!!5
2024-02-28 22:16:47,276:INFO::its now!!!!!!!!
2024-02-28 22:16:47,276:INFO::its now!!!!!!!! on 
2024-02-28 22:16:47,476:INFO::its now!!!!!!!!5
2024-02-28 22:16:47,631:INFO::Epoch 00012 | lr 0.00050 | Train_Loss 1.1884 | Train_Classification_Loss 1.2009 | Dmon_Loss -0.0314 | Val_Loss 1.1331 | Search Time(s) 0.7141 | Infer Time(s) 0.1565 | Time(s) 0.8707 
2024-02-28 22:16:47,688:INFO::cluster info:
0: 4;	1: 3;	2: 1;	3: 2;	4: 6;	5: 3;	6: 3;	7: 3;	8: 3;	9: 1;	10: 6;	11: 3;	12: 3;	13: 2;	14: 3;	15: 1;	16: 3;	17: 3;	18: 3;	19: 0;	20: 3;	21: 2;	22: 3;	23: 3;	24: 6;	25: 5;	26: 1;	27: 7;	28: 4;	29: 3;	30: 4;	31: 5;	32: 3;	33: 3;	34: 3;	35: 0;	36: 3;	37: 0;	38: 3;	39: 3;	40: 1;	41: 2;	42: 1;	43: 3;	44
26098: 6;	26099: 0;	26100: 6;	26101: 3;	26102: 4;	26103: 3;	26104: 3;	26105: 7;	26106: 4;	26107: 5;	26108: 3;	26109: 3;	26110: 3;	26111: 3;	26112: 3;	26113: 3;	26114: 1;	26115: 3;	26116: 3;	26117: 3;	26118: 3;	26119: 3;	26120: 3;	26121: 3;	26122: 3;	26123: 3;	26124: 3;	26125: 3;	26126: 3;	26127: 3;	
2024-02-28 22:16:47,689:INFO::EarlyStopping counter: 1 out of 8
2024-02-28 22:16:47,693:INFO::Epoch: 13
tensor([[0.5028, 0.5097, 0.5076, 0.5180],
        [0.5029, 0.5162, 0.5064, 0.5083],
        [0.5025, 0.5098, 0.5076, 0.5182],
        [0.5029, 0.5096, 0.5070, 0.5208],
        [0.5031, 0.5098, 0.5077, 0.5180],
        [0.5024, 0.5098, 0.5076, 0.5180],
        [0.5031, 0.5096, 0.5076, 0.5179],
        [0.5027, 0.5098, 0.5076, 0.5179]], device='cuda:0', requires_grad=True)
2024-02-28 22:16:47,695:INFO::its now!!!!!!!!5
2024-02-28 22:16:47,856:INFO::its now!!!!!!!!0
2024-02-28 22:16:47,859:INFO::its now!!!!!!!!3
2024-02-28 22:16:48,054:INFO::its now!!!!!!!!5
2024-02-28 22:16:48,221:INFO::its now!!!!!!!!
2024-02-28 22:16:48,221:INFO::its now!!!!!!!! on 
2024-02-28 22:16:48,425:INFO::its now!!!!!!!!5
2024-02-28 22:16:48,583:INFO::save_dir_name: gat_nasp_egreedy0_C8_useDmon_coef0.4_Adam_gcn.ppnp.mean.one-hot_noTypeLinear_014_64_shared_ops_lr0.0005_wd0.0001_use5seeds_use_adam_patience-8_30_not_use_skip
2024-02-28 22:16:48,585:INFO::Epoch 00013 | lr 0.00050 | Train_Loss 1.0941 | Train_Classification_Loss 1.1067 | Dmon_Loss -0.0314 | Val_Loss 1.0332 | Search Time(s) 0.7321 | Infer Time(s) 0.1625 | Time(s) 0.8946 
2024-02-28 22:16:48,641:INFO::cluster info:
0: 6;	1: 3;	2: 3;	3: 3;	4: 3;	5: 1;	6: 5;	7: 6;	8: 1;	9: 1;	10: 2;	11: 3;	12: 3;	13: 0;	14: 3;	15: 7;	16: 3;	17: 1;	18: 3;	19: 3;	20: 3;	21: 6;	22: 3;	23: 2;	24: 6;	25: 1;	26: 0;	27: 3;	28: 1;	29: 0;	30: 3;	31: 3;	32: 0;	33: 3;	34: 2;	35: 0;	36: 1;	37: 0;	38: 7;	39: 3;	40: 0;	41: 1;	42: 3;	43: 4;	44
26098: 7;	26099: 7;	26100: 2;	26101: 5;	26102: 2;	26103: 2;	26104: 3;	26105: 1;	26106: 3;	26107: 7;	26108: 3;	26109: 3;	26110: 3;	26111: 3;	26112: 3;	26113: 3;	26114: 1;	26115: 3;	26116: 3;	26117: 3;	26118: 3;	26119: 3;	26120: 3;	26121: 3;	26122: 3;	26123: 3;	26124: 3;	26125: 3;	26126: 3;	26127: 6;	
2024-02-28 22:16:48,641:INFO::Validation loss decreased (1.109724 --> 1.033239).  Saving model ...
2024-02-28 22:16:48,645:INFO::Epoch: 14
tensor([[0.5083, 0.5139, 0.5117, 0.5181],
        [0.5084, 0.5164, 0.5105, 0.5125],
        [0.5079, 0.5139, 0.5117, 0.5182],
        [0.5083, 0.5137, 0.5111, 0.5221],
        [0.5085, 0.5139, 0.5118, 0.5181],
        [0.5078, 0.5140, 0.5118, 0.5180],
        [0.5085, 0.5138, 0.5117, 0.5180],
        [0.5081, 0.5139, 0.5117, 0.5180]], device='cuda:0', requires_grad=True)
2024-02-28 22:16:48,646:INFO::its now!!!!!!!!5
2024-02-28 22:16:48,803:INFO::its now!!!!!!!!0
2024-02-28 22:16:48,806:INFO::its now!!!!!!!!3
2024-02-28 22:16:48,999:INFO::its now!!!!!!!!5
2024-02-28 22:16:49,161:INFO::its now!!!!!!!!
2024-02-28 22:16:49,162:INFO::its now!!!!!!!! on 
2024-02-28 22:16:49,363:INFO::its now!!!!!!!!5
2024-02-28 22:16:49,517:INFO::save_dir_name: gat_nasp_egreedy0_C8_useDmon_coef0.4_Adam_gcn.ppnp.mean.one-hot_noTypeLinear_014_64_shared_ops_lr0.0005_wd0.0001_use5seeds_use_adam_patience-8_30_not_use_skip
2024-02-28 22:16:49,519:INFO::Epoch 00014 | lr 0.00050 | Train_Loss 1.1090 | Train_Classification_Loss 1.1216 | Dmon_Loss -0.0314 | Val_Loss 1.0022 | Search Time(s) 0.7181 | Infer Time(s) 0.1565 | Time(s) 0.8747 
2024-02-28 22:16:49,568:INFO::cluster info:
0: 1;	1: 3;	2: 3;	3: 3;	4: 3;	5: 3;	6: 3;	7: 3;	8: 3;	9: 5;	10: 2;	11: 0;	12: 4;	13: 0;	14: 3;	15: 2;	16: 3;	17: 0;	18: 3;	19: 3;	20: 0;	21: 0;	22: 6;	23: 3;	24: 6;	25: 3;	26: 2;	27: 0;	28: 3;	29: 3;	30: 5;	31: 1;	32: 3;	33: 4;	34: 2;	35: 6;	36: 1;	37: 1;	38: 0;	39: 3;	40: 1;	41: 2;	42: 3;	43: 3;	44
26098: 6;	26099: 3;	26100: 4;	26101: 4;	26102: 4;	26103: 1;	26104: 1;	26105: 6;	26106: 3;	26107: 3;	26108: 3;	26109: 3;	26110: 3;	26111: 3;	26112: 3;	26113: 3;	26114: 3;	26115: 3;	26116: 3;	26117: 3;	26118: 3;	26119: 3;	26120: 3;	26121: 3;	26122: 3;	26123: 3;	26124: 3;	26125: 3;	26126: 3;	26127: 3;	
2024-02-28 22:16:49,569:INFO::Validation loss decreased (1.033239 --> 1.002175).  Saving model ...
2024-02-28 22:16:49,573:INFO::Epoch: 15
tensor([[0.5083, 0.5139, 0.5117, 0.5181],
        [0.5084, 0.5168, 0.5105, 0.5125],
        [0.5079, 0.5140, 0.5117, 0.5183],
        [0.5084, 0.5138, 0.5111, 0.5239],
        [0.5085, 0.5140, 0.5119, 0.5181],
        [0.5078, 0.5140, 0.5118, 0.5180],
        [0.5086, 0.5138, 0.5117, 0.5180],
        [0.5081, 0.5140, 0.5117, 0.5180]], device='cuda:0', requires_grad=True)
2024-02-28 22:16:49,574:INFO::its now!!!!!!!!5
2024-02-28 22:16:49,728:INFO::its now!!!!!!!!0
2024-02-28 22:16:49,731:INFO::its now!!!!!!!!3
2024-02-28 22:16:49,922:INFO::its now!!!!!!!!5
2024-02-28 22:16:50,089:INFO::its now!!!!!!!!
2024-02-28 22:16:50,090:INFO::its now!!!!!!!! on 
2024-02-28 22:16:50,290:INFO::its now!!!!!!!!5
2024-02-28 22:16:50,446:INFO::Epoch 00015 | lr 0.00050 | Train_Loss 1.1782 | Train_Classification_Loss 1.1907 | Dmon_Loss -0.0314 | Val_Loss 1.0867 | Search Time(s) 0.7181 | Infer Time(s) 0.1585 | Time(s) 0.8767 
2024-02-28 22:16:50,485:INFO::cluster info:
0: 2;	1: 3;	2: 1;	3: 3;	4: 3;	5: 3;	6: 0;	7: 3;	8: 6;	9: 1;	10: 3;	11: 3;	12: 3;	13: 3;	14: 3;	15: 1;	16: 3;	17: 3;	18: 0;	19: 3;	20: 1;	21: 6;	22: 3;	23: 3;	24: 0;	25: 3;	26: 7;	27: 1;	28: 1;	29: 1;	30: 1;	31: 0;	32: 1;	33: 1;	34: 1;	35: 7;	36: 1;	37: 4;	38: 1;	39: 3;	40: 1;	41: 3;	42: 3;	43: 2;	44
26098: 6;	26099: 4;	26100: 3;	26101: 0;	26102: 4;	26103: 3;	26104: 6;	26105: 6;	26106: 3;	26107: 1;	26108: 3;	26109: 3;	26110: 3;	26111: 3;	26112: 3;	26113: 3;	26114: 3;	26115: 3;	26116: 3;	26117: 3;	26118: 3;	26119: 3;	26120: 3;	26121: 3;	26122: 3;	26123: 3;	26124: 3;	26125: 3;	26126: 3;	26127: 3;	
2024-02-28 22:16:50,486:INFO::EarlyStopping counter: 1 out of 8
2024-02-28 22:16:50,489:INFO::Epoch: 16
tensor([[0.5134, 0.5181, 0.5159, 0.5181],
        [0.5135, 0.5171, 0.5148, 0.5167],
        [0.5131, 0.5182, 0.5159, 0.5183],
        [0.5135, 0.5180, 0.5153, 0.5261],
        [0.5137, 0.5182, 0.5161, 0.5181],
        [0.5130, 0.5183, 0.5160, 0.5180],
        [0.5137, 0.5181, 0.5159, 0.5180],
        [0.5132, 0.5182, 0.5159, 0.5181]], device='cuda:0', requires_grad=True)
2024-02-28 22:16:50,490:INFO::its now!!!!!!!!5
2024-02-28 22:16:50,645:INFO::its now!!!!!!!!0
2024-02-28 22:16:50,648:INFO::its now!!!!!!!!3
2024-02-28 22:16:50,839:INFO::its now!!!!!!!!5
2024-02-28 22:16:51,010:INFO::its now!!!!!!!!
2024-02-28 22:16:51,010:INFO::its now!!!!!!!! on 
2024-02-28 22:16:51,213:INFO::its now!!!!!!!!5
2024-02-28 22:16:51,373:INFO::Epoch 00016 | lr 0.00050 | Train_Loss 1.1352 | Train_Classification_Loss 1.1478 | Dmon_Loss -0.0314 | Val_Loss 1.0544 | Search Time(s) 0.7241 | Infer Time(s) 0.1625 | Time(s) 0.8866 
2024-02-28 22:16:51,441:INFO::cluster info:
0: 3;	1: 6;	2: 6;	3: 3;	4: 1;	5: 5;	6: 2;	7: 3;	8: 3;	9: 1;	10: 1;	11: 3;	12: 6;	13: 3;	14: 3;	15: 2;	16: 3;	17: 3;	18: 3;	19: 3;	20: 3;	21: 5;	22: 3;	23: 3;	24: 3;	25: 1;	26: 3;	27: 5;	28: 0;	29: 1;	30: 6;	31: 2;	32: 3;	33: 3;	34: 3;	35: 0;	36: 3;	37: 1;	38: 3;	39: 3;	40: 3;	41: 1;	42: 3;	43: 3;	44
26098: 0;	26099: 1;	26100: 0;	26101: 5;	26102: 2;	26103: 6;	26104: 6;	26105: 0;	26106: 2;	26107: 7;	26108: 3;	26109: 3;	26110: 3;	26111: 3;	26112: 3;	26113: 3;	26114: 3;	26115: 3;	26116: 3;	26117: 3;	26118: 3;	26119: 3;	26120: 3;	26121: 3;	26122: 3;	26123: 3;	26124: 3;	26125: 3;	26126: 3;	26127: 3;	
2024-02-28 22:16:51,442:INFO::EarlyStopping counter: 2 out of 8
2024-02-28 22:16:51,445:INFO::Epoch: 17
tensor([[0.5192, 0.5230, 0.5207, 0.5182],
        [0.5193, 0.5174, 0.5196, 0.5215],
        [0.5188, 0.5230, 0.5207, 0.5183],
        [0.5193, 0.5228, 0.5201, 0.5280],
        [0.5194, 0.5204, 0.5209, 0.5220],
        [0.5187, 0.5204, 0.5208, 0.5219],
        [0.5195, 0.5202, 0.5207, 0.5218],
        [0.5190, 0.5204, 0.5207, 0.5219]], device='cuda:0', requires_grad=True)
2024-02-28 22:16:51,446:INFO::its now!!!!!!!!5
2024-02-28 22:16:51,607:INFO::its now!!!!!!!!0
2024-02-28 22:16:51,609:INFO::its now!!!!!!!!3
2024-02-28 22:16:51,800:INFO::its now!!!!!!!!5
2024-02-28 22:16:51,974:INFO::its now!!!!!!!!
2024-02-28 22:16:51,974:INFO::its now!!!!!!!! on 
2024-02-28 22:16:52,185:INFO::its now!!!!!!!!5
2024-02-28 22:16:52,354:INFO::Epoch 00017 | lr 0.00050 | Train_Loss 1.0516 | Train_Classification_Loss 1.0642 | Dmon_Loss -0.0314 | Val_Loss 1.0097 | Search Time(s) 0.7400 | Infer Time(s) 0.1725 | Time(s) 0.9126 
2024-02-28 22:16:52,424:INFO::cluster info:
0: 6;	1: 3;	2: 5;	3: 3;	4: 0;	5: 3;	6: 5;	7: 3;	8: 6;	9: 6;	10: 3;	11: 0;	12: 6;	13: 1;	14: 3;	15: 4;	16: 4;	17: 2;	18: 3;	19: 3;	20: 3;	21: 5;	22: 3;	23: 3;	24: 6;	25: 3;	26: 6;	27: 2;	28: 1;	29: 6;	30: 0;	31: 0;	32: 1;	33: 2;	34: 3;	35: 1;	36: 3;	37: 4;	38: 1;	39: 1;	40: 2;	41: 1;	42: 1;	43: 2;	44
26098: 5;	26099: 0;	26100: 1;	26101: 1;	26102: 0;	26103: 5;	26104: 6;	26105: 0;	26106: 1;	26107: 2;	26108: 3;	26109: 3;	26110: 3;	26111: 3;	26112: 3;	26113: 3;	26114: 3;	26115: 3;	26116: 3;	26117: 3;	26118: 3;	26119: 3;	26120: 3;	26121: 3;	26122: 3;	26123: 3;	26124: 3;	26125: 3;	26126: 3;	26127: 3;	
2024-02-28 22:16:52,426:INFO::EarlyStopping counter: 3 out of 8
2024-02-28 22:16:52,431:INFO::Epoch: 18
tensor([[0.5242, 0.5256, 0.5249, 0.5207],
        [0.5243, 0.5200, 0.5238, 0.5240],
        [0.5238, 0.5257, 0.5249, 0.5209],
        [0.5242, 0.5270, 0.5243, 0.5297],
        [0.5244, 0.5233, 0.5251, 0.5239],
        [0.5237, 0.5233, 0.5250, 0.5238],
        [0.5245, 0.5231, 0.5249, 0.5238],
        [0.5240, 0.5233, 0.5249, 0.5239]], device='cuda:0', requires_grad=True)
2024-02-28 22:16:52,432:INFO::its now!!!!!!!!5
2024-02-28 22:16:52,605:INFO::its now!!!!!!!!0
2024-02-28 22:16:52,607:INFO::its now!!!!!!!!3
2024-02-28 22:16:52,807:INFO::its now!!!!!!!!5
2024-02-28 22:16:52,989:INFO::its now!!!!!!!!
2024-02-28 22:16:52,990:INFO::its now!!!!!!!! on 
2024-02-28 22:16:53,197:INFO::its now!!!!!!!!5
2024-02-28 22:16:53,354:INFO::save_dir_name: gat_nasp_egreedy0_C8_useDmon_coef0.4_Adam_gcn.ppnp.mean.one-hot_noTypeLinear_014_64_shared_ops_lr0.0005_wd0.0001_use5seeds_use_adam_patience-8_30_not_use_skip
2024-02-28 22:16:53,356:INFO::Epoch 00018 | lr 0.00050 | Train_Loss 1.0776 | Train_Classification_Loss 1.0902 | Dmon_Loss -0.0314 | Val_Loss 0.9612 | Search Time(s) 0.7670 | Infer Time(s) 0.1606 | Time(s) 0.9275 
2024-02-28 22:16:53,418:INFO::cluster info:
0: 6;	1: 3;	2: 3;	3: 3;	4: 5;	5: 3;	6: 1;	7: 6;	8: 2;	9: 6;	10: 1;	11: 5;	12: 6;	13: 3;	14: 6;	15: 3;	16: 3;	17: 3;	18: 6;	19: 0;	20: 3;	21: 3;	22: 1;	23: 3;	24: 0;	25: 6;	26: 6;	27: 3;	28: 3;	29: 0;	30: 0;	31: 7;	32: 3;	33: 6;	34: 1;	35: 6;	36: 0;	37: 6;	38: 2;	39: 3;	40: 0;	41: 2;	42: 3;	43: 6;	44
26098: 7;	26099: 3;	26100: 5;	26101: 4;	26102: 5;	26103: 4;	26104: 0;	26105: 3;	26106: 5;	26107: 2;	26108: 3;	26109: 3;	26110: 3;	26111: 3;	26112: 3;	26113: 3;	26114: 3;	26115: 3;	26116: 3;	26117: 3;	26118: 3;	26119: 3;	26120: 3;	26121: 3;	26122: 3;	26123: 3;	26124: 3;	26125: 3;	26126: 3;	26127: 3;	
2024-02-28 22:16:53,419:INFO::Validation loss decreased (1.002175 --> 0.961185).  Saving model ...
2024-02-28 22:16:53,424:INFO::Epoch: 19
tensor([[0.5260, 0.5271, 0.5265, 0.5212],
        [0.5269, 0.5205, 0.5254, 0.5247],
        [0.5257, 0.5273, 0.5265, 0.5214],
        [0.5261, 0.5286, 0.5258, 0.5316],
        [0.5263, 0.5242, 0.5272, 0.5241],
        [0.5256, 0.5242, 0.5271, 0.5240],
        [0.5263, 0.5240, 0.5270, 0.5240],
        [0.5259, 0.5242, 0.5270, 0.5241]], device='cuda:0', requires_grad=True)
2024-02-28 22:16:53,425:INFO::its now!!!!!!!!5
2024-02-28 22:16:53,582:INFO::its now!!!!!!!!0
2024-02-28 22:16:53,585:INFO::its now!!!!!!!!3
2024-02-28 22:16:53,781:INFO::its now!!!!!!!!5
2024-02-28 22:16:53,955:INFO::its now!!!!!!!!
2024-02-28 22:16:53,955:INFO::its now!!!!!!!! on 
2024-02-28 22:16:54,162:INFO::its now!!!!!!!!5
2024-02-28 22:16:54,330:INFO::save_dir_name: gat_nasp_egreedy0_C8_useDmon_coef0.4_Adam_gcn.ppnp.mean.one-hot_noTypeLinear_014_64_shared_ops_lr0.0005_wd0.0001_use5seeds_use_adam_patience-8_30_not_use_skip
2024-02-28 22:16:54,332:INFO::Epoch 00019 | lr 0.00050 | Train_Loss 0.9874 | Train_Classification_Loss 1.0000 | Dmon_Loss -0.0314 | Val_Loss 0.9057 | Search Time(s) 0.7390 | Infer Time(s) 0.1705 | Time(s) 0.9096 
2024-02-28 22:16:54,383:INFO::cluster info:
0: 6;	1: 3;	2: 2;	3: 3;	4: 7;	5: 3;	6: 4;	7: 3;	8: 6;	9: 7;	10: 6;	11: 6;	12: 6;	13: 0;	14: 3;	15: 5;	16: 6;	17: 5;	18: 3;	19: 3;	20: 2;	21: 3;	22: 3;	23: 3;	24: 5;	25: 1;	26: 0;	27: 7;	28: 2;	29: 6;	30: 0;	31: 2;	32: 3;	33: 1;	34: 3;	35: 3;	36: 3;	37: 2;	38: 3;	39: 5;	40: 2;	41: 2;	42: 6;	43: 3;	44
26098: 2;	26099: 6;	26100: 3;	26101: 3;	26102: 0;	26103: 7;	26104: 3;	26105: 1;	26106: 1;	26107: 0;	26108: 3;	26109: 3;	26110: 3;	26111: 3;	26112: 3;	26113: 3;	26114: 2;	26115: 3;	26116: 3;	26117: 3;	26118: 3;	26119: 3;	26120: 3;	26121: 3;	26122: 3;	26123: 3;	26124: 2;	26125: 3;	26126: 3;	26127: 3;	
2024-02-28 22:16:54,384:INFO::Validation loss decreased (0.961185 --> 0.905723).  Saving model ...
2024-02-28 22:16:54,387:INFO::Epoch: 20
tensor([[0.5222, 0.5280, 0.5231, 0.5158],
        [0.5283, 0.5154, 0.5221, 0.5209],
        [0.5218, 0.5284, 0.5231, 0.5160],
        [0.5222, 0.5253, 0.5225, 0.5339],
        [0.5224, 0.5204, 0.5283, 0.5188],
        [0.5217, 0.5204, 0.5281, 0.5187],
        [0.5225, 0.5202, 0.5281, 0.5187],
        [0.5220, 0.5204, 0.5281, 0.5187]], device='cuda:0', requires_grad=True)
2024-02-28 22:16:54,389:INFO::its now!!!!!!!!5
2024-02-28 22:16:54,552:INFO::its now!!!!!!!!0
2024-02-28 22:16:54,555:INFO::its now!!!!!!!!3
2024-02-28 22:16:54,754:INFO::its now!!!!!!!!5
2024-02-28 22:16:54,933:INFO::its now!!!!!!!!
2024-02-28 22:16:54,933:INFO::its now!!!!!!!! on 
2024-02-28 22:16:55,142:INFO::its now!!!!!!!!5
2024-02-28 22:16:55,304:INFO::save_dir_name: gat_nasp_egreedy0_C8_useDmon_coef0.4_Adam_gcn.ppnp.mean.one-hot_noTypeLinear_014_64_shared_ops_lr0.0005_wd0.0001_use5seeds_use_adam_patience-8_30_not_use_skip
2024-02-28 22:16:55,306:INFO::Epoch 00020 | lr 0.00050 | Train_Loss 0.8861 | Train_Classification_Loss 0.8987 | Dmon_Loss -0.0315 | Val_Loss 0.8427 | Search Time(s) 0.7570 | Infer Time(s) 0.1636 | Time(s) 0.9205 
2024-02-28 22:16:55,366:INFO::cluster info:
0: 3;	1: 6;	2: 2;	3: 3;	4: 5;	5: 4;	6: 0;	7: 3;	8: 2;	9: 1;	10: 0;	11: 0;	12: 3;	13: 0;	14: 3;	15: 7;	16: 6;	17: 0;	18: 3;	19: 3;	20: 3;	21: 0;	22: 1;	23: 3;	24: 2;	25: 3;	26: 3;	27: 6;	28: 2;	29: 4;	30: 3;	31: 2;	32: 3;	33: 7;	34: 0;	35: 4;	36: 1;	37: 6;	38: 2;	39: 1;	40: 0;	41: 1;	42: 0;	43: 5;	44
26098: 1;	26099: 6;	26100: 6;	26101: 5;	26102: 2;	26103: 1;	26104: 4;	26105: 6;	26106: 4;	26107: 5;	26108: 3;	26109: 3;	26110: 3;	26111: 3;	26112: 3;	26113: 3;	26114: 2;	26115: 3;	26116: 3;	26117: 3;	26118: 3;	26119: 3;	26120: 3;	26121: 2;	26122: 3;	26123: 3;	26124: 2;	26125: 2;	26126: 3;	26127: 3;	
2024-02-28 22:16:55,367:INFO::Validation loss decreased (0.905723 --> 0.842690).  Saving model ...
2024-02-28 22:16:55,374:INFO::Epoch: 21
tensor([[0.5146, 0.5281, 0.5163, 0.5069],
        [0.5290, 0.5068, 0.5152, 0.5138],
        [0.5142, 0.5286, 0.5163, 0.5071],
        [0.5147, 0.5185, 0.5157, 0.5369],
        [0.5148, 0.5132, 0.5288, 0.5100],
        [0.5141, 0.5133, 0.5287, 0.5099],
        [0.5149, 0.5130, 0.5286, 0.5099],
        [0.5144, 0.5132, 0.5287, 0.5100]], device='cuda:0', requires_grad=True)
2024-02-28 22:16:55,375:INFO::its now!!!!!!!!5
2024-02-28 22:16:55,549:INFO::its now!!!!!!!!0
2024-02-28 22:16:55,551:INFO::its now!!!!!!!!3
2024-02-28 22:16:55,748:INFO::its now!!!!!!!!5
2024-02-28 22:16:55,918:INFO::its now!!!!!!!!
2024-02-28 22:16:55,918:INFO::its now!!!!!!!! on 
2024-02-28 22:16:56,135:INFO::its now!!!!!!!!5
2024-02-28 22:16:56,309:INFO::Epoch 00021 | lr 0.00050 | Train_Loss 1.0690 | Train_Classification_Loss 1.0816 | Dmon_Loss -0.0316 | Val_Loss 0.9855 | Search Time(s) 0.7669 | Infer Time(s) 0.1745 | Time(s) 0.9415 
2024-02-28 22:16:56,371:INFO::cluster info:
0: 4;	1: 0;	2: 0;	3: 3;	4: 5;	5: 3;	6: 5;	7: 0;	8: 3;	9: 7;	10: 2;	11: 5;	12: 3;	13: 0;	14: 6;	15: 3;	16: 3;	17: 1;	18: 4;	19: 3;	20: 0;	21: 7;	22: 6;	23: 3;	24: 3;	25: 6;	26: 0;	27: 3;	28: 2;	29: 1;	30: 3;	31: 3;	32: 2;	33: 3;	34: 1;	35: 2;	36: 0;	37: 2;	38: 3;	39: 1;	40: 0;	41: 4;	42: 0;	43: 6;	44
26098: 3;	26099: 1;	26100: 7;	26101: 5;	26102: 2;	26103: 1;	26104: 1;	26105: 5;	26106: 0;	26107: 6;	26108: 3;	26109: 3;	26110: 3;	26111: 3;	26112: 3;	26113: 0;	26114: 2;	26115: 0;	26116: 3;	26117: 3;	26118: 0;	26119: 3;	26120: 0;	26121: 2;	26122: 0;	26123: 3;	26124: 2;	26125: 2;	26126: 3;	26127: 0;	
2024-02-28 22:16:56,373:INFO::EarlyStopping counter: 1 out of 8
2024-02-28 22:16:56,378:INFO::Epoch: 22
tensor([[0.5079, 0.5261, 0.5103, 0.4992],
        [0.5294, 0.4994, 0.5091, 0.5076],
        [0.5075, 0.5259, 0.5103, 0.4994],
        [0.5079, 0.5124, 0.5096, 0.5414],
        [0.5081, 0.5069, 0.5291, 0.5025],
        [0.5074, 0.5070, 0.5289, 0.5024],
        [0.5081, 0.5067, 0.5288, 0.5024],
        [0.5077, 0.5069, 0.5289, 0.5024]], device='cuda:0', requires_grad=True)
2024-02-28 22:16:56,379:INFO::its now!!!!!!!!5
2024-02-28 22:16:56,545:INFO::its now!!!!!!!!0
2024-02-28 22:16:56,547:INFO::its now!!!!!!!!3
2024-02-28 22:16:56,747:INFO::its now!!!!!!!!5
2024-02-28 22:16:56,914:INFO::its now!!!!!!!!
2024-02-28 22:16:56,914:INFO::its now!!!!!!!! on 
2024-02-28 22:16:57,153:INFO::its now!!!!!!!!5
2024-02-28 22:16:57,352:INFO::Epoch 00022 | lr 0.00050 | Train_Loss 1.4062 | Train_Classification_Loss 1.4187 | Dmon_Loss -0.0313 | Val_Loss 1.0857 | Search Time(s) 0.7799 | Infer Time(s) 0.1985 | Time(s) 0.9784 
2024-02-28 22:16:57,429:INFO::cluster info:
0: 5;	1: 2;	2: 0;	3: 3;	4: 0;	5: 4;	6: 2;	7: 0;	8: 6;	9: 0;	10: 5;	11: 5;	12: 7;	13: 5;	14: 3;	15: 6;	16: 3;	17: 0;	18: 3;	19: 6;	20: 3;	21: 7;	22: 2;	23: 0;	24: 3;	25: 3;	26: 7;	27: 7;	28: 0;	29: 2;	30: 0;	31: 6;	32: 2;	33: 1;	34: 2;	35: 7;	36: 0;	37: 2;	38: 0;	39: 0;	40: 1;	41: 4;	42: 0;	43: 2;	44
26098: 3;	26099: 4;	26100: 2;	26101: 1;	26102: 1;	26103: 6;	26104: 0;	26105: 1;	26106: 6;	26107: 5;	26108: 3;	26109: 3;	26110: 3;	26111: 3;	26112: 3;	26113: 2;	26114: 0;	26115: 0;	26116: 3;	26117: 3;	26118: 0;	26119: 0;	26120: 0;	26121: 2;	26122: 0;	26123: 3;	26124: 2;	26125: 2;	26126: 3;	26127: 3;	
2024-02-28 22:16:57,431:INFO::EarlyStopping counter: 2 out of 8
2024-02-28 22:16:57,437:INFO::Epoch: 23
tensor([[0.5050, 0.5216, 0.5077, 0.4959],
        [0.5295, 0.4962, 0.5065, 0.5049],
        [0.5046, 0.5207, 0.5076, 0.4961],
        [0.5050, 0.5098, 0.5070, 0.5470],
        [0.5052, 0.5042, 0.5292, 0.4992],
        [0.5045, 0.5043, 0.5291, 0.4991],
        [0.5052, 0.5040, 0.5289, 0.4991],
        [0.5048, 0.5042, 0.5291, 0.4991]], device='cuda:0', requires_grad=True)
2024-02-28 22:16:57,438:INFO::its now!!!!!!!!5
2024-02-28 22:16:57,913:INFO::its now!!!!!!!!0
2024-02-28 22:16:57,915:INFO::its now!!!!!!!!3
2024-02-28 22:16:58,121:INFO::its now!!!!!!!!5
2024-02-28 22:16:58,306:INFO::its now!!!!!!!!
2024-02-28 22:16:58,306:INFO::its now!!!!!!!! on 
2024-02-28 22:16:58,516:INFO::its now!!!!!!!!5
2024-02-28 22:16:58,675:INFO::Epoch 00023 | lr 0.00050 | Train_Loss 1.4139 | Train_Classification_Loss 1.4264 | Dmon_Loss -0.0312 | Val_Loss 1.0530 | Search Time(s) 1.0811 | Infer Time(s) 0.1625 | Time(s) 1.2437 
2024-02-28 22:16:58,750:INFO::cluster info:
0: 6;	1: 4;	2: 3;	3: 3;	4: 7;	5: 1;	6: 4;	7: 0;	8: 3;	9: 3;	10: 1;	11: 0;	12: 7;	13: 2;	14: 6;	15: 7;	16: 6;	17: 2;	18: 3;	19: 3;	20: 1;	21: 6;	22: 3;	23: 1;	24: 1;	25: 5;	26: 4;	27: 7;	28: 2;	29: 3;	30: 1;	31: 0;	32: 3;	33: 2;	34: 1;	35: 6;	36: 0;	37: 1;	38: 2;	39: 0;	40: 3;	41: 2;	42: 3;	43: 7;	44
26098: 7;	26099: 7;	26100: 6;	26101: 1;	26102: 1;	26103: 4;	26104: 0;	26105: 0;	26106: 0;	26107: 2;	26108: 3;	26109: 0;	26110: 3;	26111: 3;	26112: 3;	26113: 0;	26114: 2;	26115: 0;	26116: 3;	26117: 3;	26118: 0;	26119: 0;	26120: 0;	26121: 0;	26122: 0;	26123: 3;	26124: 2;	26125: 2;	26126: 3;	26127: 3;	
2024-02-28 22:16:58,751:INFO::EarlyStopping counter: 3 out of 8
2024-02-28 22:16:58,755:INFO::Epoch: 24
tensor([[0.4993, 0.5144, 0.5025, 0.4896],
        [0.5295, 0.4901, 0.5013, 0.4996],
        [0.4989, 0.5134, 0.5025, 0.4898],
        [0.4994, 0.5046, 0.5019, 0.5525],
        [0.4995, 0.4989, 0.5292, 0.4930],
        [0.4988, 0.4990, 0.5292, 0.4929],
        [0.4996, 0.4987, 0.5289, 0.4929],
        [0.4991, 0.4989, 0.5292, 0.4930]], device='cuda:0', requires_grad=True)
2024-02-28 22:16:58,756:INFO::its now!!!!!!!!5
2024-02-28 22:16:58,931:INFO::its now!!!!!!!!0
2024-02-28 22:16:58,933:INFO::its now!!!!!!!!3
2024-02-28 22:16:59,131:INFO::its now!!!!!!!!5
2024-02-28 22:16:59,310:INFO::its now!!!!!!!!
2024-02-28 22:16:59,310:INFO::its now!!!!!!!! on 
2024-02-28 22:16:59,518:INFO::its now!!!!!!!!5
2024-02-28 22:16:59,680:INFO::Epoch 00024 | lr 0.00050 | Train_Loss 1.0855 | Train_Classification_Loss 1.0980 | Dmon_Loss -0.0313 | Val_Loss 0.8823 | Search Time(s) 0.7650 | Infer Time(s) 0.1636 | Time(s) 0.9285 
2024-02-28 22:16:59,723:INFO::cluster info:
0: 1;	1: 3;	2: 0;	3: 6;	4: 6;	5: 4;	6: 6;	7: 3;	8: 0;	9: 2;	10: 1;	11: 6;	12: 0;	13: 0;	14: 1;	15: 7;	16: 3;	17: 2;	18: 3;	19: 3;	20: 0;	21: 3;	22: 6;	23: 0;	24: 5;	25: 3;	26: 6;	27: 4;	28: 0;	29: 1;	30: 2;	31: 0;	32: 3;	33: 4;	34: 0;	35: 5;	36: 0;	37: 0;	38: 3;	39: 1;	40: 1;	41: 1;	42: 0;	43: 2;	44
26098: 3;	26099: 0;	26100: 1;	26101: 2;	26102: 0;	26103: 5;	26104: 3;	26105: 0;	26106: 5;	26107: 1;	26108: 3;	26109: 0;	26110: 3;	26111: 3;	26112: 3;	26113: 0;	26114: 2;	26115: 0;	26116: 3;	26117: 3;	26118: 0;	26119: 0;	26120: 0;	26121: 0;	26122: 0;	26123: 3;	26124: 0;	26125: 2;	26126: 3;	26127: 6;	
2024-02-28 22:16:59,724:INFO::EarlyStopping counter: 4 out of 8
2024-02-28 22:16:59,728:INFO::Epoch: 25
tensor([[0.4965, 0.5066, 0.4999, 0.4865],
        [0.5295, 0.4870, 0.4987, 0.4970],
        [0.4961, 0.5073, 0.4999, 0.4867],
        [0.4965, 0.5020, 0.4993, 0.5584],
        [0.4967, 0.4963, 0.5293, 0.4899],
        [0.4960, 0.4963, 0.5292, 0.4898],
        [0.4967, 0.4961, 0.5290, 0.4899],
        [0.4963, 0.4963, 0.5292, 0.4899]], device='cuda:0', requires_grad=True)
2024-02-28 22:16:59,729:INFO::its now!!!!!!!!5
2024-02-28 22:16:59,888:INFO::its now!!!!!!!!0
2024-02-28 22:16:59,891:INFO::its now!!!!!!!!3
2024-02-28 22:17:00,093:INFO::its now!!!!!!!!5
2024-02-28 22:17:00,268:INFO::its now!!!!!!!!
2024-02-28 22:17:00,268:INFO::its now!!!!!!!! on 
2024-02-28 22:17:00,477:INFO::its now!!!!!!!!5
2024-02-28 22:17:00,635:INFO::save_dir_name: gat_nasp_egreedy0_C8_useDmon_coef0.4_Adam_gcn.ppnp.mean.one-hot_noTypeLinear_014_64_shared_ops_lr0.0005_wd0.0001_use5seeds_use_adam_patience-8_30_not_use_skip
2024-02-28 22:17:00,637:INFO::Epoch 00025 | lr 0.00050 | Train_Loss 0.9463 | Train_Classification_Loss 0.9589 | Dmon_Loss -0.0316 | Val_Loss 0.8036 | Search Time(s) 0.7490 | Infer Time(s) 0.1625 | Time(s) 0.9116 
2024-02-28 22:17:00,701:INFO::cluster info:
0: 4;	1: 1;	2: 1;	3: 3;	4: 6;	5: 3;	6: 7;	7: 3;	8: 3;	9: 0;	10: 6;	11: 0;	12: 7;	13: 0;	14: 0;	15: 2;	16: 6;	17: 2;	18: 5;	19: 6;	20: 3;	21: 5;	22: 3;	23: 3;	24: 2;	25: 7;	26: 3;	27: 5;	28: 0;	29: 3;	30: 0;	31: 1;	32: 0;	33: 2;	34: 0;	35: 6;	36: 0;	37: 4;	38: 1;	39: 7;	40: 0;	41: 2;	42: 0;	43: 4;	44
26098: 2;	26099: 4;	26100: 0;	26101: 7;	26102: 0;	26103: 3;	26104: 2;	26105: 2;	26106: 0;	26107: 6;	26108: 3;	26109: 0;	26110: 3;	26111: 6;	26112: 3;	26113: 0;	26114: 0;	26115: 0;	26116: 3;	26117: 3;	26118: 0;	26119: 0;	26120: 0;	26121: 0;	26122: 0;	26123: 3;	26124: 0;	26125: 0;	26126: 3;	26127: 0;	
2024-02-28 22:17:00,702:INFO::Validation loss decreased (0.842690 --> 0.803612).  Saving model ...
2024-02-28 22:17:00,706:INFO::Epoch: 26
tensor([[0.4902, 0.4995, 0.4942, 0.4798],
        [0.5295, 0.4804, 0.4930, 0.4912],
        [0.4899, 0.5035, 0.4942, 0.4799],
        [0.4903, 0.4963, 0.4935, 0.5641],
        [0.4905, 0.4904, 0.5292, 0.4833],
        [0.4898, 0.4905, 0.5292, 0.4832],
        [0.4905, 0.4902, 0.5291, 0.4832],
        [0.4901, 0.4904, 0.5293, 0.4832]], device='cuda:0', requires_grad=True)
2024-02-28 22:17:00,707:INFO::its now!!!!!!!!5
2024-02-28 22:17:00,882:INFO::its now!!!!!!!!0
2024-02-28 22:17:00,884:INFO::its now!!!!!!!!3
2024-02-28 22:17:01,081:INFO::its now!!!!!!!!5
2024-02-28 22:17:01,268:INFO::its now!!!!!!!!
2024-02-28 22:17:01,269:INFO::its now!!!!!!!! on 
2024-02-28 22:17:01,476:INFO::its now!!!!!!!!5
2024-02-28 22:17:01,631:INFO::save_dir_name: gat_nasp_egreedy0_C8_useDmon_coef0.4_Adam_gcn.ppnp.mean.one-hot_noTypeLinear_014_64_shared_ops_lr0.0005_wd0.0001_use5seeds_use_adam_patience-8_30_not_use_skip
2024-02-28 22:17:01,632:INFO::Epoch 00026 | lr 0.00050 | Train_Loss 0.8727 | Train_Classification_Loss 0.8853 | Dmon_Loss -0.0315 | Val_Loss 0.7240 | Search Time(s) 0.7700 | Infer Time(s) 0.1595 | Time(s) 0.9295 
2024-02-28 22:17:01,678:INFO::cluster info:
0: 6;	1: 4;	2: 0;	3: 0;	4: 5;	5: 1;	6: 1;	7: 3;	8: 3;	9: 2;	10: 7;	11: 3;	12: 4;	13: 0;	14: 6;	15: 6;	16: 3;	17: 1;	18: 6;	19: 6;	20: 0;	21: 6;	22: 0;	23: 3;	24: 4;	25: 3;	26: 6;	27: 6;	28: 1;	29: 2;	30: 0;	31: 0;	32: 0;	33: 3;	34: 0;	35: 4;	36: 1;	37: 0;	38: 0;	39: 0;	40: 0;	41: 2;	42: 6;	43: 3;	44
26098: 6;	26099: 7;	26100: 2;	26101: 3;	26102: 0;	26103: 6;	26104: 0;	26105: 3;	26106: 2;	26107: 0;	26108: 3;	26109: 0;	26110: 6;	26111: 3;	26112: 3;	26113: 0;	26114: 0;	26115: 0;	26116: 3;	26117: 6;	26118: 0;	26119: 0;	26120: 0;	26121: 0;	26122: 0;	26123: 3;	26124: 0;	26125: 1;	26126: 3;	26127: 6;	
2024-02-28 22:17:01,680:INFO::Validation loss decreased (0.803612 --> 0.723993).  Saving model ...
2024-02-28 22:17:01,684:INFO::Epoch: 27
tensor([[0.4817, 0.4946, 0.4861, 0.4706],
        [0.5298, 0.4714, 0.4849, 0.4831],
        [0.4813, 0.5016, 0.4861, 0.4708],
        [0.4817, 0.4882, 0.4855, 0.5681],
        [0.4819, 0.4822, 0.5293, 0.4742],
        [0.4812, 0.4823, 0.5293, 0.4741],
        [0.4819, 0.4820, 0.5291, 0.4742],
        [0.4815, 0.4822, 0.5293, 0.4742]], device='cuda:0', requires_grad=True)
2024-02-28 22:17:01,685:INFO::its now!!!!!!!!5
2024-02-28 22:17:01,845:INFO::its now!!!!!!!!0
2024-02-28 22:17:01,847:INFO::its now!!!!!!!!3
2024-02-28 22:17:02,042:INFO::its now!!!!!!!!5
2024-02-28 22:17:02,249:INFO::its now!!!!!!!!
2024-02-28 22:17:02,249:INFO::its now!!!!!!!! on 
2024-02-28 22:17:02,457:INFO::its now!!!!!!!!5
2024-02-28 22:17:02,614:INFO::save_dir_name: gat_nasp_egreedy0_C8_useDmon_coef0.4_Adam_gcn.ppnp.mean.one-hot_noTypeLinear_014_64_shared_ops_lr0.0005_wd0.0001_use5seeds_use_adam_patience-8_30_not_use_skip
2024-02-28 22:17:02,616:INFO::Epoch 00027 | lr 0.00050 | Train_Loss 0.9254 | Train_Classification_Loss 0.9380 | Dmon_Loss -0.0315 | Val_Loss 0.6905 | Search Time(s) 0.7730 | Infer Time(s) 0.1605 | Time(s) 0.9335 
2024-02-28 22:17:02,671:INFO::cluster info:
0: 6;	1: 0;	2: 3;	3: 3;	4: 3;	5: 3;	6: 4;	7: 0;	8: 6;	9: 5;	10: 0;	11: 3;	12: 3;	13: 3;	14: 3;	15: 4;	16: 6;	17: 2;	18: 1;	19: 0;	20: 3;	21: 6;	22: 1;	23: 0;	24: 1;	25: 3;	26: 4;	27: 7;	28: 3;	29: 5;	30: 5;	31: 6;	32: 3;	33: 5;	34: 7;	35: 6;	36: 1;	37: 2;	38: 1;	39: 0;	40: 3;	41: 1;	42: 3;	43: 0;	44
26098: 0;	26099: 6;	26100: 1;	26101: 6;	26102: 2;	26103: 5;	26104: 1;	26105: 3;	26106: 2;	26107: 4;	26108: 3;	26109: 3;	26110: 3;	26111: 6;	26112: 3;	26113: 0;	26114: 0;	26115: 6;	26116: 3;	26117: 3;	26118: 0;	26119: 0;	26120: 0;	26121: 0;	26122: 3;	26123: 6;	26124: 0;	26125: 0;	26126: 3;	26127: 3;	
2024-02-28 22:17:02,672:INFO::Validation loss decreased (0.723993 --> 0.690534).  Saving model ...
2024-02-28 22:17:02,676:INFO::Epoch: 28
tensor([[0.4738, 0.4912, 0.4787, 0.4622],
        [0.5302, 0.4632, 0.4774, 0.4756],
        [0.4734, 0.5006, 0.4787, 0.4624],
        [0.4738, 0.4808, 0.4781, 0.5708],
        [0.4740, 0.4747, 0.5293, 0.4660],
        [0.4733, 0.4747, 0.5293, 0.4659],
        [0.4740, 0.4745, 0.5291, 0.4659],
        [0.4736, 0.4747, 0.5292, 0.4659]], device='cuda:0', requires_grad=True)
2024-02-28 22:17:02,676:INFO::its now!!!!!!!!5
2024-02-28 22:17:02,834:INFO::its now!!!!!!!!0
2024-02-28 22:17:02,836:INFO::its now!!!!!!!!3
2024-02-28 22:17:03,031:INFO::its now!!!!!!!!5
2024-02-28 22:17:03,205:INFO::its now!!!!!!!!
2024-02-28 22:17:03,205:INFO::its now!!!!!!!! on 
2024-02-28 22:17:03,413:INFO::its now!!!!!!!!5
2024-02-28 22:17:03,577:INFO::Epoch 00028 | lr 0.00050 | Train_Loss 1.0901 | Train_Classification_Loss 1.1027 | Dmon_Loss -0.0315 | Val_Loss 0.7475 | Search Time(s) 0.7371 | Infer Time(s) 0.1675 | Time(s) 0.9046 
2024-02-28 22:17:03,629:INFO::cluster info:
0: 3;	1: 6;	2: 3;	3: 6;	4: 6;	5: 3;	6: 5;	7: 4;	8: 6;	9: 1;	10: 3;	11: 2;	12: 3;	13: 0;	14: 6;	15: 4;	16: 6;	17: 3;	18: 3;	19: 1;	20: 3;	21: 6;	22: 1;	23: 6;	24: 3;	25: 6;	26: 1;	27: 7;	28: 3;	29: 3;	30: 6;	31: 1;	32: 3;	33: 7;	34: 0;	35: 0;	36: 1;	37: 2;	38: 2;	39: 3;	40: 4;	41: 2;	42: 6;	43: 6;	44
26098: 0;	26099: 0;	26100: 0;	26101: 0;	26102: 0;	26103: 3;	26104: 0;	26105: 7;	26106: 6;	26107: 5;	26108: 1;	26109: 3;	26110: 3;	26111: 6;	26112: 3;	26113: 0;	26114: 0;	26115: 1;	26116: 3;	26117: 6;	26118: 3;	26119: 3;	26120: 1;	26121: 1;	26122: 1;	26123: 3;	26124: 0;	26125: 1;	26126: 3;	26127: 3;	
2024-02-28 22:17:03,630:INFO::EarlyStopping counter: 1 out of 8
2024-02-28 22:17:03,635:INFO::Epoch: 29
tensor([[0.4675, 0.4900, 0.4728, 0.4556],
        [0.5304, 0.4567, 0.4715, 0.4697],
        [0.4672, 0.5001, 0.4728, 0.4558],
        [0.4676, 0.4749, 0.4722, 0.5723],
        [0.4678, 0.4687, 0.5293, 0.4594],
        [0.4671, 0.4688, 0.5293, 0.4593],
        [0.4678, 0.4685, 0.5293, 0.4593],
        [0.4673, 0.4687, 0.5293, 0.4593]], device='cuda:0', requires_grad=True)
2024-02-28 22:17:03,636:INFO::its now!!!!!!!!5
2024-02-28 22:17:03,801:INFO::its now!!!!!!!!0
2024-02-28 22:17:03,803:INFO::its now!!!!!!!!3
2024-02-28 22:17:04,000:INFO::its now!!!!!!!!5
2024-02-28 22:17:04,183:INFO::its now!!!!!!!!
2024-02-28 22:17:04,183:INFO::its now!!!!!!!! on 
2024-02-28 22:17:04,390:INFO::its now!!!!!!!!5
2024-02-28 22:17:04,542:INFO::Epoch 00029 | lr 0.00050 | Train_Loss 0.9611 | Train_Classification_Loss 0.9737 | Dmon_Loss -0.0316 | Val_Loss 0.7612 | Search Time(s) 0.7560 | Infer Time(s) 0.1555 | Time(s) 0.9115 
2024-02-28 22:17:04,590:INFO::cluster info:
0: 6;	1: 1;	2: 0;	3: 3;	4: 6;	5: 4;	6: 1;	7: 3;	8: 6;	9: 1;	10: 6;	11: 4;	12: 3;	13: 1;	14: 1;	15: 3;	16: 3;	17: 2;	18: 3;	19: 0;	20: 3;	21: 6;	22: 0;	23: 4;	24: 7;	25: 6;	26: 2;	27: 3;	28: 1;	29: 0;	30: 0;	31: 7;	32: 3;	33: 2;	34: 1;	35: 7;	36: 1;	37: 5;	38: 1;	39: 6;	40: 3;	41: 0;	42: 6;	43: 4;	44
26098: 5;	26099: 6;	26100: 3;	26101: 3;	26102: 0;	26103: 3;	26104: 6;	26105: 0;	26106: 6;	26107: 3;	26108: 3;	26109: 3;	26110: 1;	26111: 6;	26112: 1;	26113: 1;	26114: 1;	26115: 1;	26116: 3;	26117: 3;	26118: 6;	26119: 3;	26120: 1;	26121: 4;	26122: 6;	26123: 3;	26124: 0;	26125: 0;	26126: 3;	26127: 6;	
2024-02-28 22:17:04,592:INFO::EarlyStopping counter: 2 out of 8
2024-02-28 22:17:04,596:INFO::Epoch: 30
tensor([[0.4693, 0.4897, 0.4745, 0.4575],
        [0.5299, 0.4585, 0.4732, 0.4714],
        [0.4689, 0.4999, 0.4744, 0.4576],
        [0.4693, 0.4765, 0.4738, 0.5739],
        [0.4695, 0.4704, 0.5292, 0.4612],
        [0.4688, 0.4704, 0.5293, 0.4611],
        [0.4695, 0.4702, 0.5294, 0.4612],
        [0.4691, 0.4704, 0.5291, 0.4612]], device='cuda:0', requires_grad=True)
2024-02-28 22:17:04,597:INFO::its now!!!!!!!!5
2024-02-28 22:17:04,771:INFO::its now!!!!!!!!0
2024-02-28 22:17:04,773:INFO::its now!!!!!!!!3
2024-02-28 22:17:04,970:INFO::its now!!!!!!!!5
2024-02-28 22:17:05,142:INFO::its now!!!!!!!!
2024-02-28 22:17:05,142:INFO::its now!!!!!!!! on 
2024-02-28 22:17:05,351:INFO::its now!!!!!!!!5
2024-02-28 22:17:05,509:INFO::Epoch 00030 | lr 0.00050 | Train_Loss 0.9576 | Train_Classification_Loss 0.9702 | Dmon_Loss -0.0316 | Val_Loss 0.7036 | Search Time(s) 0.7580 | Infer Time(s) 0.1595 | Time(s) 0.9175 
2024-02-28 22:17:05,567:INFO::cluster info:
0: 3;	1: 4;	2: 3;	3: 1;	4: 6;	5: 3;	6: 1;	7: 3;	8: 6;	9: 3;	10: 7;	11: 3;	12: 3;	13: 2;	14: 0;	15: 2;	16: 6;	17: 4;	18: 4;	19: 4;	20: 6;	21: 6;	22: 3;	23: 1;	24: 4;	25: 6;	26: 3;	27: 6;	28: 0;	29: 0;	30: 1;	31: 6;	32: 6;	33: 3;	34: 2;	35: 6;	36: 1;	37: 4;	38: 5;	39: 1;	40: 2;	41: 0;	42: 6;	43: 6;	44
26098: 3;	26099: 1;	26100: 6;	26101: 4;	26102: 4;	26103: 6;	26104: 0;	26105: 5;	26106: 6;	26107: 7;	26108: 1;	26109: 3;	26110: 3;	26111: 6;	26112: 3;	26113: 4;	26114: 2;	26115: 6;	26116: 6;	26117: 3;	26118: 1;	26119: 3;	26120: 0;	26121: 4;	26122: 0;	26123: 3;	26124: 4;	26125: 2;	26126: 3;	26127: 3;	
2024-02-28 22:17:05,568:INFO::EarlyStopping counter: 3 out of 8
2024-02-28 22:17:05,573:INFO::Epoch: 31
tensor([[0.4778, 0.4896, 0.4827, 0.4662],
        [0.5281, 0.4672, 0.4814, 0.4796],
        [0.4774, 0.4998, 0.4826, 0.4664],
        [0.4778, 0.4847, 0.4820, 0.5752],
        [0.4780, 0.4787, 0.5291, 0.4700],
        [0.4773, 0.4787, 0.5293, 0.4699],
        [0.4780, 0.4784, 0.5296, 0.4699],
        [0.4776, 0.4787, 0.5291, 0.4699]], device='cuda:0', requires_grad=True)
2024-02-28 22:17:05,574:INFO::its now!!!!!!!!5
2024-02-28 22:17:05,729:INFO::its now!!!!!!!!0
2024-02-28 22:17:05,732:INFO::its now!!!!!!!!3
2024-02-28 22:17:05,930:INFO::its now!!!!!!!!5
2024-02-28 22:17:06,101:INFO::its now!!!!!!!!
2024-02-28 22:17:06,101:INFO::its now!!!!!!!! on 
2024-02-28 22:17:06,309:INFO::its now!!!!!!!!5
2024-02-28 22:17:06,468:INFO::Epoch 00031 | lr 0.00050 | Train_Loss 0.9959 | Train_Classification_Loss 1.0085 | Dmon_Loss -0.0315 | Val_Loss 0.7460 | Search Time(s) 0.7381 | Infer Time(s) 0.1606 | Time(s) 0.8986 
2024-02-28 22:17:06,529:INFO::cluster info:
0: 3;	1: 1;	2: 3;	3: 4;	4: 5;	5: 6;	6: 5;	7: 3;	8: 4;	9: 1;	10: 0;	11: 7;	12: 7;	13: 1;	14: 6;	15: 2;	16: 6;	17: 2;	18: 2;	19: 2;	20: 7;	21: 7;	22: 0;	23: 3;	24: 6;	25: 0;	26: 6;	27: 3;	28: 4;	29: 1;	30: 4;	31: 0;	32: 3;	33: 4;	34: 1;	35: 3;	36: 0;	37: 1;	38: 0;	39: 3;	40: 0;	41: 2;	42: 6;	43: 1;	44
26098: 5;	26099: 1;	26100: 7;	26101: 3;	26102: 2;	26103: 6;	26104: 2;	26105: 4;	26106: 6;	26107: 1;	26108: 3;	26109: 3;	26110: 1;	26111: 3;	26112: 1;	26113: 4;	26114: 4;	26115: 6;	26116: 3;	26117: 3;	26118: 3;	26119: 3;	26120: 3;	26121: 0;	26122: 0;	26123: 6;	26124: 0;	26125: 0;	26126: 6;	26127: 6;	
2024-02-28 22:17:06,530:INFO::EarlyStopping counter: 4 out of 8
2024-02-28 22:17:06,535:INFO::Epoch: 32
tensor([[0.4888, 0.4895, 0.4934, 0.4775],
        [0.5264, 0.4784, 0.4922, 0.4904],
        [0.4884, 0.5001, 0.4934, 0.4777],
        [0.4889, 0.4955, 0.4928, 0.5763],
        [0.4890, 0.4895, 0.5289, 0.4812],
        [0.4883, 0.4895, 0.5292, 0.4811],
        [0.4891, 0.4893, 0.5298, 0.4811],
        [0.4886, 0.4895, 0.5291, 0.4811]], device='cuda:0', requires_grad=True)
2024-02-28 22:17:06,536:INFO::its now!!!!!!!!5
2024-02-28 22:17:06,696:INFO::its now!!!!!!!!0
2024-02-28 22:17:06,699:INFO::its now!!!!!!!!3
2024-02-28 22:17:06,894:INFO::its now!!!!!!!!5
2024-02-28 22:17:07,069:INFO::its now!!!!!!!!
2024-02-28 22:17:07,069:INFO::its now!!!!!!!! on 
2024-02-28 22:17:07,276:INFO::its now!!!!!!!!5
2024-02-28 22:17:07,432:INFO::Epoch 00032 | lr 0.00050 | Train_Loss 1.0725 | Train_Classification_Loss 1.0850 | Dmon_Loss -0.0315 | Val_Loss 0.7647 | Search Time(s) 0.7421 | Infer Time(s) 0.1575 | Time(s) 0.8996 
2024-02-28 22:17:07,491:INFO::cluster info:
0: 0;	1: 0;	2: 2;	3: 3;	4: 0;	5: 3;	6: 6;	7: 1;	8: 1;	9: 4;	10: 6;	11: 6;	12: 6;	13: 0;	14: 6;	15: 5;	16: 6;	17: 4;	18: 3;	19: 2;	20: 3;	21: 7;	22: 0;	23: 0;	24: 2;	25: 1;	26: 3;	27: 7;	28: 2;	29: 0;	30: 0;	31: 4;	32: 6;	33: 3;	34: 3;	35: 3;	36: 1;	37: 5;	38: 6;	39: 1;	40: 3;	41: 0;	42: 6;	43: 0;	44
26098: 5;	26099: 0;	26100: 3;	26101: 1;	26102: 1;	26103: 6;	26104: 4;	26105: 6;	26106: 1;	26107: 1;	26108: 1;	26109: 3;	26110: 1;	26111: 3;	26112: 3;	26113: 0;	26114: 4;	26115: 3;	26116: 6;	26117: 1;	26118: 0;	26119: 1;	26120: 3;	26121: 4;	26122: 0;	26123: 3;	26124: 4;	26125: 2;	26126: 3;	26127: 3;	
2024-02-28 22:17:07,493:INFO::EarlyStopping counter: 5 out of 8
2024-02-28 22:17:07,498:INFO::Epoch: 33
tensor([[0.4954, 0.4914, 0.4987, 0.4843],
        [0.5259, 0.4852, 0.4986, 0.4968],
        [0.4951, 0.5004, 0.4998, 0.4845],
        [0.4955, 0.5019, 0.4992, 0.5752],
        [0.4957, 0.4960, 0.5285, 0.4880],
        [0.4950, 0.4960, 0.5292, 0.4879],
        [0.4957, 0.4958, 0.5302, 0.4879],
        [0.4952, 0.4960, 0.5291, 0.4879]], device='cuda:0', requires_grad=True)
2024-02-28 22:17:07,499:INFO::its now!!!!!!!!5
2024-02-28 22:17:07,669:INFO::its now!!!!!!!!0
2024-02-28 22:17:07,672:INFO::its now!!!!!!!!3
2024-02-28 22:17:07,872:INFO::its now!!!!!!!!5
2024-02-28 22:17:08,055:INFO::its now!!!!!!!!
2024-02-28 22:17:08,056:INFO::its now!!!!!!!! on 
2024-02-28 22:17:08,249:INFO::its now!!!!!!!!5
2024-02-28 22:17:08,415:INFO::Epoch 00033 | lr 0.00050 | Train_Loss 0.9423 | Train_Classification_Loss 0.9549 | Dmon_Loss -0.0315 | Val_Loss 0.8588 | Search Time(s) 0.7550 | Infer Time(s) 0.1675 | Time(s) 0.9225 
2024-02-28 22:17:08,476:INFO::cluster info:
0: 6;	1: 0;	2: 6;	3: 1;	4: 3;	5: 0;	6: 5;	7: 6;	8: 5;	9: 2;	10: 3;	11: 2;	12: 6;	13: 0;	14: 3;	15: 7;	16: 3;	17: 0;	18: 1;	19: 2;	20: 0;	21: 5;	22: 1;	23: 3;	24: 5;	25: 6;	26: 5;	27: 7;	28: 0;	29: 0;	30: 1;	31: 2;	32: 6;	33: 2;	34: 0;	35: 7;	36: 6;	37: 3;	38: 0;	39: 4;	40: 3;	41: 3;	42: 6;	43: 3;	44
26098: 4;	26099: 0;	26100: 0;	26101: 6;	26102: 1;	26103: 5;	26104: 3;	26105: 4;	26106: 0;	26107: 3;	26108: 4;	26109: 3;	26110: 6;	26111: 6;	26112: 3;	26113: 4;	26114: 4;	26115: 3;	26116: 3;	26117: 4;	26118: 0;	26119: 3;	26120: 6;	26121: 2;	26122: 3;	26123: 6;	26124: 2;	26125: 2;	26126: 3;	26127: 1;	
2024-02-28 22:17:08,477:INFO::EarlyStopping counter: 6 out of 8
2024-02-28 22:17:08,481:INFO::Epoch: 34
tensor([[0.4984, 0.4917, 0.5013, 0.4874],
        [0.5250, 0.4883, 0.5016, 0.4998],
        [0.4981, 0.5007, 0.5028, 0.4876],
        [0.4985, 0.5049, 0.5022, 0.5748],
        [0.4987, 0.4989, 0.5283, 0.4911],
        [0.4980, 0.4990, 0.5292, 0.4910],
        [0.4987, 0.4987, 0.5304, 0.4910],
        [0.4983, 0.4989, 0.5291, 0.4910]], device='cuda:0', requires_grad=True)
2024-02-28 22:17:08,482:INFO::its now!!!!!!!!5
2024-02-28 22:17:08,661:INFO::its now!!!!!!!!0
2024-02-28 22:17:08,663:INFO::its now!!!!!!!!3
2024-02-28 22:17:08,842:INFO::its now!!!!!!!!5
2024-02-28 22:17:09,014:INFO::its now!!!!!!!!
2024-02-28 22:17:09,014:INFO::its now!!!!!!!! on 
2024-02-28 22:17:09,205:INFO::its now!!!!!!!!5
2024-02-28 22:17:09,373:INFO::Epoch 00034 | lr 0.00050 | Train_Loss 0.9642 | Train_Classification_Loss 0.9767 | Dmon_Loss -0.0314 | Val_Loss 0.7796 | Search Time(s) 0.7261 | Infer Time(s) 0.1695 | Time(s) 0.8956 
2024-02-28 22:17:09,429:INFO::cluster info:
0: 6;	1: 1;	2: 7;	3: 1;	4: 7;	5: 0;	6: 7;	7: 6;	8: 2;	9: 4;	10: 6;	11: 3;	12: 7;	13: 0;	14: 0;	15: 7;	16: 7;	17: 2;	18: 1;	19: 0;	20: 7;	21: 6;	22: 0;	23: 0;	24: 0;	25: 6;	26: 2;	27: 5;	28: 0;	29: 1;	30: 1;	31: 3;	32: 3;	33: 5;	34: 6;	35: 5;	36: 0;	37: 5;	38: 3;	39: 6;	40: 3;	41: 2;	42: 0;	43: 0;	44
26098: 3;	26099: 3;	26100: 5;	26101: 0;	26102: 7;	26103: 6;	26104: 2;	26105: 5;	26106: 0;	26107: 0;	26108: 3;	26109: 3;	26110: 0;	26111: 3;	26112: 0;	26113: 0;	26114: 2;	26115: 0;	26116: 6;	26117: 0;	26118: 0;	26119: 3;	26120: 0;	26121: 2;	26122: 0;	26123: 3;	26124: 2;	26125: 2;	26126: 3;	26127: 6;	
2024-02-28 22:17:09,430:INFO::EarlyStopping counter: 7 out of 8
2024-02-28 22:17:09,435:INFO::Epoch: 35
tensor([[0.4927, 0.4814, 0.5023, 0.4815],
        [0.5247, 0.4824, 0.4959, 0.4941],
        [0.4923, 0.4900, 0.5041, 0.4817],
        [0.4927, 0.4992, 0.4965, 0.5743],
        [0.4929, 0.4932, 0.5277, 0.4852],
        [0.4922, 0.4933, 0.5291, 0.4851],
        [0.4929, 0.4930, 0.5304, 0.4851],
        [0.4925, 0.4932, 0.5290, 0.4851]], device='cuda:0', requires_grad=True)
2024-02-28 22:17:09,473:INFO::its now!!!!!!!!5
2024-02-28 22:17:09,630:INFO::its now!!!!!!!!0
2024-02-28 22:17:09,632:INFO::its now!!!!!!!!3
2024-02-28 22:17:09,814:INFO::its now!!!!!!!!5
