2023-10-30 09:56:52,874:INFO::=============== Search Args:
Namespace(dataset='DBLP', feats_type=6, gnn_model='gat', valid_attributed_type=1, cluster_num=10, cluster_eps=1e-05, att_comp_dim=64, hidden_dim=64, num_heads=8, attn_vec_dim=128, search_epoch=350, retrain_epoch=500, inner_epoch=1, patience_search=30, patience_retrain=30, batch_size=8, batch_size_test=32, momentum=0.9, lr=0.0005, lr_rate_min=3e-05, num_layers=2, dropout=0.5, weight_decay=0.0001, slope=0.05, grad_clip=5, network_momentum=0.9, arch_learning_rate=0.005, arch_weight_decay=1e-05, repeat=5, cluster_epoch=4, save_postfix='DBLP', feats_opt='1011', cuda=False, unrolled=False, useSGD=False, useTypeLinear=False, l2norm=False, cluster_norm=False, usedropout=False, is_unrolled='False', is_use_type_linear='False', is_use_SGD='False', is_use_dropout='False', time_line='2023-10-30-09-56-52', edge_feats=64, warmup_epoch=0, clusterupdate_round=1, searcher_name='nasp', rnn_type='RotatE0', neighbor_samples=100, use_minibatch=False, shared_ops=False, e_greedy=0, usebn=False, seed=123, use_5seeds=False, no_use_fixseeds=False, use_dmon=False, collapse_regularization=0.1, dmon_loss_alpha=0.3, tau=1.0, schedule_step=350, schedule_step_retrain=500, use_norm=False, use_adamw=False, use_skip=False, cur_repeat=0, last_hidden_dim=512, logger=<Logger log_output (INFO)>)
2023-10-30 09:57:14,531:INFO::node_type_num: 4
2023-10-30 10:03:50,767:INFO::=============== Prepare basic data stage finish, use 417.8915021419525 time.
2023-10-30 10:04:07,452:INFO::save_dir_name: gat_nasp_egreedy0_C10_useEM_coef0.3_Adam_gcn.ppnp.mean.one-hot_noTypeLinear_014_64_no_shared_ops_lr0.0005_wd0.0001_useSeed123_use_adam_patience-30_30_not_use_skip
2023-10-30 10:04:09,313:INFO::Epoch: 0
tensor([[0.5000, 0.5000, 0.5000, 0.5000],
        [0.5000, 0.5000, 0.5000, 0.5000],
        [0.5000, 0.5000, 0.5000, 0.5000],
        [0.5000, 0.5000, 0.5000, 0.5000],
        [0.5000, 0.5000, 0.5000, 0.5000],
        [0.5000, 0.5000, 0.5000, 0.5000],
        [0.5000, 0.5000, 0.5000, 0.5000],
        [0.5000, 0.5000, 0.5000, 0.5000],
        [0.5000, 0.5000, 0.5000, 0.5000],
        [0.5000, 0.5000, 0.5000, 0.5000]], device='cuda:0', requires_grad=True)
2023-10-30 10:04:09,426:INFO::its now!!!!!!!!5
2023-10-30 10:04:24,381:INFO::its now!!!!!!!!0
2023-10-30 10:04:24,439:INFO::its now!!!!!!!!3
2023-10-30 10:04:25,021:INFO::its now!!!!!!!!5
2023-10-30 10:04:25,407:INFO::its now!!!!!!!!5
2023-10-30 10:04:25,567:INFO::save_dir_name: gat_nasp_egreedy0_C10_useEM_coef0.3_Adam_gcn.ppnp.mean.one-hot_noTypeLinear_014_64_no_shared_ops_lr0.0005_wd0.0001_useSeed123_use_adam_patience-30_30_not_use_skip
2023-10-30 10:04:25,612:INFO::Epoch 00000 | lr 0.00050 | Train_Loss 1.4326 | Val_Loss 1.3830 | Search Time(s) 16.7730 | Infer Time(s) 0.1636 | Time(s) 16.9365 
2023-10-30 10:04:28,385:INFO::Epoch: 0 Cluster_epoch: 1 gap_avg: 0.1502986319762439
2023-10-30 10:04:29,429:INFO::Epoch: 0 Cluster_epoch: 2 gap_avg: 0.03367232559538476
2023-10-30 10:04:30,422:INFO::Epoch: 0 Cluster_epoch: 3 gap_avg: 0.011607530579144123
2023-10-30 10:04:30,913:INFO::cluster info:
0: 4;	1: 9;	2: 0;	3: 4;	4: 8;	5: 9;	6: 6;	7: 4;	8: 3;	9: 0;	10: 4;	11: 3;	12: 0;	13: 8;	14: 4;	15: 1;	16: 8;	17: 1;	18: 3;	19: 4;	20: 3;	21: 2;	22: 4;	23: 3;	24: 8;	25: 3;	26: 7;	27: 4;	28: 0;	29: 4;	30: 3;	31: 6;	32: 0;	33: 3;	34: 3;	35: 2;	36: 4;	37: 7;	38: 1;	39: 0;	40: 1;	41: 1;	42: 8;	43: 2;	44
26098: 0;	26099: 0;	26100: 0;	26101: 0;	26102: 9;	26103: 9;	26104: 0;	26105: 7;	26106: 3;	26107: 0;	26108: 3;	26109: 1;	26110: 9;	26111: 2;	26112: 9;	26113: 6;	26114: 1;	26115: 0;	26116: 4;	26117: 6;	26118: 8;	26119: 0;	26120: 2;	26121: 0;	26122: 7;	26123: 2;	26124: 5;	26125: 1;	26126: 7;	26127: 0;	
2023-10-30 10:04:31,265:INFO::Epoch: 1
tensor([[0.5050, 0.4950, 0.4950, 0.4950],
        [0.5050, 0.4950, 0.4950, 0.4950],
        [0.4950, 0.4950, 0.4950, 0.4950],
        [0.4950, 0.4950, 0.4950, 0.4950],
        [0.4950, 0.4950, 0.4950, 0.4950],
        [0.4950, 0.4950, 0.4950, 0.4950],
        [0.4950, 0.4950, 0.4950, 0.4950],
        [0.4950, 0.4950, 0.4950, 0.4950],
        [0.4950, 0.4950, 0.4950, 0.4950],
        [0.4950, 0.4950, 0.4950, 0.4950]], device='cuda:0', requires_grad=True)
2023-10-30 10:04:31,267:INFO::its now!!!!!!!!5
2023-10-30 10:04:31,442:INFO::its now!!!!!!!!0
2023-10-30 10:04:31,444:INFO::its now!!!!!!!!3
2023-10-30 10:04:31,596:INFO::its now!!!!!!!!5
2023-10-30 10:04:32,025:INFO::its now!!!!!!!!5
2023-10-30 10:04:32,263:INFO::save_dir_name: gat_nasp_egreedy0_C10_useEM_coef0.3_Adam_gcn.ppnp.mean.one-hot_noTypeLinear_014_64_no_shared_ops_lr0.0005_wd0.0001_useSeed123_use_adam_patience-30_30_not_use_skip
2023-10-30 10:04:32,470:INFO::Epoch 00001 | lr 0.00050 | Train_Loss 1.3769 | Val_Loss 1.3260 | Search Time(s) 0.9492 | Infer Time(s) 0.2390 | Time(s) 1.1882 
2023-10-30 10:04:33,861:INFO::Epoch: 1 Cluster_epoch: 0 gap_avg: 0.6988494343810269
2023-10-30 10:04:34,857:INFO::Epoch: 1 Cluster_epoch: 1 gap_avg: 0.0579384793627726
2023-10-30 10:04:35,899:INFO::Epoch: 1 Cluster_epoch: 2 gap_avg: 0.011666301548961113
2023-10-30 10:04:36,925:INFO::Epoch: 1 Cluster_epoch: 3 gap_avg: 0.005462766780533164
2023-10-30 10:04:37,416:INFO::cluster info:
0: 6;	1: 4;	2: 2;	3: 4;	4: 8;	5: 9;	6: 4;	7: 4;	8: 9;	9: 3;	10: 1;	11: 3;	12: 9;	13: 8;	14: 4;	15: 1;	16: 9;	17: 1;	18: 9;	19: 4;	20: 4;	21: 2;	22: 6;	23: 4;	24: 8;	25: 9;	26: 6;	27: 4;	28: 1;	29: 6;	30: 4;	31: 0;	32: 4;	33: 7;	34: 1;	35: 9;	36: 4;	37: 7;	38: 1;	39: 0;	40: 1;	41: 1;	42: 8;	43: 6;	44
26098: 9;	26099: 7;	26100: 9;	26101: 0;	26102: 0;	26103: 0;	26104: 0;	26105: 0;	26106: 0;	26107: 0;	26108: 3;	26109: 9;	26110: 9;	26111: 9;	26112: 4;	26113: 1;	26114: 1;	26115: 8;	26116: 4;	26117: 6;	26118: 8;	26119: 8;	26120: 8;	26121: 0;	26122: 7;	26123: 2;	26124: 5;	26125: 1;	26126: 7;	26127: 4;	
2023-10-30 10:04:37,422:INFO::Validation loss decreased (inf --> 1.325976).  Saving model ...
2023-10-30 10:04:37,427:INFO::Epoch: 2
tensor([[0.5019, 0.4899, 0.4899, 0.4899],
        [0.5055, 0.4899, 0.4899, 0.4899],
        [0.4898, 0.4899, 0.4899, 0.4899],
        [0.4904, 0.4899, 0.4899, 0.4899],
        [0.4898, 0.4899, 0.4899, 0.4899],
        [0.4935, 0.4899, 0.4899, 0.4899],
        [0.4922, 0.4899, 0.4899, 0.4899],
        [0.4905, 0.4899, 0.4899, 0.4899],
        [0.4901, 0.4899, 0.4899, 0.4899],
        [0.4930, 0.4899, 0.4899, 0.4899]], device='cuda:0', requires_grad=True)
2023-10-30 10:04:37,429:INFO::its now!!!!!!!!5
2023-10-30 10:04:37,666:INFO::its now!!!!!!!!0
2023-10-30 10:04:37,667:INFO::its now!!!!!!!!3
2023-10-30 10:04:37,847:INFO::its now!!!!!!!!5
2023-10-30 10:04:38,388:INFO::its now!!!!!!!!5
2023-10-30 10:04:38,703:INFO::save_dir_name: gat_nasp_egreedy0_C10_useEM_coef0.3_Adam_gcn.ppnp.mean.one-hot_noTypeLinear_014_64_no_shared_ops_lr0.0005_wd0.0001_useSeed123_use_adam_patience-30_30_not_use_skip
2023-10-30 10:04:38,708:INFO::Epoch 00002 | lr 0.00050 | Train_Loss 1.3479 | Val_Loss 1.2721 | Search Time(s) 0.9643 | Infer Time(s) 0.3162 | Time(s) 1.2804 
2023-10-30 10:04:39,248:INFO::Epoch: 2 Cluster_epoch: 0 gap_avg: 0.9158372385190743
2023-10-30 10:04:40,251:INFO::Epoch: 2 Cluster_epoch: 1 gap_avg: 0.04498718006018658
2023-10-30 10:04:41,290:INFO::Epoch: 2 Cluster_epoch: 2 gap_avg: 0.004450220806684308
2023-10-30 10:04:42,399:INFO::Epoch: 2 Cluster_epoch: 3 gap_avg: 0.0018266705294483682
2023-10-30 10:04:42,865:INFO::cluster info:
0: 4;	1: 4;	2: 2;	3: 4;	4: 0;	5: 9;	6: 6;	7: 4;	8: 3;	9: 0;	10: 1;	11: 9;	12: 4;	13: 8;	14: 4;	15: 1;	16: 4;	17: 1;	18: 0;	19: 4;	20: 1;	21: 9;	22: 9;	23: 4;	24: 8;	25: 9;	26: 3;	27: 8;	28: 8;	29: 6;	30: 4;	31: 1;	32: 4;	33: 7;	34: 1;	35: 9;	36: 4;	37: 7;	38: 1;	39: 4;	40: 5;	41: 1;	42: 4;	43: 6;	44
26098: 8;	26099: 8;	26100: 0;	26101: 0;	26102: 0;	26103: 8;	26104: 0;	26105: 8;	26106: 8;	26107: 4;	26108: 3;	26109: 9;	26110: 4;	26111: 9;	26112: 4;	26113: 1;	26114: 1;	26115: 8;	26116: 4;	26117: 6;	26118: 8;	26119: 8;	26120: 8;	26121: 8;	26122: 7;	26123: 2;	26124: 5;	26125: 1;	26126: 7;	26127: 4;	
2023-10-30 10:04:42,866:INFO::Validation loss decreased (1.325976 --> 1.272119).  Saving model ...
2023-10-30 10:04:42,871:INFO::Epoch: 3
tensor([[0.4973, 0.4855, 0.4855, 0.4855],
        [0.5103, 0.4855, 0.4855, 0.4855],
        [0.4847, 0.4872, 0.4855, 0.4855],
        [0.4853, 0.4855, 0.4855, 0.4855],
        [0.4848, 0.4873, 0.4855, 0.4855],
        [0.4926, 0.4855, 0.4855, 0.4855],
        [0.4902, 0.4855, 0.4855, 0.4855],
        [0.4851, 0.4855, 0.4855, 0.4855],
        [0.4857, 0.4855, 0.4855, 0.4855],
        [0.4914, 0.4855, 0.4855, 0.4855]], device='cuda:0', requires_grad=True)
2023-10-30 10:04:42,873:INFO::its now!!!!!!!!5
2023-10-30 10:04:43,181:INFO::its now!!!!!!!!0
2023-10-30 10:04:43,182:INFO::its now!!!!!!!!3
2023-10-30 10:04:43,396:INFO::its now!!!!!!!!5
2023-10-30 10:04:43,909:INFO::its now!!!!!!!!5
2023-10-30 10:04:44,212:INFO::save_dir_name: gat_nasp_egreedy0_C10_useEM_coef0.3_Adam_gcn.ppnp.mean.one-hot_noTypeLinear_014_64_no_shared_ops_lr0.0005_wd0.0001_useSeed123_use_adam_patience-30_30_not_use_skip
2023-10-30 10:04:44,217:INFO::Epoch 00003 | lr 0.00050 | Train_Loss 1.2916 | Val_Loss 1.2185 | Search Time(s) 1.0400 | Infer Time(s) 0.3048 | Time(s) 1.3449 
2023-10-30 10:04:44,740:INFO::Epoch: 3 Cluster_epoch: 0 gap_avg: 0.717782098274524
2023-10-30 10:04:45,756:INFO::Epoch: 3 Cluster_epoch: 1 gap_avg: 0.03206568436063217
2023-10-30 10:04:46,793:INFO::Epoch: 3 Cluster_epoch: 2 gap_avg: 0.002980178126105911
2023-10-30 10:04:47,837:INFO::Epoch: 3 Cluster_epoch: 3 gap_avg: 0.0008176291024401966
2023-10-30 10:04:48,343:INFO::cluster info:
0: 9;	1: 4;	2: 2;	3: 4;	4: 8;	5: 0;	6: 6;	7: 4;	8: 3;	9: 4;	10: 0;	11: 3;	12: 0;	13: 8;	14: 4;	15: 1;	16: 0;	17: 1;	18: 0;	19: 3;	20: 4;	21: 2;	22: 6;	23: 4;	24: 8;	25: 9;	26: 3;	27: 8;	28: 1;	29: 7;	30: 0;	31: 6;	32: 4;	33: 7;	34: 1;	35: 2;	36: 4;	37: 7;	38: 1;	39: 4;	40: 5;	41: 1;	42: 4;	43: 9;	44
26098: 4;	26099: 8;	26100: 0;	26101: 0;	26102: 8;	26103: 8;	26104: 0;	26105: 8;	26106: 8;	26107: 8;	26108: 3;	26109: 9;	26110: 4;	26111: 9;	26112: 4;	26113: 1;	26114: 1;	26115: 8;	26116: 4;	26117: 6;	26118: 8;	26119: 8;	26120: 8;	26121: 1;	26122: 7;	26123: 2;	26124: 5;	26125: 1;	26126: 7;	26127: 4;	
2023-10-30 10:04:48,344:INFO::Validation loss decreased (1.272119 --> 1.218527).  Saving model ...
2023-10-30 10:04:48,349:INFO::Epoch: 4
tensor([[0.4961, 0.4823, 0.4823, 0.4823],
        [0.5139, 0.4823, 0.4823, 0.4823],
        [0.4801, 0.4860, 0.4823, 0.4823],
        [0.4798, 0.4832, 0.4823, 0.4823],
        [0.4801, 0.4861, 0.4823, 0.4823],
        [0.4961, 0.4823, 0.4823, 0.4823],
        [0.4885, 0.4823, 0.4823, 0.4823],
        [0.4793, 0.4831, 0.4823, 0.4823],
        [0.4855, 0.4823, 0.4823, 0.4823],
        [0.4924, 0.4823, 0.4823, 0.4823]], device='cuda:0', requires_grad=True)
2023-10-30 10:04:48,351:INFO::its now!!!!!!!!5
2023-10-30 10:04:48,617:INFO::its now!!!!!!!!0
2023-10-30 10:04:48,619:INFO::its now!!!!!!!!3
2023-10-30 10:04:48,832:INFO::its now!!!!!!!!5
2023-10-30 10:04:49,337:INFO::its now!!!!!!!!5
2023-10-30 10:04:49,617:INFO::save_dir_name: gat_nasp_egreedy0_C10_useEM_coef0.3_Adam_gcn.ppnp.mean.one-hot_noTypeLinear_014_64_no_shared_ops_lr0.0005_wd0.0001_useSeed123_use_adam_patience-30_30_not_use_skip
2023-10-30 10:04:49,621:INFO::Epoch 00004 | lr 0.00050 | Train_Loss 1.2612 | Val_Loss 1.1700 | Search Time(s) 0.9911 | Infer Time(s) 0.2818 | Time(s) 1.2729 
