2024-01-02 09:13:45,631:INFO::=============== Search Args:
Namespace(dataset='DBLP', feats_type=6, gnn_model='gat', valid_attributed_type=1, cluster_num=8, cluster_eps=1e-05, att_comp_dim=64, hidden_dim=64, num_heads=8, attn_vec_dim=128, search_epoch=350, retrain_epoch=500, inner_epoch=1, patience_search=8, patience_retrain=30, batch_size=2, batch_size_test=2, momentum=0.9, lr=0.0005, lr_rate_min=3e-05, num_layers=3, dropout=0.5, weight_decay=0.0001, slope=0.05, grad_clip=5, network_momentum=0.9, arch_learning_rate=0.005, arch_weight_decay=1e-05, repeat=5, cluster_epoch=4, save_postfix='DBLP', feats_opt='1011', cuda=True, unrolled=False, useSGD=False, useTypeLinear=False, l2norm=False, cluster_norm=False, usedropout=False, is_unrolled='False', is_use_type_linear='False', is_use_SGD='False', is_use_dropout='False', time_line='2024-01-02-09-13-45', edge_feats=64, warmup_epoch=0, clusterupdate_round=1, searcher_name='nasp', rnn_type='RotatE0', neighbor_samples=100, use_minibatch=False, shared_ops=True, e_greedy=0, usebn=False, seed=123, use_5seeds=True, no_use_fixseeds=False, use_dmon=True, collapse_regularization=0.1, dmon_loss_alpha=0.4, tau=1.0, schedule_step=350, schedule_step_retrain=500, use_norm=False, use_adamw=False, use_skip=False, cur_repeat=0, last_hidden_dim=512, logger=<Logger log_output (INFO)>)
2024-01-02 09:31:10,905:INFO::node_type_num: 4
2024-01-02 09:42:17,094:INFO::=============== Prepare basic data stage finish, use 1711.4638006687164 time.
2024-01-02 09:46:09,653:INFO::save_dir_name: gat_nasp_egreedy0_C8_useDmon_coef0.4_Adam_gcn.ppnp.mean.one-hot_noTypeLinear_014_64_shared_ops_lr0.0005_wd0.0001_use5seeds_use_adam_patience-8_30_not_use_skip
2024-01-02 09:48:32,960:INFO::save_dir_name: gat_nasp_egreedy0_C8_useDmon_coef0.4_Adam_gcn.ppnp.mean.one-hot_noTypeLinear_014_64_shared_ops_lr0.0005_wd0.0001_use5seeds_use_adam_patience-8_30_not_use_skip
2024-01-02 09:48:32,961:INFO::save_dir_name: gat_nasp_egreedy0_C8_useDmon_coef0.4_Adam_gcn.ppnp.mean.one-hot_noTypeLinear_014_64_shared_ops_lr0.0005_wd0.0001_use5seeds_use_adam_patience-8_30_not_use_skip
2024-01-02 12:57:17,217:INFO::Epoch: 0
tensor([[0.5000, 0.5000, 0.5000, 0.5000],
        [0.5000, 0.5000, 0.5000, 0.5000],
        [0.5000, 0.5000, 0.5000, 0.5000],
        [0.5000, 0.5000, 0.5000, 0.5000],
        [0.5000, 0.5000, 0.5000, 0.5000],
        [0.5000, 0.5000, 0.5000, 0.5000],
        [0.5000, 0.5000, 0.5000, 0.5000],
        [0.5000, 0.5000, 0.5000, 0.5000]], device='cuda:0', requires_grad=True)
2024-01-02 12:57:17,369:INFO::its now!!!!!!!!5
2024-01-02 12:57:54,637:INFO::its now!!!!!!!!0
2024-01-02 12:57:54,704:INFO::its now!!!!!!!!3
2024-01-02 12:57:55,189:INFO::its now!!!!!!!!5
2024-01-02 12:57:55,590:INFO::its now!!!!!!!!
2024-01-02 12:57:55,590:INFO::its now!!!!!!!! on 
2024-01-02 12:57:55,859:INFO::its now!!!!!!!!5
2024-01-02 12:57:56,040:INFO::save_dir_name: gat_nasp_egreedy0_C8_useDmon_coef0.4_Adam_gcn.ppnp.mean.one-hot_noTypeLinear_014_64_shared_ops_lr0.0005_wd0.0001_use5seeds_use_adam_patience-8_30_not_use_skip
2024-01-02 12:57:56,245:INFO::save_dir_name: gat_nasp_egreedy0_C8_useDmon_coef0.4_Adam_gcn.ppnp.mean.one-hot_noTypeLinear_014_64_shared_ops_lr0.0005_wd0.0001_use5seeds_use_adam_patience-8_30_not_use_skip
2024-01-02 12:57:56,245:INFO::save_dir_name: gat_nasp_egreedy0_C8_useDmon_coef0.4_Adam_gcn.ppnp.mean.one-hot_noTypeLinear_014_64_shared_ops_lr0.0005_wd0.0001_use5seeds_use_adam_patience-8_30_not_use_skip
2024-01-02 12:58:05,924:INFO::save_dir_name: gat_nasp_egreedy0_C8_useDmon_coef0.4_Adam_gcn.ppnp.mean.one-hot_noTypeLinear_014_64_shared_ops_lr0.0005_wd0.0001_use5seeds_use_adam_patience-8_30_not_use_skip
2024-01-02 12:58:05,925:INFO::save_dir_name: gat_nasp_egreedy0_C8_useDmon_coef0.4_Adam_gcn.ppnp.mean.one-hot_noTypeLinear_014_64_shared_ops_lr0.0005_wd0.0001_use5seeds_use_adam_patience-8_30_not_use_skip
2024-01-02 12:58:18,940:INFO::save_dir_name: gat_nasp_egreedy0_C8_useDmon_coef0.4_Adam_gcn.ppnp.mean.one-hot_noTypeLinear_014_64_shared_ops_lr0.0005_wd0.0001_use5seeds_use_adam_patience-8_30_not_use_skip
2024-01-02 12:58:18,941:INFO::save_dir_name: gat_nasp_egreedy0_C8_useDmon_coef0.4_Adam_gcn.ppnp.mean.one-hot_noTypeLinear_014_64_shared_ops_lr0.0005_wd0.0001_use5seeds_use_adam_patience-8_30_not_use_skip
2024-01-02 12:58:19,914:INFO::Epoch 00000 | lr 0.00050 | Train_Loss 1.4819 | Train_Classification_Loss 1.4942 | Dmon_Loss -0.0307 | Val_Loss 1.5767 | Search Time(s) 11429.3312 | Infer Time(s) 0.1815 | Time(s) 11429.5127 
2024-01-02 12:58:20,102:INFO::save_dir_name: gat_nasp_egreedy0_C8_useDmon_coef0.4_Adam_gcn.ppnp.mean.one-hot_noTypeLinear_014_64_shared_ops_lr0.0005_wd0.0001_use5seeds_use_adam_patience-8_30_not_use_skip
2024-01-02 12:58:20,103:INFO::save_dir_name: gat_nasp_egreedy0_C8_useDmon_coef0.4_Adam_gcn.ppnp.mean.one-hot_noTypeLinear_014_64_shared_ops_lr0.0005_wd0.0001_use5seeds_use_adam_patience-8_30_not_use_skip
2024-01-02 12:58:29,365:INFO::save_dir_name: gat_nasp_egreedy0_C8_useDmon_coef0.4_Adam_gcn.ppnp.mean.one-hot_noTypeLinear_014_64_shared_ops_lr0.0005_wd0.0001_use5seeds_use_adam_patience-8_30_not_use_skip
2024-01-02 12:58:29,365:INFO::save_dir_name: gat_nasp_egreedy0_C8_useDmon_coef0.4_Adam_gcn.ppnp.mean.one-hot_noTypeLinear_014_64_shared_ops_lr0.0005_wd0.0001_use5seeds_use_adam_patience-8_30_not_use_skip
2024-01-02 12:58:31,147:INFO::save_dir_name: gat_nasp_egreedy0_C8_useDmon_coef0.4_Adam_gcn.ppnp.mean.one-hot_noTypeLinear_014_64_shared_ops_lr0.0005_wd0.0001_use5seeds_use_adam_patience-8_30_not_use_skip
2024-01-02 12:58:31,148:INFO::save_dir_name: gat_nasp_egreedy0_C8_useDmon_coef0.4_Adam_gcn.ppnp.mean.one-hot_noTypeLinear_014_64_shared_ops_lr0.0005_wd0.0001_use5seeds_use_adam_patience-8_30_not_use_skip
2024-01-02 12:58:33,027:INFO::save_dir_name: gat_nasp_egreedy0_C8_useDmon_coef0.4_Adam_gcn.ppnp.mean.one-hot_noTypeLinear_014_64_shared_ops_lr0.0005_wd0.0001_use5seeds_use_adam_patience-8_30_not_use_skip
2024-01-02 12:58:33,028:INFO::save_dir_name: gat_nasp_egreedy0_C8_useDmon_coef0.4_Adam_gcn.ppnp.mean.one-hot_noTypeLinear_014_64_shared_ops_lr0.0005_wd0.0001_use5seeds_use_adam_patience-8_30_not_use_skip
2024-01-02 12:58:33,867:INFO::save_dir_name: gat_nasp_egreedy0_C8_useDmon_coef0.4_Adam_gcn.ppnp.mean.one-hot_noTypeLinear_014_64_shared_ops_lr0.0005_wd0.0001_use5seeds_use_adam_patience-8_30_not_use_skip
2024-01-02 12:58:33,868:INFO::save_dir_name: gat_nasp_egreedy0_C8_useDmon_coef0.4_Adam_gcn.ppnp.mean.one-hot_noTypeLinear_014_64_shared_ops_lr0.0005_wd0.0001_use5seeds_use_adam_patience-8_30_not_use_skip
2024-01-02 12:58:38,491:INFO::save_dir_name: gat_nasp_egreedy0_C8_useDmon_coef0.4_Adam_gcn.ppnp.mean.one-hot_noTypeLinear_014_64_shared_ops_lr0.0005_wd0.0001_use5seeds_use_adam_patience-8_30_not_use_skip
2024-01-02 12:58:38,492:INFO::save_dir_name: gat_nasp_egreedy0_C8_useDmon_coef0.4_Adam_gcn.ppnp.mean.one-hot_noTypeLinear_014_64_shared_ops_lr0.0005_wd0.0001_use5seeds_use_adam_patience-8_30_not_use_skip
2024-01-02 12:58:43,990:INFO::save_dir_name: gat_nasp_egreedy0_C8_useDmon_coef0.4_Adam_gcn.ppnp.mean.one-hot_noTypeLinear_014_64_shared_ops_lr0.0005_wd0.0001_use5seeds_use_adam_patience-8_30_not_use_skip
2024-01-02 12:58:43,990:INFO::save_dir_name: gat_nasp_egreedy0_C8_useDmon_coef0.4_Adam_gcn.ppnp.mean.one-hot_noTypeLinear_014_64_shared_ops_lr0.0005_wd0.0001_use5seeds_use_adam_patience-8_30_not_use_skip
2024-01-02 12:58:45,329:INFO::cluster info:
0: 7;	1: 3;	2: 2;	3: 1;	4: 6;	5: 3;	6: 1;	7: 6;	8: 1;	9: 1;	10: 6;	11: 6;	12: 3;	13: 1;	14: 2;	15: 2;	16: 1;	17: 5;	18: 4;	19: 0;	20: 6;	21: 3;	22: 1;	23: 1;	24: 4;	25: 4;	26: 3;	27: 0;	28: 6;	29: 0;	30: 1;	31: 1;	32: 3;	33: 0;	34: 6;	35: 7;	36: 1;	37: 7;	38: 2;	39: 0;	40: 2;	41: 2;	42: 1;	43: 0;	44
26098: 6;	26099: 1;	26100: 1;	26101: 7;	26102: 6;	26103: 1;	26104: 1;	26105: 7;	26106: 1;	26107: 7;	26108: 1;	26109: 1;	26110: 1;	26111: 1;	26112: 1;	26113: 1;	26114: 1;	26115: 1;	26116: 1;	26117: 1;	26118: 1;	26119: 1;	26120: 1;	26121: 1;	26122: 1;	26123: 1;	26124: 1;	26125: 1;	26126: 1;	26127: 3;	
2024-01-02 12:58:45,376:INFO::save_dir_name: gat_nasp_egreedy0_C8_useDmon_coef0.4_Adam_gcn.ppnp.mean.one-hot_noTypeLinear_014_64_shared_ops_lr0.0005_wd0.0001_use5seeds_use_adam_patience-8_30_not_use_skip
2024-01-02 12:58:45,376:INFO::save_dir_name: gat_nasp_egreedy0_C8_useDmon_coef0.4_Adam_gcn.ppnp.mean.one-hot_noTypeLinear_014_64_shared_ops_lr0.0005_wd0.0001_use5seeds_use_adam_patience-8_30_not_use_skip
2024-01-02 12:58:48,879:INFO::save_dir_name: gat_nasp_egreedy0_C8_useDmon_coef0.4_Adam_gcn.ppnp.mean.one-hot_noTypeLinear_014_64_shared_ops_lr0.0005_wd0.0001_use5seeds_use_adam_patience-8_30_not_use_skip
2024-01-02 12:58:48,880:INFO::save_dir_name: gat_nasp_egreedy0_C8_useDmon_coef0.4_Adam_gcn.ppnp.mean.one-hot_noTypeLinear_014_64_shared_ops_lr0.0005_wd0.0001_use5seeds_use_adam_patience-8_30_not_use_skip
2024-01-02 12:58:50,437:INFO::save_dir_name: gat_nasp_egreedy0_C8_useDmon_coef0.4_Adam_gcn.ppnp.mean.one-hot_noTypeLinear_014_64_shared_ops_lr0.0005_wd0.0001_use5seeds_use_adam_patience-8_30_not_use_skip
2024-01-02 12:58:50,438:INFO::save_dir_name: gat_nasp_egreedy0_C8_useDmon_coef0.4_Adam_gcn.ppnp.mean.one-hot_noTypeLinear_014_64_shared_ops_lr0.0005_wd0.0001_use5seeds_use_adam_patience-8_30_not_use_skip
2024-01-02 12:58:53,469:INFO::save_dir_name: gat_nasp_egreedy0_C8_useDmon_coef0.4_Adam_gcn.ppnp.mean.one-hot_noTypeLinear_014_64_shared_ops_lr0.0005_wd0.0001_use5seeds_use_adam_patience-8_30_not_use_skip
2024-01-02 12:58:53,469:INFO::save_dir_name: gat_nasp_egreedy0_C8_useDmon_coef0.4_Adam_gcn.ppnp.mean.one-hot_noTypeLinear_014_64_shared_ops_lr0.0005_wd0.0001_use5seeds_use_adam_patience-8_30_not_use_skip
2024-01-02 12:58:55,975:INFO::save_dir_name: gat_nasp_egreedy0_C8_useDmon_coef0.4_Adam_gcn.ppnp.mean.one-hot_noTypeLinear_014_64_shared_ops_lr0.0005_wd0.0001_use5seeds_use_adam_patience-8_30_not_use_skip
2024-01-02 12:58:55,976:INFO::save_dir_name: gat_nasp_egreedy0_C8_useDmon_coef0.4_Adam_gcn.ppnp.mean.one-hot_noTypeLinear_014_64_shared_ops_lr0.0005_wd0.0001_use5seeds_use_adam_patience-8_30_not_use_skip
2024-01-02 12:59:00,978:INFO::save_dir_name: gat_nasp_egreedy0_C8_useDmon_coef0.4_Adam_gcn.ppnp.mean.one-hot_noTypeLinear_014_64_shared_ops_lr0.0005_wd0.0001_use5seeds_use_adam_patience-8_30_not_use_skip
2024-01-02 12:59:00,979:INFO::save_dir_name: gat_nasp_egreedy0_C8_useDmon_coef0.4_Adam_gcn.ppnp.mean.one-hot_noTypeLinear_014_64_shared_ops_lr0.0005_wd0.0001_use5seeds_use_adam_patience-8_30_not_use_skip
2024-01-02 12:59:03,611:INFO::save_dir_name: gat_nasp_egreedy0_C8_useDmon_coef0.4_Adam_gcn.ppnp.mean.one-hot_noTypeLinear_014_64_shared_ops_lr0.0005_wd0.0001_use5seeds_use_adam_patience-8_30_not_use_skip
2024-01-02 12:59:03,612:INFO::save_dir_name: gat_nasp_egreedy0_C8_useDmon_coef0.4_Adam_gcn.ppnp.mean.one-hot_noTypeLinear_014_64_shared_ops_lr0.0005_wd0.0001_use5seeds_use_adam_patience-8_30_not_use_skip
2024-01-02 12:59:05,141:INFO::save_dir_name: gat_nasp_egreedy0_C8_useDmon_coef0.4_Adam_gcn.ppnp.mean.one-hot_noTypeLinear_014_64_shared_ops_lr0.0005_wd0.0001_use5seeds_use_adam_patience-8_30_not_use_skip
2024-01-02 12:59:05,141:INFO::save_dir_name: gat_nasp_egreedy0_C8_useDmon_coef0.4_Adam_gcn.ppnp.mean.one-hot_noTypeLinear_014_64_shared_ops_lr0.0005_wd0.0001_use5seeds_use_adam_patience-8_30_not_use_skip
2024-01-02 12:59:06,461:INFO::save_dir_name: gat_nasp_egreedy0_C8_useDmon_coef0.4_Adam_gcn.ppnp.mean.one-hot_noTypeLinear_014_64_shared_ops_lr0.0005_wd0.0001_use5seeds_use_adam_patience-8_30_not_use_skip
2024-01-02 12:59:06,461:INFO::save_dir_name: gat_nasp_egreedy0_C8_useDmon_coef0.4_Adam_gcn.ppnp.mean.one-hot_noTypeLinear_014_64_shared_ops_lr0.0005_wd0.0001_use5seeds_use_adam_patience-8_30_not_use_skip
2024-01-02 12:59:08,442:INFO::Epoch: 1
tensor([[0.4950, 0.5050, 0.5050, 0.5050],
        [0.4950, 0.5050, 0.5050, 0.5050],
        [0.4950, 0.5050, 0.5050, 0.5050],
        [0.4950, 0.5050, 0.5050, 0.5050],
        [0.4950, 0.5050, 0.5050, 0.5050],
        [0.4950, 0.5050, 0.5050, 0.5050],
        [0.4950, 0.5050, 0.5050, 0.5050],
        [0.4950, 0.5050, 0.5050, 0.5050]], device='cuda:0', requires_grad=True)
2024-01-02 12:59:08,514:INFO::save_dir_name: gat_nasp_egreedy0_C8_useDmon_coef0.4_Adam_gcn.ppnp.mean.one-hot_noTypeLinear_014_64_shared_ops_lr0.0005_wd0.0001_use5seeds_use_adam_patience-8_30_not_use_skip
2024-01-02 12:59:08,515:INFO::save_dir_name: gat_nasp_egreedy0_C8_useDmon_coef0.4_Adam_gcn.ppnp.mean.one-hot_noTypeLinear_014_64_shared_ops_lr0.0005_wd0.0001_use5seeds_use_adam_patience-8_30_not_use_skip
2024-01-02 13:01:30,679:INFO::save_dir_name: gat_nasp_egreedy0_C8_useDmon_coef0.4_Adam_gcn.ppnp.mean.one-hot_noTypeLinear_014_64_shared_ops_lr0.0005_wd0.0001_use5seeds_use_adam_patience-8_30_not_use_skip
2024-01-02 13:01:30,680:INFO::save_dir_name: gat_nasp_egreedy0_C8_useDmon_coef0.4_Adam_gcn.ppnp.mean.one-hot_noTypeLinear_014_64_shared_ops_lr0.0005_wd0.0001_use5seeds_use_adam_patience-8_30_not_use_skip
2024-01-02 13:29:53,004:INFO::save_dir_name: gat_nasp_egreedy0_C8_useDmon_coef0.4_Adam_gcn.ppnp.mean.one-hot_noTypeLinear_014_64_shared_ops_lr0.0005_wd0.0001_use5seeds_use_adam_patience-8_30_not_use_skip
2024-01-02 13:29:53,004:INFO::save_dir_name: gat_nasp_egreedy0_C8_useDmon_coef0.4_Adam_gcn.ppnp.mean.one-hot_noTypeLinear_014_64_shared_ops_lr0.0005_wd0.0001_use5seeds_use_adam_patience-8_30_not_use_skip
2024-01-02 13:44:36,037:INFO::save_dir_name: gat_nasp_egreedy0_C8_useDmon_coef0.4_Adam_gcn.ppnp.mean.one-hot_noTypeLinear_014_64_shared_ops_lr0.0005_wd0.0001_use5seeds_use_adam_patience-8_30_not_use_skip
2024-01-02 13:44:36,038:INFO::save_dir_name: gat_nasp_egreedy0_C8_useDmon_coef0.4_Adam_gcn.ppnp.mean.one-hot_noTypeLinear_014_64_shared_ops_lr0.0005_wd0.0001_use5seeds_use_adam_patience-8_30_not_use_skip
2024-01-02 13:54:28,608:INFO::its now!!!!!!!!5
2024-01-02 13:54:29,180:INFO::its now!!!!!!!!0
2024-01-02 13:54:29,181:INFO::its now!!!!!!!!3
2024-01-02 13:54:29,386:INFO::its now!!!!!!!!5
2024-01-02 13:54:29,656:INFO::its now!!!!!!!!
2024-01-02 13:54:29,656:INFO::its now!!!!!!!! on 
2024-01-02 13:55:56,428:INFO::its now!!!!!!!!5
2024-01-02 13:56:11,423:INFO::save_dir_name: gat_nasp_egreedy0_C8_useDmon_coef0.4_Adam_gcn.ppnp.mean.one-hot_noTypeLinear_014_64_shared_ops_lr0.0005_wd0.0001_use5seeds_use_adam_patience-8_30_not_use_skip
2024-01-02 13:56:17,551:INFO::Epoch 00001 | lr 0.00050 | Train_Loss 1.3926 | Train_Classification_Loss 1.4051 | Dmon_Loss -0.0312 | Val_Loss 1.3976 | Search Time(s) 3408.8569 | Infer Time(s) 4.5846 | Time(s) 3413.4415 
2024-01-02 13:56:47,604:INFO::cluster info:
0: 2;	1: 3;	2: 0;	3: 1;	4: 2;	5: 3;	6: 7;	7: 1;	8: 1;	9: 6;	10: 1;	11: 1;	12: 3;	13: 1;	14: 1;	15: 7;	16: 0;	17: 1;	18: 3;	19: 0;	20: 3;	21: 1;	22: 0;	23: 3;	24: 1;	25: 3;	26: 3;	27: 1;	28: 1;	29: 0;	30: 1;	31: 1;	32: 0;	33: 6;	34: 2;	35: 0;	36: 0;	37: 0;	38: 1;	39: 0;	40: 0;	41: 6;	42: 1;	43: 4;	44
26098: 6;	26099: 3;	26100: 0;	26101: 0;	26102: 6;	26103: 0;	26104: 0;	26105: 1;	26106: 2;	26107: 2;	26108: 1;	26109: 1;	26110: 1;	26111: 1;	26112: 1;	26113: 1;	26114: 1;	26115: 1;	26116: 1;	26117: 1;	26118: 1;	26119: 1;	26120: 1;	26121: 1;	26122: 1;	26123: 1;	26124: 1;	26125: 1;	26126: 1;	26127: 0;	
2024-01-02 13:57:50,995:INFO::Validation loss decreased (inf --> 1.397591).  Saving model ...
2024-01-02 13:57:57,881:INFO::Epoch: 2
tensor([[0.4899, 0.5073, 0.5071, 0.5071],
        [0.4900, 0.5056, 0.5071, 0.5071],
        [0.4897, 0.5073, 0.5071, 0.5071],
        [0.4900, 0.5073, 0.5071, 0.5071],
        [0.4901, 0.5073, 0.5071, 0.5071],
        [0.4899, 0.5074, 0.5071, 0.5071],
        [0.4902, 0.5073, 0.5071, 0.5071],
        [0.4898, 0.5073, 0.5071, 0.5071]], device='cuda:0', requires_grad=True)
2024-01-02 14:01:53,694:INFO::its now!!!!!!!!5
2024-01-02 14:01:54,069:INFO::its now!!!!!!!!0
2024-01-02 14:01:54,070:INFO::its now!!!!!!!!3
2024-01-02 14:01:54,266:INFO::its now!!!!!!!!5
2024-01-02 14:01:54,455:INFO::its now!!!!!!!!
2024-01-02 14:01:54,455:INFO::its now!!!!!!!! on 
2024-01-02 14:02:03,059:INFO::its now!!!!!!!!5
2024-01-02 14:02:06,144:INFO::save_dir_name: gat_nasp_egreedy0_C8_useDmon_coef0.4_Adam_gcn.ppnp.mean.one-hot_noTypeLinear_014_64_shared_ops_lr0.0005_wd0.0001_use5seeds_use_adam_patience-8_30_not_use_skip
2024-01-02 14:02:10,942:INFO::Epoch 00002 | lr 0.00050 | Train_Loss 1.3834 | Train_Classification_Loss 1.3959 | Dmon_Loss -0.0313 | Val_Loss 1.3602 | Search Time(s) 244.8088 | Infer Time(s) 2.2496 | Time(s) 247.0583 
2024-01-02 14:02:19,124:INFO::cluster info:
0: 0;	1: 1;	2: 1;	3: 1;	4: 0;	5: 1;	6: 0;	7: 1;	8: 1;	9: 3;	10: 3;	11: 0;	12: 0;	13: 3;	14: 1;	15: 0;	16: 1;	17: 1;	18: 3;	19: 1;	20: 0;	21: 3;	22: 3;	23: 1;	24: 6;	25: 1;	26: 3;	27: 6;	28: 2;	29: 0;	30: 0;	31: 2;	32: 1;	33: 7;	34: 3;	35: 7;	36: 1;	37: 6;	38: 1;	39: 1;	40: 3;	41: 1;	42: 1;	43: 1;	44
26098: 5;	26099: 3;	26100: 4;	26101: 3;	26102: 1;	26103: 3;	26104: 1;	26105: 6;	26106: 5;	26107: 2;	26108: 1;	26109: 1;	26110: 1;	26111: 1;	26112: 1;	26113: 0;	26114: 1;	26115: 1;	26116: 1;	26117: 1;	26118: 1;	26119: 1;	26120: 1;	26121: 1;	26122: 1;	26123: 1;	26124: 1;	26125: 1;	26126: 1;	26127: 1;	
2024-01-02 14:02:30,585:INFO::Validation loss decreased (1.397591 --> 1.360210).  Saving model ...
2024-01-02 14:04:58,448:INFO::Epoch: 3
tensor([[0.4944, 0.5085, 0.5098, 0.5098],
        [0.4945, 0.5075, 0.5081, 0.5098],
        [0.4942, 0.5085, 0.5098, 0.5098],
        [0.4945, 0.5084, 0.5098, 0.5098],
        [0.4946, 0.5086, 0.5098, 0.5098],
        [0.4942, 0.5086, 0.5098, 0.5098],
        [0.4947, 0.5084, 0.5098, 0.5098],
        [0.4943, 0.5085, 0.5098, 0.5098]], device='cuda:0', requires_grad=True)
2024-01-02 14:05:01,145:INFO::its now!!!!!!!!5
2024-01-02 14:05:01,558:INFO::its now!!!!!!!!0
2024-01-02 14:05:01,559:INFO::its now!!!!!!!!3
2024-01-02 14:05:01,742:INFO::its now!!!!!!!!5
2024-01-02 14:05:01,915:INFO::its now!!!!!!!!
2024-01-02 14:05:01,916:INFO::its now!!!!!!!! on 
2024-01-02 14:05:08,360:INFO::its now!!!!!!!!5
2024-01-02 14:05:15,067:INFO::save_dir_name: gat_nasp_egreedy0_C8_useDmon_coef0.4_Adam_gcn.ppnp.mean.one-hot_noTypeLinear_014_64_shared_ops_lr0.0005_wd0.0001_use5seeds_use_adam_patience-8_30_not_use_skip
2024-01-02 14:05:21,191:INFO::Epoch 00003 | lr 0.00050 | Train_Loss 1.3479 | Train_Classification_Loss 1.3604 | Dmon_Loss -0.0313 | Val_Loss 1.3497 | Search Time(s) 153.3879 | Infer Time(s) 5.1593 | Time(s) 158.5472 
2024-01-02 14:05:33,805:INFO::cluster info:
0: 0;	1: 1;	2: 3;	3: 1;	4: 1;	5: 1;	6: 1;	7: 1;	8: 6;	9: 3;	10: 1;	11: 0;	12: 7;	13: 3;	14: 1;	15: 1;	16: 5;	17: 0;	18: 3;	19: 0;	20: 1;	21: 1;	22: 1;	23: 1;	24: 1;	25: 0;	26: 6;	27: 3;	28: 1;	29: 2;	30: 1;	31: 7;	32: 0;	33: 0;	34: 6;	35: 0;	36: 1;	37: 3;	38: 0;	39: 3;	40: 3;	41: 0;	42: 1;	43: 7;	44
26098: 1;	26099: 3;	26100: 1;	26101: 1;	26102: 2;	26103: 4;	26104: 4;	26105: 6;	26106: 3;	26107: 2;	26108: 1;	26109: 1;	26110: 1;	26111: 1;	26112: 1;	26113: 1;	26114: 1;	26115: 1;	26116: 3;	26117: 3;	26118: 1;	26119: 1;	26120: 1;	26121: 1;	26122: 1;	26123: 1;	26124: 1;	26125: 1;	26126: 1;	26127: 1;	
2024-01-02 14:05:59,288:INFO::Validation loss decreased (1.360210 --> 1.349659).  Saving model ...
2024-01-02 14:06:03,059:INFO::Epoch: 4
tensor([[0.4973, 0.5093, 0.5113, 0.5115],
        [0.4974, 0.5087, 0.5088, 0.5113],
        [0.4970, 0.5094, 0.5113, 0.5115],
        [0.4973, 0.5092, 0.5113, 0.5115],
        [0.4975, 0.5094, 0.5113, 0.5115],
        [0.4969, 0.5094, 0.5113, 0.5115],
        [0.4975, 0.5092, 0.5113, 0.5115],
        [0.4971, 0.5094, 0.5113, 0.5115]], device='cuda:0', requires_grad=True)
2024-01-02 14:06:04,321:INFO::its now!!!!!!!!5
2024-01-02 14:06:04,627:INFO::its now!!!!!!!!0
2024-01-02 14:06:04,628:INFO::its now!!!!!!!!3
2024-01-02 14:06:04,808:INFO::its now!!!!!!!!5
2024-01-02 14:06:05,002:INFO::its now!!!!!!!!
2024-01-02 14:06:05,003:INFO::its now!!!!!!!! on 
2024-01-02 14:06:08,019:INFO::its now!!!!!!!!5
2024-01-02 14:06:08,209:INFO::save_dir_name: gat_nasp_egreedy0_C8_useDmon_coef0.4_Adam_gcn.ppnp.mean.one-hot_noTypeLinear_014_64_shared_ops_lr0.0005_wd0.0001_use5seeds_use_adam_patience-8_30_not_use_skip
2024-01-02 14:06:11,032:INFO::Epoch 00004 | lr 0.00050 | Train_Loss 1.3411 | Train_Classification_Loss 1.3536 | Dmon_Loss -0.0314 | Val_Loss 1.3280 | Search Time(s) 5.5981 | Infer Time(s) 0.1925 | Time(s) 5.7906 
2024-01-02 14:06:11,755:INFO::cluster info:
0: 6;	1: 2;	2: 3;	3: 1;	4: 3;	5: 1;	6: 1;	7: 1;	8: 1;	9: 2;	10: 3;	11: 1;	12: 3;	13: 0;	14: 1;	15: 7;	16: 1;	17: 1;	18: 1;	19: 1;	20: 3;	21: 0;	22: 3;	23: 1;	24: 6;	25: 1;	26: 3;	27: 0;	28: 0;	29: 2;	30: 3;	31: 3;	32: 3;	33: 4;	34: 3;	35: 1;	36: 1;	37: 1;	38: 3;	39: 5;	40: 0;	41: 1;	42: 0;	43: 3;	44
26098: 0;	26099: 6;	26100: 0;	26101: 0;	26102: 3;	26103: 4;	26104: 7;	26105: 6;	26106: 6;	26107: 4;	26108: 3;	26109: 1;	26110: 3;	26111: 3;	26112: 3;	26113: 1;	26114: 1;	26115: 1;	26116: 3;	26117: 3;	26118: 1;	26119: 3;	26120: 3;	26121: 3;	26122: 1;	26123: 3;	26124: 1;	26125: 1;	26126: 3;	26127: 1;	
2024-01-02 14:06:12,704:INFO::Validation loss decreased (1.349659 --> 1.328022).  Saving model ...
2024-01-02 14:06:12,710:INFO::Epoch: 5
tensor([[0.4988, 0.5098, 0.5122, 0.5124],
        [0.4989, 0.5093, 0.5092, 0.5122],
        [0.4985, 0.5098, 0.5121, 0.5124],
        [0.4989, 0.5096, 0.5121, 0.5124],
        [0.4991, 0.5098, 0.5121, 0.5124],
        [0.4985, 0.5099, 0.5121, 0.5124],
        [0.4991, 0.5097, 0.5121, 0.5124],
        [0.4986, 0.5098, 0.5121, 0.5124]], device='cuda:0', requires_grad=True)
2024-01-02 14:06:12,712:INFO::its now!!!!!!!!5
2024-01-02 14:06:12,920:INFO::its now!!!!!!!!0
2024-01-02 14:06:12,921:INFO::its now!!!!!!!!3
2024-01-02 14:06:13,098:INFO::its now!!!!!!!!5
2024-01-02 14:06:13,300:INFO::its now!!!!!!!!
2024-01-02 14:06:13,300:INFO::its now!!!!!!!! on 
2024-01-02 14:06:13,483:INFO::its now!!!!!!!!5
2024-01-02 14:06:13,652:INFO::save_dir_name: gat_nasp_egreedy0_C8_useDmon_coef0.4_Adam_gcn.ppnp.mean.one-hot_noTypeLinear_014_64_shared_ops_lr0.0005_wd0.0001_use5seeds_use_adam_patience-8_30_not_use_skip
2024-01-02 14:06:14,307:INFO::Epoch 00005 | lr 0.00050 | Train_Loss 1.3541 | Train_Classification_Loss 1.3667 | Dmon_Loss -0.0313 | Val_Loss 1.3231 | Search Time(s) 0.7753 | Infer Time(s) 0.1715 | Time(s) 0.9468 
2024-01-02 14:06:14,609:INFO::cluster info:
0: 0;	1: 1;	2: 1;	3: 3;	4: 3;	5: 3;	6: 1;	7: 0;	8: 2;	9: 1;	10: 0;	11: 6;	12: 3;	13: 0;	14: 1;	15: 1;	16: 1;	17: 0;	18: 6;	19: 1;	20: 3;	21: 6;	22: 1;	23: 3;	24: 2;	25: 3;	26: 3;	27: 0;	28: 0;	29: 1;	30: 3;	31: 5;	32: 0;	33: 1;	34: 1;	35: 6;	36: 1;	37: 0;	38: 3;	39: 0;	40: 6;	41: 3;	42: 1;	43: 2;	44
26098: 3;	26099: 6;	26100: 4;	26101: 6;	26102: 1;	26103: 3;	26104: 7;	26105: 3;	26106: 0;	26107: 0;	26108: 3;	26109: 3;	26110: 1;	26111: 1;	26112: 3;	26113: 1;	26114: 1;	26115: 3;	26116: 3;	26117: 3;	26118: 1;	26119: 3;	26120: 1;	26121: 3;	26122: 1;	26123: 1;	26124: 1;	26125: 1;	26126: 3;	26127: 3;	
2024-01-02 14:06:14,986:INFO::Validation loss decreased (1.328022 --> 1.323078).  Saving model ...
2024-01-02 14:06:14,991:INFO::Epoch: 6
tensor([[0.5017, 0.5108, 0.5134, 0.5128],
        [0.5018, 0.5104, 0.5102, 0.5128],
        [0.5014, 0.5109, 0.5134, 0.5128],
        [0.5018, 0.5107, 0.5133, 0.5129],
        [0.5020, 0.5109, 0.5134, 0.5129],
        [0.5013, 0.5110, 0.5134, 0.5128],
        [0.5020, 0.5108, 0.5134, 0.5129],
        [0.5015, 0.5109, 0.5134, 0.5128]], device='cuda:0', requires_grad=True)
2024-01-02 14:06:14,993:INFO::its now!!!!!!!!5
2024-01-02 14:06:15,190:INFO::its now!!!!!!!!0
2024-01-02 14:06:15,191:INFO::its now!!!!!!!!3
2024-01-02 14:06:15,370:INFO::its now!!!!!!!!5
2024-01-02 14:06:15,577:INFO::its now!!!!!!!!
2024-01-02 14:06:15,577:INFO::its now!!!!!!!! on 
2024-01-02 14:06:15,770:INFO::its now!!!!!!!!5
2024-01-02 14:06:15,958:INFO::save_dir_name: gat_nasp_egreedy0_C8_useDmon_coef0.4_Adam_gcn.ppnp.mean.one-hot_noTypeLinear_014_64_shared_ops_lr0.0005_wd0.0001_use5seeds_use_adam_patience-8_30_not_use_skip
2024-01-02 14:06:16,890:INFO::Epoch 00006 | lr 0.00050 | Train_Loss 1.3370 | Train_Classification_Loss 1.3494 | Dmon_Loss -0.0312 | Val_Loss 1.3031 | Search Time(s) 0.7811 | Infer Time(s) 0.1905 | Time(s) 0.9716 
2024-01-02 14:06:17,424:INFO::cluster info:
0: 1;	1: 3;	2: 3;	3: 2;	4: 7;	5: 3;	6: 3;	7: 0;	8: 3;	9: 1;	10: 3;	11: 3;	12: 1;	13: 0;	14: 0;	15: 3;	16: 0;	17: 0;	18: 3;	19: 1;	20: 0;	21: 1;	22: 6;	23: 1;	24: 6;	25: 3;	26: 0;	27: 0;	28: 3;	29: 2;	30: 3;	31: 0;	32: 0;	33: 1;	34: 3;	35: 3;	36: 3;	37: 2;	38: 1;	39: 7;	40: 0;	41: 0;	42: 3;	43: 1;	44
26098: 0;	26099: 3;	26100: 1;	26101: 0;	26102: 2;	26103: 0;	26104: 6;	26105: 6;	26106: 3;	26107: 6;	26108: 3;	26109: 3;	26110: 3;	26111: 3;	26112: 3;	26113: 1;	26114: 1;	26115: 1;	26116: 3;	26117: 3;	26118: 1;	26119: 1;	26120: 3;	26121: 3;	26122: 1;	26123: 3;	26124: 1;	26125: 1;	26126: 3;	26127: 3;	
2024-01-02 14:06:17,692:INFO::Validation loss decreased (1.323078 --> 1.303104).  Saving model ...
2024-01-02 14:06:17,698:INFO::Epoch: 7
tensor([[0.5032, 0.5114, 0.5140, 0.5131],
        [0.5033, 0.5110, 0.5108, 0.5133],
        [0.5029, 0.5115, 0.5140, 0.5131],
        [0.5033, 0.5113, 0.5139, 0.5131],
        [0.5035, 0.5115, 0.5140, 0.5131],
        [0.5028, 0.5115, 0.5140, 0.5131],
        [0.5035, 0.5113, 0.5140, 0.5131],
        [0.5031, 0.5115, 0.5140, 0.5131]], device='cuda:0', requires_grad=True)
2024-01-02 14:06:17,700:INFO::its now!!!!!!!!5
2024-01-02 14:06:17,907:INFO::its now!!!!!!!!0
2024-01-02 14:06:17,966:INFO::its now!!!!!!!!3
2024-01-02 14:06:18,145:INFO::its now!!!!!!!!5
2024-01-02 14:06:18,338:INFO::its now!!!!!!!!
2024-01-02 14:06:18,338:INFO::its now!!!!!!!! on 
2024-01-02 14:06:18,521:INFO::its now!!!!!!!!5
2024-01-02 14:06:18,690:INFO::save_dir_name: gat_nasp_egreedy0_C8_useDmon_coef0.4_Adam_gcn.ppnp.mean.one-hot_noTypeLinear_014_64_shared_ops_lr0.0005_wd0.0001_use5seeds_use_adam_patience-8_30_not_use_skip
2024-01-02 14:06:19,364:INFO::Epoch 00007 | lr 0.00050 | Train_Loss 1.2966 | Train_Classification_Loss 1.3092 | Dmon_Loss -0.0314 | Val_Loss 1.2752 | Search Time(s) 0.8278 | Infer Time(s) 0.1693 | Time(s) 0.9972 
2024-01-02 14:06:19,734:INFO::cluster info:
0: 7;	1: 3;	2: 0;	3: 3;	4: 5;	5: 3;	6: 4;	7: 1;	8: 3;	9: 6;	10: 2;	11: 3;	12: 3;	13: 1;	14: 3;	15: 6;	16: 1;	17: 1;	18: 1;	19: 3;	20: 3;	21: 0;	22: 1;	23: 3;	24: 3;	25: 6;	26: 2;	27: 4;	28: 1;	29: 1;	30: 3;	31: 3;	32: 3;	33: 6;	34: 1;	35: 3;	36: 1;	37: 1;	38: 3;	39: 3;	40: 3;	41: 1;	42: 1;	43: 3;	44
26098: 1;	26099: 4;	26100: 4;	26101: 2;	26102: 2;	26103: 3;	26104: 6;	26105: 1;	26106: 1;	26107: 3;	26108: 3;	26109: 3;	26110: 1;	26111: 3;	26112: 3;	26113: 3;	26114: 3;	26115: 3;	26116: 3;	26117: 3;	26118: 3;	26119: 3;	26120: 3;	26121: 3;	26122: 1;	26123: 3;	26124: 1;	26125: 1;	26126: 3;	26127: 3;	
2024-01-02 14:06:20,156:INFO::Validation loss decreased (1.303104 --> 1.275249).  Saving model ...
2024-01-02 14:06:20,161:INFO::Epoch: 8
tensor([[0.5085, 0.5140, 0.5143, 0.5154],
        [0.5086, 0.5134, 0.5134, 0.5138],
        [0.5082, 0.5141, 0.5143, 0.5154],
        [0.5086, 0.5139, 0.5139, 0.5155],
        [0.5088, 0.5141, 0.5144, 0.5155],
        [0.5081, 0.5142, 0.5143, 0.5155],
        [0.5088, 0.5140, 0.5143, 0.5155],
        [0.5083, 0.5141, 0.5143, 0.5155]], device='cuda:0', requires_grad=True)
2024-01-02 14:06:20,163:INFO::its now!!!!!!!!5
2024-01-02 14:06:20,365:INFO::its now!!!!!!!!0
2024-01-02 14:06:20,366:INFO::its now!!!!!!!!3
2024-01-02 14:06:20,540:INFO::its now!!!!!!!!5
2024-01-02 14:06:20,768:INFO::its now!!!!!!!!
2024-01-02 14:06:20,769:INFO::its now!!!!!!!! on 
2024-01-02 14:06:20,959:INFO::its now!!!!!!!!5
2024-01-02 14:06:28,165:INFO::Epoch 00008 | lr 0.00050 | Train_Loss 1.2905 | Train_Classification_Loss 1.3030 | Dmon_Loss -0.0314 | Val_Loss 1.2764 | Search Time(s) 0.8011 | Infer Time(s) 0.2094 | Time(s) 1.0105 
2024-01-02 14:06:28,922:INFO::cluster info:
0: 1;	1: 2;	2: 0;	3: 3;	4: 3;	5: 4;	6: 6;	7: 0;	8: 2;	9: 0;	10: 1;	11: 1;	12: 7;	13: 1;	14: 0;	15: 0;	16: 3;	17: 0;	18: 3;	19: 1;	20: 3;	21: 3;	22: 3;	23: 3;	24: 2;	25: 5;	26: 1;	27: 2;	28: 3;	29: 0;	30: 0;	31: 0;	32: 1;	33: 6;	34: 1;	35: 2;	36: 0;	37: 6;	38: 2;	39: 1;	40: 0;	41: 0;	42: 0;	43: 3;	44
26098: 3;	26099: 3;	26100: 0;	26101: 0;	26102: 2;	26103: 0;	26104: 4;	26105: 3;	26106: 5;	26107: 2;	26108: 3;	26109: 3;	26110: 3;	26111: 3;	26112: 3;	26113: 3;	26114: 1;	26115: 3;	26116: 3;	26117: 3;	26118: 3;	26119: 3;	26120: 3;	26121: 2;	26122: 3;	26123: 3;	26124: 2;	26125: 3;	26126: 3;	26127: 1;	
2024-01-02 14:06:53,955:INFO::save_dir_name: gat_nasp_egreedy0_C8_useDmon_coef0.4_Adam_gcn.ppnp.mean.one-hot_noTypeLinear_014_64_shared_ops_lr0.0005_wd0.0001_use5seeds_use_adam_patience-8_30_not_use_skip
2024-01-02 14:06:53,956:INFO::save_dir_name: gat_nasp_egreedy0_C8_useDmon_coef0.4_Adam_gcn.ppnp.mean.one-hot_noTypeLinear_014_64_shared_ops_lr0.0005_wd0.0001_use5seeds_use_adam_patience-8_30_not_use_skip
2024-01-02 14:24:54,145:INFO::save_dir_name: gat_nasp_egreedy0_C8_useDmon_coef0.4_Adam_gcn.ppnp.mean.one-hot_noTypeLinear_014_64_shared_ops_lr0.0005_wd0.0001_use5seeds_use_adam_patience-8_30_not_use_skip
2024-01-02 14:24:54,146:INFO::save_dir_name: gat_nasp_egreedy0_C8_useDmon_coef0.4_Adam_gcn.ppnp.mean.one-hot_noTypeLinear_014_64_shared_ops_lr0.0005_wd0.0001_use5seeds_use_adam_patience-8_30_not_use_skip
2024-01-02 14:24:55,313:INFO::save_dir_name: gat_nasp_egreedy0_C8_useDmon_coef0.4_Adam_gcn.ppnp.mean.one-hot_noTypeLinear_014_64_shared_ops_lr0.0005_wd0.0001_use5seeds_use_adam_patience-8_30_not_use_skip
2024-01-02 14:24:55,313:INFO::save_dir_name: gat_nasp_egreedy0_C8_useDmon_coef0.4_Adam_gcn.ppnp.mean.one-hot_noTypeLinear_014_64_shared_ops_lr0.0005_wd0.0001_use5seeds_use_adam_patience-8_30_not_use_skip
2024-01-02 14:24:56,680:INFO::save_dir_name: gat_nasp_egreedy0_C8_useDmon_coef0.4_Adam_gcn.ppnp.mean.one-hot_noTypeLinear_014_64_shared_ops_lr0.0005_wd0.0001_use5seeds_use_adam_patience-8_30_not_use_skip
2024-01-02 14:24:56,681:INFO::save_dir_name: gat_nasp_egreedy0_C8_useDmon_coef0.4_Adam_gcn.ppnp.mean.one-hot_noTypeLinear_014_64_shared_ops_lr0.0005_wd0.0001_use5seeds_use_adam_patience-8_30_not_use_skip
2024-01-02 14:24:57,924:INFO::save_dir_name: gat_nasp_egreedy0_C8_useDmon_coef0.4_Adam_gcn.ppnp.mean.one-hot_noTypeLinear_014_64_shared_ops_lr0.0005_wd0.0001_use5seeds_use_adam_patience-8_30_not_use_skip
2024-01-02 14:24:57,925:INFO::save_dir_name: gat_nasp_egreedy0_C8_useDmon_coef0.4_Adam_gcn.ppnp.mean.one-hot_noTypeLinear_014_64_shared_ops_lr0.0005_wd0.0001_use5seeds_use_adam_patience-8_30_not_use_skip
2024-01-02 14:25:13,898:INFO::EarlyStopping counter: 1 out of 8
2024-01-02 14:25:14,056:INFO::save_dir_name: gat_nasp_egreedy0_C8_useDmon_coef0.4_Adam_gcn.ppnp.mean.one-hot_noTypeLinear_014_64_shared_ops_lr0.0005_wd0.0001_use5seeds_use_adam_patience-8_30_not_use_skip
2024-01-02 14:25:14,056:INFO::save_dir_name: gat_nasp_egreedy0_C8_useDmon_coef0.4_Adam_gcn.ppnp.mean.one-hot_noTypeLinear_014_64_shared_ops_lr0.0005_wd0.0001_use5seeds_use_adam_patience-8_30_not_use_skip
2024-01-02 14:25:14,744:INFO::save_dir_name: gat_nasp_egreedy0_C8_useDmon_coef0.4_Adam_gcn.ppnp.mean.one-hot_noTypeLinear_014_64_shared_ops_lr0.0005_wd0.0001_use5seeds_use_adam_patience-8_30_not_use_skip
2024-01-02 14:25:14,745:INFO::save_dir_name: gat_nasp_egreedy0_C8_useDmon_coef0.4_Adam_gcn.ppnp.mean.one-hot_noTypeLinear_014_64_shared_ops_lr0.0005_wd0.0001_use5seeds_use_adam_patience-8_30_not_use_skip
2024-01-02 14:25:15,341:INFO::save_dir_name: gat_nasp_egreedy0_C8_useDmon_coef0.4_Adam_gcn.ppnp.mean.one-hot_noTypeLinear_014_64_shared_ops_lr0.0005_wd0.0001_use5seeds_use_adam_patience-8_30_not_use_skip
2024-01-02 14:25:15,342:INFO::save_dir_name: gat_nasp_egreedy0_C8_useDmon_coef0.4_Adam_gcn.ppnp.mean.one-hot_noTypeLinear_014_64_shared_ops_lr0.0005_wd0.0001_use5seeds_use_adam_patience-8_30_not_use_skip
2024-01-02 14:25:16,178:INFO::save_dir_name: gat_nasp_egreedy0_C8_useDmon_coef0.4_Adam_gcn.ppnp.mean.one-hot_noTypeLinear_014_64_shared_ops_lr0.0005_wd0.0001_use5seeds_use_adam_patience-8_30_not_use_skip
2024-01-02 14:25:16,179:INFO::save_dir_name: gat_nasp_egreedy0_C8_useDmon_coef0.4_Adam_gcn.ppnp.mean.one-hot_noTypeLinear_014_64_shared_ops_lr0.0005_wd0.0001_use5seeds_use_adam_patience-8_30_not_use_skip
2024-01-02 14:25:17,906:INFO::Epoch: 9
tensor([[0.5104, 0.5150, 0.5140, 0.5166],
        [0.5105, 0.5143, 0.5143, 0.5141],
        [0.5100, 0.5150, 0.5140, 0.5167],
        [0.5104, 0.5148, 0.5135, 0.5167],
        [0.5106, 0.5150, 0.5141, 0.5167],
        [0.5099, 0.5151, 0.5140, 0.5167],
        [0.5106, 0.5149, 0.5140, 0.5167],
        [0.5102, 0.5150, 0.5140, 0.5167]], device='cuda:0', requires_grad=True)
2024-01-02 14:25:18,895:INFO::save_dir_name: gat_nasp_egreedy0_C8_useDmon_coef0.4_Adam_gcn.ppnp.mean.one-hot_noTypeLinear_014_64_shared_ops_lr0.0005_wd0.0001_use5seeds_use_adam_patience-8_30_not_use_skip
2024-01-02 14:25:18,895:INFO::save_dir_name: gat_nasp_egreedy0_C8_useDmon_coef0.4_Adam_gcn.ppnp.mean.one-hot_noTypeLinear_014_64_shared_ops_lr0.0005_wd0.0001_use5seeds_use_adam_patience-8_30_not_use_skip
2024-01-02 14:25:23,409:INFO::its now!!!!!!!!5
2024-01-02 14:25:23,701:INFO::its now!!!!!!!!0
2024-01-02 14:25:23,702:INFO::its now!!!!!!!!3
2024-01-02 14:25:23,881:INFO::its now!!!!!!!!5
2024-01-02 14:25:24,065:INFO::its now!!!!!!!!
2024-01-02 14:25:24,066:INFO::its now!!!!!!!! on 
2024-01-02 14:25:26,600:INFO::its now!!!!!!!!5
2024-01-02 14:25:28,835:INFO::save_dir_name: gat_nasp_egreedy0_C8_useDmon_coef0.4_Adam_gcn.ppnp.mean.one-hot_noTypeLinear_014_64_shared_ops_lr0.0005_wd0.0001_use5seeds_use_adam_patience-8_30_not_use_skip
2024-01-02 14:25:40,010:INFO::Epoch 00009 | lr 0.00050 | Train_Loss 1.2571 | Train_Classification_Loss 1.2697 | Dmon_Loss -0.0314 | Val_Loss 1.2450 | Search Time(s) 9.9101 | Infer Time(s) 1.5287 | Time(s) 11.4389 
2024-01-02 14:26:04,692:INFO::cluster info:
0: 0;	1: 3;	2: 7;	3: 3;	4: 3;	5: 3;	6: 7;	7: 3;	8: 1;	9: 2;	10: 1;	11: 1;	12: 3;	13: 1;	14: 3;	15: 7;	16: 1;	17: 1;	18: 1;	19: 3;	20: 0;	21: 7;	22: 3;	23: 3;	24: 1;	25: 1;	26: 3;	27: 4;	28: 3;	29: 3;	30: 1;	31: 5;	32: 2;	33: 7;	34: 4;	35: 3;	36: 3;	37: 4;	38: 7;	39: 2;	40: 1;	41: 0;	42: 3;	43: 3;	44
26098: 3;	26099: 1;	26100: 6;	26101: 4;	26102: 0;	26103: 4;	26104: 3;	26105: 6;	26106: 6;	26107: 3;	26108: 3;	26109: 3;	26110: 3;	26111: 3;	26112: 3;	26113: 3;	26114: 0;	26115: 3;	26116: 3;	26117: 3;	26118: 3;	26119: 3;	26120: 3;	26121: 0;	26122: 1;	26123: 3;	26124: 1;	26125: 1;	26126: 3;	26127: 3;	
2024-01-02 14:26:12,428:INFO::Validation loss decreased (1.275249 --> 1.244976).  Saving model ...
2024-01-02 14:26:14,074:INFO::Epoch: 10
tensor([[0.5138, 0.5168, 0.5151, 0.5173],
        [0.5139, 0.5159, 0.5147, 0.5156],
        [0.5134, 0.5168, 0.5151, 0.5174],
        [0.5138, 0.5166, 0.5146, 0.5177],
        [0.5140, 0.5168, 0.5153, 0.5174],
        [0.5133, 0.5169, 0.5152, 0.5174],
        [0.5140, 0.5167, 0.5151, 0.5173],
        [0.5136, 0.5168, 0.5151, 0.5173]], device='cuda:0', requires_grad=True)
2024-01-02 14:26:14,524:INFO::its now!!!!!!!!5
2024-01-02 14:26:14,851:INFO::its now!!!!!!!!0
2024-01-02 14:26:14,852:INFO::its now!!!!!!!!3
2024-01-02 14:26:15,049:INFO::its now!!!!!!!!5
2024-01-02 14:26:15,229:INFO::its now!!!!!!!!
2024-01-02 14:26:15,229:INFO::its now!!!!!!!! on 
2024-01-02 14:26:16,052:INFO::its now!!!!!!!!5
2024-01-02 14:26:18,287:INFO::save_dir_name: gat_nasp_egreedy0_C8_useDmon_coef0.4_Adam_gcn.ppnp.mean.one-hot_noTypeLinear_014_64_shared_ops_lr0.0005_wd0.0001_use5seeds_use_adam_patience-8_30_not_use_skip
