2024-06-23 13:47:57,976:INFO::=============== Search Args:
Namespace(dataset='IMDB', feats_type=6, gnn_model='gat', valid_attributed_type=0, cluster_num=8, cluster_eps=1e-05, att_comp_dim=64, hidden_dim=64, num_heads=8, attn_vec_dim=128, search_epoch=2, retrain_epoch=2, inner_epoch=1, patience_search=8, patience_retrain=30, batch_size=2, batch_size_test=2, momentum=0.9, lr=0.0005, lr_rate_min=3e-05, num_layers=3, dropout=0.5, weight_decay=0.0001, slope=0.05, grad_clip=5, network_momentum=0.9, arch_learning_rate=0.005, arch_weight_decay=1e-05, repeat=5, cluster_epoch=4, save_postfix='DBLP', feats_opt='0111', cuda=True, unrolled=False, useSGD=False, useTypeLinear=False, l2norm=False, cluster_norm=False, usedropout=False, is_unrolled='False', is_use_type_linear='False', is_use_SGD='False', is_use_dropout='False', time_line='2024-06-23-13-46-27', edge_feats=64, warmup_epoch=0, clusterupdate_round=1, searcher_name='darts', rnn_type='RotatE0', neighbor_samples=100, use_minibatch=False, shared_ops=True, e_greedy=0, usebn=False, seed=123, use_5seeds=True, no_use_fixseeds=False, use_dmon=True, collapse_regularization=0.1, dmon_loss_alpha=0.4, tau=1.0, schedule_step=350, schedule_step_retrain=500, use_norm=False, use_adamw=False, use_skip=False, cur_repeat=0, last_hidden_dim=512, logger=<Logger log_output (INFO)>)
2024-06-23 13:48:32,493:INFO::node_type_num: 4
2024-06-23 13:49:40,405:INFO::=============== Prepare basic data stage finish, use 101.918874502182 time.
2024-06-23 13:55:02,715:INFO::save_dir_name: gat_darts_C8_useDmon_coef0.4_Adam_gcn.ppnp.mean.one-hot_noTypeLinear_014_64_shared_ops_lr0.0005_wd0.0001_use5seeds_use_fixseeds_use_adam_patience-8_30
2024-06-23 13:55:11,422:INFO::Epoch: 0
tensor([[0.2502, 0.2499, 0.2500, 0.2499],
        [0.2499, 0.2501, 0.2502, 0.2498],
        [0.2501, 0.2502, 0.2500, 0.2497],
        [0.2502, 0.2501, 0.2497, 0.2501],
        [0.2501, 0.2501, 0.2498, 0.2500],
        [0.2500, 0.2501, 0.2499, 0.2499],
        [0.2501, 0.2501, 0.2500, 0.2498],
        [0.2497, 0.2500, 0.2501, 0.2502]], device='cuda:0',
       grad_fn=<SoftmaxBackward0>)
2024-06-23 14:12:11,075:INFO::save_dir_name: gat_darts_C8_useDmon_coef0.4_Adam_gcn.ppnp.mean.one-hot_noTypeLinear_014_64_shared_ops_lr0.0005_wd0.0001_use5seeds_use_fixseeds_use_adam_patience-8_30
2024-06-23 14:12:23,969:INFO::Epoch 00000 | lr 0.00050 | Train_Loss 0.6976 | Train_Classification_Loss 0.7110 | Dmon_Loss -0.0334 | Val_Loss 0.6605 | Search Time(s) 915.6753 | Infer Time(s) 101.4495 | Time(s) 1017.1248 
2024-06-23 14:12:52,219:INFO::cluster info:
0: -1;	1: -1;	2: -1;	3: -1;	4: -1;	5: -1;	6: -1;	7: -1;	8: -1;	9: -1;	10: -1;	11: -1;	12: -1;	13: -1;	14: -1;	15: -1;	16: -1;	17: -1;	18: -1;	19: -1;	20: -1;	21: -1;	22: -1;	23: -1;	24: -1;	25: -1;	26: -1;	27: -1;	28: -1;	29: -1;	30: -1;	31: -1;	32: -1;	33: -1;	34: -1;	35: -1;	36: -1;	37: -1;	38: -1
21390: 6;	21391: 7;	21392: 6;	21393: 0;	21394: 1;	21395: 7;	21396: 3;	21397: 2;	21398: 5;	21399: 0;	21400: 1;	21401: 1;	21402: 4;	21403: 6;	21404: 3;	21405: 0;	21406: 5;	21407: 6;	21408: 1;	21409: 3;	21410: 1;	21411: 7;	21412: 0;	21413: 2;	21414: 6;	21415: 5;	21416: 1;	21417: 5;	21418: 4;	21419: 4;	
2024-06-23 14:13:00,280:INFO::Epoch: 1
tensor([[0.2489, 0.2487, 0.2538, 0.2486],
        [0.2474, 0.2526, 0.2527, 0.2473],
        [0.2476, 0.2527, 0.2475, 0.2522],
        [0.2527, 0.2526, 0.2472, 0.2476],
        [0.2489, 0.2538, 0.2486, 0.2487],
        [0.2488, 0.2488, 0.2537, 0.2487],
        [0.2476, 0.2526, 0.2525, 0.2473],
        [0.2472, 0.2525, 0.2476, 0.2527]], device='cuda:0',
       grad_fn=<SoftmaxBackward0>)
2024-06-23 14:15:03,104:INFO::save_dir_name: gat_darts_C8_useDmon_coef0.4_Adam_gcn.ppnp.mean.one-hot_noTypeLinear_014_64_shared_ops_lr0.0005_wd0.0001_use5seeds_use_fixseeds_use_adam_patience-8_30
2024-06-23 14:15:06,013:INFO::Epoch 00001 | lr 0.00050 | Train_Loss 0.6530 | Train_Classification_Loss 0.6663 | Dmon_Loss -0.0334 | Val_Loss 0.6373 | Search Time(s) 100.3399 | Infer Time(s) 23.0814 | Time(s) 123.4212 
2024-06-23 14:15:10,515:INFO::cluster info:
0: -1;	1: -1;	2: -1;	3: -1;	4: -1;	5: -1;	6: -1;	7: -1;	8: -1;	9: -1;	10: -1;	11: -1;	12: -1;	13: -1;	14: -1;	15: -1;	16: -1;	17: -1;	18: -1;	19: -1;	20: -1;	21: -1;	22: -1;	23: -1;	24: -1;	25: -1;	26: -1;	27: -1;	28: -1;	29: -1;	30: -1;	31: -1;	32: -1;	33: -1;	34: -1;	35: -1;	36: -1;	37: -1;	38: -1
21390: 7;	21391: 2;	21392: 7;	21393: 2;	21394: 5;	21395: 2;	21396: 3;	21397: 2;	21398: 1;	21399: 5;	21400: 5;	21401: 3;	21402: 1;	21403: 2;	21404: 2;	21405: 2;	21406: 6;	21407: 3;	21408: 7;	21409: 6;	21410: 1;	21411: 6;	21412: 7;	21413: 2;	21414: 0;	21415: 0;	21416: 0;	21417: 5;	21418: 1;	21419: 7;	
2024-06-23 14:15:10,517:INFO::Validation loss decreased (inf --> 0.637272).  Saving model ...
2024-06-23 14:15:10,646:INFO::############### Search Stage Ends! ###############
2024-06-23 14:15:30,848:INFO::=============== Retrain Stage Starts:
2024-06-23 14:15:34,422:INFO::save_dir_name: gat_darts_C8_useDmon_coef0.4_Adam_gcn.ppnp.mean.one-hot_noTypeLinear_014_64_shared_ops_lr0.0005_wd0.0001_use5seeds_use_fixseeds_use_adam_patience-8_30
2024-06-23 14:16:11,092:INFO::save_dir_name: gat_darts_C8_useDmon_coef0.4_Adam_gcn.ppnp.mean.one-hot_noTypeLinear_014_64_shared_ops_lr0.0005_wd0.0001_use5seeds_use_fixseeds_use_adam_patience-8_30
