2024-06-20 22:42:56,994:INFO::=============== Search Args:
Namespace(dataset='IMDB', feats_type=6, gnn_model='simpleHGN', valid_attributed_type=0, hidden_dim=64, num_heads=8, attn_vec_dim=128, patience=30, batch_size=16, batch_size_test=2, lr=0.0005, lr_rate_min=3e-05, num_layers=6, dropout=0.5, weight_decay=0.0001, slope=0.05, grad_clip=5, repeat=5, save_postfix='IMDB', feats_opt='0111', cuda=True, l2norm=False, time_line='2024-06-20-22-42-56', edge_feats=64, rnn_type='RotatE0', seed=123, use_adamw=False, num_epochs=2, complete_epochs=1, retrain_epoch=200, samples=100, att_comp_dim=64, use_norm=False, max_features_len=8, max_num_views=3, alpha_0=2, beta_1=0.7, schedule_step_retrain=500, patience_retrain=30, is_use_type_linear='False', is_use_SGD='False', is_use_dropout='False', momentum=0.7, inner_epoch=1, use_minibatch=False, useSGD=False, useTypeLinear=False, usedropout=False, usebn=False, use_5seeds=True, cur_repeat=False, no_use_fixseeds=False, res=False, num_layer_1=3, num_layer_2=2, f_drop=0.1, att_drop=0.1, num_hidden=8, activation='prelu', feat_drop=1, attn_drop=1, last_hidden_dim=512, logger=<Logger log_output (INFO)>)
2024-06-20 22:43:08,657:INFO::node_type_num: 4
2024-06-20 22:43:15,727:INFO::=============== Prepare basic data stage finish, use 18.73313069343567 time.
2024-06-20 23:15:05,957:INFO::Epoch 00000 | lr 0.00050 | Val_Loss 0.7189 |
2024-06-20 23:15:12,369:INFO::save_dir_name: simpleHGN_lr0.0005_wd0.0001
2024-06-20 23:36:07,111:INFO::Epoch 00001 | lr 0.00050 | Val_Loss 0.7103 |
2024-06-20 23:36:07,111:INFO::save_dir_name: simpleHGN_lr0.0005_wd0.0001
2024-06-20 23:36:27,056:INFO::=============== Retrain Stage Starts:
2024-06-20 23:37:38,264:INFO::Epoch 00000 | lr 0.00050 |Train_Loss 0.7231 | Val_Loss 0.6498 | Time(s) 1.2268
2024-06-20 23:37:39,284:INFO::Epoch 00001 | lr 0.00050 |Train_Loss 0.7064 | Val_Loss 0.6398 | Time(s) 0.9865
2024-06-20 23:37:39,317:INFO::Validation loss decreased (inf --> 0.639786).  Saving model ...
2024-06-20 23:37:40,303:INFO::Epoch 00002 | lr 0.00050 |Train_Loss 0.6844 | Val_Loss 0.6369 | Time(s) 0.9840
2024-06-20 23:37:40,334:INFO::Validation loss decreased (0.639786 --> 0.636888).  Saving model ...
2024-06-20 23:37:41,319:INFO::Epoch 00003 | lr 0.00050 |Train_Loss 0.6706 | Val_Loss 0.6361 | Time(s) 0.9844
2024-06-20 23:37:41,350:INFO::Validation loss decreased (0.636888 --> 0.636070).  Saving model ...
2024-06-20 23:37:42,337:INFO::Epoch 00004 | lr 0.00050 |Train_Loss 0.6609 | Val_Loss 0.6359 | Time(s) 0.9866
2024-06-20 23:37:42,369:INFO::Validation loss decreased (0.636070 --> 0.635917).  Saving model ...
2024-06-20 23:37:43,361:INFO::Epoch 00005 | lr 0.00050 |Train_Loss 0.6523 | Val_Loss 0.6360 | Time(s) 0.9923
2024-06-20 23:37:43,363:INFO::EarlyStopping counter: 1 out of 30
2024-06-20 23:37:44,350:INFO::Epoch 00006 | lr 0.00050 |Train_Loss 0.6464 | Val_Loss 0.6363 | Time(s) 0.9862
2024-06-20 23:37:44,350:INFO::EarlyStopping counter: 2 out of 30
2024-06-20 23:37:45,338:INFO::Epoch 00007 | lr 0.00050 |Train_Loss 0.6422 | Val_Loss 0.6366 | Time(s) 0.9870
2024-06-20 23:37:45,340:INFO::EarlyStopping counter: 3 out of 30
2024-06-20 23:37:46,326:INFO::Epoch 00008 | lr 0.00050 |Train_Loss 0.6398 | Val_Loss 0.6368 | Time(s) 0.9853
2024-06-20 23:37:46,327:INFO::EarlyStopping counter: 4 out of 30
2024-06-20 23:37:47,312:INFO::Epoch 00009 | lr 0.00050 |Train_Loss 0.6407 | Val_Loss 0.6371 | Time(s) 0.9849
2024-06-20 23:37:47,313:INFO::EarlyStopping counter: 5 out of 30
2024-06-20 23:37:48,299:INFO::Epoch 00010 | lr 0.00050 |Train_Loss 0.6385 | Val_Loss 0.6372 | Time(s) 0.9853
2024-06-20 23:37:48,300:INFO::EarlyStopping counter: 6 out of 30
2024-06-20 23:37:49,289:INFO::Epoch 00011 | lr 0.00050 |Train_Loss 0.6395 | Val_Loss 0.6374 | Time(s) 0.9894
2024-06-20 23:37:49,290:INFO::EarlyStopping counter: 7 out of 30
2024-06-20 23:37:50,279:INFO::Epoch 00012 | lr 0.00050 |Train_Loss 0.6379 | Val_Loss 0.6375 | Time(s) 0.9889
2024-06-20 23:37:50,280:INFO::EarlyStopping counter: 8 out of 30
2024-06-20 23:37:51,268:INFO::Epoch 00013 | lr 0.00050 |Train_Loss 0.6368 | Val_Loss 0.6375 | Time(s) 0.9873
2024-06-20 23:37:51,269:INFO::EarlyStopping counter: 9 out of 30
2024-06-20 23:37:52,256:INFO::Epoch 00014 | lr 0.00050 |Train_Loss 0.6373 | Val_Loss 0.6375 | Time(s) 0.9866
2024-06-20 23:37:52,257:INFO::EarlyStopping counter: 10 out of 30
2024-06-20 23:37:53,246:INFO::Epoch 00015 | lr 0.00050 |Train_Loss 0.6383 | Val_Loss 0.6375 | Time(s) 0.9894
2024-06-20 23:37:53,247:INFO::EarlyStopping counter: 11 out of 30
2024-06-20 23:37:54,244:INFO::Epoch 00016 | lr 0.00050 |Train_Loss 0.6374 | Val_Loss 0.6374 | Time(s) 0.9963
2024-06-20 23:37:54,245:INFO::EarlyStopping counter: 12 out of 30
2024-06-20 23:37:55,233:INFO::Epoch 00017 | lr 0.00050 |Train_Loss 0.6369 | Val_Loss 0.6373 | Time(s) 0.9865
2024-06-20 23:37:55,234:INFO::EarlyStopping counter: 13 out of 30
2024-06-20 23:37:56,222:INFO::Epoch 00018 | lr 0.00050 |Train_Loss 0.6375 | Val_Loss 0.6373 | Time(s) 0.9884
2024-06-20 23:37:56,223:INFO::EarlyStopping counter: 14 out of 30
2024-06-20 23:37:57,217:INFO::Epoch 00019 | lr 0.00050 |Train_Loss 0.6363 | Val_Loss 0.6372 | Time(s) 0.9923
2024-06-20 23:37:57,217:INFO::EarlyStopping counter: 15 out of 30
2024-06-20 23:37:58,211:INFO::Epoch 00020 | lr 0.00050 |Train_Loss 0.6364 | Val_Loss 0.6371 | Time(s) 0.9931
2024-06-20 23:37:58,213:INFO::EarlyStopping counter: 16 out of 30
2024-06-20 23:37:59,207:INFO::Epoch 00021 | lr 0.00050 |Train_Loss 0.6369 | Val_Loss 0.6370 | Time(s) 0.9933
2024-06-20 23:37:59,208:INFO::EarlyStopping counter: 17 out of 30
2024-06-20 23:38:00,203:INFO::Epoch 00022 | lr 0.00050 |Train_Loss 0.6358 | Val_Loss 0.6369 | Time(s) 0.9938
2024-06-20 23:38:00,204:INFO::EarlyStopping counter: 18 out of 30
2024-06-20 23:38:01,195:INFO::Epoch 00023 | lr 0.00050 |Train_Loss 0.6352 | Val_Loss 0.6368 | Time(s) 0.9909
2024-06-20 23:38:01,197:INFO::EarlyStopping counter: 19 out of 30
2024-06-20 23:38:02,190:INFO::Epoch 00024 | lr 0.00050 |Train_Loss 0.6355 | Val_Loss 0.6367 | Time(s) 0.9926
2024-06-20 23:38:02,191:INFO::EarlyStopping counter: 20 out of 30
2024-06-20 23:38:03,184:INFO::Epoch 00025 | lr 0.00050 |Train_Loss 0.6357 | Val_Loss 0.6366 | Time(s) 0.9922
2024-06-20 23:38:03,185:INFO::EarlyStopping counter: 21 out of 30
2024-06-20 23:38:04,176:INFO::Epoch 00026 | lr 0.00050 |Train_Loss 0.6368 | Val_Loss 0.6365 | Time(s) 0.9900
2024-06-20 23:38:04,177:INFO::EarlyStopping counter: 22 out of 30
2024-06-20 23:38:05,172:INFO::Epoch 00027 | lr 0.00050 |Train_Loss 0.6372 | Val_Loss 0.6364 | Time(s) 0.9938
2024-06-20 23:38:05,173:INFO::EarlyStopping counter: 23 out of 30
2024-06-20 23:38:06,169:INFO::Epoch 00028 | lr 0.00050 |Train_Loss 0.6349 | Val_Loss 0.6364 | Time(s) 0.9956
2024-06-20 23:38:06,171:INFO::EarlyStopping counter: 24 out of 30
2024-06-20 23:38:07,166:INFO::Epoch 00029 | lr 0.00050 |Train_Loss 0.6361 | Val_Loss 0.6363 | Time(s) 0.9955
2024-06-20 23:38:07,167:INFO::EarlyStopping counter: 25 out of 30
2024-06-20 23:38:08,163:INFO::Epoch 00030 | lr 0.00050 |Train_Loss 0.6343 | Val_Loss 0.6362 | Time(s) 0.9963
2024-06-20 23:38:08,164:INFO::EarlyStopping counter: 26 out of 30
2024-06-20 23:38:09,159:INFO::Epoch 00031 | lr 0.00050 |Train_Loss 0.6361 | Val_Loss 0.6362 | Time(s) 0.9942
2024-06-20 23:38:09,160:INFO::EarlyStopping counter: 27 out of 30
2024-06-20 23:38:10,158:INFO::Epoch 00032 | lr 0.00050 |Train_Loss 0.6345 | Val_Loss 0.6361 | Time(s) 0.9976
2024-06-20 23:38:10,159:INFO::EarlyStopping counter: 28 out of 30
2024-06-20 23:38:11,160:INFO::Epoch 00033 | lr 0.00050 |Train_Loss 0.6356 | Val_Loss 0.6361 | Time(s) 1.0013
2024-06-20 23:38:11,161:INFO::EarlyStopping counter: 29 out of 30
2024-06-20 23:38:12,160:INFO::Epoch 00034 | lr 0.00050 |Train_Loss 0.6368 | Val_Loss 0.6361 | Time(s) 0.9974
2024-06-20 23:38:12,161:INFO::EarlyStopping counter: 30 out of 30
2024-06-20 23:38:12,161:INFO::Early stopping!
2024-06-20 23:38:27,030:INFO::
testing...
2024-06-20 23:38:27,079:INFO::save_dir_name: simpleHGN_lr0.0005_wd0.0001
2024-06-20 23:38:27,079:INFO::save_dir_name: simpleHGN_lr0.0005_wd0.0001
2024-06-20 23:38:27,080:INFO::submit dir: submit/submit_simpleHGN_lr0.0005_wd0.0001
2024-06-20 23:38:27,595:INFO::save_dir_name: simpleHGN_lr0.0005_wd0.0001
2024-06-20 23:38:27,636:INFO::{'micro-f1': 0.5139462570195388, 'macro-f1': 0.5033056551677119}
