2024-06-19 10:00:39,380:INFO::=============== Search Args:
Namespace(dataset='IMDB', feats_type=6, gnn_model='simpleHGN', valid_attributed_type=0, hidden_dim=64, num_heads=8, attn_vec_dim=128, patience=30, batch_size=16, batch_size_test=2, lr=0.0005, lr_rate_min=3e-05, num_layers=6, dropout=0.5, weight_decay=0.0001, slope=0.05, grad_clip=5, repeat=5, save_postfix='IMDB', feats_opt='0111', cuda=True, l2norm=False, time_line='2024-06-19-10-00-39', edge_feats=64, rnn_type='RotatE0', seed=123, use_adamw=False, num_epochs=2, complete_epochs=1, retrain_epoch=200, samples=100, att_comp_dim=64, use_norm=False, max_features_len=8, max_num_views=2, alpha_0=2, beta_1=0.7, schedule_step_retrain=500, patience_retrain=30, is_use_type_linear='False', is_use_SGD='False', is_use_dropout='False', momentum=0.7, inner_epoch=1, use_minibatch=False, useSGD=False, useTypeLinear=False, usedropout=False, usebn=False, use_5seeds=True, cur_repeat=False, no_use_fixseeds=False, res=False, num_layer_1=3, num_layer_2=2, f_drop=0.1, att_drop=0.1, last_hidden_dim=512, logger=<Logger log_output (INFO)>)
2024-06-19 10:00:51,619:INFO::node_type_num: 4
2024-06-19 10:00:58,208:INFO::=============== Prepare basic data stage finish, use 18.828360080718994 time.
2024-06-19 10:33:07,979:INFO::Epoch_batch_00000 | lr 0.0005 |Train_Loss 0.7099| | total_loss_completion 0.0168 | total_loss_consistency 0.9433 | Loss 1.4039 | Time(s) 1918.4647
2024-06-19 10:59:55,494:INFO::Epoch 00000 | lr 0.00050 |Train_Loss 1.4039 | Val_Loss 0.6584 | Time(s) 1607.5142
2024-06-19 10:59:55,495:INFO::save_dir_name: simpleHGN_lr0.0005_wd0.0001
2024-06-19 11:29:28,804:INFO::Epoch_batch_00001 | lr 0.0005 |Train_Loss 0.6941| | total_loss_completion 0.0156 | total_loss_consistency 0.9287 | Loss 1.3754 | Time(s) 1761.2930
2024-06-19 11:59:03,495:INFO::Epoch 00001 | lr 0.00050 |Train_Loss 1.3754 | Val_Loss 0.6461 | Time(s) 1774.6918
2024-06-19 11:59:03,495:INFO::save_dir_name: simpleHGN_lr0.0005_wd0.0001
2024-06-19 11:59:03,635:INFO::Validation loss decreased (inf --> 0.646105).  Saving model ...
2024-06-19 11:59:03,940:INFO::=============== Retrain Stage Starts:
2024-06-19 11:59:05,057:INFO::Epoch 00000 | lr 0.00050 |Train_Loss 0.7551 | Val_Loss 0.7326 | Time(s) 1.0742
2024-06-19 11:59:06,081:INFO::Epoch 00001 | lr 0.00050 |Train_Loss 0.7360 | Val_Loss 0.6391 | Time(s) 0.9983
2024-06-19 11:59:06,104:INFO::Validation loss decreased (inf --> 0.639087).  Saving model ...
2024-06-19 11:59:07,080:INFO::Epoch 00002 | lr 0.00050 |Train_Loss 0.7151 | Val_Loss 0.6326 | Time(s) 0.9744
2024-06-19 11:59:07,105:INFO::Validation loss decreased (0.639087 --> 0.632642).  Saving model ...
2024-06-19 11:59:08,086:INFO::Epoch 00003 | lr 0.00050 |Train_Loss 0.6944 | Val_Loss 0.6315 | Time(s) 0.9814
2024-06-19 11:59:08,110:INFO::Validation loss decreased (0.632642 --> 0.631500).  Saving model ...
2024-06-19 11:59:09,088:INFO::Epoch 00004 | lr 0.00050 |Train_Loss 0.6765 | Val_Loss 0.6311 | Time(s) 0.9774
2024-06-19 11:59:09,114:INFO::Validation loss decreased (0.631500 --> 0.631102).  Saving model ...
2024-06-19 11:59:10,094:INFO::Epoch 00005 | lr 0.00050 |Train_Loss 0.6723 | Val_Loss 0.6310 | Time(s) 0.9794
2024-06-19 11:59:10,118:INFO::Validation loss decreased (0.631102 --> 0.630968).  Saving model ...
2024-06-19 11:59:11,099:INFO::Epoch 00006 | lr 0.00050 |Train_Loss 0.6606 | Val_Loss 0.6309 | Time(s) 0.9818
2024-06-19 11:59:11,124:INFO::Validation loss decreased (0.630968 --> 0.630903).  Saving model ...
2024-06-19 11:59:12,101:INFO::Epoch 00007 | lr 0.00050 |Train_Loss 0.6541 | Val_Loss 0.6309 | Time(s) 0.9768
2024-06-19 11:59:12,127:INFO::Validation loss decreased (0.630903 --> 0.630895).  Saving model ...
2024-06-19 11:59:13,108:INFO::Epoch 00008 | lr 0.00050 |Train_Loss 0.6515 | Val_Loss 0.6309 | Time(s) 0.9804
2024-06-19 11:59:13,108:INFO::EarlyStopping counter: 1 out of 30
2024-06-19 11:59:14,092:INFO::Epoch 00009 | lr 0.00050 |Train_Loss 0.6481 | Val_Loss 0.6310 | Time(s) 0.9827
2024-06-19 11:59:14,092:INFO::EarlyStopping counter: 2 out of 30
2024-06-19 11:59:15,075:INFO::Epoch 00010 | lr 0.00050 |Train_Loss 0.6468 | Val_Loss 0.6311 | Time(s) 0.9805
2024-06-19 11:59:15,075:INFO::EarlyStopping counter: 3 out of 30
2024-06-19 11:59:16,058:INFO::Epoch 00011 | lr 0.00050 |Train_Loss 0.6436 | Val_Loss 0.6312 | Time(s) 0.9832
2024-06-19 11:59:16,059:INFO::EarlyStopping counter: 4 out of 30
2024-06-19 11:59:17,042:INFO::Epoch 00012 | lr 0.00050 |Train_Loss 0.6444 | Val_Loss 0.6313 | Time(s) 0.9829
2024-06-19 11:59:17,043:INFO::EarlyStopping counter: 5 out of 30
2024-06-19 11:59:18,026:INFO::Epoch 00013 | lr 0.00050 |Train_Loss 0.6413 | Val_Loss 0.6315 | Time(s) 0.9824
2024-06-19 11:59:18,027:INFO::EarlyStopping counter: 6 out of 30
2024-06-19 11:59:19,007:INFO::Epoch 00014 | lr 0.00050 |Train_Loss 0.6406 | Val_Loss 0.6316 | Time(s) 0.9800
2024-06-19 11:59:19,008:INFO::EarlyStopping counter: 7 out of 30
2024-06-19 11:59:19,988:INFO::Epoch 00015 | lr 0.00050 |Train_Loss 0.6390 | Val_Loss 0.6317 | Time(s) 0.9804
2024-06-19 11:59:19,989:INFO::EarlyStopping counter: 8 out of 30
2024-06-19 11:59:20,971:INFO::Epoch 00016 | lr 0.00050 |Train_Loss 0.6383 | Val_Loss 0.6319 | Time(s) 0.9825
2024-06-19 11:59:20,972:INFO::EarlyStopping counter: 9 out of 30
2024-06-19 11:59:21,963:INFO::Epoch 00017 | lr 0.00050 |Train_Loss 0.6383 | Val_Loss 0.6320 | Time(s) 0.9893
2024-06-19 11:59:21,963:INFO::EarlyStopping counter: 10 out of 30
2024-06-19 11:59:22,949:INFO::Epoch 00018 | lr 0.00050 |Train_Loss 0.6387 | Val_Loss 0.6322 | Time(s) 0.9865
2024-06-19 11:59:22,950:INFO::EarlyStopping counter: 11 out of 30
2024-06-19 11:59:23,939:INFO::Epoch 00019 | lr 0.00050 |Train_Loss 0.6385 | Val_Loss 0.6323 | Time(s) 0.9884
2024-06-19 11:59:23,940:INFO::EarlyStopping counter: 12 out of 30
2024-06-19 11:59:24,927:INFO::Epoch 00020 | lr 0.00050 |Train_Loss 0.6368 | Val_Loss 0.6324 | Time(s) 0.9872
2024-06-19 11:59:24,928:INFO::EarlyStopping counter: 13 out of 30
2024-06-19 11:59:25,916:INFO::Epoch 00021 | lr 0.00050 |Train_Loss 0.6383 | Val_Loss 0.6325 | Time(s) 0.9884
2024-06-19 11:59:25,917:INFO::EarlyStopping counter: 14 out of 30
2024-06-19 11:59:26,904:INFO::Epoch 00022 | lr 0.00050 |Train_Loss 0.6365 | Val_Loss 0.6326 | Time(s) 0.9854
2024-06-19 11:59:26,904:INFO::EarlyStopping counter: 15 out of 30
2024-06-19 11:59:27,887:INFO::Epoch 00023 | lr 0.00050 |Train_Loss 0.6362 | Val_Loss 0.6327 | Time(s) 0.9834
2024-06-19 11:59:27,888:INFO::EarlyStopping counter: 16 out of 30
2024-06-19 11:59:28,873:INFO::Epoch 00024 | lr 0.00050 |Train_Loss 0.6367 | Val_Loss 0.6328 | Time(s) 0.9855
2024-06-19 11:59:28,874:INFO::EarlyStopping counter: 17 out of 30
2024-06-19 11:59:29,862:INFO::Epoch 00025 | lr 0.00050 |Train_Loss 0.6374 | Val_Loss 0.6329 | Time(s) 0.9865
2024-06-19 11:59:29,862:INFO::EarlyStopping counter: 18 out of 30
2024-06-19 11:59:30,848:INFO::Epoch 00026 | lr 0.00050 |Train_Loss 0.6368 | Val_Loss 0.6330 | Time(s) 0.9864
2024-06-19 11:59:30,848:INFO::EarlyStopping counter: 19 out of 30
2024-06-19 11:59:31,835:INFO::Epoch 00027 | lr 0.00050 |Train_Loss 0.6366 | Val_Loss 0.6330 | Time(s) 0.9864
2024-06-19 11:59:31,837:INFO::EarlyStopping counter: 20 out of 30
2024-06-19 11:59:32,831:INFO::Epoch 00028 | lr 0.00050 |Train_Loss 0.6373 | Val_Loss 0.6331 | Time(s) 0.9934
2024-06-19 11:59:32,832:INFO::EarlyStopping counter: 21 out of 30
2024-06-19 11:59:33,817:INFO::Epoch 00029 | lr 0.00050 |Train_Loss 0.6371 | Val_Loss 0.6331 | Time(s) 0.9854
2024-06-19 11:59:33,819:INFO::EarlyStopping counter: 22 out of 30
2024-06-19 11:59:34,804:INFO::Epoch 00030 | lr 0.00050 |Train_Loss 0.6366 | Val_Loss 0.6331 | Time(s) 0.9848
2024-06-19 11:59:34,805:INFO::EarlyStopping counter: 23 out of 30
2024-06-19 11:59:35,789:INFO::Epoch 00031 | lr 0.00050 |Train_Loss 0.6360 | Val_Loss 0.6331 | Time(s) 0.9847
2024-06-19 11:59:35,790:INFO::EarlyStopping counter: 24 out of 30
2024-06-19 11:59:36,776:INFO::Epoch 00032 | lr 0.00050 |Train_Loss 0.6370 | Val_Loss 0.6330 | Time(s) 0.9853
2024-06-19 11:59:36,776:INFO::EarlyStopping counter: 25 out of 30
2024-06-19 11:59:37,763:INFO::Epoch 00033 | lr 0.00050 |Train_Loss 0.6366 | Val_Loss 0.6330 | Time(s) 0.9851
2024-06-19 11:59:37,763:INFO::EarlyStopping counter: 26 out of 30
2024-06-19 11:59:38,751:INFO::Epoch 00034 | lr 0.00050 |Train_Loss 0.6369 | Val_Loss 0.6330 | Time(s) 0.9884
2024-06-19 11:59:38,752:INFO::EarlyStopping counter: 27 out of 30
2024-06-19 11:59:39,736:INFO::Epoch 00035 | lr 0.00050 |Train_Loss 0.6365 | Val_Loss 0.6329 | Time(s) 0.9844
2024-06-19 11:59:39,737:INFO::EarlyStopping counter: 28 out of 30
2024-06-19 11:59:40,725:INFO::Epoch 00036 | lr 0.00050 |Train_Loss 0.6348 | Val_Loss 0.6329 | Time(s) 0.9874
2024-06-19 11:59:40,726:INFO::EarlyStopping counter: 29 out of 30
2024-06-19 11:59:41,720:INFO::Epoch 00037 | lr 0.00050 |Train_Loss 0.6370 | Val_Loss 0.6328 | Time(s) 0.9943
2024-06-19 11:59:41,720:INFO::EarlyStopping counter: 30 out of 30
2024-06-19 11:59:41,721:INFO::Early stopping!
2024-06-19 11:59:41,721:INFO::
testing...
2024-06-19 11:59:41,753:INFO::save_dir_name: simpleHGN_lr0.0005_wd0.0001
2024-06-19 11:59:41,754:INFO::save_dir_name: simpleHGN_lr0.0005_wd0.0001
2024-06-19 11:59:41,754:INFO::submit dir: submit/submit_simpleHGN_lr0.0005_wd0.0001
2024-06-19 11:59:42,033:INFO::save_dir_name: simpleHGN_lr0.0005_wd0.0001
2024-06-19 11:59:42,058:INFO::{'micro-f1': 0.5139462570195388, 'macro-f1': 0.5033056551677119}
2024-06-19 11:59:42,234:INFO::############### Retrain Stage Ends! #################
2024-06-19 12:26:28,596:INFO::Epoch_batch_00000 | lr 0.0005 |Train_Loss 0.7043| | total_loss_completion 0.0156 | total_loss_consistency 0.7393 | Loss 1.2531 | Time(s) 1595.5324
2024-06-19 12:52:25,904:INFO::Epoch 00000 | lr 0.00050 |Train_Loss 1.2531 | Val_Loss 0.6358 | Time(s) 1557.3083
2024-06-19 12:52:25,904:INFO::save_dir_name: simpleHGN_lr0.0005_wd0.0001
2024-06-19 13:21:00,550:INFO::Epoch_batch_00001 | lr 0.0005 |Train_Loss 0.6952| | total_loss_completion 0.0156 | total_loss_consistency 0.8510 | Loss 1.3221 | Time(s) 1714.1662
2024-06-19 13:52:09,570:INFO::Epoch 00001 | lr 0.00050 |Train_Loss 1.3221 | Val_Loss 0.6337 | Time(s) 1869.0183
2024-06-19 13:52:09,570:INFO::save_dir_name: simpleHGN_lr0.0005_wd0.0001
2024-06-19 13:52:09,640:INFO::Validation loss decreased (inf --> 0.633680).  Saving model ...
2024-06-19 13:52:10,034:INFO::=============== Retrain Stage Starts:
2024-06-19 13:52:11,180:INFO::Epoch 00000 | lr 0.00050 |Train_Loss 0.7214 | Val_Loss 0.6357 | Time(s) 1.0741
2024-06-19 13:52:12,237:INFO::Epoch 00001 | lr 0.00050 |Train_Loss 0.7035 | Val_Loss 0.6349 | Time(s) 1.0133
2024-06-19 13:52:12,277:INFO::Validation loss decreased (inf --> 0.634906).  Saving model ...
2024-06-19 13:52:13,284:INFO::Epoch 00002 | lr 0.00050 |Train_Loss 0.6745 | Val_Loss 0.6345 | Time(s) 1.0063
2024-06-19 13:52:13,329:INFO::Validation loss decreased (0.634906 --> 0.634519).  Saving model ...
2024-06-19 13:52:14,334:INFO::Epoch 00003 | lr 0.00050 |Train_Loss 0.6584 | Val_Loss 0.6340 | Time(s) 1.0033
2024-06-19 13:52:14,385:INFO::Validation loss decreased (0.634519 --> 0.633998).  Saving model ...
2024-06-19 13:52:15,390:INFO::Epoch 00004 | lr 0.00050 |Train_Loss 0.6488 | Val_Loss 0.6335 | Time(s) 1.0043
2024-06-19 13:52:15,438:INFO::Validation loss decreased (0.633998 --> 0.633473).  Saving model ...
2024-06-19 13:52:16,435:INFO::Epoch 00005 | lr 0.00050 |Train_Loss 0.6454 | Val_Loss 0.6330 | Time(s) 0.9973
2024-06-19 13:52:16,490:INFO::Validation loss decreased (0.633473 --> 0.632980).  Saving model ...
2024-06-19 13:52:17,492:INFO::Epoch 00006 | lr 0.00050 |Train_Loss 0.6422 | Val_Loss 0.6326 | Time(s) 1.0013
2024-06-19 13:52:17,535:INFO::Validation loss decreased (0.632980 --> 0.632623).  Saving model ...
2024-06-19 13:52:18,544:INFO::Epoch 00007 | lr 0.00050 |Train_Loss 0.6400 | Val_Loss 0.6324 | Time(s) 1.0083
2024-06-19 13:52:18,604:INFO::Validation loss decreased (0.632623 --> 0.632376).  Saving model ...
2024-06-19 13:52:19,623:INFO::Epoch 00008 | lr 0.00050 |Train_Loss 0.6400 | Val_Loss 0.6322 | Time(s) 1.0173
2024-06-19 13:52:19,664:INFO::Validation loss decreased (0.632376 --> 0.632196).  Saving model ...
2024-06-19 13:52:20,673:INFO::Epoch 00009 | lr 0.00050 |Train_Loss 0.6385 | Val_Loss 0.6321 | Time(s) 1.0081
2024-06-19 13:52:20,716:INFO::Validation loss decreased (0.632196 --> 0.632080).  Saving model ...
2024-06-19 13:52:21,725:INFO::Epoch 00010 | lr 0.00050 |Train_Loss 0.6390 | Val_Loss 0.6320 | Time(s) 1.0093
2024-06-19 13:52:21,773:INFO::Validation loss decreased (0.632080 --> 0.632015).  Saving model ...
2024-06-19 13:52:22,780:INFO::Epoch 00011 | lr 0.00050 |Train_Loss 0.6383 | Val_Loss 0.6320 | Time(s) 1.0063
2024-06-19 13:52:22,823:INFO::Validation loss decreased (0.632015 --> 0.631984).  Saving model ...
2024-06-19 13:52:23,828:INFO::Epoch 00012 | lr 0.00050 |Train_Loss 0.6384 | Val_Loss 0.6320 | Time(s) 1.0043
2024-06-19 13:52:23,870:INFO::Validation loss decreased (0.631984 --> 0.631963).  Saving model ...
2024-06-19 13:52:24,879:INFO::Epoch 00013 | lr 0.00050 |Train_Loss 0.6368 | Val_Loss 0.6320 | Time(s) 1.0083
2024-06-19 13:52:24,918:INFO::Validation loss decreased (0.631963 --> 0.631951).  Saving model ...
2024-06-19 13:52:25,922:INFO::Epoch 00014 | lr 0.00050 |Train_Loss 0.6366 | Val_Loss 0.6319 | Time(s) 1.0043
2024-06-19 13:52:25,962:INFO::Validation loss decreased (0.631951 --> 0.631931).  Saving model ...
2024-06-19 13:52:26,968:INFO::Epoch 00015 | lr 0.00050 |Train_Loss 0.6379 | Val_Loss 0.6319 | Time(s) 1.0053
2024-06-19 13:52:27,007:INFO::Validation loss decreased (0.631931 --> 0.631904).  Saving model ...
2024-06-19 13:52:28,014:INFO::Epoch 00016 | lr 0.00050 |Train_Loss 0.6370 | Val_Loss 0.6319 | Time(s) 1.0073
2024-06-19 13:52:28,055:INFO::Validation loss decreased (0.631904 --> 0.631879).  Saving model ...
2024-06-19 13:52:29,061:INFO::Epoch 00017 | lr 0.00050 |Train_Loss 0.6372 | Val_Loss 0.6319 | Time(s) 1.0043
2024-06-19 13:52:29,096:INFO::Validation loss decreased (0.631879 --> 0.631855).  Saving model ...
2024-06-19 13:52:30,101:INFO::Epoch 00018 | lr 0.00050 |Train_Loss 0.6377 | Val_Loss 0.6318 | Time(s) 1.0053
2024-06-19 13:52:30,136:INFO::Validation loss decreased (0.631855 --> 0.631839).  Saving model ...
2024-06-19 13:52:31,146:INFO::Epoch 00019 | lr 0.00050 |Train_Loss 0.6369 | Val_Loss 0.6318 | Time(s) 1.0103
2024-06-19 13:52:31,184:INFO::Validation loss decreased (0.631839 --> 0.631824).  Saving model ...
2024-06-19 13:52:32,188:INFO::Epoch 00020 | lr 0.00050 |Train_Loss 0.6365 | Val_Loss 0.6318 | Time(s) 1.0043
2024-06-19 13:52:32,231:INFO::Validation loss decreased (0.631824 --> 0.631806).  Saving model ...
2024-06-19 13:52:33,237:INFO::Epoch 00021 | lr 0.00050 |Train_Loss 0.6370 | Val_Loss 0.6318 | Time(s) 1.0053
2024-06-19 13:52:33,274:INFO::Validation loss decreased (0.631806 --> 0.631789).  Saving model ...
2024-06-19 13:52:34,280:INFO::Epoch 00022 | lr 0.00050 |Train_Loss 0.6374 | Val_Loss 0.6318 | Time(s) 1.0043
2024-06-19 13:52:34,320:INFO::Validation loss decreased (0.631789 --> 0.631774).  Saving model ...
2024-06-19 13:52:35,323:INFO::Epoch 00023 | lr 0.00050 |Train_Loss 0.6364 | Val_Loss 0.6318 | Time(s) 1.0033
2024-06-19 13:52:35,365:INFO::Validation loss decreased (0.631774 --> 0.631761).  Saving model ...
2024-06-19 13:52:36,370:INFO::Epoch 00024 | lr 0.00050 |Train_Loss 0.6364 | Val_Loss 0.6318 | Time(s) 1.0053
2024-06-19 13:52:36,415:INFO::Validation loss decreased (0.631761 --> 0.631754).  Saving model ...
2024-06-19 13:52:37,420:INFO::Epoch 00025 | lr 0.00050 |Train_Loss 0.6362 | Val_Loss 0.6317 | Time(s) 1.0053
2024-06-19 13:52:37,461:INFO::Validation loss decreased (0.631754 --> 0.631748).  Saving model ...
2024-06-19 13:52:38,468:INFO::Epoch 00026 | lr 0.00050 |Train_Loss 0.6362 | Val_Loss 0.6317 | Time(s) 1.0073
2024-06-19 13:52:38,513:INFO::Validation loss decreased (0.631748 --> 0.631742).  Saving model ...
2024-06-19 13:52:39,523:INFO::Epoch 00027 | lr 0.00050 |Train_Loss 0.6366 | Val_Loss 0.6317 | Time(s) 1.0103
2024-06-19 13:52:39,524:INFO::EarlyStopping counter: 1 out of 30
2024-06-19 13:52:40,537:INFO::Epoch 00028 | lr 0.00050 |Train_Loss 0.6377 | Val_Loss 0.6318 | Time(s) 1.0123
2024-06-19 13:52:40,538:INFO::EarlyStopping counter: 2 out of 30
2024-06-19 13:52:41,547:INFO::Epoch 00029 | lr 0.00050 |Train_Loss 0.6366 | Val_Loss 0.6318 | Time(s) 1.0083
2024-06-19 13:52:41,548:INFO::EarlyStopping counter: 3 out of 30
2024-06-19 13:52:42,556:INFO::Epoch 00030 | lr 0.00050 |Train_Loss 0.6368 | Val_Loss 0.6318 | Time(s) 1.0083
2024-06-19 13:52:42,557:INFO::EarlyStopping counter: 4 out of 30
2024-06-19 13:52:43,570:INFO::Epoch 00031 | lr 0.00050 |Train_Loss 0.6366 | Val_Loss 0.6318 | Time(s) 1.0125
2024-06-19 13:52:43,571:INFO::EarlyStopping counter: 5 out of 30
2024-06-19 13:52:44,695:INFO::Epoch 00032 | lr 0.00050 |Train_Loss 0.6367 | Val_Loss 0.6318 | Time(s) 1.1233
2024-06-19 13:52:44,696:INFO::EarlyStopping counter: 6 out of 30
2024-06-19 13:52:45,706:INFO::Epoch 00033 | lr 0.00050 |Train_Loss 0.6370 | Val_Loss 0.6318 | Time(s) 1.0093
2024-06-19 13:52:45,706:INFO::EarlyStopping counter: 7 out of 30
2024-06-19 13:52:46,716:INFO::Epoch 00034 | lr 0.00050 |Train_Loss 0.6359 | Val_Loss 0.6318 | Time(s) 1.0093
2024-06-19 13:52:46,717:INFO::EarlyStopping counter: 8 out of 30
2024-06-19 13:52:47,728:INFO::Epoch 00035 | lr 0.00050 |Train_Loss 0.6360 | Val_Loss 0.6318 | Time(s) 1.0103
2024-06-19 13:52:47,729:INFO::EarlyStopping counter: 9 out of 30
2024-06-19 13:52:48,739:INFO::Epoch 00036 | lr 0.00050 |Train_Loss 0.6360 | Val_Loss 0.6318 | Time(s) 1.0103
2024-06-19 13:52:48,740:INFO::EarlyStopping counter: 10 out of 30
2024-06-19 13:52:49,752:INFO::Epoch 00037 | lr 0.00050 |Train_Loss 0.6359 | Val_Loss 0.6318 | Time(s) 1.0123
2024-06-19 13:52:49,753:INFO::EarlyStopping counter: 11 out of 30
2024-06-19 13:52:50,764:INFO::Epoch 00038 | lr 0.00050 |Train_Loss 0.6355 | Val_Loss 0.6318 | Time(s) 1.0103
2024-06-19 13:52:50,765:INFO::EarlyStopping counter: 12 out of 30
2024-06-19 13:52:51,774:INFO::Epoch 00039 | lr 0.00050 |Train_Loss 0.6358 | Val_Loss 0.6318 | Time(s) 1.0093
2024-06-19 13:52:51,775:INFO::EarlyStopping counter: 13 out of 30
2024-06-19 13:52:52,785:INFO::Epoch 00040 | lr 0.00050 |Train_Loss 0.6361 | Val_Loss 0.6318 | Time(s) 1.0093
2024-06-19 13:52:52,786:INFO::EarlyStopping counter: 14 out of 30
2024-06-19 13:52:53,796:INFO::Epoch 00041 | lr 0.00050 |Train_Loss 0.6360 | Val_Loss 0.6318 | Time(s) 1.0086
2024-06-19 13:52:53,797:INFO::EarlyStopping counter: 15 out of 30
2024-06-19 13:52:54,809:INFO::Epoch 00042 | lr 0.00050 |Train_Loss 0.6369 | Val_Loss 0.6318 | Time(s) 1.0103
2024-06-19 13:52:54,810:INFO::EarlyStopping counter: 16 out of 30
2024-06-19 13:52:55,829:INFO::Epoch 00043 | lr 0.00050 |Train_Loss 0.6375 | Val_Loss 0.6318 | Time(s) 1.0190
2024-06-19 13:52:55,830:INFO::EarlyStopping counter: 17 out of 30
2024-06-19 13:52:56,838:INFO::Epoch 00044 | lr 0.00050 |Train_Loss 0.6365 | Val_Loss 0.6318 | Time(s) 1.0083
2024-06-19 13:52:56,840:INFO::EarlyStopping counter: 18 out of 30
2024-06-19 13:52:57,848:INFO::Epoch 00045 | lr 0.00050 |Train_Loss 0.6361 | Val_Loss 0.6318 | Time(s) 1.0074
2024-06-19 13:52:57,849:INFO::EarlyStopping counter: 19 out of 30
2024-06-19 13:52:58,860:INFO::Epoch 00046 | lr 0.00050 |Train_Loss 0.6365 | Val_Loss 0.6318 | Time(s) 1.0113
2024-06-19 13:52:58,861:INFO::EarlyStopping counter: 20 out of 30
2024-06-19 13:52:59,868:INFO::Epoch 00047 | lr 0.00050 |Train_Loss 0.6360 | Val_Loss 0.6318 | Time(s) 1.0073
2024-06-19 13:52:59,869:INFO::EarlyStopping counter: 21 out of 30
2024-06-19 13:53:00,878:INFO::Epoch 00048 | lr 0.00050 |Train_Loss 0.6361 | Val_Loss 0.6317 | Time(s) 1.0083
2024-06-19 13:53:00,917:INFO::Validation loss decreased (0.631742 --> 0.631740).  Saving model ...
2024-06-19 13:53:01,932:INFO::Epoch 00049 | lr 0.00050 |Train_Loss 0.6359 | Val_Loss 0.6317 | Time(s) 1.0143
2024-06-19 13:53:01,965:INFO::Validation loss decreased (0.631740 --> 0.631731).  Saving model ...
2024-06-19 13:53:02,977:INFO::Epoch 00050 | lr 0.00050 |Train_Loss 0.6353 | Val_Loss 0.6317 | Time(s) 1.0113
2024-06-19 13:53:03,013:INFO::Validation loss decreased (0.631731 --> 0.631724).  Saving model ...
2024-06-19 13:53:04,022:INFO::Epoch 00051 | lr 0.00050 |Train_Loss 0.6353 | Val_Loss 0.6317 | Time(s) 1.0083
2024-06-19 13:53:04,062:INFO::Validation loss decreased (0.631724 --> 0.631714).  Saving model ...
2024-06-19 13:53:05,070:INFO::Epoch 00052 | lr 0.00050 |Train_Loss 0.6358 | Val_Loss 0.6317 | Time(s) 1.0073
2024-06-19 13:53:05,109:INFO::Validation loss decreased (0.631714 --> 0.631707).  Saving model ...
2024-06-19 13:53:06,124:INFO::Epoch 00053 | lr 0.00050 |Train_Loss 0.6355 | Val_Loss 0.6317 | Time(s) 1.0153
2024-06-19 13:53:06,164:INFO::Validation loss decreased (0.631707 --> 0.631699).  Saving model ...
2024-06-19 13:53:07,176:INFO::Epoch 00054 | lr 0.00050 |Train_Loss 0.6363 | Val_Loss 0.6317 | Time(s) 1.0123
2024-06-19 13:53:07,223:INFO::Validation loss decreased (0.631699 --> 0.631691).  Saving model ...
2024-06-19 13:53:08,237:INFO::Epoch 00055 | lr 0.00050 |Train_Loss 0.6354 | Val_Loss 0.6317 | Time(s) 1.0143
2024-06-19 13:53:08,280:INFO::Validation loss decreased (0.631691 --> 0.631677).  Saving model ...
2024-06-19 13:53:09,299:INFO::Epoch 00056 | lr 0.00050 |Train_Loss 0.6359 | Val_Loss 0.6317 | Time(s) 1.0173
2024-06-19 13:53:09,336:INFO::Validation loss decreased (0.631677 --> 0.631667).  Saving model ...
2024-06-19 13:53:10,348:INFO::Epoch 00057 | lr 0.00050 |Train_Loss 0.6360 | Val_Loss 0.6317 | Time(s) 1.0113
2024-06-19 13:53:10,382:INFO::Validation loss decreased (0.631667 --> 0.631664).  Saving model ...
2024-06-19 13:53:11,392:INFO::Epoch 00058 | lr 0.00050 |Train_Loss 0.6360 | Val_Loss 0.6317 | Time(s) 1.0093
2024-06-19 13:53:11,421:INFO::Validation loss decreased (0.631664 --> 0.631659).  Saving model ...
2024-06-19 13:53:12,429:INFO::Epoch 00059 | lr 0.00050 |Train_Loss 0.6365 | Val_Loss 0.6317 | Time(s) 1.0083
2024-06-19 13:53:12,462:INFO::Validation loss decreased (0.631659 --> 0.631655).  Saving model ...
2024-06-19 13:53:13,471:INFO::Epoch 00060 | lr 0.00050 |Train_Loss 0.6357 | Val_Loss 0.6317 | Time(s) 1.0083
2024-06-19 13:53:13,472:INFO::EarlyStopping counter: 1 out of 30
2024-06-19 13:53:14,478:INFO::Epoch 00061 | lr 0.00050 |Train_Loss 0.6363 | Val_Loss 0.6317 | Time(s) 1.0053
2024-06-19 13:53:14,509:INFO::Validation loss decreased (0.631655 --> 0.631654).  Saving model ...
2024-06-19 13:53:15,517:INFO::Epoch 00062 | lr 0.00050 |Train_Loss 0.6368 | Val_Loss 0.6316 | Time(s) 1.0063
2024-06-19 13:53:15,549:INFO::Validation loss decreased (0.631654 --> 0.631646).  Saving model ...
2024-06-19 13:53:16,553:INFO::Epoch 00063 | lr 0.00050 |Train_Loss 0.6358 | Val_Loss 0.6316 | Time(s) 1.0043
2024-06-19 13:53:16,581:INFO::Validation loss decreased (0.631646 --> 0.631643).  Saving model ...
2024-06-19 13:53:17,588:INFO::Epoch 00064 | lr 0.00050 |Train_Loss 0.6358 | Val_Loss 0.6316 | Time(s) 1.0058
2024-06-19 13:53:17,626:INFO::Validation loss decreased (0.631643 --> 0.631641).  Saving model ...
2024-06-19 13:53:18,641:INFO::Epoch 00065 | lr 0.00050 |Train_Loss 0.6360 | Val_Loss 0.6316 | Time(s) 1.0143
2024-06-19 13:53:18,683:INFO::Validation loss decreased (0.631641 --> 0.631639).  Saving model ...
2024-06-19 13:53:19,695:INFO::Epoch 00066 | lr 0.00050 |Train_Loss 0.6364 | Val_Loss 0.6316 | Time(s) 1.0123
2024-06-19 13:53:19,696:INFO::EarlyStopping counter: 1 out of 30
2024-06-19 13:53:20,711:INFO::Epoch 00067 | lr 0.00050 |Train_Loss 0.6355 | Val_Loss 0.6316 | Time(s) 1.0153
2024-06-19 13:53:20,713:INFO::EarlyStopping counter: 2 out of 30
2024-06-19 13:53:21,733:INFO::Epoch 00068 | lr 0.00050 |Train_Loss 0.6355 | Val_Loss 0.6316 | Time(s) 1.0193
2024-06-19 13:53:21,734:INFO::EarlyStopping counter: 3 out of 30
2024-06-19 13:53:22,758:INFO::Epoch 00069 | lr 0.00050 |Train_Loss 0.6350 | Val_Loss 0.6316 | Time(s) 1.0232
2024-06-19 13:53:22,760:INFO::EarlyStopping counter: 4 out of 30
2024-06-19 13:53:23,782:INFO::Epoch 00070 | lr 0.00050 |Train_Loss 0.6363 | Val_Loss 0.6317 | Time(s) 1.0223
2024-06-19 13:53:23,783:INFO::EarlyStopping counter: 5 out of 30
2024-06-19 13:53:24,800:INFO::Epoch 00071 | lr 0.00050 |Train_Loss 0.6359 | Val_Loss 0.6317 | Time(s) 1.0173
2024-06-19 13:53:24,802:INFO::EarlyStopping counter: 6 out of 30
2024-06-19 13:53:25,831:INFO::Epoch 00072 | lr 0.00050 |Train_Loss 0.6355 | Val_Loss 0.6317 | Time(s) 1.0272
2024-06-19 13:53:25,831:INFO::EarlyStopping counter: 7 out of 30
2024-06-19 13:53:26,848:INFO::Epoch 00073 | lr 0.00050 |Train_Loss 0.6355 | Val_Loss 0.6317 | Time(s) 1.0153
2024-06-19 13:53:26,850:INFO::EarlyStopping counter: 8 out of 30
2024-06-19 13:53:27,869:INFO::Epoch 00074 | lr 0.00050 |Train_Loss 0.6367 | Val_Loss 0.6317 | Time(s) 1.0163
2024-06-19 13:53:27,870:INFO::EarlyStopping counter: 9 out of 30
2024-06-19 13:53:28,887:INFO::Epoch 00075 | lr 0.00050 |Train_Loss 0.6371 | Val_Loss 0.6317 | Time(s) 1.0166
2024-06-19 13:53:28,888:INFO::EarlyStopping counter: 10 out of 30
2024-06-19 13:53:29,907:INFO::Epoch 00076 | lr 0.00050 |Train_Loss 0.6358 | Val_Loss 0.6317 | Time(s) 1.0183
2024-06-19 13:53:29,908:INFO::EarlyStopping counter: 11 out of 30
2024-06-19 13:53:30,924:INFO::Epoch 00077 | lr 0.00050 |Train_Loss 0.6357 | Val_Loss 0.6318 | Time(s) 1.0143
2024-06-19 13:53:30,925:INFO::EarlyStopping counter: 12 out of 30
2024-06-19 13:53:31,941:INFO::Epoch 00078 | lr 0.00050 |Train_Loss 0.6357 | Val_Loss 0.6318 | Time(s) 1.0143
2024-06-19 13:53:31,942:INFO::EarlyStopping counter: 13 out of 30
2024-06-19 13:53:32,956:INFO::Epoch 00079 | lr 0.00050 |Train_Loss 0.6363 | Val_Loss 0.6318 | Time(s) 1.0139
2024-06-19 13:53:32,958:INFO::EarlyStopping counter: 14 out of 30
2024-06-19 13:53:33,980:INFO::Epoch 00080 | lr 0.00050 |Train_Loss 0.6355 | Val_Loss 0.6318 | Time(s) 1.0213
2024-06-19 13:53:33,981:INFO::EarlyStopping counter: 15 out of 30
2024-06-19 13:53:35,014:INFO::Epoch 00081 | lr 0.00050 |Train_Loss 0.6356 | Val_Loss 0.6318 | Time(s) 1.0332
2024-06-19 13:53:35,015:INFO::EarlyStopping counter: 16 out of 30
2024-06-19 13:53:36,051:INFO::Epoch 00082 | lr 0.00050 |Train_Loss 0.6361 | Val_Loss 0.6318 | Time(s) 1.0352
2024-06-19 13:53:36,052:INFO::EarlyStopping counter: 17 out of 30
2024-06-19 13:53:37,090:INFO::Epoch 00083 | lr 0.00050 |Train_Loss 0.6355 | Val_Loss 0.6318 | Time(s) 1.0372
2024-06-19 13:53:37,091:INFO::EarlyStopping counter: 18 out of 30
2024-06-19 13:53:38,122:INFO::Epoch 00084 | lr 0.00050 |Train_Loss 0.6360 | Val_Loss 0.6318 | Time(s) 1.0302
2024-06-19 13:53:38,123:INFO::EarlyStopping counter: 19 out of 30
2024-06-19 13:53:39,161:INFO::Epoch 00085 | lr 0.00050 |Train_Loss 0.6359 | Val_Loss 0.6318 | Time(s) 1.0372
2024-06-19 13:53:39,162:INFO::EarlyStopping counter: 20 out of 30
2024-06-19 13:53:40,201:INFO::Epoch 00086 | lr 0.00050 |Train_Loss 0.6347 | Val_Loss 0.6319 | Time(s) 1.0392
2024-06-19 13:53:40,202:INFO::EarlyStopping counter: 21 out of 30
2024-06-19 13:53:41,244:INFO::Epoch 00087 | lr 0.00050 |Train_Loss 0.6353 | Val_Loss 0.6319 | Time(s) 1.0422
2024-06-19 13:53:41,246:INFO::EarlyStopping counter: 22 out of 30
2024-06-19 13:53:42,285:INFO::Epoch 00088 | lr 0.00050 |Train_Loss 0.6356 | Val_Loss 0.6319 | Time(s) 1.0382
2024-06-19 13:53:42,286:INFO::EarlyStopping counter: 23 out of 30
2024-06-19 13:53:43,331:INFO::Epoch 00089 | lr 0.00050 |Train_Loss 0.6359 | Val_Loss 0.6319 | Time(s) 1.0453
2024-06-19 13:53:43,333:INFO::EarlyStopping counter: 24 out of 30
2024-06-19 13:53:44,383:INFO::Epoch 00090 | lr 0.00050 |Train_Loss 0.6358 | Val_Loss 0.6319 | Time(s) 1.0502
2024-06-19 13:53:44,384:INFO::EarlyStopping counter: 25 out of 30
2024-06-19 13:53:45,428:INFO::Epoch 00091 | lr 0.00050 |Train_Loss 0.6351 | Val_Loss 0.6318 | Time(s) 1.0442
2024-06-19 13:53:45,429:INFO::EarlyStopping counter: 26 out of 30
2024-06-19 13:53:46,474:INFO::Epoch 00092 | lr 0.00050 |Train_Loss 0.6359 | Val_Loss 0.6318 | Time(s) 1.0452
2024-06-19 13:53:46,476:INFO::EarlyStopping counter: 27 out of 30
2024-06-19 13:53:47,524:INFO::Epoch 00093 | lr 0.00050 |Train_Loss 0.6353 | Val_Loss 0.6319 | Time(s) 1.0484
2024-06-19 13:53:47,525:INFO::EarlyStopping counter: 28 out of 30
2024-06-19 13:53:48,565:INFO::Epoch 00094 | lr 0.00050 |Train_Loss 0.6356 | Val_Loss 0.6319 | Time(s) 1.0393
2024-06-19 13:53:48,566:INFO::EarlyStopping counter: 29 out of 30
2024-06-19 13:53:49,629:INFO::Epoch 00095 | lr 0.00050 |Train_Loss 0.6358 | Val_Loss 0.6319 | Time(s) 1.0622
2024-06-19 13:53:49,630:INFO::EarlyStopping counter: 30 out of 30
2024-06-19 13:53:49,630:INFO::Early stopping!
2024-06-19 13:53:49,632:INFO::
testing...
2024-06-19 13:53:49,674:INFO::save_dir_name: simpleHGN_lr0.0005_wd0.0001
2024-06-19 13:53:49,675:INFO::save_dir_name: simpleHGN_lr0.0005_wd0.0001
2024-06-19 13:53:49,675:INFO::submit dir: submit/submit_simpleHGN_lr0.0005_wd0.0001
2024-06-19 13:53:49,974:INFO::save_dir_name: simpleHGN_lr0.0005_wd0.0001
2024-06-19 13:53:50,029:INFO::{'micro-f1': 0.5139462570195388, 'macro-f1': 0.5033056551677119}
2024-06-19 13:53:50,274:INFO::############### Retrain Stage Ends! #################
