2024-06-10 18:54:52,110:INFO::=============== Search Args:
Namespace(dataset='IMDB', feats_type=6, gnn_model='simpleHGN', valid_attributed_type=0, hidden_dim=64, num_heads=8, attn_vec_dim=128, patience=30, batch_size=16, batch_size_test=2, lr=0.0005, lr_rate_min=3e-05, num_layers=5, dropout=0.5, weight_decay=0.0001, slope=0.05, grad_clip=5, repeat=5, save_postfix='IMDB', feats_opt='0111', cuda=True, l2norm=False, time_line='2024-06-10-18-54-52', edge_feats=64, rnn_type='RotatE0', seed=123, use_adamw=False, num_epochs=1, complete_epochs=1, retrain_epoch=200, samples=100, att_comp_dim=64, use_norm=False, max_features_len=64, max_num_views=60, alpha_0=0.5, beta_1=0.5, schedule_step_retrain=500, patience_retrain=15, is_use_type_linear='False', is_use_SGD='False', is_use_dropout='False', momentum=0.9, inner_epoch=1, use_minibatch=False, useSGD=False, useTypeLinear=False, usedropout=False, usebn=False, use_5seeds=True, cur_repeat=0, no_use_fixseeds=False, last_hidden_dim=512, logger=<Logger log_output (INFO)>)
2024-06-10 18:55:03,859:INFO::node_type_num: 4
2024-06-10 20:20:14,409:INFO::=============== Prepare basic data stage finish, use 5122.29943561554 time.
2024-06-10 20:44:35,312:INFO::Epoch_batch_00000 | lr 0.0005 |Train_Loss 0.7282| | total_loss_completion 14.2471 | total_loss_consistency 14.6787 | Loss 15.1911 | Time(s) 1459.6543
2024-06-10 20:59:07,392:INFO::Epoch 00000 | lr 0.00050 |Train_Loss 15.1911 | Val_Loss 0.6455 | Time(s) 872.0830
2024-06-10 20:59:07,392:INFO::save_dir_name: simpleHGN_lr0.0005_wd0.0001
2024-06-10 20:59:35,793:INFO::############### Search Stage Ends! ###############
2024-06-10 20:59:35,887:INFO::=============== Retrain Stage Starts:
2024-06-10 20:59:45,712:INFO::Epoch 00000 | lr 0.00050 |Train_Loss 0.7048 | Val_Loss 0.7087 | Time(s) 9.6841
2024-06-10 20:59:55,446:INFO::Epoch 00001 | lr 0.00050 |Train_Loss 0.6909 | Val_Loss 0.6880 | Time(s) 9.7100
2024-06-10 20:59:55,486:INFO::Validation loss decreased (inf --> 0.688049).  Saving model ...
2024-06-10 21:00:05,227:INFO::Epoch 00002 | lr 0.00050 |Train_Loss 0.6851 | Val_Loss 0.6712 | Time(s) 9.7409
2024-06-10 21:00:05,266:INFO::Validation loss decreased (0.688049 --> 0.671246).  Saving model ...
2024-06-10 21:00:15,000:INFO::Epoch 00003 | lr 0.00050 |Train_Loss 0.6746 | Val_Loss 0.6606 | Time(s) 9.7340
2024-06-10 21:00:15,098:INFO::Validation loss decreased (0.671246 --> 0.660566).  Saving model ...
2024-06-10 21:00:24,885:INFO::Epoch 00004 | lr 0.00050 |Train_Loss 0.6638 | Val_Loss 0.6541 | Time(s) 9.7868
2024-06-10 21:00:24,909:INFO::Validation loss decreased (0.660566 --> 0.654058).  Saving model ...
2024-06-10 21:00:34,726:INFO::Epoch 00005 | lr 0.00050 |Train_Loss 0.6617 | Val_Loss 0.6499 | Time(s) 9.8167
2024-06-10 21:00:34,748:INFO::Validation loss decreased (0.654058 --> 0.649884).  Saving model ...
2024-06-10 21:00:44,637:INFO::Epoch 00006 | lr 0.00050 |Train_Loss 0.6580 | Val_Loss 0.6476 | Time(s) 9.8895
2024-06-10 21:00:44,660:INFO::Validation loss decreased (0.649884 --> 0.647620).  Saving model ...
2024-06-10 21:00:54,495:INFO::Epoch 00007 | lr 0.00050 |Train_Loss 0.6527 | Val_Loss 0.6461 | Time(s) 9.8347
2024-06-10 21:00:54,517:INFO::Validation loss decreased (0.647620 --> 0.646108).  Saving model ...
2024-06-10 21:01:04,232:INFO::Epoch 00008 | lr 0.00050 |Train_Loss 0.6497 | Val_Loss 0.6450 | Time(s) 9.7140
2024-06-10 21:01:04,255:INFO::Validation loss decreased (0.646108 --> 0.645013).  Saving model ...
2024-06-10 21:01:14,173:INFO::Epoch 00009 | lr 0.00050 |Train_Loss 0.6490 | Val_Loss 0.6442 | Time(s) 9.9185
2024-06-10 21:01:14,198:INFO::Validation loss decreased (0.645013 --> 0.644169).  Saving model ...
2024-06-10 21:01:24,124:INFO::Epoch 00010 | lr 0.00050 |Train_Loss 0.6450 | Val_Loss 0.6435 | Time(s) 9.9245
2024-06-10 21:01:24,148:INFO::Validation loss decreased (0.644169 --> 0.643539).  Saving model ...
2024-06-10 21:01:34,144:INFO::Epoch 00011 | lr 0.00050 |Train_Loss 0.6436 | Val_Loss 0.6431 | Time(s) 9.9963
2024-06-10 21:01:34,168:INFO::Validation loss decreased (0.643539 --> 0.643112).  Saving model ...
2024-06-10 21:01:44,222:INFO::Epoch 00012 | lr 0.00050 |Train_Loss 0.6438 | Val_Loss 0.6428 | Time(s) 10.0531
2024-06-10 21:01:44,246:INFO::Validation loss decreased (0.643112 --> 0.642759).  Saving model ...
2024-06-10 21:01:54,328:INFO::Epoch 00013 | lr 0.00050 |Train_Loss 0.6439 | Val_Loss 0.6425 | Time(s) 10.0820
2024-06-10 21:01:54,352:INFO::Validation loss decreased (0.642759 --> 0.642484).  Saving model ...
2024-06-10 21:02:04,361:INFO::Epoch 00014 | lr 0.00050 |Train_Loss 0.6420 | Val_Loss 0.6423 | Time(s) 10.0092
2024-06-10 21:02:05,261:INFO::Validation loss decreased (0.642484 --> 0.642288).  Saving model ...
2024-06-10 21:02:15,160:INFO::Epoch 00015 | lr 0.00050 |Train_Loss 0.6385 | Val_Loss 0.6421 | Time(s) 9.8985
2024-06-10 21:02:15,184:INFO::Validation loss decreased (0.642288 --> 0.642093).  Saving model ...
2024-06-10 21:02:25,284:INFO::Epoch 00016 | lr 0.00050 |Train_Loss 0.6411 | Val_Loss 0.6419 | Time(s) 10.1000
2024-06-10 21:02:25,398:INFO::Validation loss decreased (0.642093 --> 0.641926).  Saving model ...
2024-06-10 21:02:35,458:INFO::Epoch 00017 | lr 0.00050 |Train_Loss 0.6436 | Val_Loss 0.6418 | Time(s) 10.0601
2024-06-10 21:02:35,482:INFO::Validation loss decreased (0.641926 --> 0.641770).  Saving model ...
2024-06-10 21:02:45,529:INFO::Epoch 00018 | lr 0.00050 |Train_Loss 0.6395 | Val_Loss 0.6416 | Time(s) 10.0461
2024-06-10 21:02:45,552:INFO::Validation loss decreased (0.641770 --> 0.641626).  Saving model ...
2024-06-10 21:02:55,762:INFO::Epoch 00019 | lr 0.00050 |Train_Loss 0.6390 | Val_Loss 0.6415 | Time(s) 10.2107
2024-06-10 21:02:55,787:INFO::Validation loss decreased (0.641626 --> 0.641502).  Saving model ...
2024-06-10 21:03:05,903:INFO::Epoch 00020 | lr 0.00050 |Train_Loss 0.6383 | Val_Loss 0.6414 | Time(s) 10.1159
2024-06-10 21:03:05,928:INFO::Validation loss decreased (0.641502 --> 0.641376).  Saving model ...
2024-06-10 21:03:15,979:INFO::Epoch 00021 | lr 0.00050 |Train_Loss 0.6370 | Val_Loss 0.6413 | Time(s) 10.0511
2024-06-10 21:03:16,004:INFO::Validation loss decreased (0.641376 --> 0.641275).  Saving model ...
2024-06-10 21:03:26,072:INFO::Epoch 00022 | lr 0.00050 |Train_Loss 0.6365 | Val_Loss 0.6412 | Time(s) 10.0681
2024-06-10 21:03:26,094:INFO::Validation loss decreased (0.641275 --> 0.641206).  Saving model ...
2024-06-10 21:03:36,139:INFO::Epoch 00023 | lr 0.00050 |Train_Loss 0.6387 | Val_Loss 0.6411 | Time(s) 10.0441
2024-06-10 21:03:36,163:INFO::Validation loss decreased (0.641206 --> 0.641146).  Saving model ...
2024-06-10 21:03:46,272:INFO::Epoch 00024 | lr 0.00050 |Train_Loss 0.6381 | Val_Loss 0.6411 | Time(s) 10.1080
2024-06-10 21:03:46,295:INFO::Validation loss decreased (0.641146 --> 0.641097).  Saving model ...
2024-06-10 21:03:56,513:INFO::Epoch 00025 | lr 0.00050 |Train_Loss 0.6357 | Val_Loss 0.6410 | Time(s) 10.2177
2024-06-10 21:03:56,536:INFO::Validation loss decreased (0.641097 --> 0.641033).  Saving model ...
2024-06-10 21:04:06,984:INFO::Epoch 00026 | lr 0.00050 |Train_Loss 0.6374 | Val_Loss 0.6410 | Time(s) 10.4481
2024-06-10 21:04:07,008:INFO::Validation loss decreased (0.641033 --> 0.640982).  Saving model ...
2024-06-10 21:04:17,428:INFO::Epoch 00027 | lr 0.00050 |Train_Loss 0.6368 | Val_Loss 0.6409 | Time(s) 10.4201
2024-06-10 21:04:17,452:INFO::Validation loss decreased (0.640982 --> 0.640946).  Saving model ...
2024-06-10 21:04:27,455:INFO::Epoch 00028 | lr 0.00050 |Train_Loss 0.6351 | Val_Loss 0.6409 | Time(s) 10.0032
2024-06-10 21:04:27,479:INFO::Validation loss decreased (0.640946 --> 0.640910).  Saving model ...
2024-06-10 21:04:37,627:INFO::Epoch 00029 | lr 0.00050 |Train_Loss 0.6377 | Val_Loss 0.6409 | Time(s) 10.1479
2024-06-10 21:04:37,650:INFO::Validation loss decreased (0.640910 --> 0.640887).  Saving model ...
2024-06-10 21:04:48,032:INFO::Epoch 00030 | lr 0.00050 |Train_Loss 0.6365 | Val_Loss 0.6409 | Time(s) 10.3812
2024-06-10 21:04:48,207:INFO::Validation loss decreased (0.640887 --> 0.640866).  Saving model ...
2024-06-10 21:04:58,746:INFO::Epoch 00031 | lr 0.00050 |Train_Loss 0.6364 | Val_Loss 0.6409 | Time(s) 10.5388
2024-06-10 21:04:58,779:INFO::Validation loss decreased (0.640866 --> 0.640852).  Saving model ...
2024-06-10 21:05:09,093:INFO::Epoch 00032 | lr 0.00050 |Train_Loss 0.6366 | Val_Loss 0.6408 | Time(s) 10.3134
2024-06-10 21:05:09,791:INFO::Validation loss decreased (0.640852 --> 0.640830).  Saving model ...
2024-06-10 21:05:20,045:INFO::Epoch 00033 | lr 0.00050 |Train_Loss 0.6373 | Val_Loss 0.6408 | Time(s) 10.2536
2024-06-10 21:05:20,069:INFO::Validation loss decreased (0.640830 --> 0.640813).  Saving model ...
2024-06-10 21:05:30,279:INFO::Epoch 00034 | lr 0.00050 |Train_Loss 0.6365 | Val_Loss 0.6408 | Time(s) 10.2107
2024-06-10 21:05:30,302:INFO::Validation loss decreased (0.640813 --> 0.640795).  Saving model ...
2024-06-10 21:05:40,423:INFO::Epoch 00035 | lr 0.00050 |Train_Loss 0.6363 | Val_Loss 0.6408 | Time(s) 10.1199
2024-06-10 21:05:40,447:INFO::Validation loss decreased (0.640795 --> 0.640776).  Saving model ...
2024-06-10 21:05:50,681:INFO::Epoch 00036 | lr 0.00050 |Train_Loss 0.6361 | Val_Loss 0.6408 | Time(s) 10.2336
2024-06-10 21:05:50,705:INFO::Validation loss decreased (0.640776 --> 0.640753).  Saving model ...
2024-06-10 21:06:00,899:INFO::Epoch 00037 | lr 0.00050 |Train_Loss 0.6363 | Val_Loss 0.6407 | Time(s) 10.1947
2024-06-10 21:06:00,923:INFO::Validation loss decreased (0.640753 --> 0.640733).  Saving model ...
2024-06-10 21:06:11,121:INFO::Epoch 00038 | lr 0.00050 |Train_Loss 0.6361 | Val_Loss 0.6407 | Time(s) 10.1977
2024-06-10 21:06:11,191:INFO::Validation loss decreased (0.640733 --> 0.640713).  Saving model ...
2024-06-10 21:06:21,379:INFO::Epoch 00039 | lr 0.00050 |Train_Loss 0.6353 | Val_Loss 0.6407 | Time(s) 10.1877
2024-06-10 21:06:21,403:INFO::Validation loss decreased (0.640713 --> 0.640699).  Saving model ...
2024-06-10 21:06:31,636:INFO::Epoch 00040 | lr 0.00050 |Train_Loss 0.6362 | Val_Loss 0.6407 | Time(s) 10.2336
2024-06-10 21:06:31,660:INFO::Validation loss decreased (0.640699 --> 0.640688).  Saving model ...
2024-06-10 21:06:41,985:INFO::Epoch 00041 | lr 0.00050 |Train_Loss 0.6363 | Val_Loss 0.6407 | Time(s) 10.3254
2024-06-10 21:06:42,010:INFO::Validation loss decreased (0.640688 --> 0.640651).  Saving model ...
2024-06-10 21:06:52,242:INFO::Epoch 00042 | lr 0.00050 |Train_Loss 0.6353 | Val_Loss 0.6406 | Time(s) 10.2316
2024-06-10 21:06:52,265:INFO::Validation loss decreased (0.640651 --> 0.640595).  Saving model ...
2024-06-10 21:07:02,477:INFO::Epoch 00043 | lr 0.00050 |Train_Loss 0.6351 | Val_Loss 0.6405 | Time(s) 10.2107
2024-06-10 21:07:02,500:INFO::Validation loss decreased (0.640595 --> 0.640549).  Saving model ...
2024-06-10 21:07:12,816:INFO::Epoch 00044 | lr 0.00050 |Train_Loss 0.6367 | Val_Loss 0.6405 | Time(s) 10.3164
2024-06-10 21:07:12,840:INFO::Validation loss decreased (0.640549 --> 0.640515).  Saving model ...
2024-06-10 21:07:23,034:INFO::Epoch 00045 | lr 0.00050 |Train_Loss 0.6356 | Val_Loss 0.6405 | Time(s) 10.1937
2024-06-10 21:07:23,059:INFO::Validation loss decreased (0.640515 --> 0.640489).  Saving model ...
2024-06-10 21:07:33,211:INFO::Epoch 00046 | lr 0.00050 |Train_Loss 0.6365 | Val_Loss 0.6405 | Time(s) 10.1518
2024-06-10 21:07:33,235:INFO::Validation loss decreased (0.640489 --> 0.640468).  Saving model ...
2024-06-10 21:07:43,652:INFO::Epoch 00047 | lr 0.00050 |Train_Loss 0.6344 | Val_Loss 0.6405 | Time(s) 10.4151
2024-06-10 21:07:43,673:INFO::Validation loss decreased (0.640468 --> 0.640452).  Saving model ...
2024-06-10 21:07:53,900:INFO::Epoch 00048 | lr 0.00050 |Train_Loss 0.6356 | Val_Loss 0.6404 | Time(s) 10.2256
2024-06-10 21:07:53,924:INFO::Validation loss decreased (0.640452 --> 0.640438).  Saving model ...
2024-06-10 21:08:04,273:INFO::Epoch 00049 | lr 0.00050 |Train_Loss 0.6350 | Val_Loss 0.6404 | Time(s) 10.3483
2024-06-10 21:08:04,296:INFO::Validation loss decreased (0.640438 --> 0.640430).  Saving model ...
2024-06-10 21:08:14,598:INFO::Epoch 00050 | lr 0.00050 |Train_Loss 0.6363 | Val_Loss 0.6404 | Time(s) 10.3004
2024-06-10 21:08:14,621:INFO::Validation loss decreased (0.640430 --> 0.640423).  Saving model ...
2024-06-10 21:08:24,981:INFO::Epoch 00051 | lr 0.00050 |Train_Loss 0.6352 | Val_Loss 0.6404 | Time(s) 10.3593
2024-06-10 21:08:25,006:INFO::Validation loss decreased (0.640423 --> 0.640413).  Saving model ...
2024-06-10 21:08:35,217:INFO::Epoch 00052 | lr 0.00050 |Train_Loss 0.6355 | Val_Loss 0.6404 | Time(s) 10.2107
2024-06-10 21:08:35,241:INFO::Validation loss decreased (0.640413 --> 0.640399).  Saving model ...
2024-06-10 21:08:45,659:INFO::Epoch 00053 | lr 0.00050 |Train_Loss 0.6361 | Val_Loss 0.6404 | Time(s) 10.4181
2024-06-10 21:08:45,683:INFO::Validation loss decreased (0.640399 --> 0.640387).  Saving model ...
2024-06-10 21:08:55,860:INFO::Epoch 00054 | lr 0.00050 |Train_Loss 0.6363 | Val_Loss 0.6404 | Time(s) 10.1778
2024-06-10 21:08:55,884:INFO::Validation loss decreased (0.640387 --> 0.640373).  Saving model ...
2024-06-10 21:09:06,086:INFO::Epoch 00055 | lr 0.00050 |Train_Loss 0.6333 | Val_Loss 0.6404 | Time(s) 10.2007
2024-06-10 21:09:06,110:INFO::Validation loss decreased (0.640373 --> 0.640359).  Saving model ...
2024-06-10 21:09:16,434:INFO::Epoch 00056 | lr 0.00050 |Train_Loss 0.6354 | Val_Loss 0.6403 | Time(s) 10.3234
2024-06-10 21:09:16,456:INFO::Validation loss decreased (0.640359 --> 0.640347).  Saving model ...
2024-06-10 21:09:26,741:INFO::Epoch 00057 | lr 0.00050 |Train_Loss 0.6349 | Val_Loss 0.6403 | Time(s) 10.2845
2024-06-10 21:09:26,765:INFO::Validation loss decreased (0.640347 --> 0.640339).  Saving model ...
2024-06-10 21:09:36,927:INFO::Epoch 00058 | lr 0.00050 |Train_Loss 0.6347 | Val_Loss 0.6403 | Time(s) 10.1618
2024-06-10 21:09:36,952:INFO::Validation loss decreased (0.640339 --> 0.640328).  Saving model ...
2024-06-10 21:09:47,223:INFO::Epoch 00059 | lr 0.00050 |Train_Loss 0.6349 | Val_Loss 0.6403 | Time(s) 10.2715
2024-06-10 21:09:47,249:INFO::Validation loss decreased (0.640328 --> 0.640319).  Saving model ...
2024-06-10 21:09:57,510:INFO::Epoch 00060 | lr 0.00050 |Train_Loss 0.6351 | Val_Loss 0.6403 | Time(s) 10.2596
2024-06-10 21:09:57,532:INFO::Validation loss decreased (0.640319 --> 0.640313).  Saving model ...
2024-06-10 21:10:07,831:INFO::Epoch 00061 | lr 0.00050 |Train_Loss 0.6347 | Val_Loss 0.6403 | Time(s) 10.2985
2024-06-10 21:10:07,855:INFO::Validation loss decreased (0.640313 --> 0.640307).  Saving model ...
2024-06-10 21:10:18,094:INFO::Epoch 00062 | lr 0.00050 |Train_Loss 0.6350 | Val_Loss 0.6403 | Time(s) 10.2396
2024-06-10 21:10:18,119:INFO::Validation loss decreased (0.640307 --> 0.640304).  Saving model ...
2024-06-10 21:10:28,511:INFO::Epoch 00063 | lr 0.00050 |Train_Loss 0.6350 | Val_Loss 0.6403 | Time(s) 10.3912
2024-06-10 21:10:28,535:INFO::Validation loss decreased (0.640304 --> 0.640301).  Saving model ...
2024-06-10 21:10:38,667:INFO::Epoch 00064 | lr 0.00050 |Train_Loss 0.6355 | Val_Loss 0.6403 | Time(s) 10.1329
2024-06-10 21:10:38,691:INFO::Validation loss decreased (0.640301 --> 0.640300).  Saving model ...
2024-06-10 21:10:48,860:INFO::Epoch 00065 | lr 0.00050 |Train_Loss 0.6369 | Val_Loss 0.6403 | Time(s) 10.1688
2024-06-10 21:10:48,883:INFO::Validation loss decreased (0.640300 --> 0.640297).  Saving model ...
2024-06-10 21:10:59,106:INFO::Epoch 00066 | lr 0.00050 |Train_Loss 0.6358 | Val_Loss 0.6403 | Time(s) 10.2227
2024-06-10 21:10:59,107:INFO::EarlyStopping counter: 1 out of 15
2024-06-10 21:11:09,412:INFO::Epoch 00067 | lr 0.00050 |Train_Loss 0.6357 | Val_Loss 0.6403 | Time(s) 10.3054
2024-06-10 21:11:09,413:INFO::EarlyStopping counter: 2 out of 15
2024-06-10 21:11:19,550:INFO::Epoch 00068 | lr 0.00050 |Train_Loss 0.6354 | Val_Loss 0.6403 | Time(s) 10.1369
2024-06-10 21:11:19,551:INFO::EarlyStopping counter: 3 out of 15
2024-06-10 21:11:30,092:INFO::Epoch 00069 | lr 0.00050 |Train_Loss 0.6352 | Val_Loss 0.6403 | Time(s) 10.5408
2024-06-10 21:11:30,093:INFO::EarlyStopping counter: 4 out of 15
2024-06-10 21:11:40,522:INFO::Epoch 00070 | lr 0.00050 |Train_Loss 0.6360 | Val_Loss 0.6403 | Time(s) 10.4291
2024-06-10 21:11:40,522:INFO::EarlyStopping counter: 5 out of 15
2024-06-10 21:11:51,200:INFO::Epoch 00071 | lr 0.00050 |Train_Loss 0.6338 | Val_Loss 0.6403 | Time(s) 10.6774
2024-06-10 21:11:51,201:INFO::EarlyStopping counter: 6 out of 15
2024-06-10 21:12:02,861:INFO::Epoch 00072 | lr 0.00050 |Train_Loss 0.6351 | Val_Loss 0.6403 | Time(s) 11.6598
2024-06-10 21:12:02,862:INFO::EarlyStopping counter: 7 out of 15
2024-06-10 21:12:13,493:INFO::Epoch 00073 | lr 0.00050 |Train_Loss 0.6354 | Val_Loss 0.6403 | Time(s) 10.6296
2024-06-10 21:12:13,493:INFO::EarlyStopping counter: 8 out of 15
2024-06-10 21:12:27,927:INFO::Epoch 00074 | lr 0.00050 |Train_Loss 0.6350 | Val_Loss 0.6403 | Time(s) 14.4344
2024-06-10 21:12:27,928:INFO::EarlyStopping counter: 9 out of 15
2024-06-10 21:12:38,527:INFO::Epoch 00075 | lr 0.00050 |Train_Loss 0.6353 | Val_Loss 0.6403 | Time(s) 10.5987
2024-06-10 21:12:38,528:INFO::EarlyStopping counter: 10 out of 15
2024-06-10 21:12:48,933:INFO::Epoch 00076 | lr 0.00050 |Train_Loss 0.6359 | Val_Loss 0.6403 | Time(s) 10.4052
2024-06-10 21:12:48,934:INFO::EarlyStopping counter: 11 out of 15
2024-06-10 21:12:59,297:INFO::Epoch 00077 | lr 0.00050 |Train_Loss 0.6349 | Val_Loss 0.6403 | Time(s) 10.3633
2024-06-10 21:12:59,298:INFO::EarlyStopping counter: 12 out of 15
2024-06-10 21:13:09,636:INFO::Epoch 00078 | lr 0.00050 |Train_Loss 0.6347 | Val_Loss 0.6403 | Time(s) 10.3373
2024-06-10 21:13:09,637:INFO::EarlyStopping counter: 13 out of 15
2024-06-10 21:13:19,970:INFO::Epoch 00079 | lr 0.00050 |Train_Loss 0.6350 | Val_Loss 0.6403 | Time(s) 10.3334
2024-06-10 21:13:19,971:INFO::EarlyStopping counter: 14 out of 15
2024-06-10 21:13:30,491:INFO::Epoch 00080 | lr 0.00050 |Train_Loss 0.6341 | Val_Loss 0.6403 | Time(s) 10.5199
2024-06-10 21:13:30,492:INFO::EarlyStopping counter: 15 out of 15
2024-06-10 21:13:30,492:INFO::Early stopping!
2024-06-10 21:13:30,501:INFO::
testing...
2024-06-10 21:13:30,708:INFO::save_dir_name: simpleHGN_lr0.0005_wd0.0001
2024-06-10 21:13:30,736:INFO::save_dir_name: simpleHGN_lr0.0005_wd0.0001
2024-06-10 21:13:32,940:INFO::save_dir_name: simpleHGN_lr0.0005_wd0.0001
2024-06-10 21:13:33,019:INFO::{'micro-f1': 0.39981691269023917, 'macro-f1': 0.1412002424732269}
2024-06-10 21:13:33,234:INFO::############### Retrain Stage Ends! #################
2024-06-10 21:13:33,282:INFO::=============== Search Args:
Namespace(dataset='IMDB', feats_type=6, gnn_model='simpleHGN', valid_attributed_type=0, hidden_dim=64, num_heads=8, attn_vec_dim=128, patience=30, batch_size=16, batch_size_test=2, lr=0.0005, lr_rate_min=3e-05, num_layers=5, dropout=0.5, weight_decay=0.0001, slope=0.05, grad_clip=5, repeat=5, save_postfix='IMDB', feats_opt='0111', cuda=True, l2norm=False, time_line='2024-06-10-18-54-52', edge_feats=64, rnn_type='RotatE0', seed=666, use_adamw=False, num_epochs=1, complete_epochs=1, retrain_epoch=200, samples=100, att_comp_dim=64, use_norm=False, max_features_len=64, max_num_views=60, alpha_0=0.5, beta_1=0.5, schedule_step_retrain=500, patience_retrain=15, is_use_type_linear='False', is_use_SGD='False', is_use_dropout='False', momentum=0.9, inner_epoch=1, use_minibatch=False, useSGD=False, useTypeLinear=False, usedropout=False, usebn=False, use_5seeds=True, cur_repeat=1, no_use_fixseeds=False, last_hidden_dim=512, logger=<Logger log_output (INFO)>)
2024-06-10 21:13:47,568:INFO::node_type_num: 4
