2024-06-09 19:47:43,720:INFO::=============== Search Args:
Namespace(dataset='IMDB', feats_type=6, gnn_model='simpleHGN', valid_attributed_type=0, hidden_dim=64, num_heads=8, attn_vec_dim=128, patience=5, batch_size=16, batch_size_test=2, lr=0.0005, lr_rate_min=3e-05, num_layers=6, dropout=0.5, weight_decay=0.0001, slope=0.1, grad_clip=5, repeat=5, save_postfix='IMDB', feats_opt='0111', cuda=True, l2norm=False, time_line='2024-06-09-19-47-43', edge_feats=64, rnn_type='RotatE0', seed=123, use_adamw=False, num_epochs=2, complete_epochs=1, retrain_epoch=500, samples=100, att_comp_dim=64, use_norm=False, max_features_len=64, max_num_views=3, alpha_0=2, beta_1=2, schedule_step_retrain=500, patience_retrain=15, is_use_type_linear='False', is_use_SGD='False', is_use_dropout='False', momentum=0.9, inner_epoch=1, use_minibatch=False, useSGD=False, useTypeLinear=False, usedropout=False, usebn=False, use_5seeds=False, cur_repeat=False, no_use_fixseeds=False, last_hidden_dim=512, logger=<Logger log_output (INFO)>)
2024-06-09 19:47:57,272:INFO::node_type_num: 4
2024-06-09 21:22:07,375:INFO::=============== Prepare basic data stage finish, use 5663.653874397278 time.
2024-06-09 21:38:26,475:INFO::Epoch_batch_00000 | lr 0.0005 |Train_Loss 0.7212| | total_loss_completion 0.0495 | total_loss_consistency 0.4346 | Loss 1.6895 | Time(s) 978.3837
2024-06-09 21:53:36,991:INFO::Epoch 00000 | lr 0.00050 |Train_Loss 1.6895 | Val_Loss 0.6689 | Time(s) 910.5162
2024-06-09 21:53:36,991:INFO::save_dir_name: simpleHGN_lr0.0005_wd0.0001
2024-06-09 22:10:50,352:INFO::Epoch_batch_00001 | lr 0.0005 |Train_Loss 0.7024| | total_loss_completion 0.0495 | total_loss_consistency 0.0107 | Loss 0.8229 | Time(s) 1022.4269
2024-06-09 22:26:17,562:INFO::Epoch 00001 | lr 0.00050 |Train_Loss 0.8229 | Val_Loss 0.6511 | Time(s) 927.2100
2024-06-09 22:26:17,562:INFO::save_dir_name: simpleHGN_lr0.0005_wd0.0001
2024-06-09 22:26:17,707:INFO::Validation loss decreased (inf --> 0.651149).  Saving model ...
2024-06-09 22:26:18,182:INFO::############### Search Stage Ends! ###############
2024-06-09 22:26:18,279:INFO::=============== Retrain Stage Starts:
2024-06-09 22:26:27,634:INFO::Epoch 00000 | lr 0.00050 |Train_Loss 0.6848 | Val_Loss 0.6494 | Time(s) 9.2921
2024-06-09 22:26:36,984:INFO::Epoch 00001 | lr 0.00050 |Train_Loss 0.6727 | Val_Loss 0.6419 | Time(s) 9.2652
2024-06-09 22:26:37,012:INFO::Validation loss decreased (inf --> 0.641887).  Saving model ...
2024-06-09 22:26:46,142:INFO::Epoch 00002 | lr 0.00050 |Train_Loss 0.6570 | Val_Loss 0.6409 | Time(s) 9.1306
2024-06-09 22:26:46,169:INFO::Validation loss decreased (0.641887 --> 0.640938).  Saving model ...
2024-06-09 22:26:55,433:INFO::Epoch 00003 | lr 0.00050 |Train_Loss 0.6485 | Val_Loss 0.6403 | Time(s) 9.2632
2024-06-09 22:26:55,458:INFO::Validation loss decreased (0.640938 --> 0.640300).  Saving model ...
2024-06-09 22:27:04,672:INFO::Epoch 00004 | lr 0.00050 |Train_Loss 0.6464 | Val_Loss 0.6400 | Time(s) 9.2124
2024-06-09 22:27:04,699:INFO::Validation loss decreased (0.640300 --> 0.639958).  Saving model ...
2024-06-09 22:27:13,980:INFO::Epoch 00005 | lr 0.00050 |Train_Loss 0.6418 | Val_Loss 0.6397 | Time(s) 9.2792
2024-06-09 22:27:14,005:INFO::Validation loss decreased (0.639958 --> 0.639711).  Saving model ...
2024-06-09 22:27:23,252:INFO::Epoch 00006 | lr 0.00050 |Train_Loss 0.6410 | Val_Loss 0.6395 | Time(s) 9.2463
2024-06-09 22:27:23,278:INFO::Validation loss decreased (0.639711 --> 0.639489).  Saving model ...
2024-06-09 22:27:32,603:INFO::Epoch 00007 | lr 0.00050 |Train_Loss 0.6391 | Val_Loss 0.6393 | Time(s) 9.3241
2024-06-09 22:27:32,627:INFO::Validation loss decreased (0.639489 --> 0.639325).  Saving model ...
2024-06-09 22:27:41,944:INFO::Epoch 00008 | lr 0.00050 |Train_Loss 0.6365 | Val_Loss 0.6392 | Time(s) 9.3171
2024-06-09 22:27:41,970:INFO::Validation loss decreased (0.639325 --> 0.639186).  Saving model ...
2024-06-09 22:27:51,326:INFO::Epoch 00009 | lr 0.00050 |Train_Loss 0.6381 | Val_Loss 0.6391 | Time(s) 9.3560
2024-06-09 22:27:51,351:INFO::Validation loss decreased (0.639186 --> 0.639076).  Saving model ...
2024-06-09 22:28:00,791:INFO::Epoch 00010 | lr 0.00050 |Train_Loss 0.6355 | Val_Loss 0.6390 | Time(s) 9.4397
2024-06-09 22:28:00,818:INFO::Validation loss decreased (0.639076 --> 0.638986).  Saving model ...
2024-06-09 22:28:10,193:INFO::Epoch 00011 | lr 0.00050 |Train_Loss 0.6367 | Val_Loss 0.6389 | Time(s) 9.3739
2024-06-09 22:28:10,220:INFO::Validation loss decreased (0.638986 --> 0.638902).  Saving model ...
2024-06-09 22:28:19,662:INFO::Epoch 00012 | lr 0.00050 |Train_Loss 0.6355 | Val_Loss 0.6388 | Time(s) 9.4417
2024-06-09 22:28:19,688:INFO::Validation loss decreased (0.638902 --> 0.638827).  Saving model ...
2024-06-09 22:28:29,136:INFO::Epoch 00013 | lr 0.00050 |Train_Loss 0.6351 | Val_Loss 0.6388 | Time(s) 9.4477
2024-06-09 22:28:29,161:INFO::Validation loss decreased (0.638827 --> 0.638772).  Saving model ...
2024-06-09 22:28:38,572:INFO::Epoch 00014 | lr 0.00050 |Train_Loss 0.6356 | Val_Loss 0.6387 | Time(s) 9.4108
2024-06-09 22:28:38,602:INFO::Validation loss decreased (0.638772 --> 0.638730).  Saving model ...
2024-06-09 22:28:48,039:INFO::Epoch 00015 | lr 0.00050 |Train_Loss 0.6346 | Val_Loss 0.6387 | Time(s) 9.4368
2024-06-09 22:28:48,068:INFO::Validation loss decreased (0.638730 --> 0.638701).  Saving model ...
2024-06-09 22:28:57,527:INFO::Epoch 00016 | lr 0.00050 |Train_Loss 0.6351 | Val_Loss 0.6387 | Time(s) 9.4587
2024-06-09 22:28:57,555:INFO::Validation loss decreased (0.638701 --> 0.638686).  Saving model ...
2024-06-09 22:29:06,978:INFO::Epoch 00017 | lr 0.00050 |Train_Loss 0.6346 | Val_Loss 0.6387 | Time(s) 9.4238
2024-06-09 22:29:07,004:INFO::Validation loss decreased (0.638686 --> 0.638679).  Saving model ...
2024-06-09 22:29:16,435:INFO::Epoch 00018 | lr 0.00050 |Train_Loss 0.6344 | Val_Loss 0.6387 | Time(s) 9.4308
2024-06-09 22:29:16,464:INFO::Validation loss decreased (0.638679 --> 0.638678).  Saving model ...
2024-06-09 22:29:25,827:INFO::Epoch 00019 | lr 0.00050 |Train_Loss 0.6343 | Val_Loss 0.6387 | Time(s) 9.3620
2024-06-09 22:29:25,828:INFO::EarlyStopping counter: 1 out of 15
2024-06-09 22:29:35,310:INFO::Epoch 00020 | lr 0.00050 |Train_Loss 0.6339 | Val_Loss 0.6387 | Time(s) 9.4816
2024-06-09 22:29:35,311:INFO::EarlyStopping counter: 2 out of 15
2024-06-09 22:29:44,851:INFO::Epoch 00021 | lr 0.00050 |Train_Loss 0.6341 | Val_Loss 0.6387 | Time(s) 9.5405
2024-06-09 22:29:44,851:INFO::EarlyStopping counter: 3 out of 15
2024-06-09 22:29:54,305:INFO::Epoch 00022 | lr 0.00050 |Train_Loss 0.6342 | Val_Loss 0.6387 | Time(s) 9.4527
2024-06-09 22:29:54,306:INFO::EarlyStopping counter: 4 out of 15
2024-06-09 22:30:03,749:INFO::Epoch 00023 | lr 0.00050 |Train_Loss 0.6335 | Val_Loss 0.6387 | Time(s) 9.4407
2024-06-09 22:30:03,749:INFO::EarlyStopping counter: 5 out of 15
2024-06-09 22:30:13,197:INFO::Epoch 00024 | lr 0.00050 |Train_Loss 0.6344 | Val_Loss 0.6387 | Time(s) 9.4477
2024-06-09 22:30:13,198:INFO::EarlyStopping counter: 6 out of 15
2024-06-09 22:30:22,753:INFO::Epoch 00025 | lr 0.00050 |Train_Loss 0.6356 | Val_Loss 0.6387 | Time(s) 9.5544
2024-06-09 22:30:22,754:INFO::EarlyStopping counter: 7 out of 15
2024-06-09 22:30:32,164:INFO::Epoch 00026 | lr 0.00050 |Train_Loss 0.6349 | Val_Loss 0.6387 | Time(s) 9.4098
2024-06-09 22:30:32,165:INFO::EarlyStopping counter: 8 out of 15
2024-06-09 22:30:41,522:INFO::Epoch 00027 | lr 0.00050 |Train_Loss 0.6347 | Val_Loss 0.6388 | Time(s) 9.3570
2024-06-09 22:30:41,523:INFO::EarlyStopping counter: 9 out of 15
2024-06-09 22:30:51,009:INFO::Epoch 00028 | lr 0.00050 |Train_Loss 0.6348 | Val_Loss 0.6388 | Time(s) 9.4866
2024-06-09 22:30:51,010:INFO::EarlyStopping counter: 10 out of 15
2024-06-09 22:31:00,489:INFO::Epoch 00029 | lr 0.00050 |Train_Loss 0.6344 | Val_Loss 0.6388 | Time(s) 9.4786
2024-06-09 22:31:00,490:INFO::EarlyStopping counter: 11 out of 15
2024-06-09 22:31:09,991:INFO::Epoch 00030 | lr 0.00050 |Train_Loss 0.6344 | Val_Loss 0.6388 | Time(s) 9.5016
2024-06-09 22:31:09,992:INFO::EarlyStopping counter: 12 out of 15
2024-06-09 22:31:19,391:INFO::Epoch 00031 | lr 0.00050 |Train_Loss 0.6339 | Val_Loss 0.6388 | Time(s) 9.3989
2024-06-09 22:31:19,392:INFO::EarlyStopping counter: 13 out of 15
2024-06-09 22:31:28,802:INFO::Epoch 00032 | lr 0.00050 |Train_Loss 0.6342 | Val_Loss 0.6388 | Time(s) 9.4098
2024-06-09 22:31:28,803:INFO::EarlyStopping counter: 14 out of 15
2024-06-09 22:31:38,453:INFO::Epoch 00033 | lr 0.00050 |Train_Loss 0.6347 | Val_Loss 0.6389 | Time(s) 9.6502
2024-06-09 22:31:38,454:INFO::EarlyStopping counter: 15 out of 15
2024-06-09 22:31:38,454:INFO::Early stopping!
2024-06-09 22:31:38,466:INFO::
testing...
2024-06-09 22:31:38,506:INFO::save_dir_name: simpleHGN_lr0.0005_wd0.0001
2024-06-09 22:31:38,507:INFO::save_dir_name: simpleHGN_lr0.0005_wd0.0001
2024-06-09 22:31:41,058:INFO::save_dir_name: simpleHGN_lr0.0005_wd0.0001
2024-06-09 22:31:41,112:INFO::{'micro-f1': 0.39981691269023917, 'macro-f1': 0.1412002424732269}
2024-06-09 22:31:41,353:INFO::############### Retrain Stage Ends! #################
2024-06-09 22:31:41,354:INFO::=============== Retrain Stage Starts:
2024-06-09 22:31:51,205:INFO::Epoch 00000 | lr 0.00050 |Train_Loss 0.7026 | Val_Loss 0.6445 | Time(s) 9.7988
2024-06-09 22:32:01,039:INFO::Epoch 00001 | lr 0.00050 |Train_Loss 0.6864 | Val_Loss 0.6419 | Time(s) 9.8068
2024-06-09 22:32:01,066:INFO::Validation loss decreased (inf --> 0.641937).  Saving model ...
2024-06-09 22:32:10,853:INFO::Epoch 00002 | lr 0.00050 |Train_Loss 0.6742 | Val_Loss 0.6413 | Time(s) 9.7868
2024-06-09 22:32:10,880:INFO::Validation loss decreased (0.641937 --> 0.641335).  Saving model ...
2024-06-09 22:32:20,623:INFO::Epoch 00003 | lr 0.00050 |Train_Loss 0.6575 | Val_Loss 0.6413 | Time(s) 9.7439
2024-06-09 22:32:20,649:INFO::Validation loss decreased (0.641335 --> 0.641273).  Saving model ...
2024-06-09 22:32:30,515:INFO::Epoch 00004 | lr 0.00050 |Train_Loss 0.6530 | Val_Loss 0.6412 | Time(s) 9.8636
2024-06-09 22:32:30,541:INFO::Validation loss decreased (0.641273 --> 0.641245).  Saving model ...
2024-06-09 22:32:40,384:INFO::Epoch 00005 | lr 0.00050 |Train_Loss 0.6512 | Val_Loss 0.6412 | Time(s) 9.8417
2024-06-09 22:32:40,410:INFO::Validation loss decreased (0.641245 --> 0.641229).  Saving model ...
2024-06-09 22:32:50,115:INFO::Epoch 00006 | lr 0.00050 |Train_Loss 0.6438 | Val_Loss 0.6412 | Time(s) 9.7050
2024-06-09 22:32:50,149:INFO::Validation loss decreased (0.641229 --> 0.641157).  Saving model ...
2024-06-09 22:32:59,714:INFO::Epoch 00007 | lr 0.00050 |Train_Loss 0.6423 | Val_Loss 0.6410 | Time(s) 9.5634
2024-06-09 22:32:59,740:INFO::Validation loss decreased (0.641157 --> 0.641050).  Saving model ...
2024-06-09 22:33:09,304:INFO::Epoch 00008 | lr 0.00050 |Train_Loss 0.6406 | Val_Loss 0.6410 | Time(s) 9.5644
2024-06-09 22:33:09,334:INFO::Validation loss decreased (0.641050 --> 0.640954).  Saving model ...
2024-06-09 22:33:18,999:INFO::Epoch 00009 | lr 0.00050 |Train_Loss 0.6380 | Val_Loss 0.6409 | Time(s) 9.6651
2024-06-09 22:33:19,026:INFO::Validation loss decreased (0.640954 --> 0.640883).  Saving model ...
2024-06-09 22:33:28,591:INFO::Epoch 00010 | lr 0.00050 |Train_Loss 0.6410 | Val_Loss 0.6408 | Time(s) 9.5644
2024-06-09 22:33:28,617:INFO::Validation loss decreased (0.640883 --> 0.640849).  Saving model ...
2024-06-09 22:33:38,248:INFO::Epoch 00011 | lr 0.00050 |Train_Loss 0.6389 | Val_Loss 0.6408 | Time(s) 9.6302
2024-06-09 22:33:38,274:INFO::Validation loss decreased (0.640849 --> 0.640821).  Saving model ...
2024-06-09 22:33:47,799:INFO::Epoch 00012 | lr 0.00050 |Train_Loss 0.6379 | Val_Loss 0.6408 | Time(s) 9.5255
2024-06-09 22:33:47,831:INFO::Validation loss decreased (0.640821 --> 0.640809).  Saving model ...
2024-06-09 22:33:57,368:INFO::Epoch 00013 | lr 0.00050 |Train_Loss 0.6367 | Val_Loss 0.6408 | Time(s) 9.5365
2024-06-09 22:33:57,395:INFO::Validation loss decreased (0.640809 --> 0.640789).  Saving model ...
2024-06-09 22:34:07,105:INFO::Epoch 00014 | lr 0.00050 |Train_Loss 0.6377 | Val_Loss 0.6408 | Time(s) 9.7100
2024-06-09 22:34:07,130:INFO::Validation loss decreased (0.640789 --> 0.640776).  Saving model ...
2024-06-09 22:34:16,790:INFO::Epoch 00015 | lr 0.00050 |Train_Loss 0.6379 | Val_Loss 0.6408 | Time(s) 9.6602
2024-06-09 22:34:16,820:INFO::Validation loss decreased (0.640776 --> 0.640774).  Saving model ...
2024-06-09 22:34:26,526:INFO::Epoch 00016 | lr 0.00050 |Train_Loss 0.6367 | Val_Loss 0.6408 | Time(s) 9.7060
2024-06-09 22:34:26,552:INFO::Validation loss decreased (0.640774 --> 0.640765).  Saving model ...
2024-06-09 22:34:36,212:INFO::Epoch 00017 | lr 0.00050 |Train_Loss 0.6342 | Val_Loss 0.6408 | Time(s) 9.6592
2024-06-09 22:34:36,213:INFO::EarlyStopping counter: 1 out of 15
2024-06-09 22:34:45,871:INFO::Epoch 00018 | lr 0.00050 |Train_Loss 0.6364 | Val_Loss 0.6408 | Time(s) 9.6582
2024-06-09 22:34:45,897:INFO::Validation loss decreased (0.640765 --> 0.640761).  Saving model ...
2024-06-09 22:34:55,532:INFO::Epoch 00019 | lr 0.00050 |Train_Loss 0.6358 | Val_Loss 0.6407 | Time(s) 9.6352
2024-06-09 22:34:55,562:INFO::Validation loss decreased (0.640761 --> 0.640746).  Saving model ...
2024-06-09 22:35:05,203:INFO::Epoch 00020 | lr 0.00050 |Train_Loss 0.6358 | Val_Loss 0.6407 | Time(s) 9.6392
2024-06-09 22:35:05,229:INFO::Validation loss decreased (0.640746 --> 0.640733).  Saving model ...
2024-06-09 22:35:14,790:INFO::Epoch 00021 | lr 0.00050 |Train_Loss 0.6350 | Val_Loss 0.6407 | Time(s) 9.5604
2024-06-09 22:35:14,817:INFO::Validation loss decreased (0.640733 --> 0.640725).  Saving model ...
2024-06-09 22:35:24,452:INFO::Epoch 00022 | lr 0.00050 |Train_Loss 0.6357 | Val_Loss 0.6407 | Time(s) 9.6352
2024-06-09 22:35:24,481:INFO::Validation loss decreased (0.640725 --> 0.640710).  Saving model ...
2024-06-09 22:35:34,182:INFO::Epoch 00023 | lr 0.00050 |Train_Loss 0.6359 | Val_Loss 0.6407 | Time(s) 9.7011
2024-06-09 22:35:34,212:INFO::Validation loss decreased (0.640710 --> 0.640706).  Saving model ...
2024-06-09 22:35:43,882:INFO::Epoch 00024 | lr 0.00050 |Train_Loss 0.6353 | Val_Loss 0.6407 | Time(s) 9.6701
2024-06-09 22:35:43,908:INFO::Validation loss decreased (0.640706 --> 0.640690).  Saving model ...
2024-06-09 22:35:53,618:INFO::Epoch 00025 | lr 0.00050 |Train_Loss 0.6350 | Val_Loss 0.6407 | Time(s) 9.7100
2024-06-09 22:35:53,643:INFO::Validation loss decreased (0.640690 --> 0.640670).  Saving model ...
2024-06-09 22:36:03,344:INFO::Epoch 00026 | lr 0.00050 |Train_Loss 0.6355 | Val_Loss 0.6406 | Time(s) 9.7011
2024-06-09 22:36:03,369:INFO::Validation loss decreased (0.640670 --> 0.640639).  Saving model ...
2024-06-09 22:36:12,988:INFO::Epoch 00027 | lr 0.00050 |Train_Loss 0.6351 | Val_Loss 0.6406 | Time(s) 9.6183
2024-06-09 22:36:13,013:INFO::Validation loss decreased (0.640639 --> 0.640606).  Saving model ...
2024-06-09 22:36:22,660:INFO::Epoch 00028 | lr 0.00050 |Train_Loss 0.6345 | Val_Loss 0.6406 | Time(s) 9.6462
2024-06-09 22:36:22,687:INFO::Validation loss decreased (0.640606 --> 0.640578).  Saving model ...
2024-06-09 22:36:32,297:INFO::Epoch 00029 | lr 0.00050 |Train_Loss 0.6350 | Val_Loss 0.6406 | Time(s) 9.6093
2024-06-09 22:36:32,322:INFO::Validation loss decreased (0.640578 --> 0.640552).  Saving model ...
2024-06-09 22:36:41,984:INFO::Epoch 00030 | lr 0.00050 |Train_Loss 0.6349 | Val_Loss 0.6405 | Time(s) 9.6622
2024-06-09 22:36:42,013:INFO::Validation loss decreased (0.640552 --> 0.640525).  Saving model ...
2024-06-09 22:36:51,627:INFO::Epoch 00031 | lr 0.00050 |Train_Loss 0.6345 | Val_Loss 0.6405 | Time(s) 9.6133
2024-06-09 22:36:51,656:INFO::Validation loss decreased (0.640525 --> 0.640498).  Saving model ...
2024-06-09 22:37:01,320:INFO::Epoch 00032 | lr 0.00050 |Train_Loss 0.6349 | Val_Loss 0.6405 | Time(s) 9.6642
2024-06-09 22:37:01,345:INFO::Validation loss decreased (0.640498 --> 0.640472).  Saving model ...
2024-06-09 22:37:11,002:INFO::Epoch 00033 | lr 0.00050 |Train_Loss 0.6339 | Val_Loss 0.6405 | Time(s) 9.6562
2024-06-09 22:37:11,028:INFO::Validation loss decreased (0.640472 --> 0.640450).  Saving model ...
2024-06-09 22:37:20,762:INFO::Epoch 00034 | lr 0.00050 |Train_Loss 0.6362 | Val_Loss 0.6404 | Time(s) 9.7340
2024-06-09 22:37:20,788:INFO::Validation loss decreased (0.640450 --> 0.640425).  Saving model ...
2024-06-09 22:37:30,520:INFO::Epoch 00035 | lr 0.00050 |Train_Loss 0.6352 | Val_Loss 0.6404 | Time(s) 9.7310
2024-06-09 22:37:30,548:INFO::Validation loss decreased (0.640425 --> 0.640398).  Saving model ...
2024-06-09 22:37:40,280:INFO::Epoch 00036 | lr 0.00050 |Train_Loss 0.6350 | Val_Loss 0.6404 | Time(s) 9.7310
2024-06-09 22:37:40,317:INFO::Validation loss decreased (0.640398 --> 0.640374).  Saving model ...
2024-06-09 22:37:50,004:INFO::Epoch 00037 | lr 0.00050 |Train_Loss 0.6343 | Val_Loss 0.6404 | Time(s) 9.6871
2024-06-09 22:37:50,031:INFO::Validation loss decreased (0.640374 --> 0.640354).  Saving model ...
2024-06-09 22:37:59,788:INFO::Epoch 00038 | lr 0.00050 |Train_Loss 0.6342 | Val_Loss 0.6403 | Time(s) 9.7559
2024-06-09 22:37:59,814:INFO::Validation loss decreased (0.640354 --> 0.640337).  Saving model ...
2024-06-09 22:38:09,391:INFO::Epoch 00039 | lr 0.00050 |Train_Loss 0.6349 | Val_Loss 0.6403 | Time(s) 9.5754
2024-06-09 22:38:09,421:INFO::Validation loss decreased (0.640337 --> 0.640316).  Saving model ...
2024-06-09 22:38:19,060:INFO::Epoch 00040 | lr 0.00050 |Train_Loss 0.6342 | Val_Loss 0.6403 | Time(s) 9.6382
2024-06-09 22:38:19,089:INFO::Validation loss decreased (0.640316 --> 0.640297).  Saving model ...
2024-06-09 22:38:28,840:INFO::Epoch 00041 | lr 0.00050 |Train_Loss 0.6350 | Val_Loss 0.6403 | Time(s) 9.7509
2024-06-09 22:38:28,864:INFO::Validation loss decreased (0.640297 --> 0.640277).  Saving model ...
2024-06-09 22:38:38,592:INFO::Epoch 00042 | lr 0.00050 |Train_Loss 0.6341 | Val_Loss 0.6403 | Time(s) 9.7260
2024-06-09 22:38:38,621:INFO::Validation loss decreased (0.640277 --> 0.640262).  Saving model ...
2024-06-09 22:38:48,597:INFO::Epoch 00043 | lr 0.00050 |Train_Loss 0.6329 | Val_Loss 0.6403 | Time(s) 9.9753
2024-06-09 22:38:48,626:INFO::Validation loss decreased (0.640262 --> 0.640251).  Saving model ...
2024-06-09 22:38:58,435:INFO::Epoch 00044 | lr 0.00050 |Train_Loss 0.6336 | Val_Loss 0.6402 | Time(s) 9.8098
2024-06-09 22:38:58,462:INFO::Validation loss decreased (0.640251 --> 0.640245).  Saving model ...
2024-06-09 22:39:08,351:INFO::Epoch 00045 | lr 0.00050 |Train_Loss 0.6342 | Val_Loss 0.6402 | Time(s) 9.8886
2024-06-09 22:39:08,377:INFO::Validation loss decreased (0.640245 --> 0.640240).  Saving model ...
2024-06-09 22:39:24,998:INFO::Epoch 00046 | lr 0.00050 |Train_Loss 0.6351 | Val_Loss 0.6402 | Time(s) 16.6217
2024-06-09 22:39:25,028:INFO::Validation loss decreased (0.640240 --> 0.640234).  Saving model ...
2024-06-09 22:39:35,969:INFO::Epoch 00047 | lr 0.00050 |Train_Loss 0.6334 | Val_Loss 0.6402 | Time(s) 10.9407
2024-06-09 22:39:36,001:INFO::Validation loss decreased (0.640234 --> 0.640222).  Saving model ...
2024-06-09 22:39:47,368:INFO::Epoch 00048 | lr 0.00050 |Train_Loss 0.6348 | Val_Loss 0.6402 | Time(s) 11.3666
2024-06-09 22:39:47,395:INFO::Validation loss decreased (0.640222 --> 0.640212).  Saving model ...
2024-06-09 22:39:58,546:INFO::Epoch 00049 | lr 0.00050 |Train_Loss 0.6351 | Val_Loss 0.6402 | Time(s) 11.1512
2024-06-09 22:39:58,575:INFO::Validation loss decreased (0.640212 --> 0.640203).  Saving model ...
2024-06-09 22:40:08,353:INFO::Epoch 00050 | lr 0.00050 |Train_Loss 0.6337 | Val_Loss 0.6402 | Time(s) 9.7778
2024-06-09 22:40:08,382:INFO::Validation loss decreased (0.640203 --> 0.640196).  Saving model ...
2024-06-09 22:40:17,867:INFO::Epoch 00051 | lr 0.00050 |Train_Loss 0.6338 | Val_Loss 0.6402 | Time(s) 9.4846
2024-06-09 22:40:17,893:INFO::Validation loss decreased (0.640196 --> 0.640184).  Saving model ...
2024-06-09 22:40:27,472:INFO::Epoch 00052 | lr 0.00050 |Train_Loss 0.6344 | Val_Loss 0.6402 | Time(s) 9.5794
2024-06-09 22:40:27,500:INFO::Validation loss decreased (0.640184 --> 0.640163).  Saving model ...
2024-06-09 22:40:36,894:INFO::Epoch 00053 | lr 0.00050 |Train_Loss 0.6344 | Val_Loss 0.6402 | Time(s) 9.3929
2024-06-09 22:40:36,919:INFO::Validation loss decreased (0.640163 --> 0.640151).  Saving model ...
2024-06-09 22:40:46,310:INFO::Epoch 00054 | lr 0.00050 |Train_Loss 0.6349 | Val_Loss 0.6401 | Time(s) 9.3899
2024-06-09 22:40:46,335:INFO::Validation loss decreased (0.640151 --> 0.640136).  Saving model ...
2024-06-09 22:40:55,743:INFO::Epoch 00055 | lr 0.00050 |Train_Loss 0.6341 | Val_Loss 0.6401 | Time(s) 9.4078
2024-06-09 22:40:55,770:INFO::Validation loss decreased (0.640136 --> 0.640124).  Saving model ...
2024-06-09 22:41:05,307:INFO::Epoch 00056 | lr 0.00050 |Train_Loss 0.6344 | Val_Loss 0.6401 | Time(s) 9.5375
2024-06-09 22:41:05,333:INFO::Validation loss decreased (0.640124 --> 0.640113).  Saving model ...
2024-06-09 22:41:14,808:INFO::Epoch 00057 | lr 0.00050 |Train_Loss 0.6333 | Val_Loss 0.6401 | Time(s) 9.4747
2024-06-09 22:41:14,835:INFO::Validation loss decreased (0.640113 --> 0.640101).  Saving model ...
2024-06-09 22:41:24,216:INFO::Epoch 00058 | lr 0.00050 |Train_Loss 0.6338 | Val_Loss 0.6401 | Time(s) 9.3809
2024-06-09 22:41:24,242:INFO::Validation loss decreased (0.640101 --> 0.640089).  Saving model ...
2024-06-09 22:41:33,652:INFO::Epoch 00059 | lr 0.00050 |Train_Loss 0.6333 | Val_Loss 0.6401 | Time(s) 9.4098
2024-06-09 22:41:33,677:INFO::Validation loss decreased (0.640089 --> 0.640083).  Saving model ...
2024-06-09 22:41:43,102:INFO::Epoch 00060 | lr 0.00050 |Train_Loss 0.6339 | Val_Loss 0.6401 | Time(s) 9.4238
2024-06-09 22:41:43,129:INFO::Validation loss decreased (0.640083 --> 0.640078).  Saving model ...
2024-06-09 22:41:52,489:INFO::Epoch 00061 | lr 0.00050 |Train_Loss 0.6343 | Val_Loss 0.6401 | Time(s) 9.3600
2024-06-09 22:41:52,516:INFO::Validation loss decreased (0.640078 --> 0.640069).  Saving model ...
2024-06-09 22:42:01,902:INFO::Epoch 00062 | lr 0.00050 |Train_Loss 0.6339 | Val_Loss 0.6401 | Time(s) 9.3859
2024-06-09 22:42:01,929:INFO::Validation loss decreased (0.640069 --> 0.640065).  Saving model ...
2024-06-09 22:42:11,380:INFO::Epoch 00063 | lr 0.00050 |Train_Loss 0.6347 | Val_Loss 0.6401 | Time(s) 9.4507
2024-06-09 22:42:11,407:INFO::Validation loss decreased (0.640065 --> 0.640063).  Saving model ...
2024-06-09 22:42:20,898:INFO::Epoch 00064 | lr 0.00050 |Train_Loss 0.6337 | Val_Loss 0.6401 | Time(s) 9.4906
2024-06-09 22:42:20,924:INFO::Validation loss decreased (0.640063 --> 0.640060).  Saving model ...
2024-06-09 22:42:30,343:INFO::Epoch 00065 | lr 0.00050 |Train_Loss 0.6343 | Val_Loss 0.6401 | Time(s) 9.4188
2024-06-09 22:42:30,369:INFO::Validation loss decreased (0.640060 --> 0.640050).  Saving model ...
2024-06-09 22:42:39,783:INFO::Epoch 00066 | lr 0.00050 |Train_Loss 0.6333 | Val_Loss 0.6400 | Time(s) 9.4138
2024-06-09 22:42:39,808:INFO::Validation loss decreased (0.640050 --> 0.640038).  Saving model ...
2024-06-09 22:42:49,273:INFO::Epoch 00067 | lr 0.00050 |Train_Loss 0.6343 | Val_Loss 0.6400 | Time(s) 9.4647
2024-06-09 22:42:49,300:INFO::Validation loss decreased (0.640038 --> 0.640028).  Saving model ...
2024-06-09 22:42:58,644:INFO::Epoch 00068 | lr 0.00050 |Train_Loss 0.6346 | Val_Loss 0.6400 | Time(s) 9.3430
2024-06-09 22:42:58,668:INFO::Validation loss decreased (0.640028 --> 0.640016).  Saving model ...
2024-06-09 22:43:08,131:INFO::Epoch 00069 | lr 0.00050 |Train_Loss 0.6342 | Val_Loss 0.6400 | Time(s) 9.4617
2024-06-09 22:43:08,158:INFO::Validation loss decreased (0.640016 --> 0.640002).  Saving model ...
2024-06-09 22:43:17,572:INFO::Epoch 00070 | lr 0.00050 |Train_Loss 0.6339 | Val_Loss 0.6400 | Time(s) 9.4148
2024-06-09 22:43:17,597:INFO::Validation loss decreased (0.640002 --> 0.639990).  Saving model ...
2024-06-09 22:43:27,131:INFO::Epoch 00071 | lr 0.00050 |Train_Loss 0.6339 | Val_Loss 0.6400 | Time(s) 9.5335
2024-06-09 22:43:27,160:INFO::Validation loss decreased (0.639990 --> 0.639982).  Saving model ...
2024-06-09 22:43:36,559:INFO::Epoch 00072 | lr 0.00050 |Train_Loss 0.6333 | Val_Loss 0.6400 | Time(s) 9.3979
2024-06-09 22:43:36,584:INFO::Validation loss decreased (0.639982 --> 0.639969).  Saving model ...
2024-06-09 22:43:45,953:INFO::Epoch 00073 | lr 0.00050 |Train_Loss 0.6337 | Val_Loss 0.6400 | Time(s) 9.3689
2024-06-09 22:43:45,980:INFO::Validation loss decreased (0.639969 --> 0.639956).  Saving model ...
2024-06-09 22:43:55,451:INFO::Epoch 00074 | lr 0.00050 |Train_Loss 0.6343 | Val_Loss 0.6399 | Time(s) 9.4697
2024-06-09 22:43:55,479:INFO::Validation loss decreased (0.639956 --> 0.639945).  Saving model ...
2024-06-09 22:44:04,972:INFO::Epoch 00075 | lr 0.00050 |Train_Loss 0.6343 | Val_Loss 0.6399 | Time(s) 9.4926
2024-06-09 22:44:04,999:INFO::Validation loss decreased (0.639945 --> 0.639936).  Saving model ...
2024-06-09 22:44:14,554:INFO::Epoch 00076 | lr 0.00050 |Train_Loss 0.6332 | Val_Loss 0.6399 | Time(s) 9.5544
2024-06-09 22:44:14,582:INFO::Validation loss decreased (0.639936 --> 0.639929).  Saving model ...
2024-06-09 22:44:24,004:INFO::Epoch 00077 | lr 0.00050 |Train_Loss 0.6335 | Val_Loss 0.6399 | Time(s) 9.4208
2024-06-09 22:44:24,032:INFO::Validation loss decreased (0.639929 --> 0.639920).  Saving model ...
2024-06-09 22:44:33,353:INFO::Epoch 00078 | lr 0.00050 |Train_Loss 0.6349 | Val_Loss 0.6399 | Time(s) 9.3211
2024-06-09 22:44:33,379:INFO::Validation loss decreased (0.639920 --> 0.639909).  Saving model ...
2024-06-09 22:44:43,177:INFO::Epoch 00079 | lr 0.00050 |Train_Loss 0.6344 | Val_Loss 0.6399 | Time(s) 9.7988
2024-06-09 22:44:43,203:INFO::Validation loss decreased (0.639909 --> 0.639900).  Saving model ...
2024-06-09 22:44:52,459:INFO::Epoch 00080 | lr 0.00050 |Train_Loss 0.6343 | Val_Loss 0.6399 | Time(s) 9.2552
2024-06-09 22:44:52,486:INFO::Validation loss decreased (0.639900 --> 0.639896).  Saving model ...
2024-06-09 22:45:01,918:INFO::Epoch 00081 | lr 0.00050 |Train_Loss 0.6348 | Val_Loss 0.6399 | Time(s) 9.4318
2024-06-09 22:45:01,944:INFO::Validation loss decreased (0.639896 --> 0.639894).  Saving model ...
2024-06-09 22:45:11,300:INFO::Epoch 00082 | lr 0.00050 |Train_Loss 0.6336 | Val_Loss 0.6399 | Time(s) 9.3560
2024-06-09 22:45:11,326:INFO::Validation loss decreased (0.639894 --> 0.639887).  Saving model ...
2024-06-09 22:45:20,695:INFO::Epoch 00083 | lr 0.00050 |Train_Loss 0.6344 | Val_Loss 0.6399 | Time(s) 9.3689
2024-06-09 22:45:20,721:INFO::Validation loss decreased (0.639887 --> 0.639881).  Saving model ...
2024-06-09 22:45:30,095:INFO::Epoch 00084 | lr 0.00050 |Train_Loss 0.6343 | Val_Loss 0.6399 | Time(s) 9.3739
2024-06-09 22:45:30,121:INFO::Validation loss decreased (0.639881 --> 0.639880).  Saving model ...
2024-06-09 22:45:39,537:INFO::Epoch 00085 | lr 0.00050 |Train_Loss 0.6335 | Val_Loss 0.6399 | Time(s) 9.4158
2024-06-09 22:45:39,564:INFO::Validation loss decreased (0.639880 --> 0.639876).  Saving model ...
2024-06-09 22:45:48,891:INFO::Epoch 00086 | lr 0.00050 |Train_Loss 0.6340 | Val_Loss 0.6399 | Time(s) 9.3271
2024-06-09 22:45:48,918:INFO::Validation loss decreased (0.639876 --> 0.639875).  Saving model ...
2024-06-09 22:45:58,354:INFO::Epoch 00087 | lr 0.00050 |Train_Loss 0.6325 | Val_Loss 0.6399 | Time(s) 9.4368
2024-06-09 22:45:58,355:INFO::EarlyStopping counter: 1 out of 15
2024-06-09 22:46:07,745:INFO::Epoch 00088 | lr 0.00050 |Train_Loss 0.6342 | Val_Loss 0.6399 | Time(s) 9.3899
2024-06-09 22:46:07,746:INFO::EarlyStopping counter: 2 out of 15
2024-06-09 22:46:17,223:INFO::Epoch 00089 | lr 0.00050 |Train_Loss 0.6334 | Val_Loss 0.6399 | Time(s) 9.4767
2024-06-09 22:46:17,223:INFO::EarlyStopping counter: 3 out of 15
2024-06-09 22:46:26,687:INFO::Epoch 00090 | lr 0.00050 |Train_Loss 0.6337 | Val_Loss 0.6399 | Time(s) 9.4627
2024-06-09 22:46:26,688:INFO::EarlyStopping counter: 4 out of 15
2024-06-09 22:46:36,102:INFO::Epoch 00091 | lr 0.00050 |Train_Loss 0.6336 | Val_Loss 0.6399 | Time(s) 9.4148
2024-06-09 22:46:36,103:INFO::EarlyStopping counter: 5 out of 15
2024-06-09 22:46:45,527:INFO::Epoch 00092 | lr 0.00050 |Train_Loss 0.6333 | Val_Loss 0.6399 | Time(s) 9.4238
2024-06-09 22:46:45,528:INFO::EarlyStopping counter: 6 out of 15
2024-06-09 22:46:54,820:INFO::Epoch 00093 | lr 0.00050 |Train_Loss 0.6341 | Val_Loss 0.6399 | Time(s) 9.2921
2024-06-09 22:46:54,821:INFO::EarlyStopping counter: 7 out of 15
2024-06-09 22:47:04,271:INFO::Epoch 00094 | lr 0.00050 |Train_Loss 0.6333 | Val_Loss 0.6399 | Time(s) 9.4497
2024-06-09 22:47:04,272:INFO::EarlyStopping counter: 8 out of 15
2024-06-09 22:47:13,658:INFO::Epoch 00095 | lr 0.00050 |Train_Loss 0.6350 | Val_Loss 0.6399 | Time(s) 9.3849
2024-06-09 22:47:13,658:INFO::EarlyStopping counter: 9 out of 15
2024-06-09 22:47:23,085:INFO::Epoch 00096 | lr 0.00050 |Train_Loss 0.6340 | Val_Loss 0.6399 | Time(s) 9.4268
2024-06-09 22:47:23,086:INFO::EarlyStopping counter: 10 out of 15
2024-06-09 22:47:32,689:INFO::Epoch 00097 | lr 0.00050 |Train_Loss 0.6346 | Val_Loss 0.6399 | Time(s) 9.6033
2024-06-09 22:47:32,715:INFO::Validation loss decreased (0.639875 --> 0.639872).  Saving model ...
2024-06-09 22:47:42,112:INFO::Epoch 00098 | lr 0.00050 |Train_Loss 0.6335 | Val_Loss 0.6399 | Time(s) 9.3969
2024-06-09 22:47:42,141:INFO::Validation loss decreased (0.639872 --> 0.639871).  Saving model ...
2024-06-09 22:47:51,588:INFO::Epoch 00099 | lr 0.00050 |Train_Loss 0.6337 | Val_Loss 0.6399 | Time(s) 9.4477
2024-06-09 22:47:51,614:INFO::Validation loss decreased (0.639871 --> 0.639867).  Saving model ...
2024-06-09 22:48:01,030:INFO::Epoch 00100 | lr 0.00050 |Train_Loss 0.6344 | Val_Loss 0.6399 | Time(s) 9.4158
2024-06-09 22:48:01,057:INFO::Validation loss decreased (0.639867 --> 0.639861).  Saving model ...
2024-06-09 22:48:10,455:INFO::Epoch 00101 | lr 0.00050 |Train_Loss 0.6344 | Val_Loss 0.6399 | Time(s) 9.3979
2024-06-09 22:48:10,483:INFO::Validation loss decreased (0.639861 --> 0.639853).  Saving model ...
2024-06-09 22:48:19,959:INFO::Epoch 00102 | lr 0.00050 |Train_Loss 0.6335 | Val_Loss 0.6398 | Time(s) 9.4757
2024-06-09 22:48:19,985:INFO::Validation loss decreased (0.639853 --> 0.639846).  Saving model ...
2024-06-09 22:48:29,344:INFO::Epoch 00103 | lr 0.00050 |Train_Loss 0.6336 | Val_Loss 0.6398 | Time(s) 9.3590
2024-06-09 22:48:29,370:INFO::Validation loss decreased (0.639846 --> 0.639841).  Saving model ...
2024-06-09 22:48:38,698:INFO::Epoch 00104 | lr 0.00050 |Train_Loss 0.6332 | Val_Loss 0.6398 | Time(s) 9.3280
2024-06-09 22:48:38,725:INFO::Validation loss decreased (0.639841 --> 0.639832).  Saving model ...
2024-06-09 22:48:48,125:INFO::Epoch 00105 | lr 0.00050 |Train_Loss 0.6333 | Val_Loss 0.6398 | Time(s) 9.3999
2024-06-09 22:48:48,153:INFO::Validation loss decreased (0.639832 --> 0.639825).  Saving model ...
2024-06-09 22:48:57,589:INFO::Epoch 00106 | lr 0.00050 |Train_Loss 0.6333 | Val_Loss 0.6398 | Time(s) 9.4358
2024-06-09 22:48:57,617:INFO::Validation loss decreased (0.639825 --> 0.639817).  Saving model ...
2024-06-09 22:49:06,997:INFO::Epoch 00107 | lr 0.00050 |Train_Loss 0.6338 | Val_Loss 0.6398 | Time(s) 9.3799
2024-06-09 22:49:07,025:INFO::Validation loss decreased (0.639817 --> 0.639807).  Saving model ...
2024-06-09 22:49:16,462:INFO::Epoch 00108 | lr 0.00050 |Train_Loss 0.6338 | Val_Loss 0.6398 | Time(s) 9.4378
2024-06-09 22:49:16,489:INFO::Validation loss decreased (0.639807 --> 0.639797).  Saving model ...
2024-06-09 22:49:25,873:INFO::Epoch 00109 | lr 0.00050 |Train_Loss 0.6338 | Val_Loss 0.6398 | Time(s) 9.3829
2024-06-09 22:49:25,900:INFO::Validation loss decreased (0.639797 --> 0.639789).  Saving model ...
2024-06-09 22:49:35,298:INFO::Epoch 00110 | lr 0.00050 |Train_Loss 0.6335 | Val_Loss 0.6398 | Time(s) 9.3979
2024-06-09 22:49:35,326:INFO::Validation loss decreased (0.639789 --> 0.639781).  Saving model ...
2024-06-09 22:49:44,722:INFO::Epoch 00111 | lr 0.00050 |Train_Loss 0.6327 | Val_Loss 0.6398 | Time(s) 9.3959
2024-06-09 22:49:44,750:INFO::Validation loss decreased (0.639781 --> 0.639770).  Saving model ...
2024-06-09 22:49:54,250:INFO::Epoch 00112 | lr 0.00050 |Train_Loss 0.6340 | Val_Loss 0.6398 | Time(s) 9.5006
2024-06-09 22:49:54,276:INFO::Validation loss decreased (0.639770 --> 0.639758).  Saving model ...
2024-06-09 22:50:03,736:INFO::Epoch 00113 | lr 0.00050 |Train_Loss 0.6338 | Val_Loss 0.6398 | Time(s) 9.4577
2024-06-09 22:50:03,764:INFO::Validation loss decreased (0.639758 --> 0.639752).  Saving model ...
2024-06-09 22:50:13,782:INFO::Epoch 00114 | lr 0.00050 |Train_Loss 0.6343 | Val_Loss 0.6397 | Time(s) 10.0182
2024-06-09 22:50:13,808:INFO::Validation loss decreased (0.639752 --> 0.639747).  Saving model ...
2024-06-09 22:50:23,513:INFO::Epoch 00115 | lr 0.00050 |Train_Loss 0.6329 | Val_Loss 0.6397 | Time(s) 9.7050
2024-06-09 22:50:23,541:INFO::Validation loss decreased (0.639747 --> 0.639741).  Saving model ...
2024-06-09 22:50:33,106:INFO::Epoch 00116 | lr 0.00050 |Train_Loss 0.6331 | Val_Loss 0.6397 | Time(s) 9.5644
2024-06-09 22:50:33,132:INFO::Validation loss decreased (0.639741 --> 0.639737).  Saving model ...
2024-06-09 22:50:42,780:INFO::Epoch 00117 | lr 0.00050 |Train_Loss 0.6345 | Val_Loss 0.6397 | Time(s) 9.6472
2024-06-09 22:50:42,808:INFO::Validation loss decreased (0.639737 --> 0.639731).  Saving model ...
2024-06-09 22:50:52,426:INFO::Epoch 00118 | lr 0.00050 |Train_Loss 0.6334 | Val_Loss 0.6397 | Time(s) 9.6173
2024-06-09 22:50:52,454:INFO::Validation loss decreased (0.639731 --> 0.639726).  Saving model ...
2024-06-09 22:51:02,098:INFO::Epoch 00119 | lr 0.00050 |Train_Loss 0.6336 | Val_Loss 0.6397 | Time(s) 9.6442
2024-06-09 22:51:02,129:INFO::Validation loss decreased (0.639726 --> 0.639720).  Saving model ...
2024-06-09 22:51:11,749:INFO::Epoch 00120 | lr 0.00050 |Train_Loss 0.6335 | Val_Loss 0.6397 | Time(s) 9.6203
2024-06-09 22:51:11,779:INFO::Validation loss decreased (0.639720 --> 0.639714).  Saving model ...
2024-06-09 22:51:21,337:INFO::Epoch 00121 | lr 0.00050 |Train_Loss 0.6333 | Val_Loss 0.6397 | Time(s) 9.5584
2024-06-09 22:51:21,364:INFO::Validation loss decreased (0.639714 --> 0.639708).  Saving model ...
2024-06-09 22:51:30,944:INFO::Epoch 00122 | lr 0.00050 |Train_Loss 0.6339 | Val_Loss 0.6397 | Time(s) 9.5794
2024-06-09 22:51:30,973:INFO::Validation loss decreased (0.639708 --> 0.639701).  Saving model ...
2024-06-09 22:51:40,469:INFO::Epoch 00123 | lr 0.00050 |Train_Loss 0.6341 | Val_Loss 0.6397 | Time(s) 9.4966
2024-06-09 22:51:40,498:INFO::Validation loss decreased (0.639701 --> 0.639693).  Saving model ...
2024-06-09 22:51:50,253:INFO::Epoch 00124 | lr 0.00050 |Train_Loss 0.6336 | Val_Loss 0.6397 | Time(s) 9.7539
2024-06-09 22:51:50,278:INFO::Validation loss decreased (0.639693 --> 0.639686).  Saving model ...
2024-06-09 22:51:59,933:INFO::Epoch 00125 | lr 0.00050 |Train_Loss 0.6335 | Val_Loss 0.6397 | Time(s) 9.6542
2024-06-09 22:51:59,963:INFO::Validation loss decreased (0.639686 --> 0.639681).  Saving model ...
2024-06-09 22:52:09,647:INFO::Epoch 00126 | lr 0.00050 |Train_Loss 0.6334 | Val_Loss 0.6397 | Time(s) 9.6841
2024-06-09 22:52:09,676:INFO::Validation loss decreased (0.639681 --> 0.639680).  Saving model ...
2024-06-09 22:52:19,340:INFO::Epoch 00127 | lr 0.00050 |Train_Loss 0.6324 | Val_Loss 0.6397 | Time(s) 9.6632
2024-06-09 22:52:19,367:INFO::Validation loss decreased (0.639680 --> 0.639673).  Saving model ...
2024-06-09 22:52:28,984:INFO::Epoch 00128 | lr 0.00050 |Train_Loss 0.6331 | Val_Loss 0.6397 | Time(s) 9.6173
2024-06-09 22:52:29,010:INFO::Validation loss decreased (0.639673 --> 0.639668).  Saving model ...
2024-06-09 22:52:38,632:INFO::Epoch 00129 | lr 0.00050 |Train_Loss 0.6325 | Val_Loss 0.6397 | Time(s) 9.6213
2024-06-09 22:52:38,633:INFO::EarlyStopping counter: 1 out of 15
2024-06-09 22:52:48,235:INFO::Epoch 00130 | lr 0.00050 |Train_Loss 0.6340 | Val_Loss 0.6397 | Time(s) 9.6023
2024-06-09 22:52:48,236:INFO::EarlyStopping counter: 2 out of 15
2024-06-09 22:52:57,784:INFO::Epoch 00131 | lr 0.00050 |Train_Loss 0.6340 | Val_Loss 0.6397 | Time(s) 9.5485
2024-06-09 22:52:57,785:INFO::EarlyStopping counter: 3 out of 15
2024-06-09 22:53:07,491:INFO::Epoch 00132 | lr 0.00050 |Train_Loss 0.6345 | Val_Loss 0.6397 | Time(s) 9.7060
2024-06-09 22:53:07,492:INFO::EarlyStopping counter: 4 out of 15
2024-06-09 22:53:17,046:INFO::Epoch 00133 | lr 0.00050 |Train_Loss 0.6331 | Val_Loss 0.6397 | Time(s) 9.5534
2024-06-09 22:53:17,046:INFO::EarlyStopping counter: 5 out of 15
2024-06-09 22:53:26,662:INFO::Epoch 00134 | lr 0.00050 |Train_Loss 0.6333 | Val_Loss 0.6397 | Time(s) 9.6143
2024-06-09 22:53:26,662:INFO::EarlyStopping counter: 6 out of 15
2024-06-09 22:53:36,259:INFO::Epoch 00135 | lr 0.00050 |Train_Loss 0.6340 | Val_Loss 0.6397 | Time(s) 9.5943
2024-06-09 22:53:36,259:INFO::EarlyStopping counter: 7 out of 15
2024-06-09 22:53:45,837:INFO::Epoch 00136 | lr 0.00050 |Train_Loss 0.6332 | Val_Loss 0.6397 | Time(s) 9.5774
2024-06-09 22:53:45,838:INFO::EarlyStopping counter: 8 out of 15
2024-06-09 22:53:55,340:INFO::Epoch 00137 | lr 0.00050 |Train_Loss 0.6330 | Val_Loss 0.6397 | Time(s) 9.5016
2024-06-09 22:53:55,341:INFO::EarlyStopping counter: 9 out of 15
2024-06-09 22:54:04,899:INFO::Epoch 00138 | lr 0.00050 |Train_Loss 0.6335 | Val_Loss 0.6397 | Time(s) 9.5584
2024-06-09 22:54:04,900:INFO::EarlyStopping counter: 10 out of 15
2024-06-09 22:54:14,555:INFO::Epoch 00139 | lr 0.00050 |Train_Loss 0.6338 | Val_Loss 0.6397 | Time(s) 9.6552
2024-06-09 22:54:14,556:INFO::EarlyStopping counter: 11 out of 15
2024-06-09 22:54:24,004:INFO::Epoch 00140 | lr 0.00050 |Train_Loss 0.6335 | Val_Loss 0.6397 | Time(s) 9.4477
2024-06-09 22:54:24,005:INFO::EarlyStopping counter: 12 out of 15
2024-06-09 22:54:33,552:INFO::Epoch 00141 | lr 0.00050 |Train_Loss 0.6334 | Val_Loss 0.6397 | Time(s) 9.5475
2024-06-09 22:54:33,552:INFO::EarlyStopping counter: 13 out of 15
2024-06-09 22:54:43,147:INFO::Epoch 00142 | lr 0.00050 |Train_Loss 0.6342 | Val_Loss 0.6397 | Time(s) 9.5933
2024-06-09 22:54:43,148:INFO::EarlyStopping counter: 14 out of 15
2024-06-09 22:54:52,725:INFO::Epoch 00143 | lr 0.00050 |Train_Loss 0.6334 | Val_Loss 0.6397 | Time(s) 9.5774
2024-06-09 22:54:52,726:INFO::EarlyStopping counter: 15 out of 15
2024-06-09 22:54:52,726:INFO::Early stopping!
2024-06-09 22:54:52,736:INFO::
testing...
2024-06-09 22:54:52,773:INFO::save_dir_name: simpleHGN_lr0.0005_wd0.0001
2024-06-09 22:54:52,774:INFO::save_dir_name: simpleHGN_lr0.0005_wd0.0001
2024-06-09 22:54:55,296:INFO::save_dir_name: simpleHGN_lr0.0005_wd0.0001
2024-06-09 22:54:55,351:INFO::{'micro-f1': 0.39981691269023917, 'macro-f1': 0.1412002424732269}
2024-06-09 22:54:55,612:INFO::############### Retrain Stage Ends! #################
2024-06-09 22:54:55,613:INFO::=============== Retrain Stage Starts:
2024-06-09 22:55:06,119:INFO::Epoch 00000 | lr 0.00050 |Train_Loss 0.6838 | Val_Loss 0.6523 | Time(s) 10.4481
2024-06-09 22:55:16,754:INFO::Epoch 00001 | lr 0.00050 |Train_Loss 0.6740 | Val_Loss 0.6448 | Time(s) 10.6096
2024-06-09 22:55:16,781:INFO::Validation loss decreased (inf --> 0.644835).  Saving model ...
2024-06-09 22:55:27,571:INFO::Epoch 00002 | lr 0.00050 |Train_Loss 0.6560 | Val_Loss 0.6414 | Time(s) 10.7901
2024-06-09 22:55:27,598:INFO::Validation loss decreased (0.644835 --> 0.641432).  Saving model ...
2024-06-09 22:55:38,365:INFO::Epoch 00003 | lr 0.00050 |Train_Loss 0.6538 | Val_Loss 0.6401 | Time(s) 10.7662
2024-06-09 22:55:38,391:INFO::Validation loss decreased (0.641432 --> 0.640135).  Saving model ...
2024-06-09 22:55:49,027:INFO::Epoch 00004 | lr 0.00050 |Train_Loss 0.6498 | Val_Loss 0.6397 | Time(s) 10.6356
2024-06-09 22:55:49,055:INFO::Validation loss decreased (0.640135 --> 0.639715).  Saving model ...
2024-06-09 22:55:59,940:INFO::Epoch 00005 | lr 0.00050 |Train_Loss 0.6454 | Val_Loss 0.6395 | Time(s) 10.8849
2024-06-09 22:55:59,966:INFO::Validation loss decreased (0.639715 --> 0.639493).  Saving model ...
2024-06-09 22:56:10,759:INFO::Epoch 00006 | lr 0.00050 |Train_Loss 0.6445 | Val_Loss 0.6394 | Time(s) 10.7921
2024-06-09 22:56:10,785:INFO::Validation loss decreased (0.639493 --> 0.639440).  Saving model ...
2024-06-09 22:56:21,399:INFO::Epoch 00007 | lr 0.00050 |Train_Loss 0.6441 | Val_Loss 0.6395 | Time(s) 10.6126
2024-06-09 22:56:21,400:INFO::EarlyStopping counter: 1 out of 15
2024-06-09 22:56:32,363:INFO::Epoch 00008 | lr 0.00050 |Train_Loss 0.6417 | Val_Loss 0.6395 | Time(s) 10.9627
2024-06-09 22:56:32,364:INFO::EarlyStopping counter: 2 out of 15
2024-06-09 22:56:43,194:INFO::Epoch 00009 | lr 0.00050 |Train_Loss 0.6423 | Val_Loss 0.6396 | Time(s) 10.8300
2024-06-09 22:56:43,195:INFO::EarlyStopping counter: 3 out of 15
2024-06-09 22:56:54,155:INFO::Epoch 00010 | lr 0.00050 |Train_Loss 0.6398 | Val_Loss 0.6396 | Time(s) 10.9607
2024-06-09 22:56:54,156:INFO::EarlyStopping counter: 4 out of 15
2024-06-09 22:57:05,121:INFO::Epoch 00011 | lr 0.00050 |Train_Loss 0.6378 | Val_Loss 0.6396 | Time(s) 10.9647
2024-06-09 22:57:05,122:INFO::EarlyStopping counter: 5 out of 15
2024-06-09 22:57:16,132:INFO::Epoch 00012 | lr 0.00050 |Train_Loss 0.6388 | Val_Loss 0.6396 | Time(s) 11.0105
2024-06-09 22:57:16,133:INFO::EarlyStopping counter: 6 out of 15
2024-06-09 22:57:27,383:INFO::Epoch 00013 | lr 0.00050 |Train_Loss 0.6379 | Val_Loss 0.6396 | Time(s) 11.2499
2024-06-09 22:57:27,384:INFO::EarlyStopping counter: 7 out of 15
2024-06-09 22:57:38,424:INFO::Epoch 00014 | lr 0.00050 |Train_Loss 0.6372 | Val_Loss 0.6395 | Time(s) 11.0395
2024-06-09 22:57:38,425:INFO::EarlyStopping counter: 8 out of 15
2024-06-09 22:57:49,413:INFO::Epoch 00015 | lr 0.00050 |Train_Loss 0.6391 | Val_Loss 0.6395 | Time(s) 10.9886
2024-06-09 22:57:49,413:INFO::EarlyStopping counter: 9 out of 15
2024-06-09 22:58:00,230:INFO::Epoch 00016 | lr 0.00050 |Train_Loss 0.6387 | Val_Loss 0.6395 | Time(s) 10.8161
2024-06-09 22:58:00,230:INFO::EarlyStopping counter: 10 out of 15
2024-06-09 22:58:11,271:INFO::Epoch 00017 | lr 0.00050 |Train_Loss 0.6369 | Val_Loss 0.6394 | Time(s) 11.0395
2024-06-09 22:58:11,298:INFO::Validation loss decreased (0.639440 --> 0.639412).  Saving model ...
2024-06-09 22:58:22,312:INFO::Epoch 00018 | lr 0.00050 |Train_Loss 0.6366 | Val_Loss 0.6394 | Time(s) 11.0145
2024-06-09 22:58:22,339:INFO::Validation loss decreased (0.639412 --> 0.639381).  Saving model ...
2024-06-09 22:58:33,360:INFO::Epoch 00019 | lr 0.00050 |Train_Loss 0.6361 | Val_Loss 0.6393 | Time(s) 11.0205
2024-06-09 22:58:33,388:INFO::Validation loss decreased (0.639381 --> 0.639348).  Saving model ...
2024-06-09 22:58:44,618:INFO::Epoch 00020 | lr 0.00050 |Train_Loss 0.6366 | Val_Loss 0.6393 | Time(s) 11.2300
2024-06-09 22:58:44,648:INFO::Validation loss decreased (0.639348 --> 0.639325).  Saving model ...
2024-06-09 22:58:55,898:INFO::Epoch 00021 | lr 0.00050 |Train_Loss 0.6374 | Val_Loss 0.6393 | Time(s) 11.2489
2024-06-09 22:58:55,931:INFO::Validation loss decreased (0.639325 --> 0.639288).  Saving model ...
2024-06-09 22:59:07,223:INFO::Epoch 00022 | lr 0.00050 |Train_Loss 0.6371 | Val_Loss 0.6393 | Time(s) 11.2918
2024-06-09 22:59:07,250:INFO::Validation loss decreased (0.639288 --> 0.639259).  Saving model ...
2024-06-09 22:59:18,420:INFO::Epoch 00023 | lr 0.00050 |Train_Loss 0.6364 | Val_Loss 0.6392 | Time(s) 11.1701
2024-06-09 22:59:18,453:INFO::Validation loss decreased (0.639259 --> 0.639234).  Saving model ...
2024-06-09 22:59:29,604:INFO::Epoch 00024 | lr 0.00050 |Train_Loss 0.6375 | Val_Loss 0.6392 | Time(s) 11.1502
2024-06-09 22:59:29,631:INFO::Validation loss decreased (0.639234 --> 0.639204).  Saving model ...
2024-06-09 22:59:40,508:INFO::Epoch 00025 | lr 0.00050 |Train_Loss 0.6371 | Val_Loss 0.6392 | Time(s) 10.8769
2024-06-09 22:59:40,538:INFO::Validation loss decreased (0.639204 --> 0.639183).  Saving model ...
2024-06-09 22:59:51,584:INFO::Epoch 00026 | lr 0.00050 |Train_Loss 0.6371 | Val_Loss 0.6392 | Time(s) 11.0455
2024-06-09 22:59:51,611:INFO::Validation loss decreased (0.639183 --> 0.639165).  Saving model ...
2024-06-09 23:00:02,850:INFO::Epoch 00027 | lr 0.00050 |Train_Loss 0.6361 | Val_Loss 0.6391 | Time(s) 11.2399
2024-06-09 23:00:02,877:INFO::Validation loss decreased (0.639165 --> 0.639138).  Saving model ...
2024-06-09 23:00:13,848:INFO::Epoch 00028 | lr 0.00050 |Train_Loss 0.6369 | Val_Loss 0.6391 | Time(s) 10.9707
2024-06-09 23:00:13,874:INFO::Validation loss decreased (0.639138 --> 0.639106).  Saving model ...
2024-06-09 23:00:24,946:INFO::Epoch 00029 | lr 0.00050 |Train_Loss 0.6367 | Val_Loss 0.6391 | Time(s) 11.0724
2024-06-09 23:00:24,977:INFO::Validation loss decreased (0.639106 --> 0.639096).  Saving model ...
2024-06-09 23:00:36,104:INFO::Epoch 00030 | lr 0.00050 |Train_Loss 0.6359 | Val_Loss 0.6391 | Time(s) 11.1252
2024-06-09 23:00:36,130:INFO::Validation loss decreased (0.639096 --> 0.639083).  Saving model ...
2024-06-09 23:00:47,223:INFO::Epoch 00031 | lr 0.00050 |Train_Loss 0.6356 | Val_Loss 0.6391 | Time(s) 11.0923
2024-06-09 23:00:47,249:INFO::Validation loss decreased (0.639083 --> 0.639073).  Saving model ...
2024-06-09 23:00:58,303:INFO::Epoch 00032 | lr 0.00050 |Train_Loss 0.6354 | Val_Loss 0.6391 | Time(s) 11.0544
2024-06-09 23:00:58,304:INFO::EarlyStopping counter: 1 out of 15
2024-06-09 23:01:09,387:INFO::Epoch 00033 | lr 0.00050 |Train_Loss 0.6367 | Val_Loss 0.6391 | Time(s) 11.0824
2024-06-09 23:01:09,388:INFO::EarlyStopping counter: 2 out of 15
2024-06-09 23:01:20,277:INFO::Epoch 00034 | lr 0.00050 |Train_Loss 0.6351 | Val_Loss 0.6391 | Time(s) 10.8899
2024-06-09 23:01:20,278:INFO::EarlyStopping counter: 3 out of 15
2024-06-09 23:01:31,627:INFO::Epoch 00035 | lr 0.00050 |Train_Loss 0.6366 | Val_Loss 0.6391 | Time(s) 11.3486
2024-06-09 23:01:31,628:INFO::EarlyStopping counter: 4 out of 15
2024-06-09 23:01:42,893:INFO::Epoch 00036 | lr 0.00050 |Train_Loss 0.6353 | Val_Loss 0.6391 | Time(s) 11.2649
2024-06-09 23:01:42,894:INFO::EarlyStopping counter: 5 out of 15
2024-06-09 23:01:53,927:INFO::Epoch 00037 | lr 0.00050 |Train_Loss 0.6362 | Val_Loss 0.6391 | Time(s) 11.0335
2024-06-09 23:01:53,928:INFO::EarlyStopping counter: 6 out of 15
2024-06-09 23:02:05,121:INFO::Epoch 00038 | lr 0.00050 |Train_Loss 0.6370 | Val_Loss 0.6391 | Time(s) 11.1931
2024-06-09 23:02:05,121:INFO::EarlyStopping counter: 7 out of 15
2024-06-09 23:02:16,151:INFO::Epoch 00039 | lr 0.00050 |Train_Loss 0.6348 | Val_Loss 0.6391 | Time(s) 11.0285
2024-06-09 23:02:16,152:INFO::EarlyStopping counter: 8 out of 15
2024-06-09 23:02:27,109:INFO::Epoch 00040 | lr 0.00050 |Train_Loss 0.6363 | Val_Loss 0.6391 | Time(s) 10.9567
2024-06-09 23:02:27,110:INFO::EarlyStopping counter: 9 out of 15
2024-06-09 23:02:38,262:INFO::Epoch 00041 | lr 0.00050 |Train_Loss 0.6352 | Val_Loss 0.6392 | Time(s) 11.1522
2024-06-09 23:02:38,263:INFO::EarlyStopping counter: 10 out of 15
2024-06-09 23:02:49,309:INFO::Epoch 00042 | lr 0.00050 |Train_Loss 0.6357 | Val_Loss 0.6392 | Time(s) 11.0465
2024-06-09 23:02:49,310:INFO::EarlyStopping counter: 11 out of 15
2024-06-09 23:03:00,095:INFO::Epoch 00043 | lr 0.00050 |Train_Loss 0.6351 | Val_Loss 0.6392 | Time(s) 10.7852
2024-06-09 23:03:00,096:INFO::EarlyStopping counter: 12 out of 15
2024-06-09 23:03:11,082:INFO::Epoch 00044 | lr 0.00050 |Train_Loss 0.6344 | Val_Loss 0.6393 | Time(s) 10.9856
2024-06-09 23:03:11,083:INFO::EarlyStopping counter: 13 out of 15
2024-06-09 23:03:21,861:INFO::Epoch 00045 | lr 0.00050 |Train_Loss 0.6366 | Val_Loss 0.6393 | Time(s) 10.7782
2024-06-09 23:03:21,862:INFO::EarlyStopping counter: 14 out of 15
2024-06-09 23:03:32,897:INFO::Epoch 00046 | lr 0.00050 |Train_Loss 0.6358 | Val_Loss 0.6393 | Time(s) 11.0345
2024-06-09 23:03:32,898:INFO::EarlyStopping counter: 15 out of 15
2024-06-09 23:03:32,898:INFO::Early stopping!
2024-06-09 23:03:32,908:INFO::
testing...
2024-06-09 23:03:32,946:INFO::save_dir_name: simpleHGN_lr0.0005_wd0.0001
2024-06-09 23:03:32,946:INFO::save_dir_name: simpleHGN_lr0.0005_wd0.0001
2024-06-09 23:03:35,466:INFO::save_dir_name: simpleHGN_lr0.0005_wd0.0001
2024-06-09 23:03:35,520:INFO::{'micro-f1': 0.39981691269023917, 'macro-f1': 0.1412002424732269}
2024-06-09 23:03:35,777:INFO::############### Retrain Stage Ends! #################
2024-06-09 23:03:35,778:INFO::=============== Retrain Stage Starts:
2024-06-09 23:03:45,545:INFO::Epoch 00000 | lr 0.00050 |Train_Loss 0.7306 | Val_Loss 0.6440 | Time(s) 9.7180
2024-06-09 23:03:55,187:INFO::Epoch 00001 | lr 0.00050 |Train_Loss 0.6999 | Val_Loss 0.6407 | Time(s) 9.6153
2024-06-09 23:03:55,214:INFO::Validation loss decreased (inf --> 0.640695).  Saving model ...
2024-06-09 23:04:05,010:INFO::Epoch 00002 | lr 0.00050 |Train_Loss 0.6716 | Val_Loss 0.6401 | Time(s) 9.7958
2024-06-09 23:04:05,036:INFO::Validation loss decreased (0.640695 --> 0.640070).  Saving model ...
2024-06-09 23:04:14,786:INFO::Epoch 00003 | lr 0.00050 |Train_Loss 0.6647 | Val_Loss 0.6398 | Time(s) 9.7489
2024-06-09 23:04:14,812:INFO::Validation loss decreased (0.640070 --> 0.639790).  Saving model ...
2024-06-09 23:04:24,868:INFO::Epoch 00004 | lr 0.00050 |Train_Loss 0.6532 | Val_Loss 0.6397 | Time(s) 10.0561
2024-06-09 23:04:24,905:INFO::Validation loss decreased (0.639790 --> 0.639658).  Saving model ...
2024-06-09 23:04:34,819:INFO::Epoch 00005 | lr 0.00050 |Train_Loss 0.6493 | Val_Loss 0.6396 | Time(s) 9.9125
2024-06-09 23:04:34,847:INFO::Validation loss decreased (0.639658 --> 0.639591).  Saving model ...
2024-06-09 23:04:44,861:INFO::Epoch 00006 | lr 0.00050 |Train_Loss 0.6451 | Val_Loss 0.6395 | Time(s) 10.0132
2024-06-09 23:04:44,887:INFO::Validation loss decreased (0.639591 --> 0.639545).  Saving model ...
2024-06-09 23:04:55,324:INFO::Epoch 00007 | lr 0.00050 |Train_Loss 0.6433 | Val_Loss 0.6395 | Time(s) 10.4371
2024-06-09 23:04:55,352:INFO::Validation loss decreased (0.639545 --> 0.639515).  Saving model ...
2024-06-09 23:05:05,465:INFO::Epoch 00008 | lr 0.00050 |Train_Loss 0.6404 | Val_Loss 0.6395 | Time(s) 10.1129
2024-06-09 23:05:05,492:INFO::Validation loss decreased (0.639515 --> 0.639505).  Saving model ...
2024-06-09 23:05:15,623:INFO::Epoch 00009 | lr 0.00050 |Train_Loss 0.6409 | Val_Loss 0.6395 | Time(s) 10.1309
2024-06-09 23:05:15,624:INFO::EarlyStopping counter: 1 out of 15
2024-06-09 23:05:25,882:INFO::Epoch 00010 | lr 0.00050 |Train_Loss 0.6388 | Val_Loss 0.6396 | Time(s) 10.2586
2024-06-09 23:05:25,883:INFO::EarlyStopping counter: 2 out of 15
2024-06-09 23:05:36,237:INFO::Epoch 00011 | lr 0.00050 |Train_Loss 0.6375 | Val_Loss 0.6396 | Time(s) 10.3533
2024-06-09 23:05:36,238:INFO::EarlyStopping counter: 3 out of 15
2024-06-09 23:05:46,593:INFO::Epoch 00012 | lr 0.00050 |Train_Loss 0.6395 | Val_Loss 0.6397 | Time(s) 10.3553
2024-06-09 23:05:46,594:INFO::EarlyStopping counter: 4 out of 15
2024-06-09 23:05:56,530:INFO::Epoch 00013 | lr 0.00050 |Train_Loss 0.6379 | Val_Loss 0.6397 | Time(s) 9.9364
2024-06-09 23:05:56,531:INFO::EarlyStopping counter: 5 out of 15
2024-06-09 23:06:06,310:INFO::Epoch 00014 | lr 0.00050 |Train_Loss 0.6359 | Val_Loss 0.6397 | Time(s) 9.7788
2024-06-09 23:06:06,311:INFO::EarlyStopping counter: 6 out of 15
2024-06-09 23:06:16,181:INFO::Epoch 00015 | lr 0.00050 |Train_Loss 0.6364 | Val_Loss 0.6398 | Time(s) 9.8696
2024-06-09 23:06:16,182:INFO::EarlyStopping counter: 7 out of 15
2024-06-09 23:06:25,934:INFO::Epoch 00016 | lr 0.00050 |Train_Loss 0.6352 | Val_Loss 0.6398 | Time(s) 9.7519
2024-06-09 23:06:25,934:INFO::EarlyStopping counter: 8 out of 15
2024-06-09 23:06:35,894:INFO::Epoch 00017 | lr 0.00050 |Train_Loss 0.6355 | Val_Loss 0.6398 | Time(s) 9.9594
2024-06-09 23:06:35,895:INFO::EarlyStopping counter: 9 out of 15
2024-06-09 23:06:45,546:INFO::Epoch 00018 | lr 0.00050 |Train_Loss 0.6371 | Val_Loss 0.6398 | Time(s) 9.6512
2024-06-09 23:06:45,547:INFO::EarlyStopping counter: 10 out of 15
2024-06-09 23:06:55,321:INFO::Epoch 00019 | lr 0.00050 |Train_Loss 0.6361 | Val_Loss 0.6398 | Time(s) 9.7739
2024-06-09 23:06:55,322:INFO::EarlyStopping counter: 11 out of 15
2024-06-09 23:07:05,041:INFO::Epoch 00020 | lr 0.00050 |Train_Loss 0.6345 | Val_Loss 0.6398 | Time(s) 9.7190
2024-06-09 23:07:05,042:INFO::EarlyStopping counter: 12 out of 15
2024-06-09 23:07:14,751:INFO::Epoch 00021 | lr 0.00050 |Train_Loss 0.6356 | Val_Loss 0.6398 | Time(s) 9.7090
2024-06-09 23:07:14,752:INFO::EarlyStopping counter: 13 out of 15
2024-06-09 23:07:24,404:INFO::Epoch 00022 | lr 0.00050 |Train_Loss 0.6373 | Val_Loss 0.6398 | Time(s) 9.6522
2024-06-09 23:07:24,405:INFO::EarlyStopping counter: 14 out of 15
2024-06-09 23:07:34,033:INFO::Epoch 00023 | lr 0.00050 |Train_Loss 0.6357 | Val_Loss 0.6398 | Time(s) 9.6272
2024-06-09 23:07:34,034:INFO::EarlyStopping counter: 15 out of 15
2024-06-09 23:07:34,034:INFO::Early stopping!
2024-06-09 23:07:34,043:INFO::
testing...
2024-06-09 23:07:34,078:INFO::save_dir_name: simpleHGN_lr0.0005_wd0.0001
2024-06-09 23:07:34,078:INFO::save_dir_name: simpleHGN_lr0.0005_wd0.0001
2024-06-09 23:07:36,613:INFO::save_dir_name: simpleHGN_lr0.0005_wd0.0001
2024-06-09 23:07:36,668:INFO::{'micro-f1': 0.39981691269023917, 'macro-f1': 0.1412002424732269}
2024-06-09 23:07:36,922:INFO::############### Retrain Stage Ends! #################
2024-06-09 23:07:36,922:INFO::=============== Retrain Stage Starts:
2024-06-09 23:07:46,440:INFO::Epoch 00000 | lr 0.00050 |Train_Loss 0.7049 | Val_Loss 0.6621 | Time(s) 9.4757
2024-06-09 23:07:56,147:INFO::Epoch 00001 | lr 0.00050 |Train_Loss 0.6849 | Val_Loss 0.6427 | Time(s) 9.6801
2024-06-09 23:07:56,172:INFO::Validation loss decreased (inf --> 0.642698).  Saving model ...
2024-06-09 23:08:05,752:INFO::Epoch 00002 | lr 0.00050 |Train_Loss 0.6702 | Val_Loss 0.6402 | Time(s) 9.5794
2024-06-09 23:08:05,780:INFO::Validation loss decreased (0.642698 --> 0.640219).  Saving model ...
2024-06-09 23:08:15,459:INFO::Epoch 00003 | lr 0.00050 |Train_Loss 0.6590 | Val_Loss 0.6400 | Time(s) 9.6791
2024-06-09 23:08:15,484:INFO::Validation loss decreased (0.640219 --> 0.640012).  Saving model ...
2024-06-09 23:08:25,130:INFO::Epoch 00004 | lr 0.00050 |Train_Loss 0.6543 | Val_Loss 0.6405 | Time(s) 9.6462
2024-06-09 23:08:25,131:INFO::EarlyStopping counter: 1 out of 15
2024-06-09 23:08:34,819:INFO::Epoch 00005 | lr 0.00050 |Train_Loss 0.6449 | Val_Loss 0.6409 | Time(s) 9.6881
2024-06-09 23:08:34,820:INFO::EarlyStopping counter: 2 out of 15
2024-06-09 23:08:44,548:INFO::Epoch 00006 | lr 0.00050 |Train_Loss 0.6451 | Val_Loss 0.6413 | Time(s) 9.7280
2024-06-09 23:08:44,549:INFO::EarlyStopping counter: 3 out of 15
2024-06-09 23:08:54,421:INFO::Epoch 00007 | lr 0.00050 |Train_Loss 0.6410 | Val_Loss 0.6417 | Time(s) 9.8716
2024-06-09 23:08:54,422:INFO::EarlyStopping counter: 4 out of 15
2024-06-09 23:09:04,474:INFO::Epoch 00008 | lr 0.00050 |Train_Loss 0.6393 | Val_Loss 0.6418 | Time(s) 10.0521
2024-06-09 23:09:04,475:INFO::EarlyStopping counter: 5 out of 15
2024-06-09 23:09:14,694:INFO::Epoch 00009 | lr 0.00050 |Train_Loss 0.6371 | Val_Loss 0.6420 | Time(s) 10.2197
2024-06-09 23:09:14,695:INFO::EarlyStopping counter: 6 out of 15
2024-06-09 23:09:24,720:INFO::Epoch 00010 | lr 0.00050 |Train_Loss 0.6385 | Val_Loss 0.6421 | Time(s) 10.0242
2024-06-09 23:09:24,721:INFO::EarlyStopping counter: 7 out of 15
2024-06-09 23:09:34,848:INFO::Epoch 00011 | lr 0.00050 |Train_Loss 0.6372 | Val_Loss 0.6421 | Time(s) 10.1269
2024-06-09 23:09:34,849:INFO::EarlyStopping counter: 8 out of 15
2024-06-09 23:09:45,056:INFO::Epoch 00012 | lr 0.00050 |Train_Loss 0.6379 | Val_Loss 0.6421 | Time(s) 10.2077
2024-06-09 23:09:45,057:INFO::EarlyStopping counter: 9 out of 15
2024-06-09 23:09:55,681:INFO::Epoch 00013 | lr 0.00050 |Train_Loss 0.6375 | Val_Loss 0.6421 | Time(s) 10.6236
2024-06-09 23:09:55,682:INFO::EarlyStopping counter: 10 out of 15
2024-06-09 23:10:06,183:INFO::Epoch 00014 | lr 0.00050 |Train_Loss 0.6372 | Val_Loss 0.6421 | Time(s) 10.4999
2024-06-09 23:10:06,183:INFO::EarlyStopping counter: 11 out of 15
2024-06-09 23:10:19,350:INFO::Epoch 00015 | lr 0.00050 |Train_Loss 0.6367 | Val_Loss 0.6421 | Time(s) 13.1658
2024-06-09 23:10:19,351:INFO::EarlyStopping counter: 12 out of 15
2024-06-09 23:10:29,767:INFO::Epoch 00016 | lr 0.00050 |Train_Loss 0.6361 | Val_Loss 0.6420 | Time(s) 10.4161
2024-06-09 23:10:29,768:INFO::EarlyStopping counter: 13 out of 15
2024-06-09 23:10:40,300:INFO::Epoch 00017 | lr 0.00050 |Train_Loss 0.6365 | Val_Loss 0.6419 | Time(s) 10.5328
2024-06-09 23:10:40,301:INFO::EarlyStopping counter: 14 out of 15
2024-06-09 23:10:50,572:INFO::Epoch 00018 | lr 0.00050 |Train_Loss 0.6367 | Val_Loss 0.6417 | Time(s) 10.2705
2024-06-09 23:10:50,572:INFO::EarlyStopping counter: 15 out of 15
2024-06-09 23:10:50,573:INFO::Early stopping!
2024-06-09 23:10:50,583:INFO::
testing...
2024-06-09 23:10:50,621:INFO::save_dir_name: simpleHGN_lr0.0005_wd0.0001
2024-06-09 23:10:50,622:INFO::save_dir_name: simpleHGN_lr0.0005_wd0.0001
2024-06-09 23:10:53,131:INFO::save_dir_name: simpleHGN_lr0.0005_wd0.0001
2024-06-09 23:10:53,185:INFO::{'micro-f1': 0.39981691269023917, 'macro-f1': 0.1412002424732269}
2024-06-09 23:10:53,455:INFO::############### Retrain Stage Ends! #################
