2023-10-28 15:29:31,685:INFO::=============== Search Args:
Namespace(dataset='DBLP', feats_type=6, gnn_model='gat', valid_attributed_type=1, cluster_num=10, cluster_eps=1e-05, att_comp_dim=64, hidden_dim=64, num_heads=8, attn_vec_dim=128, search_epoch=350, retrain_epoch=500, inner_epoch=1, patience_search=30, patience_retrain=30, batch_size=8, batch_size_test=32, momentum=0.9, lr=0.0005, lr_rate_min=3e-05, num_layers=2, dropout=0.5, weight_decay=0.0001, slope=0.05, grad_clip=5, network_momentum=0.9, arch_learning_rate=0.005, arch_weight_decay=1e-05, repeat=5, cluster_epoch=20, save_postfix='DBLP', feats_opt='1011', cuda=False, unrolled=False, useSGD=False, useTypeLinear=False, l2norm=False, cluster_norm=False, usedropout=False, is_unrolled='False', is_use_type_linear='False', is_use_SGD='False', is_use_dropout='False', time_line='2023-10-28-15-29-31', edge_feats=64, warmup_epoch=0, clusterupdate_round=1, searcher_name='darts', rnn_type='RotatE0', neighbor_samples=100, use_minibatch=False, shared_ops=False, e_greedy=0, usebn=False, seed=123, use_5seeds=False, no_use_fixseeds=False, use_dmon=False, collapse_regularization=0.1, dmon_loss_alpha=0.3, tau=1.0, schedule_step=350, schedule_step_retrain=500, use_norm=False, use_adamw=False, use_skip=False, cur_repeat=0, last_hidden_dim=512, logger=<Logger log_output (INFO)>)
2023-10-28 15:30:18,257:INFO::node_type_num: 4
2023-10-28 15:30:49,538:INFO::=============== Prepare basic data stage finish, use 77.85137605667114 time.
2023-10-28 15:31:52,157:INFO::save_dir_name: gat_darts_C10_useEM_coef0.3_Adam_gcn.ppnp.mean.one-hot_noTypeLinear_0120_64_no_shared_ops_lr0.0005_wd0.0001_useSeed123_use_fixseeds_use_adam_patience-30_30
2023-10-28 15:31:54,849:INFO::Epoch: 0
tensor([[0.2497, 0.2500, 0.2502, 0.2501],
        [0.2504, 0.2500, 0.2495, 0.2501],
        [0.2498, 0.2500, 0.2501, 0.2501],
        [0.2502, 0.2502, 0.2501, 0.2495],
        [0.2499, 0.2498, 0.2503, 0.2500],
        [0.2497, 0.2500, 0.2500, 0.2503],
        [0.2499, 0.2498, 0.2499, 0.2504],
        [0.2498, 0.2499, 0.2499, 0.2504],
        [0.2500, 0.2502, 0.2501, 0.2497],
        [0.2505, 0.2499, 0.2497, 0.2499]], device='cuda:0',
       grad_fn=<SoftmaxBackward0>)
2023-10-28 15:32:49,084:INFO::save_dir_name: gat_darts_C10_useEM_coef0.3_Adam_gcn.ppnp.mean.one-hot_noTypeLinear_0120_64_no_shared_ops_lr0.0005_wd0.0001_useSeed123_use_fixseeds_use_adam_patience-30_30
2023-10-28 15:32:49,185:INFO::Epoch 00000 | lr 0.00050 | Train_Loss 1.3866 | Val_Loss 1.3664 | Search Time(s) 55.1888 | Infer Time(s) 0.6054 | Time(s) 55.7942 
2023-10-28 15:32:53,340:INFO::Epoch: 0 Cluster_epoch: 1 gap_avg: 0.0328594644706395
2023-10-28 15:32:54,715:INFO::Epoch: 0 Cluster_epoch: 2 gap_avg: 0.006308848779368848
2023-10-28 15:32:56,179:INFO::Epoch: 0 Cluster_epoch: 3 gap_avg: 0.002458482398089796
2023-10-28 15:32:57,532:INFO::Epoch: 0 Cluster_epoch: 4 gap_avg: 0.0017716516555097677
2023-10-28 15:32:58,804:INFO::Epoch: 0 Cluster_epoch: 5 gap_avg: 0.0014286153924803092
2023-10-28 15:33:01,785:INFO::Epoch: 0 Cluster_epoch: 6 gap_avg: 0.0009689792531766571
2023-10-28 15:33:03,030:INFO::Epoch: 0 Cluster_epoch: 7 gap_avg: 0.0006428491556927387
2023-10-28 15:33:04,741:INFO::Epoch: 0 Cluster_epoch: 8 gap_avg: 0.0006338740467210187
2023-10-28 15:33:06,688:INFO::Epoch: 0 Cluster_epoch: 9 gap_avg: 0.0005342935119013217
2023-10-28 15:33:08,791:INFO::Epoch: 0 Cluster_epoch: 10 gap_avg: 0.0006489239868176439
2023-10-28 15:33:10,411:INFO::Epoch: 0 Cluster_epoch: 11 gap_avg: 0.0009464240087457705
2023-10-28 15:33:11,983:INFO::Epoch: 0 Cluster_epoch: 12 gap_avg: 0.0008683346840421168
2023-10-28 15:33:13,534:INFO::Epoch: 0 Cluster_epoch: 13 gap_avg: 0.0005579192179935957
2023-10-28 15:33:15,418:INFO::Epoch: 0 Cluster_epoch: 14 gap_avg: 0.00035409561500914356
2023-10-28 15:33:17,169:INFO::Epoch: 0 Cluster_epoch: 15 gap_avg: 0.0002348291467016334
2023-10-28 15:33:18,816:INFO::Epoch: 0 Cluster_epoch: 16 gap_avg: 0.00010700863024447937
2023-10-28 15:33:20,670:INFO::Epoch: 0 Cluster_epoch: 17 gap_avg: 9.956489651922114e-05
2023-10-28 15:33:22,466:INFO::Epoch: 0 Cluster_epoch: 18 gap_avg: 7.970792267681856e-05
2023-10-28 15:33:24,079:INFO::Epoch: 0 Cluster_epoch: 19 gap_avg: 6.359208501942676e-05
2023-10-28 15:33:24,788:INFO::cluster info:
0: 7;	1: 4;	2: 4;	3: 7;	4: 4;	5: 7;	6: 5;	7: 7;	8: 8;	9: 4;	10: 4;	11: 4;	12: 4;	13: 7;	14: 7;	15: 1;	16: 6;	17: 1;	18: 7;	19: 6;	20: 7;	21: 2;	22: 7;	23: 8;	24: 8;	25: 7;	26: 4;	27: 4;	28: 7;	29: 3;	30: 8;	31: 3;	32: 4;	33: 4;	34: 7;	35: 9;	36: 7;	37: 1;	38: 1;	39: 0;	40: 5;	41: 7;	42: 8;	43: 6;	44
26098: 0;	26099: 8;	26100: 0;	26101: 0;	26102: 4;	26103: 9;	26104: 4;	26105: 8;	26106: 4;	26107: 4;	26108: 6;	26109: 7;	26110: 7;	26111: 7;	26112: 8;	26113: 7;	26114: 1;	26115: 8;	26116: 8;	26117: 3;	26118: 7;	26119: 7;	26120: 7;	26121: 7;	26122: 7;	26123: 2;	26124: 5;	26125: 1;	26126: 7;	26127: 4;	
2023-10-28 15:33:26,646:INFO::Epoch: 1
tensor([[0.2490, 0.2494, 0.2521, 0.2495],
        [0.2497, 0.2519, 0.2489, 0.2494],
        [0.2485, 0.2487, 0.2514, 0.2514],
        [0.2514, 0.2490, 0.2513, 0.2483],
        [0.2512, 0.2485, 0.2490, 0.2513],
        [0.2485, 0.2487, 0.2512, 0.2516],
        [0.2505, 0.2480, 0.2505, 0.2511],
        [0.2492, 0.2518, 0.2493, 0.2497],
        [0.2519, 0.2496, 0.2495, 0.2491],
        [0.2486, 0.2505, 0.2503, 0.2505]], device='cuda:0',
       grad_fn=<SoftmaxBackward0>)
2023-10-28 15:33:29,640:INFO::save_dir_name: gat_darts_C10_useEM_coef0.3_Adam_gcn.ppnp.mean.one-hot_noTypeLinear_0120_64_no_shared_ops_lr0.0005_wd0.0001_useSeed123_use_fixseeds_use_adam_patience-30_30
2023-10-28 15:33:29,643:INFO::Epoch 00001 | lr 0.00050 | Train_Loss 1.3764 | Val_Loss 1.3402 | Search Time(s) 3.8175 | Infer Time(s) 0.5716 | Time(s) 4.3891 
2023-10-28 15:33:30,470:INFO::Epoch: 1 Cluster_epoch: 0 gap_avg: 0.2120239286224684
2023-10-28 15:33:31,758:INFO::Epoch: 1 Cluster_epoch: 1 gap_avg: 0.016742375221037865
2023-10-28 15:33:33,306:INFO::Epoch: 1 Cluster_epoch: 2 gap_avg: 0.0016434789111488587
2023-10-28 15:33:34,677:INFO::Epoch: 1 Cluster_epoch: 3 gap_avg: 0.0007784388841001617
2023-10-28 15:33:36,434:INFO::Epoch: 1 Cluster_epoch: 4 gap_avg: 0.000500404270373887
2023-10-28 15:33:37,805:INFO::Epoch: 1 Cluster_epoch: 5 gap_avg: 0.0002894017488623746
2023-10-28 15:33:39,384:INFO::Epoch: 1 Cluster_epoch: 6 gap_avg: 0.00021166702204980067
2023-10-28 15:33:41,111:INFO::Epoch: 1 Cluster_epoch: 7 gap_avg: 0.00016449247297475747
2023-10-28 15:33:42,512:INFO::Epoch: 1 Cluster_epoch: 8 gap_avg: 0.00018839394348793846
2023-10-28 15:33:43,975:INFO::Epoch: 1 Cluster_epoch: 9 gap_avg: 0.00014166099778725678
2023-10-28 15:33:45,531:INFO::Epoch: 1 Cluster_epoch: 10 gap_avg: 0.00011511861942639916
2023-10-28 15:33:46,629:INFO::Epoch: 1 Cluster_epoch: 11 gap_avg: 0.00013097278353133785
2023-10-28 15:33:47,834:INFO::Epoch: 1 Cluster_epoch: 12 gap_avg: 0.00012262176658742893
2023-10-28 15:33:49,183:INFO::Epoch: 1 Cluster_epoch: 13 gap_avg: 0.00010719799978171632
2023-10-28 15:33:50,410:INFO::Epoch: 1 Cluster_epoch: 14 gap_avg: 9.95520752905613e-05
2023-10-28 15:33:51,761:INFO::Epoch: 1 Cluster_epoch: 15 gap_avg: 0.000104087863083652
2023-10-28 15:33:52,990:INFO::Epoch: 1 Cluster_epoch: 16 gap_avg: 0.00010506961960677669
2023-10-28 15:33:54,175:INFO::Epoch: 1 Cluster_epoch: 17 gap_avg: 0.00011102273102783205
2023-10-28 15:33:55,587:INFO::Epoch: 1 Cluster_epoch: 18 gap_avg: 9.542224309297138e-05
2023-10-28 15:33:57,054:INFO::Epoch: 1 Cluster_epoch: 19 gap_avg: 8.291869485744359e-05
2023-10-28 15:33:57,681:INFO::cluster info:
0: 0;	1: 7;	2: 0;	3: 7;	4: 7;	5: 7;	6: 3;	7: 7;	8: 9;	9: 4;	10: 8;	11: 6;	12: 9;	13: 7;	14: 7;	15: 1;	16: 9;	17: 1;	18: 0;	19: 6;	20: 7;	21: 9;	22: 8;	23: 8;	24: 7;	25: 7;	26: 4;	27: 8;	28: 7;	29: 3;	30: 7;	31: 4;	32: 8;	33: 1;	34: 7;	35: 2;	36: 9;	37: 1;	38: 1;	39: 0;	40: 5;	41: 7;	42: 7;	43: 6;	44
26098: 8;	26099: 8;	26100: 4;	26101: 4;	26102: 4;	26103: 0;	26104: 9;	26105: 0;	26106: 0;	26107: 4;	26108: 6;	26109: 7;	26110: 7;	26111: 7;	26112: 8;	26113: 7;	26114: 1;	26115: 7;	26116: 8;	26117: 3;	26118: 7;	26119: 7;	26120: 7;	26121: 7;	26122: 7;	26123: 2;	26124: 5;	26125: 1;	26126: 7;	26127: 7;	
2023-10-28 15:33:57,682:INFO::Validation loss decreased (inf --> 1.340164).  Saving model ...
2023-10-28 15:33:57,688:INFO::Epoch: 2
tensor([[0.2485, 0.2506, 0.2525, 0.2484],
        [0.2503, 0.2532, 0.2480, 0.2485],
        [0.2473, 0.2482, 0.2523, 0.2522],
        [0.2499, 0.2498, 0.2522, 0.2481],
        [0.2513, 0.2479, 0.2498, 0.2510],
        [0.2472, 0.2474, 0.2525, 0.2528],
        [0.2499, 0.2471, 0.2515, 0.2515],
        [0.2500, 0.2504, 0.2490, 0.2506],
        [0.2521, 0.2505, 0.2481, 0.2493],
        [0.2484, 0.2499, 0.2501, 0.2516]], device='cuda:0',
       grad_fn=<SoftmaxBackward0>)
2023-10-28 15:34:00,442:INFO::save_dir_name: gat_darts_C10_useEM_coef0.3_Adam_gcn.ppnp.mean.one-hot_noTypeLinear_0120_64_no_shared_ops_lr0.0005_wd0.0001_useSeed123_use_fixseeds_use_adam_patience-30_30
2023-10-28 15:34:00,446:INFO::Epoch 00002 | lr 0.00050 | Train_Loss 1.3496 | Val_Loss 1.3185 | Search Time(s) 2.2021 | Infer Time(s) 0.5587 | Time(s) 2.7608 
2023-10-28 15:34:01,453:INFO::Epoch: 2 Cluster_epoch: 0 gap_avg: 0.09816984145089526
2023-10-28 15:34:03,167:INFO::Epoch: 2 Cluster_epoch: 1 gap_avg: 0.011590879611487007
2023-10-28 15:34:04,794:INFO::Epoch: 2 Cluster_epoch: 2 gap_avg: 0.00142070400929337
2023-10-28 15:34:06,422:INFO::Epoch: 2 Cluster_epoch: 3 gap_avg: 0.0005311600550823609
2023-10-28 15:34:08,302:INFO::Epoch: 2 Cluster_epoch: 4 gap_avg: 0.0002733677149360003
2023-10-28 15:34:09,833:INFO::Epoch: 2 Cluster_epoch: 5 gap_avg: 0.0001473453362110078
2023-10-28 15:34:12,422:INFO::Epoch: 2 Cluster_epoch: 6 gap_avg: 0.00012425419168372675
2023-10-28 15:34:13,815:INFO::Epoch: 2 Cluster_epoch: 7 gap_avg: 0.00010499928744064468
2023-10-28 15:34:15,383:INFO::Epoch: 2 Cluster_epoch: 8 gap_avg: 9.48826525016997e-05
2023-10-28 15:34:16,920:INFO::Epoch: 2 Cluster_epoch: 9 gap_avg: 6.893296834803529e-05
2023-10-28 15:34:18,159:INFO::Epoch: 2 Cluster_epoch: 10 gap_avg: 4.8002831765250715e-05
2023-10-28 15:34:19,388:INFO::Epoch: 2 Cluster_epoch: 11 gap_avg: 4.169848072314151e-05
2023-10-28 15:34:20,652:INFO::Epoch: 2 Cluster_epoch: 12 gap_avg: 3.761312378517967e-05
2023-10-28 15:34:21,801:INFO::Epoch: 2 Cluster_epoch: 13 gap_avg: 2.9754418180301537e-05
2023-10-28 15:34:22,982:INFO::Epoch: 2 Cluster_epoch: 14 gap_avg: 2.5186002062567604e-05
2023-10-28 15:34:24,442:INFO::Epoch: 2 Cluster_epoch: 15 gap_avg: 1.932365929386987e-05
2023-10-28 15:34:25,881:INFO::Epoch: 2 Cluster_epoch: 16 gap_avg: 1.121841334349627e-05
2023-10-28 15:34:27,041:INFO::Epoch: 2 Cluster_epoch: 17 gap_avg: 6.165806534849379e-06
2023-10-28 15:34:28,560:INFO::Epoch: 2 Cluster_epoch: 18 gap_avg: 6.447443022063222e-06
2023-10-28 15:34:30,058:INFO::Epoch: 2 Cluster_epoch: 19 gap_avg: 1.0744736643021749e-05
2023-10-28 15:34:30,806:INFO::cluster info:
0: 9;	1: 9;	2: 7;	3: 9;	4: 4;	5: 9;	6: 3;	7: 7;	8: 6;	9: 8;	10: 9;	11: 6;	12: 7;	13: 7;	14: 7;	15: 9;	16: 7;	17: 1;	18: 9;	19: 6;	20: 7;	21: 2;	22: 9;	23: 9;	24: 0;	25: 8;	26: 4;	27: 8;	28: 7;	29: 3;	30: 9;	31: 9;	32: 9;	33: 1;	34: 7;	35: 2;	36: 7;	37: 1;	38: 1;	39: 9;	40: 9;	41: 7;	42: 7;	43: 3;	44
26098: 7;	26099: 8;	26100: 0;	26101: 7;	26102: 4;	26103: 0;	26104: 4;	26105: 1;	26106: 0;	26107: 4;	26108: 6;	26109: 7;	26110: 7;	26111: 7;	26112: 8;	26113: 7;	26114: 1;	26115: 7;	26116: 8;	26117: 3;	26118: 7;	26119: 7;	26120: 7;	26121: 7;	26122: 7;	26123: 2;	26124: 5;	26125: 1;	26126: 7;	26127: 7;	
2023-10-28 15:34:30,807:INFO::Validation loss decreased (1.340164 --> 1.318537).  Saving model ...
2023-10-28 15:34:30,817:INFO::Epoch: 3
tensor([[0.2475, 0.2511, 0.2540, 0.2474],
        [0.2514, 0.2535, 0.2474, 0.2476],
        [0.2469, 0.2475, 0.2533, 0.2523],
        [0.2490, 0.2516, 0.2518, 0.2476],
        [0.2509, 0.2475, 0.2513, 0.2502],
        [0.2466, 0.2469, 0.2530, 0.2536],
        [0.2489, 0.2474, 0.2520, 0.2516],
        [0.2497, 0.2491, 0.2499, 0.2513],
        [0.2527, 0.2495, 0.2484, 0.2493],
        [0.2480, 0.2507, 0.2488, 0.2525]], device='cuda:0',
       grad_fn=<SoftmaxBackward0>)
2023-10-28 15:34:33,632:INFO::save_dir_name: gat_darts_C10_useEM_coef0.3_Adam_gcn.ppnp.mean.one-hot_noTypeLinear_0120_64_no_shared_ops_lr0.0005_wd0.0001_useSeed123_use_fixseeds_use_adam_patience-30_30
2023-10-28 15:34:33,635:INFO::Epoch 00003 | lr 0.00050 | Train_Loss 1.3168 | Val_Loss 1.2951 | Search Time(s) 2.1665 | Infer Time(s) 0.6571 | Time(s) 2.8236 
2023-10-28 15:34:34,452:INFO::Epoch: 3 Cluster_epoch: 0 gap_avg: 0.10918833032700523
2023-10-28 15:34:35,784:INFO::Epoch: 3 Cluster_epoch: 1 gap_avg: 0.009581594483535506
2023-10-28 15:34:37,132:INFO::Epoch: 3 Cluster_epoch: 2 gap_avg: 0.0013725772797400632
2023-10-28 15:34:38,426:INFO::Epoch: 3 Cluster_epoch: 3 gap_avg: 0.0004349219423619852
2023-10-28 15:34:39,692:INFO::Epoch: 3 Cluster_epoch: 4 gap_avg: 0.00016316867369661102
2023-10-28 15:34:41,048:INFO::Epoch: 3 Cluster_epoch: 5 gap_avg: 0.00010288836694020365
2023-10-28 15:34:42,347:INFO::Epoch: 3 Cluster_epoch: 6 gap_avg: 5.344292666456121e-05
2023-10-28 15:34:43,786:INFO::Epoch: 3 Cluster_epoch: 7 gap_avg: 3.522764568501269e-05
2023-10-28 15:34:45,140:INFO::Epoch: 3 Cluster_epoch: 8 gap_avg: 3.2202121401155216e-05
2023-10-28 15:34:46,708:INFO::Epoch: 3 Cluster_epoch: 9 gap_avg: 2.001763608387598e-05
2023-10-28 15:34:48,118:INFO::Epoch: 3 Cluster_epoch: 10 gap_avg: 1.8989149600316703e-05
2023-10-28 15:34:49,726:INFO::Epoch: 3 Cluster_epoch: 11 gap_avg: 1.584625407458827e-05
2023-10-28 15:34:51,227:INFO::Epoch: 3 Cluster_epoch: 12 gap_avg: 1.9865519367744196e-05
2023-10-28 15:34:52,648:INFO::Epoch: 3 Cluster_epoch: 13 gap_avg: 1.679409050542821e-05
2023-10-28 15:34:53,841:INFO::Epoch: 3 Cluster_epoch: 14 gap_avg: 1.3182527117863618e-05
2023-10-28 15:34:55,134:INFO::Epoch: 3 Cluster_epoch: 15 gap_avg: 1.2148070546554854e-05
2023-10-28 15:34:56,501:INFO::Epoch: 3 Cluster_epoch: 16 gap_avg: 9.806679575235619e-06
2023-10-28 15:34:57,867:INFO::Epoch: 3 Cluster_epoch: 17 gap_avg: 1.3881476146373802e-05
2023-10-28 15:34:59,372:INFO::Epoch: 3 Cluster_epoch: 18 gap_avg: 1.392532289016658e-05
2023-10-28 15:35:00,849:INFO::Epoch: 3 Cluster_epoch: 19 gap_avg: 1.9005501453297822e-05
2023-10-28 15:35:01,536:INFO::cluster info:
0: 9;	1: 9;	2: 2;	3: 9;	4: 9;	5: 9;	6: 6;	7: 9;	8: 9;	9: 4;	10: 9;	11: 6;	12: 0;	13: 7;	14: 9;	15: 7;	16: 9;	17: 1;	18: 4;	19: 6;	20: 7;	21: 2;	22: 6;	23: 9;	24: 7;	25: 8;	26: 4;	27: 8;	28: 7;	29: 3;	30: 0;	31: 3;	32: 0;	33: 1;	34: 7;	35: 0;	36: 9;	37: 1;	38: 1;	39: 9;	40: 0;	41: 7;	42: 7;	43: 2;	44
26098: 6;	26099: 8;	26100: 4;	26101: 7;	26102: 4;	26103: 4;	26104: 4;	26105: 0;	26106: 4;	26107: 8;	26108: 6;	26109: 7;	26110: 9;	26111: 7;	26112: 8;	26113: 7;	26114: 7;	26115: 7;	26116: 8;	26117: 3;	26118: 7;	26119: 7;	26120: 7;	26121: 7;	26122: 7;	26123: 2;	26124: 5;	26125: 1;	26126: 7;	26127: 9;	
2023-10-28 15:35:01,538:INFO::Validation loss decreased (1.318537 --> 1.295136).  Saving model ...
2023-10-28 15:35:01,548:INFO::Epoch: 4
tensor([[0.2464, 0.2518, 0.2554, 0.2464],
        [0.2530, 0.2540, 0.2464, 0.2466],
        [0.2471, 0.2466, 0.2541, 0.2523],
        [0.2483, 0.2517, 0.2524, 0.2476],
        [0.2510, 0.2467, 0.2531, 0.2493],
        [0.2454, 0.2475, 0.2532, 0.2539],
        [0.2479, 0.2478, 0.2521, 0.2521],
        [0.2489, 0.2489, 0.2509, 0.2514],
        [0.2529, 0.2490, 0.2484, 0.2497],
        [0.2469, 0.2521, 0.2472, 0.2538]], device='cuda:0',
       grad_fn=<SoftmaxBackward0>)
2023-10-28 15:35:04,572:INFO::save_dir_name: gat_darts_C10_useEM_coef0.3_Adam_gcn.ppnp.mean.one-hot_noTypeLinear_0120_64_no_shared_ops_lr0.0005_wd0.0001_useSeed123_use_fixseeds_use_adam_patience-30_30
2023-10-28 15:35:04,594:INFO::Epoch 00004 | lr 0.00050 | Train_Loss 1.2857 | Val_Loss 1.2722 | Search Time(s) 2.2437 | Infer Time(s) 0.7902 | Time(s) 3.0339 
2023-10-28 15:35:05,348:INFO::Epoch: 4 Cluster_epoch: 0 gap_avg: 0.08842393986875748
2023-10-28 15:35:06,733:INFO::Epoch: 4 Cluster_epoch: 1 gap_avg: 0.01049049633794619
2023-10-28 15:35:08,240:INFO::Epoch: 4 Cluster_epoch: 2 gap_avg: 0.0011758957855841265
2023-10-28 15:35:09,658:INFO::Epoch: 4 Cluster_epoch: 3 gap_avg: 0.0003433785341054825
2023-10-28 15:35:10,863:INFO::Epoch: 4 Cluster_epoch: 4 gap_avg: 0.00016123577243334097
2023-10-28 15:35:12,167:INFO::Epoch: 4 Cluster_epoch: 5 gap_avg: 7.92906794153755e-05
2023-10-28 15:35:13,447:INFO::Epoch: 4 Cluster_epoch: 6 gap_avg: 6.603227295796495e-05
2023-10-28 15:35:14,733:INFO::Epoch: 4 Cluster_epoch: 7 gap_avg: 4.6033739345132566e-05
2023-10-28 15:35:16,026:INFO::Epoch: 4 Cluster_epoch: 8 gap_avg: 3.034739951583012e-05
2023-10-28 15:35:17,236:INFO::Epoch: 4 Cluster_epoch: 9 gap_avg: 2.6490834435778983e-05
2023-10-28 15:35:18,977:INFO::Epoch: 4 Cluster_epoch: 10 gap_avg: 2.4891966569990217e-05
2023-10-28 15:35:20,571:INFO::Epoch: 4 Cluster_epoch: 11 gap_avg: 3.0355628370222114e-05
2023-10-28 15:35:22,080:INFO::Epoch: 4 Cluster_epoch: 12 gap_avg: 2.8666209407587885e-05
2023-10-28 15:35:23,734:INFO::Epoch: 4 Cluster_epoch: 13 gap_avg: 3.1956298092364205e-05
2023-10-28 15:35:25,200:INFO::Epoch: 4 Cluster_epoch: 14 gap_avg: 2.6658607107294526e-05
2023-10-28 15:35:26,708:INFO::Epoch: 4 Cluster_epoch: 15 gap_avg: 3.352584380187633e-05
2023-10-28 15:35:28,115:INFO::Epoch: 4 Cluster_epoch: 16 gap_avg: 2.5592819587907553e-05
2023-10-28 15:35:29,611:INFO::Epoch: 4 Cluster_epoch: 17 gap_avg: 2.5821621644275e-05
2023-10-28 15:35:31,198:INFO::Epoch: 4 Cluster_epoch: 18 gap_avg: 3.1333069606529125e-05
2023-10-28 15:35:32,396:INFO::Epoch: 4 Cluster_epoch: 19 gap_avg: 2.4622511045037166e-05
2023-10-28 15:35:33,018:INFO::cluster info:
0: 4;	1: 9;	2: 2;	3: 9;	4: 8;	5: 9;	6: 0;	7: 9;	8: 8;	9: 9;	10: 9;	11: 6;	12: 7;	13: 7;	14: 9;	15: 7;	16: 7;	17: 7;	18: 9;	19: 6;	20: 7;	21: 2;	22: 3;	23: 9;	24: 9;	25: 4;	26: 3;	27: 9;	28: 7;	29: 3;	30: 7;	31: 3;	32: 0;	33: 4;	34: 7;	35: 2;	36: 9;	37: 0;	38: 1;	39: 9;	40: 5;	41: 7;	42: 7;	43: 3;	44
26098: 9;	26099: 8;	26100: 0;	26101: 0;	26102: 4;	26103: 4;	26104: 4;	26105: 0;	26106: 4;	26107: 0;	26108: 6;	26109: 7;	26110: 9;	26111: 7;	26112: 8;	26113: 7;	26114: 7;	26115: 7;	26116: 8;	26117: 3;	26118: 7;	26119: 7;	26120: 7;	26121: 7;	26122: 7;	26123: 2;	26124: 5;	26125: 1;	26126: 7;	26127: 9;	
2023-10-28 15:35:33,019:INFO::Validation loss decreased (1.295136 --> 1.272174).  Saving model ...
2023-10-28 15:35:33,024:INFO::Epoch: 5
tensor([[0.2468, 0.2511, 0.2564, 0.2457],
        [0.2542, 0.2554, 0.2452, 0.2452],
        [0.2483, 0.2476, 0.2529, 0.2511],
        [0.2474, 0.2533, 0.2525, 0.2468],
        [0.2517, 0.2452, 0.2547, 0.2484],
        [0.2452, 0.2470, 0.2533, 0.2545],
        [0.2488, 0.2478, 0.2514, 0.2519],
        [0.2493, 0.2486, 0.2503, 0.2518],
        [0.2537, 0.2495, 0.2476, 0.2492],
        [0.2459, 0.2528, 0.2458, 0.2556]], device='cuda:0',
       grad_fn=<SoftmaxBackward0>)
2023-10-28 15:35:35,660:INFO::save_dir_name: gat_darts_C10_useEM_coef0.3_Adam_gcn.ppnp.mean.one-hot_noTypeLinear_0120_64_no_shared_ops_lr0.0005_wd0.0001_useSeed123_use_fixseeds_use_adam_patience-30_30
2023-10-28 15:35:35,663:INFO::Epoch 00005 | lr 0.00050 | Train_Loss 1.2692 | Val_Loss 1.2454 | Search Time(s) 2.0810 | Infer Time(s) 0.5596 | Time(s) 2.6405 
2023-10-28 15:35:36,293:INFO::Epoch: 5 Cluster_epoch: 0 gap_avg: 0.09390355604480503
2023-10-28 15:35:37,610:INFO::Epoch: 5 Cluster_epoch: 1 gap_avg: 0.00931984813141086
2023-10-28 15:35:39,030:INFO::Epoch: 5 Cluster_epoch: 2 gap_avg: 0.0010808217255387721
2023-10-28 15:35:40,458:INFO::Epoch: 5 Cluster_epoch: 3 gap_avg: 0.00038845528865117643
2023-10-28 15:35:41,994:INFO::Epoch: 5 Cluster_epoch: 4 gap_avg: 0.0002071796247161456
2023-10-28 15:35:43,457:INFO::Epoch: 5 Cluster_epoch: 5 gap_avg: 0.00015639716907389406
2023-10-28 15:35:45,071:INFO::Epoch: 5 Cluster_epoch: 6 gap_avg: 0.00011170387615523003
2023-10-28 15:35:46,856:INFO::Epoch: 5 Cluster_epoch: 7 gap_avg: 6.30480517027e-05
2023-10-28 15:35:48,517:INFO::Epoch: 5 Cluster_epoch: 8 gap_avg: 3.719744382277744e-05
2023-10-28 15:35:50,163:INFO::Epoch: 5 Cluster_epoch: 9 gap_avg: 2.10948130439387e-05
2023-10-28 15:35:51,712:INFO::Epoch: 5 Cluster_epoch: 10 gap_avg: 1.5812923039269303e-05
2023-10-28 15:35:53,112:INFO::Epoch: 5 Cluster_epoch: 11 gap_avg: 8.577671991770449e-06
2023-10-28 15:35:54,387:INFO::Epoch: 5 Cluster_epoch: 12 gap_avg: 4.447060046498967e-06
2023-10-28 15:35:55,733:INFO::Epoch: 5 Cluster_epoch: 13 gap_avg: 8.225484023682168e-06
2023-10-28 15:35:56,931:INFO::Epoch: 5 Cluster_epoch: 14 gap_avg: 7.370842749168568e-06
2023-10-28 15:35:58,109:INFO::Epoch: 5 Cluster_epoch: 15 gap_avg: 4.145750238212472e-06
2023-10-28 15:35:58,109:INFO::cluster center is too close to stop training
2023-10-28 15:35:58,109:INFO::cluster info:
0: 4;	1: 9;	2: 9;	3: 9;	4: 9;	5: 9;	6: 5;	7: 9;	8: 9;	9: 4;	10: 9;	11: 6;	12: 7;	13: 7;	14: 9;	15: 5;	16: 9;	17: 7;	18: 9;	19: 6;	20: 7;	21: 2;	22: 4;	23: 9;	24: 9;	25: 9;	26: 4;	27: 0;	28: 7;	29: 3;	30: 8;	31: 3;	32: 0;	33: 1;	34: 7;	35: 2;	36: 9;	37: 8;	38: 1;	39: 9;	40: 0;	41: 7;	42: 7;	43: 3;	44
26098: 9;	26099: 8;	26100: 0;	26101: 8;	26102: 4;	26103: 0;	26104: 9;	26105: 0;	26106: 9;	26107: 0;	26108: 6;	26109: 7;	26110: 9;	26111: 7;	26112: 8;	26113: 7;	26114: 7;	26115: 7;	26116: 8;	26117: 3;	26118: 7;	26119: 7;	26120: 7;	26121: 7;	26122: 7;	26123: 2;	26124: 5;	26125: 1;	26126: 7;	26127: 7;	
2023-10-28 15:35:58,110:INFO::Validation loss decreased (1.272174 --> 1.245392).  Saving model ...
2023-10-28 15:35:58,116:INFO::Epoch: 6
tensor([[0.2476, 0.2513, 0.2560, 0.2451],
        [0.2545, 0.2576, 0.2439, 0.2440],
        [0.2499, 0.2488, 0.2517, 0.2496],
        [0.2468, 0.2555, 0.2519, 0.2458],
        [0.2523, 0.2445, 0.2549, 0.2484],
        [0.2449, 0.2470, 0.2538, 0.2543],
        [0.2487, 0.2489, 0.2508, 0.2516],
        [0.2501, 0.2479, 0.2497, 0.2523],
        [0.2542, 0.2502, 0.2475, 0.2481],
        [0.2446, 0.2527, 0.2453, 0.2573]], device='cuda:0',
       grad_fn=<SoftmaxBackward0>)
2023-10-28 15:36:00,825:INFO::save_dir_name: gat_darts_C10_useEM_coef0.3_Adam_gcn.ppnp.mean.one-hot_noTypeLinear_0120_64_no_shared_ops_lr0.0005_wd0.0001_useSeed123_use_fixseeds_use_adam_patience-30_30
2023-10-28 15:36:00,830:INFO::Epoch 00006 | lr 0.00050 | Train_Loss 1.2402 | Val_Loss 1.2157 | Search Time(s) 2.1665 | Infer Time(s) 0.5476 | Time(s) 2.7141 
2023-10-28 15:36:01,502:INFO::Epoch: 6 Cluster_epoch: 0 gap_avg: 0.0953818131981156
2023-10-28 15:36:02,662:INFO::Epoch: 6 Cluster_epoch: 1 gap_avg: 0.010781093474319818
2023-10-28 15:36:03,818:INFO::Epoch: 6 Cluster_epoch: 2 gap_avg: 0.0012405661651926875
2023-10-28 15:36:05,066:INFO::Epoch: 6 Cluster_epoch: 3 gap_avg: 0.0003634314377159632
2023-10-28 15:36:06,334:INFO::Epoch: 6 Cluster_epoch: 4 gap_avg: 0.00014453550790588537
2023-10-28 15:36:07,616:INFO::Epoch: 6 Cluster_epoch: 5 gap_avg: 0.00011256111266283403
2023-10-28 15:36:08,856:INFO::Epoch: 6 Cluster_epoch: 6 gap_avg: 4.760142783893306e-05
2023-10-28 15:36:10,538:INFO::Epoch: 6 Cluster_epoch: 7 gap_avg: 3.0298974683790167e-05
2023-10-28 15:36:12,114:INFO::Epoch: 6 Cluster_epoch: 8 gap_avg: 2.211576036173025e-05
2023-10-28 15:36:13,590:INFO::Epoch: 6 Cluster_epoch: 9 gap_avg: 1.782155615819711e-05
2023-10-28 15:36:15,185:INFO::Epoch: 6 Cluster_epoch: 10 gap_avg: 1.0849230821976449e-05
2023-10-28 15:36:16,823:INFO::Epoch: 6 Cluster_epoch: 11 gap_avg: 1.045791897477856e-05
2023-10-28 15:36:18,249:INFO::Epoch: 6 Cluster_epoch: 12 gap_avg: 5.024583905558114e-06
2023-10-28 15:36:19,479:INFO::Epoch: 6 Cluster_epoch: 13 gap_avg: 3.358666620337991e-06
2023-10-28 15:36:19,479:INFO::cluster center is too close to stop training
2023-10-28 15:36:19,479:INFO::cluster info:
0: 4;	1: 9;	2: 2;	3: 9;	4: 7;	5: 9;	6: 4;	7: 9;	8: 8;	9: 4;	10: 9;	11: 6;	12: 9;	13: 7;	14: 9;	15: 7;	16: 9;	17: 7;	18: 9;	19: 3;	20: 9;	21: 2;	22: 4;	23: 9;	24: 7;	25: 9;	26: 8;	27: 7;	28: 7;	29: 3;	30: 7;	31: 3;	32: 9;	33: 1;	34: 7;	35: 2;	36: 9;	37: 1;	38: 7;	39: 4;	40: 5;	41: 7;	42: 7;	43: 3;	44
26098: 0;	26099: 8;	26100: 9;	26101: 8;	26102: 4;	26103: 7;	26104: 4;	26105: 1;	26106: 4;	26107: 0;	26108: 6;	26109: 7;	26110: 9;	26111: 9;	26112: 8;	26113: 7;	26114: 7;	26115: 7;	26116: 8;	26117: 3;	26118: 7;	26119: 7;	26120: 7;	26121: 7;	26122: 7;	26123: 2;	26124: 5;	26125: 1;	26126: 7;	26127: 0;	
2023-10-28 15:36:19,480:INFO::Validation loss decreased (1.245392 --> 1.215714).  Saving model ...
2023-10-28 15:36:19,485:INFO::Epoch: 7
tensor([[0.2487, 0.2523, 0.2548, 0.2443],
        [0.2549, 0.2600, 0.2425, 0.2426],
        [0.2500, 0.2503, 0.2504, 0.2494],
        [0.2458, 0.2581, 0.2512, 0.2449],
        [0.2527, 0.2437, 0.2556, 0.2480],
        [0.2449, 0.2470, 0.2541, 0.2540],
        [0.2491, 0.2506, 0.2497, 0.2505],
        [0.2516, 0.2471, 0.2487, 0.2526],
        [0.2547, 0.2506, 0.2476, 0.2471],
        [0.2439, 0.2522, 0.2450, 0.2589]], device='cuda:0',
       grad_fn=<SoftmaxBackward0>)
2023-10-28 15:36:22,046:INFO::save_dir_name: gat_darts_C10_useEM_coef0.3_Adam_gcn.ppnp.mean.one-hot_noTypeLinear_0120_64_no_shared_ops_lr0.0005_wd0.0001_useSeed123_use_fixseeds_use_adam_patience-30_30
2023-10-28 15:36:22,049:INFO::Epoch 00007 | lr 0.00050 | Train_Loss 1.2322 | Val_Loss 1.1826 | Search Time(s) 2.0132 | Infer Time(s) 0.5535 | Time(s) 2.5667 
2023-10-28 15:36:22,664:INFO::Epoch: 7 Cluster_epoch: 0 gap_avg: 0.11315824787888637
2023-10-28 15:36:23,651:INFO::Epoch: 7 Cluster_epoch: 1 gap_avg: 0.009578723282572067
2023-10-28 15:36:24,604:INFO::Epoch: 7 Cluster_epoch: 2 gap_avg: 0.001186906382609263
2023-10-28 15:36:25,598:INFO::Epoch: 7 Cluster_epoch: 3 gap_avg: 0.0003474332885727051
2023-10-28 15:36:26,555:INFO::Epoch: 7 Cluster_epoch: 4 gap_avg: 0.0001497868997048044
2023-10-28 15:36:27,575:INFO::Epoch: 7 Cluster_epoch: 5 gap_avg: 8.531933741628097e-05
2023-10-28 15:36:28,942:INFO::Epoch: 7 Cluster_epoch: 6 gap_avg: 6.103441868717743e-05
2023-10-28 15:36:30,150:INFO::Epoch: 7 Cluster_epoch: 7 gap_avg: 4.893782305066648e-05
2023-10-28 15:36:31,339:INFO::Epoch: 7 Cluster_epoch: 8 gap_avg: 3.205919599911038e-05
2023-10-28 15:36:32,370:INFO::Epoch: 7 Cluster_epoch: 9 gap_avg: 2.0881044986628462e-05
2023-10-28 15:36:33,430:INFO::Epoch: 7 Cluster_epoch: 10 gap_avg: 3.7236218775694217e-05
2023-10-28 15:36:34,475:INFO::Epoch: 7 Cluster_epoch: 11 gap_avg: 2.8057099586348858e-05
2023-10-28 15:36:35,422:INFO::Epoch: 7 Cluster_epoch: 12 gap_avg: 3.0517152158280112e-05
2023-10-28 15:36:36,420:INFO::Epoch: 7 Cluster_epoch: 13 gap_avg: 2.6096408224480172e-05
2023-10-28 15:36:37,420:INFO::Epoch: 7 Cluster_epoch: 14 gap_avg: 1.8676762961554807e-05
2023-10-28 15:36:38,498:INFO::Epoch: 7 Cluster_epoch: 15 gap_avg: 1.2775904234081423e-05
2023-10-28 15:36:39,510:INFO::Epoch: 7 Cluster_epoch: 16 gap_avg: 1.9151938373300613e-05
2023-10-28 15:36:40,529:INFO::Epoch: 7 Cluster_epoch: 17 gap_avg: 1.2773149714889247e-05
2023-10-28 15:36:41,528:INFO::Epoch: 7 Cluster_epoch: 18 gap_avg: 8.905169664855253e-06
2023-10-28 15:36:42,507:INFO::Epoch: 7 Cluster_epoch: 19 gap_avg: 6.877722195314485e-06
2023-10-28 15:36:42,971:INFO::cluster info:
0: 3;	1: 9;	2: 2;	3: 9;	4: 0;	5: 9;	6: 4;	7: 9;	8: 6;	9: 4;	10: 9;	11: 6;	12: 9;	13: 7;	14: 9;	15: 7;	16: 9;	17: 7;	18: 9;	19: 3;	20: 9;	21: 2;	22: 3;	23: 9;	24: 9;	25: 9;	26: 4;	27: 9;	28: 7;	29: 3;	30: 0;	31: 3;	32: 9;	33: 1;	34: 7;	35: 2;	36: 7;	37: 1;	38: 7;	39: 0;	40: 7;	41: 7;	42: 9;	43: 6;	44
26098: 4;	26099: 0;	26100: 8;	26101: 8;	26102: 4;	26103: 7;	26104: 4;	26105: 1;	26106: 0;	26107: 8;	26108: 6;	26109: 7;	26110: 9;	26111: 9;	26112: 8;	26113: 7;	26114: 7;	26115: 7;	26116: 8;	26117: 3;	26118: 7;	26119: 7;	26120: 7;	26121: 7;	26122: 7;	26123: 2;	26124: 5;	26125: 1;	26126: 7;	26127: 9;	
2023-10-28 15:36:42,972:INFO::Validation loss decreased (1.215714 --> 1.182565).  Saving model ...
2023-10-28 15:36:42,978:INFO::Epoch: 8
tensor([[0.2494, 0.2531, 0.2532, 0.2443],
        [0.2553, 0.2622, 0.2411, 0.2413],
        [0.2510, 0.2518, 0.2490, 0.2481],
        [0.2451, 0.2607, 0.2503, 0.2439],
        [0.2524, 0.2436, 0.2555, 0.2485],
        [0.2453, 0.2476, 0.2540, 0.2530],
        [0.2497, 0.2517, 0.2491, 0.2495],
        [0.2530, 0.2480, 0.2472, 0.2519],
        [0.2555, 0.2518, 0.2462, 0.2465],
        [0.2445, 0.2533, 0.2433, 0.2589]], device='cuda:0',
       grad_fn=<SoftmaxBackward0>)
2023-10-28 15:36:45,464:INFO::save_dir_name: gat_darts_C10_useEM_coef0.3_Adam_gcn.ppnp.mean.one-hot_noTypeLinear_0120_64_no_shared_ops_lr0.0005_wd0.0001_useSeed123_use_fixseeds_use_adam_patience-30_30
2023-10-28 15:36:45,467:INFO::Epoch 00008 | lr 0.00050 | Train_Loss 1.1816 | Val_Loss 1.1489 | Search Time(s) 1.9939 | Infer Time(s) 0.4979 | Time(s) 2.4918 
2023-10-28 15:36:45,990:INFO::Epoch: 8 Cluster_epoch: 0 gap_avg: 0.11816207299515827
2023-10-28 15:36:46,959:INFO::Epoch: 8 Cluster_epoch: 1 gap_avg: 0.007868961993113224
2023-10-28 15:36:48,015:INFO::Epoch: 8 Cluster_epoch: 2 gap_avg: 0.0009701309671820201
2023-10-28 15:36:48,957:INFO::Epoch: 8 Cluster_epoch: 3 gap_avg: 0.00031290999751628555
2023-10-28 15:36:49,948:INFO::Epoch: 8 Cluster_epoch: 4 gap_avg: 0.00011619461181546058
2023-10-28 15:36:50,929:INFO::Epoch: 8 Cluster_epoch: 5 gap_avg: 7.340982998368378e-05
2023-10-28 15:36:51,935:INFO::Epoch: 8 Cluster_epoch: 6 gap_avg: 4.611413314192117e-05
2023-10-28 15:36:52,888:INFO::Epoch: 8 Cluster_epoch: 7 gap_avg: 3.723692185164551e-05
2023-10-28 15:36:53,854:INFO::Epoch: 8 Cluster_epoch: 8 gap_avg: 2.922992469434662e-05
2023-10-28 15:36:54,813:INFO::Epoch: 8 Cluster_epoch: 9 gap_avg: 1.4593429030314504e-05
2023-10-28 15:36:56,066:INFO::Epoch: 8 Cluster_epoch: 10 gap_avg: 1.7130711618379532e-05
