2023-12-26 17:04:42,582:INFO::=============== Search Args:
Namespace(dataset='DBLP', feats_type=6, gnn_model='gat', valid_attributed_type=1, cluster_num=8, cluster_eps=1e-05, att_comp_dim=64, hidden_dim=64, num_heads=8, attn_vec_dim=128, search_epoch=350, retrain_epoch=500, inner_epoch=1, patience_search=8, patience_retrain=30, batch_size=2, batch_size_test=2, momentum=0.9, lr=0.0005, lr_rate_min=3e-05, num_layers=3, dropout=0.5, weight_decay=0.0001, slope=0.05, grad_clip=5, network_momentum=0.9, arch_learning_rate=0.005, arch_weight_decay=1e-05, repeat=5, cluster_epoch=4, save_postfix='DBLP', feats_opt='1011', cuda=True, unrolled=False, useSGD=False, useTypeLinear=False, l2norm=False, cluster_norm=False, usedropout=False, is_unrolled='False', is_use_type_linear='False', is_use_SGD='False', is_use_dropout='False', time_line='2023-12-26-16-58-45', edge_feats=64, warmup_epoch=0, clusterupdate_round=1, searcher_name='nasp', rnn_type='RotatE0', neighbor_samples=100, use_minibatch=False, shared_ops=True, e_greedy=0, usebn=False, seed=123, use_5seeds=True, no_use_fixseeds=False, use_dmon=True, collapse_regularization=0.1, dmon_loss_alpha=0.4, tau=1.0, schedule_step=350, schedule_step_retrain=500, use_norm=False, use_adamw=False, use_skip=False, cur_repeat=0, last_hidden_dim=512, logger=<Logger log_output (INFO)>)
2023-12-26 21:26:54,384:INFO::node_type_num: 4
2023-12-26 21:45:10,673:INFO::=============== Prepare basic data stage finish, use 16828.091011047363 time.
2023-12-26 21:46:02,198:INFO::save_dir_name: gat_nasp_egreedy0_C8_useDmon_coef0.4_Adam_gcn.ppnp.mean.one-hot_noTypeLinear_014_64_shared_ops_lr0.0005_wd0.0001_use5seeds_use_adam_patience-8_30_not_use_skip
2023-12-26 21:49:12,291:INFO::Epoch: 0
tensor([[0.5000, 0.5000, 0.5000, 0.5000],
        [0.5000, 0.5000, 0.5000, 0.5000],
        [0.5000, 0.5000, 0.5000, 0.5000],
        [0.5000, 0.5000, 0.5000, 0.5000],
        [0.5000, 0.5000, 0.5000, 0.5000],
        [0.5000, 0.5000, 0.5000, 0.5000],
        [0.5000, 0.5000, 0.5000, 0.5000],
        [0.5000, 0.5000, 0.5000, 0.5000]], device='cuda:0', requires_grad=True)
2023-12-26 21:49:12,325:INFO::its now!!!!!!!!5
2023-12-27 17:07:57,318:INFO::its now!!!!!!!!0
2023-12-27 17:07:57,519:INFO::its now!!!!!!!!3
2023-12-27 17:07:58,507:INFO::its now!!!!!!!!5
2023-12-27 17:23:59,281:INFO::its now!!!!!!!!
2023-12-27 17:23:59,282:INFO::its now!!!!!!!! on 
2023-12-27 17:23:59,723:INFO::its now!!!!!!!!5
2023-12-27 18:41:14,249:INFO::save_dir_name: gat_nasp_egreedy0_C8_useDmon_coef0.4_Adam_gcn.ppnp.mean.one-hot_noTypeLinear_014_64_shared_ops_lr0.0005_wd0.0001_use5seeds_use_adam_patience-8_30_not_use_skip
2023-12-27 18:41:14,255:INFO::Epoch 00000 | lr 0.00050 | Train_Loss 1.4819 | Train_Classification_Loss 1.4942 | Dmon_Loss -0.0307 | Val_Loss 1.5767 | Search Time(s) 70488.1913 | Infer Time(s) 4634.5322 | Time(s) 75122.7235 
2023-12-27 18:41:14,419:INFO::cluster info:
0: 7;	1: 3;	2: 2;	3: 1;	4: 6;	5: 3;	6: 1;	7: 6;	8: 1;	9: 1;	10: 6;	11: 6;	12: 3;	13: 1;	14: 2;	15: 2;	16: 1;	17: 5;	18: 4;	19: 0;	20: 6;	21: 3;	22: 1;	23: 1;	24: 4;	25: 4;	26: 3;	27: 0;	28: 6;	29: 0;	30: 1;	31: 1;	32: 3;	33: 0;	34: 6;	35: 7;	36: 1;	37: 7;	38: 2;	39: 0;	40: 2;	41: 2;	42: 1;	43: 0;	44
26098: 6;	26099: 1;	26100: 1;	26101: 7;	26102: 6;	26103: 1;	26104: 1;	26105: 7;	26106: 1;	26107: 7;	26108: 1;	26109: 1;	26110: 1;	26111: 1;	26112: 1;	26113: 1;	26114: 1;	26115: 1;	26116: 1;	26117: 1;	26118: 1;	26119: 1;	26120: 1;	26121: 1;	26122: 1;	26123: 1;	26124: 1;	26125: 1;	26126: 1;	26127: 3;	
2023-12-27 18:41:14,432:INFO::Epoch: 1
tensor([[0.4950, 0.5050, 0.5050, 0.5050],
        [0.4950, 0.5050, 0.5050, 0.5050],
        [0.4950, 0.5050, 0.5050, 0.5050],
        [0.4950, 0.5050, 0.5050, 0.5050],
        [0.4950, 0.5050, 0.5050, 0.5050],
        [0.4950, 0.5050, 0.5050, 0.5050],
        [0.4950, 0.5050, 0.5050, 0.5050],
        [0.4950, 0.5050, 0.5050, 0.5050]], device='cuda:0', requires_grad=True)
2023-12-27 18:41:14,434:INFO::its now!!!!!!!!5
2023-12-27 19:04:03,866:INFO::its now!!!!!!!!0
2023-12-27 19:04:03,868:INFO::its now!!!!!!!!3
2023-12-27 19:04:04,159:INFO::its now!!!!!!!!5
2023-12-27 19:04:07,114:INFO::its now!!!!!!!!
2023-12-27 19:04:07,114:INFO::its now!!!!!!!! on 
2023-12-27 19:04:07,370:INFO::its now!!!!!!!!5
2023-12-27 19:04:42,158:INFO::save_dir_name: gat_nasp_egreedy0_C8_useDmon_coef0.4_Adam_gcn.ppnp.mean.one-hot_noTypeLinear_014_64_shared_ops_lr0.0005_wd0.0001_use5seeds_use_adam_patience-8_30_not_use_skip
2023-12-27 19:04:42,162:INFO::Epoch 00001 | lr 0.00050 | Train_Loss 1.3926 | Train_Classification_Loss 1.4051 | Dmon_Loss -0.0312 | Val_Loss 1.3976 | Search Time(s) 1372.9250 | Infer Time(s) 34.8075 | Time(s) 1407.7325 
2023-12-27 19:04:42,238:INFO::cluster info:
0: 2;	1: 3;	2: 0;	3: 1;	4: 2;	5: 3;	6: 7;	7: 1;	8: 1;	9: 6;	10: 1;	11: 1;	12: 3;	13: 1;	14: 1;	15: 7;	16: 0;	17: 1;	18: 3;	19: 0;	20: 3;	21: 1;	22: 0;	23: 3;	24: 1;	25: 3;	26: 3;	27: 1;	28: 1;	29: 0;	30: 1;	31: 1;	32: 0;	33: 6;	34: 2;	35: 0;	36: 0;	37: 0;	38: 1;	39: 0;	40: 0;	41: 6;	42: 1;	43: 4;	44
26098: 6;	26099: 3;	26100: 0;	26101: 0;	26102: 6;	26103: 0;	26104: 0;	26105: 1;	26106: 2;	26107: 2;	26108: 1;	26109: 1;	26110: 1;	26111: 1;	26112: 1;	26113: 1;	26114: 1;	26115: 1;	26116: 1;	26117: 1;	26118: 1;	26119: 1;	26120: 1;	26121: 1;	26122: 1;	26123: 1;	26124: 1;	26125: 1;	26126: 1;	26127: 0;	
2023-12-27 19:04:42,240:INFO::Validation loss decreased (inf --> 1.397591).  Saving model ...
2023-12-27 19:04:42,246:INFO::Epoch: 2
tensor([[0.4899, 0.5073, 0.5071, 0.5071],
        [0.4900, 0.5056, 0.5071, 0.5071],
        [0.4897, 0.5073, 0.5071, 0.5071],
        [0.4900, 0.5073, 0.5071, 0.5071],
        [0.4901, 0.5073, 0.5071, 0.5071],
        [0.4899, 0.5074, 0.5071, 0.5071],
        [0.4902, 0.5073, 0.5071, 0.5071],
        [0.4898, 0.5073, 0.5071, 0.5071]], device='cuda:0', requires_grad=True)
2023-12-27 19:04:42,247:INFO::its now!!!!!!!!5
2023-12-27 19:05:40,397:INFO::its now!!!!!!!!0
2023-12-27 19:05:40,405:INFO::its now!!!!!!!!3
2023-12-27 19:05:40,741:INFO::its now!!!!!!!!5
2023-12-27 19:05:43,578:INFO::its now!!!!!!!!
2023-12-27 19:05:43,578:INFO::its now!!!!!!!! on 
2023-12-27 19:05:44,134:INFO::its now!!!!!!!!5
2023-12-27 19:14:48,808:INFO::save_dir_name: gat_nasp_egreedy0_C8_useDmon_coef0.4_Adam_gcn.ppnp.mean.one-hot_noTypeLinear_014_64_shared_ops_lr0.0005_wd0.0001_use5seeds_use_adam_patience-8_30_not_use_skip
2023-12-27 19:16:51,147:INFO::Epoch 00002 | lr 0.00050 | Train_Loss 1.3834 | Train_Classification_Loss 1.3959 | Dmon_Loss -0.0313 | Val_Loss 1.3602 | Search Time(s) 61.8110 | Infer Time(s) 544.7558 | Time(s) 606.5668 
2023-12-27 19:19:43,831:INFO::cluster info:
0: 0;	1: 1;	2: 1;	3: 1;	4: 0;	5: 1;	6: 0;	7: 1;	8: 1;	9: 3;	10: 3;	11: 0;	12: 0;	13: 3;	14: 1;	15: 0;	16: 1;	17: 1;	18: 3;	19: 1;	20: 0;	21: 3;	22: 3;	23: 1;	24: 6;	25: 1;	26: 3;	27: 6;	28: 2;	29: 0;	30: 0;	31: 2;	32: 1;	33: 7;	34: 3;	35: 7;	36: 1;	37: 6;	38: 1;	39: 1;	40: 3;	41: 1;	42: 1;	43: 1;	44
26098: 5;	26099: 3;	26100: 4;	26101: 3;	26102: 1;	26103: 3;	26104: 1;	26105: 6;	26106: 5;	26107: 2;	26108: 1;	26109: 1;	26110: 1;	26111: 1;	26112: 1;	26113: 0;	26114: 1;	26115: 1;	26116: 1;	26117: 1;	26118: 1;	26119: 1;	26120: 1;	26121: 1;	26122: 1;	26123: 1;	26124: 1;	26125: 1;	26126: 1;	26127: 1;	
2023-12-27 19:20:40,261:INFO::Validation loss decreased (1.397591 --> 1.360210).  Saving model ...
2023-12-27 19:20:44,483:INFO::Epoch: 3
tensor([[0.4944, 0.5085, 0.5098, 0.5098],
        [0.4945, 0.5075, 0.5081, 0.5098],
        [0.4942, 0.5085, 0.5098, 0.5098],
        [0.4945, 0.5084, 0.5098, 0.5098],
        [0.4946, 0.5086, 0.5098, 0.5098],
        [0.4942, 0.5086, 0.5098, 0.5098],
        [0.4947, 0.5084, 0.5098, 0.5098],
        [0.4943, 0.5085, 0.5098, 0.5098]], device='cuda:0', requires_grad=True)
2023-12-27 19:22:50,702:INFO::its now!!!!!!!!5
2023-12-27 19:24:41,685:INFO::its now!!!!!!!!0
2023-12-27 19:24:41,693:INFO::its now!!!!!!!!3
2023-12-27 19:24:42,006:INFO::its now!!!!!!!!5
2023-12-27 19:29:34,351:INFO::its now!!!!!!!!
2023-12-27 19:29:34,352:INFO::its now!!!!!!!! on 
2023-12-27 19:29:34,677:INFO::its now!!!!!!!!5
2023-12-27 19:30:39,848:INFO::save_dir_name: gat_nasp_egreedy0_C8_useDmon_coef0.4_Adam_gcn.ppnp.mean.one-hot_noTypeLinear_014_64_shared_ops_lr0.0005_wd0.0001_use5seeds_use_adam_patience-8_30_not_use_skip
2023-12-27 19:30:40,231:INFO::Epoch 00003 | lr 0.00050 | Train_Loss 1.3479 | Train_Classification_Loss 1.3604 | Dmon_Loss -0.0313 | Val_Loss 1.3497 | Search Time(s) 531.2450 | Infer Time(s) 65.1739 | Time(s) 596.4189 
2023-12-27 19:32:38,571:INFO::cluster info:
0: 0;	1: 1;	2: 3;	3: 1;	4: 1;	5: 1;	6: 1;	7: 1;	8: 6;	9: 3;	10: 1;	11: 0;	12: 7;	13: 3;	14: 1;	15: 1;	16: 5;	17: 0;	18: 3;	19: 0;	20: 1;	21: 1;	22: 1;	23: 1;	24: 1;	25: 0;	26: 6;	27: 3;	28: 1;	29: 2;	30: 1;	31: 7;	32: 0;	33: 0;	34: 6;	35: 0;	36: 1;	37: 3;	38: 0;	39: 3;	40: 3;	41: 0;	42: 1;	43: 7;	44
26098: 1;	26099: 3;	26100: 1;	26101: 1;	26102: 2;	26103: 4;	26104: 4;	26105: 6;	26106: 3;	26107: 2;	26108: 1;	26109: 1;	26110: 1;	26111: 1;	26112: 1;	26113: 1;	26114: 1;	26115: 1;	26116: 3;	26117: 3;	26118: 1;	26119: 1;	26120: 1;	26121: 1;	26122: 1;	26123: 1;	26124: 1;	26125: 1;	26126: 1;	26127: 1;	
2023-12-27 19:33:12,846:INFO::Validation loss decreased (1.360210 --> 1.349659).  Saving model ...
2023-12-27 19:36:22,918:INFO::Epoch: 4
tensor([[0.4973, 0.5093, 0.5113, 0.5115],
        [0.4974, 0.5087, 0.5088, 0.5113],
        [0.4970, 0.5094, 0.5113, 0.5115],
        [0.4973, 0.5092, 0.5113, 0.5115],
        [0.4975, 0.5094, 0.5113, 0.5115],
        [0.4969, 0.5094, 0.5113, 0.5115],
        [0.4975, 0.5092, 0.5113, 0.5115],
        [0.4971, 0.5094, 0.5113, 0.5115]], device='cuda:0', requires_grad=True)
2023-12-27 19:36:24,568:INFO::its now!!!!!!!!5
2023-12-27 19:36:49,882:INFO::its now!!!!!!!!0
2023-12-27 19:36:49,894:INFO::its now!!!!!!!!3
2023-12-27 19:36:50,183:INFO::its now!!!!!!!!5
2023-12-27 19:37:16,574:INFO::its now!!!!!!!!
2023-12-27 19:37:16,574:INFO::its now!!!!!!!! on 
2023-12-27 19:37:16,935:INFO::its now!!!!!!!!5
2023-12-27 19:38:33,376:INFO::save_dir_name: gat_nasp_egreedy0_C8_useDmon_coef0.4_Adam_gcn.ppnp.mean.one-hot_noTypeLinear_014_64_shared_ops_lr0.0005_wd0.0001_use5seeds_use_adam_patience-8_30_not_use_skip
2023-12-27 19:40:15,157:INFO::Epoch 00004 | lr 0.00050 | Train_Loss 1.3411 | Train_Classification_Loss 1.3536 | Dmon_Loss -0.0314 | Val_Loss 1.3280 | Search Time(s) 55.7037 | Infer Time(s) 76.4430 | Time(s) 132.1467 
2023-12-27 19:40:19,983:INFO::cluster info:
0: 6;	1: 2;	2: 3;	3: 1;	4: 3;	5: 1;	6: 1;	7: 1;	8: 1;	9: 2;	10: 3;	11: 1;	12: 3;	13: 0;	14: 1;	15: 7;	16: 1;	17: 1;	18: 1;	19: 1;	20: 3;	21: 0;	22: 3;	23: 1;	24: 6;	25: 1;	26: 3;	27: 0;	28: 0;	29: 2;	30: 3;	31: 3;	32: 3;	33: 4;	34: 3;	35: 1;	36: 1;	37: 1;	38: 3;	39: 5;	40: 0;	41: 1;	42: 0;	43: 3;	44
26098: 0;	26099: 6;	26100: 0;	26101: 0;	26102: 3;	26103: 4;	26104: 7;	26105: 6;	26106: 6;	26107: 4;	26108: 3;	26109: 1;	26110: 3;	26111: 3;	26112: 3;	26113: 1;	26114: 1;	26115: 1;	26116: 3;	26117: 3;	26118: 1;	26119: 3;	26120: 3;	26121: 3;	26122: 1;	26123: 3;	26124: 1;	26125: 1;	26126: 3;	26127: 1;	
2023-12-27 19:40:32,431:INFO::Validation loss decreased (1.349659 --> 1.328022).  Saving model ...
2023-12-27 19:40:43,519:INFO::Epoch: 5
tensor([[0.4988, 0.5098, 0.5122, 0.5124],
        [0.4989, 0.5093, 0.5092, 0.5122],
        [0.4985, 0.5098, 0.5121, 0.5124],
        [0.4989, 0.5096, 0.5121, 0.5124],
        [0.4991, 0.5098, 0.5121, 0.5124],
        [0.4985, 0.5099, 0.5121, 0.5124],
        [0.4991, 0.5097, 0.5121, 0.5124],
        [0.4986, 0.5098, 0.5121, 0.5124]], device='cuda:0', requires_grad=True)
2023-12-27 19:43:54,165:INFO::its now!!!!!!!!5
