2023-10-31 20:09:30,455:INFO::=============== Search Args:
Namespace(dataset='DBLP', feats_type=6, gnn_model='gat', valid_attributed_type=1, cluster_num=10, cluster_eps=1e-05, att_comp_dim=64, hidden_dim=64, num_heads=8, attn_vec_dim=128, search_epoch=350, retrain_epoch=500, inner_epoch=1, patience_search=30, patience_retrain=30, batch_size=8, batch_size_test=32, momentum=0.9, lr=0.0005, lr_rate_min=3e-05, num_layers=2, dropout=0.5, weight_decay=0.0001, slope=0.05, grad_clip=5, network_momentum=0.9, arch_learning_rate=0.005, arch_weight_decay=1e-05, repeat=5, cluster_epoch=4, save_postfix='DBLP', feats_opt='1011', cuda=False, unrolled=False, useSGD=False, useTypeLinear=False, l2norm=False, cluster_norm=False, usedropout=False, is_unrolled='False', is_use_type_linear='False', is_use_SGD='False', is_use_dropout='False', time_line='2023-10-31-20-09-30', edge_feats=64, warmup_epoch=0, clusterupdate_round=1, searcher_name='nasp', rnn_type='RotatE0', neighbor_samples=100, use_minibatch=False, shared_ops=False, e_greedy=0, usebn=False, seed=123, use_5seeds=False, no_use_fixseeds=False, use_dmon=False, collapse_regularization=0.1, dmon_loss_alpha=0.3, tau=1.0, schedule_step=350, schedule_step_retrain=500, use_norm=False, use_adamw=False, use_skip=False, cur_repeat=False, last_hidden_dim=512, logger=<Logger log_output (INFO)>)
2023-10-31 20:10:00,748:INFO::node_type_num: 4
2023-10-31 20:10:39,922:INFO::=============== Prepare basic data stage finish, use 69.46702265739441 time.
2023-10-31 20:11:10,157:INFO::save_dir_name: gat_nasp_egreedy0_C10_useEM_coef0.3_Adam_gcn.ppnp.mean.one-hot_noTypeLinear_014_64_no_shared_ops_lr0.0005_wd0.0001_useSeed123_use_adam_patience-30_30_not_use_skip
2023-10-31 20:11:14,751:INFO::Epoch: 0
tensor([[0.5000, 0.5000, 0.5000, 0.5000],
        [0.5000, 0.5000, 0.5000, 0.5000],
        [0.5000, 0.5000, 0.5000, 0.5000],
        [0.5000, 0.5000, 0.5000, 0.5000],
        [0.5000, 0.5000, 0.5000, 0.5000],
        [0.5000, 0.5000, 0.5000, 0.5000],
        [0.5000, 0.5000, 0.5000, 0.5000],
        [0.5000, 0.5000, 0.5000, 0.5000],
        [0.5000, 0.5000, 0.5000, 0.5000],
        [0.5000, 0.5000, 0.5000, 0.5000]], device='cuda:0', requires_grad=True)
2023-10-31 20:11:15,652:INFO::its now!!!!!!!!5
2023-10-31 20:11:31,769:INFO::its now!!!!!!!!0
2023-10-31 20:11:31,835:INFO::its now!!!!!!!!3
2023-10-31 20:11:32,454:INFO::its now!!!!!!!!5
2023-10-31 20:11:32,933:INFO::its now!!!!!!!!5
2023-10-31 20:11:33,098:INFO::save_dir_name: gat_nasp_egreedy0_C10_useEM_coef0.3_Adam_gcn.ppnp.mean.one-hot_noTypeLinear_014_64_no_shared_ops_lr0.0005_wd0.0001_useSeed123_use_adam_patience-30_30_not_use_skip
2023-10-31 20:11:33,200:INFO::Epoch 00000 | lr 0.00050 | Train_Loss 1.4326 | Val_Loss 1.3829 | Search Time(s) 19.3269 | Infer Time(s) 0.1659 | Time(s) 19.4929 
2023-10-31 20:11:37,071:INFO::Epoch: 0 Cluster_epoch: 1 gap_avg: 0.15029862838547625
2023-10-31 20:11:38,500:INFO::Epoch: 0 Cluster_epoch: 2 gap_avg: 0.03367232476983763
2023-10-31 20:11:39,889:INFO::Epoch: 0 Cluster_epoch: 3 gap_avg: 0.011607530626052506
2023-10-31 20:11:40,594:INFO::cluster info:
0: 4;	1: 9;	2: 0;	3: 4;	4: 8;	5: 9;	6: 6;	7: 4;	8: 3;	9: 0;	10: 4;	11: 3;	12: 0;	13: 8;	14: 4;	15: 1;	16: 8;	17: 1;	18: 3;	19: 4;	20: 3;	21: 2;	22: 4;	23: 3;	24: 8;	25: 3;	26: 7;	27: 4;	28: 0;	29: 4;	30: 3;	31: 6;	32: 0;	33: 3;	34: 3;	35: 2;	36: 4;	37: 7;	38: 1;	39: 0;	40: 1;	41: 1;	42: 8;	43: 2;	44
26098: 0;	26099: 0;	26100: 0;	26101: 0;	26102: 9;	26103: 9;	26104: 0;	26105: 7;	26106: 3;	26107: 0;	26108: 3;	26109: 1;	26110: 9;	26111: 2;	26112: 9;	26113: 6;	26114: 1;	26115: 0;	26116: 4;	26117: 6;	26118: 8;	26119: 0;	26120: 2;	26121: 0;	26122: 7;	26123: 2;	26124: 5;	26125: 1;	26126: 7;	26127: 0;	
2023-10-31 20:11:40,907:INFO::Epoch: 1
tensor([[0.5050, 0.4950, 0.4950, 0.4950],
        [0.5050, 0.4950, 0.4950, 0.4950],
        [0.4950, 0.4950, 0.4950, 0.4950],
        [0.4950, 0.4950, 0.4950, 0.4950],
        [0.4950, 0.4950, 0.4950, 0.4950],
        [0.4950, 0.4950, 0.4950, 0.4950],
        [0.4950, 0.4950, 0.4950, 0.4950],
        [0.4950, 0.4950, 0.4950, 0.4950],
        [0.4950, 0.4950, 0.4950, 0.4950],
        [0.4950, 0.4950, 0.4950, 0.4950]], device='cuda:0', requires_grad=True)
2023-10-31 20:11:40,921:INFO::its now!!!!!!!!5
2023-10-31 20:11:41,090:INFO::its now!!!!!!!!0
2023-10-31 20:11:41,092:INFO::its now!!!!!!!!3
2023-10-31 20:11:41,258:INFO::its now!!!!!!!!5
2023-10-31 20:11:41,675:INFO::its now!!!!!!!!5
2023-10-31 20:11:41,903:INFO::save_dir_name: gat_nasp_egreedy0_C10_useEM_coef0.3_Adam_gcn.ppnp.mean.one-hot_noTypeLinear_014_64_no_shared_ops_lr0.0005_wd0.0001_useSeed123_use_adam_patience-30_30_not_use_skip
2023-10-31 20:11:41,909:INFO::Epoch 00001 | lr 0.00050 | Train_Loss 1.3769 | Val_Loss 1.3260 | Search Time(s) 0.9993 | Infer Time(s) 0.2282 | Time(s) 1.2275 
2023-10-31 20:11:42,633:INFO::Epoch: 1 Cluster_epoch: 0 gap_avg: 0.6988494709140419
