2023-12-02 16:32:29,711:INFO::=============== Search Args:
Namespace(dataset='DBLP', feats_type=6, gnn_model='hgt', valid_attributed_type=1, cluster_num=8, cluster_eps=1e-05, att_comp_dim=64, hidden_dim=64, num_heads=8, attn_vec_dim=128, search_epoch=350, retrain_epoch=500, inner_epoch=1, patience_search=8, patience_retrain=8, batch_size=1, batch_size_test=1, momentum=0.9, lr=0.0005, lr_rate_min=3e-05, num_layers=3, dropout=0.5, weight_decay=0.0001, slope=0.05, grad_clip=5, network_momentum=0.9, arch_learning_rate=0.005, arch_weight_decay=1e-05, repeat=5, cluster_epoch=4, save_postfix='DBLP', feats_opt='1011', cuda=True, unrolled=False, useSGD=False, useTypeLinear=False, l2norm=False, cluster_norm=False, usedropout=False, is_unrolled='False', is_use_type_linear='False', is_use_SGD='False', is_use_dropout='False', time_line='2023-12-02-16-32-29', edge_feats=64, warmup_epoch=0, clusterupdate_round=1, searcher_name='nasp', rnn_type='RotatE0', neighbor_samples=100, use_minibatch=False, shared_ops=True, e_greedy=0.1, usebn=False, seed=123, use_5seeds=True, no_use_fixseeds=False, use_dmon=True, collapse_regularization=0.1, dmon_loss_alpha=0.5, tau=1.0, schedule_step=350, schedule_step_retrain=500, use_norm=False, use_adamw=False, use_skip=False, cur_repeat=0, last_hidden_dim=64, logger=<Logger log_output (INFO)>)
2023-12-02 16:32:50,139:INFO::node_type_num: 4
2023-12-02 16:32:54,178:INFO::=============== Prepare basic data stage finish, use 24.46575379371643 time.
2023-12-02 16:33:10,726:INFO::save_dir_name: hgt_nasp_egreedy0.1_C8_useDmon_coef0.5_Adam_gcn.ppnp.mean.one-hot_noTypeLinear_014_64_shared_ops_lr0.0005_wd0.0001_use5seeds_use_adam_patience-8_8_not_use_skip
2023-12-02 16:33:33,909:INFO::Epoch: 0
tensor([[0.5000, 0.5000, 0.5000, 0.5000],
        [0.5000, 0.5000, 0.5000, 0.5000],
        [0.5000, 0.5000, 0.5000, 0.5000],
        [0.5000, 0.5000, 0.5000, 0.5000],
        [0.5000, 0.5000, 0.5000, 0.5000],
        [0.5000, 0.5000, 0.5000, 0.5000],
        [0.5000, 0.5000, 0.5000, 0.5000],
        [0.5000, 0.5000, 0.5000, 0.5000]], device='cuda:0', requires_grad=True)
2023-12-02 16:33:34,018:INFO::its now!!!!!!!!5
2023-12-02 16:33:51,746:INFO::its now!!!!!!!!0
2023-12-02 16:33:51,787:INFO::its now!!!!!!!!3
2023-12-02 16:33:54,226:INFO::its now!!!!!!!!5
2023-12-02 16:33:56,067:INFO::its now!!!!!!!!
2023-12-02 16:33:56,067:INFO::its now!!!!!!!! on 
2023-12-02 16:33:57,325:INFO::its now!!!!!!!!5
2023-12-02 16:33:58,851:INFO::save_dir_name: hgt_nasp_egreedy0.1_C8_useDmon_coef0.5_Adam_gcn.ppnp.mean.one-hot_noTypeLinear_014_64_shared_ops_lr0.0005_wd0.0001_use5seeds_use_adam_patience-8_8_not_use_skip
2023-12-02 16:33:59,031:INFO::Epoch 00000 | lr 0.00050 | Train_Loss 1.3777 | Train_Classification_Loss 1.3932 | Dmon_Loss -0.0311 | Val_Loss 1.3869 | Search Time(s) 24.4436 | Infer Time(s) 1.5280 | Time(s) 25.9715 
2023-12-02 16:33:59,155:INFO::cluster info:
0: 2;	1: 2;	2: 1;	3: 2;	4: 2;	5: 2;	6: 2;	7: 2;	8: 2;	9: 2;	10: 0;	11: 2;	12: 2;	13: 2;	14: 2;	15: 0;	16: 2;	17: 1;	18: 2;	19: 1;	20: 2;	21: 5;	22: 1;	23: 2;	24: 2;	25: 2;	26: 2;	27: 2;	28: 0;	29: 5;	30: 2;	31: 5;	32: 2;	33: 2;	34: 2;	35: 2;	36: 1;	37: 2;	38: 2;	39: 2;	40: 5;	41: 1;	42: 2;	43: 2;	44
26098: 2;	26099: 6;	26100: 2;	26101: 2;	26102: 7;	26103: 2;	26104: 2;	26105: 7;	26106: 2;	26107: 5;	26108: 6;	26109: 6;	26110: 2;	26111: 6;	26112: 2;	26113: 6;	26114: 6;	26115: 7;	26116: 6;	26117: 2;	26118: 6;	26119: 6;	26120: 6;	26121: 6;	26122: 6;	26123: 4;	26124: 2;	26125: 6;	26126: 7;	26127: 6;	
2023-12-02 16:33:59,160:INFO::Epoch: 1
tensor([[0.4950, 0.4950, 0.4950, 0.4950],
        [0.5050, 0.4950, 0.4950, 0.4950],
        [0.5050, 0.4950, 0.4950, 0.4950],
        [0.4950, 0.4950, 0.4950, 0.4950],
        [0.5050, 0.4950, 0.4950, 0.4950],
        [0.4950, 0.4950, 0.4950, 0.4950],
        [0.5050, 0.4950, 0.4950, 0.4950],
        [0.5050, 0.4950, 0.4950, 0.4950]], device='cuda:0', requires_grad=True)
2023-12-02 16:33:59,161:INFO::its now!!!!!!!!5
2023-12-02 16:34:00,507:INFO::its now!!!!!!!!0
2023-12-02 16:34:00,508:INFO::its now!!!!!!!!3
2023-12-02 16:34:01,040:INFO::its now!!!!!!!!5
2023-12-02 16:34:02,354:INFO::its now!!!!!!!!
2023-12-02 16:34:02,354:INFO::its now!!!!!!!! on 
2023-12-02 16:34:03,509:INFO::its now!!!!!!!!5
2023-12-02 16:34:05,020:INFO::save_dir_name: hgt_nasp_egreedy0.1_C8_useDmon_coef0.5_Adam_gcn.ppnp.mean.one-hot_noTypeLinear_014_64_shared_ops_lr0.0005_wd0.0001_use5seeds_use_adam_patience-8_8_not_use_skip
2023-12-02 16:34:05,022:INFO::Epoch 00001 | lr 0.00050 | Train_Loss 1.3767 | Train_Classification_Loss 1.3922 | Dmon_Loss -0.0311 | Val_Loss 1.3862 | Search Time(s) 4.3467 | Infer Time(s) 1.5164 | Time(s) 5.8632 
2023-12-02 16:34:05,070:INFO::cluster info:
0: 2;	1: 5;	2: 2;	3: 2;	4: 2;	5: 1;	6: 2;	7: 2;	8: 1;	9: 2;	10: 0;	11: 1;	12: 2;	13: 2;	14: 5;	15: 5;	16: 0;	17: 2;	18: 2;	19: 2;	20: 2;	21: 2;	22: 2;	23: 2;	24: 2;	25: 2;	26: 0;	27: 2;	28: 2;	29: 2;	30: 1;	31: 2;	32: 2;	33: 1;	34: 0;	35: 0;	36: 5;	37: 5;	38: 2;	39: 0;	40: 2;	41: 2;	42: 0;	43: 2;	44
26098: 7;	26099: 7;	26100: 6;	26101: 2;	26102: 2;	26103: 2;	26104: 5;	26105: 5;	26106: 2;	26107: 7;	26108: 6;	26109: 7;	26110: 6;	26111: 6;	26112: 6;	26113: 6;	26114: 6;	26115: 7;	26116: 6;	26117: 6;	26118: 6;	26119: 7;	26120: 2;	26121: 6;	26122: 6;	26123: 6;	26124: 6;	26125: 6;	26126: 6;	26127: 6;	
2023-12-02 16:34:05,072:INFO::Validation loss decreased (inf --> 1.386214).  Saving model ...
2023-12-02 16:34:05,076:INFO::Epoch: 2
tensor([[0.4898, 0.4906, 0.4906, 0.4906],
        [0.5103, 0.4906, 0.4906, 0.4906],
        [0.5101, 0.4906, 0.4906, 0.4906],
        [0.4910, 0.4906, 0.4906, 0.4906],
        [0.5011, 0.4906, 0.4906, 0.4906],
        [0.4933, 0.4906, 0.4906, 0.4906],
        [0.5017, 0.4906, 0.4906, 0.4906],
        [0.5050, 0.4906, 0.4906, 0.4906]], device='cuda:0', requires_grad=True)
2023-12-02 16:34:05,077:INFO::its now!!!!!!!!5
2023-12-02 16:34:06,455:INFO::its now!!!!!!!!0
2023-12-02 16:34:06,457:INFO::its now!!!!!!!!3
2023-12-02 16:34:07,005:INFO::its now!!!!!!!!5
2023-12-02 16:34:08,446:INFO::its now!!!!!!!!
2023-12-02 16:34:08,446:INFO::its now!!!!!!!! on 
2023-12-02 16:34:09,599:INFO::its now!!!!!!!!5
2023-12-02 16:34:11,106:INFO::save_dir_name: hgt_nasp_egreedy0.1_C8_useDmon_coef0.5_Adam_gcn.ppnp.mean.one-hot_noTypeLinear_014_64_shared_ops_lr0.0005_wd0.0001_use5seeds_use_adam_patience-8_8_not_use_skip
2023-12-02 16:34:11,108:INFO::Epoch 00002 | lr 0.00050 | Train_Loss 1.3758 | Train_Classification_Loss 1.3914 | Dmon_Loss -0.0311 | Val_Loss 1.3856 | Search Time(s) 4.5257 | Infer Time(s) 1.5086 | Time(s) 6.0343 
2023-12-02 16:34:11,150:INFO::cluster info:
0: 2;	1: 2;	2: 0;	3: 2;	4: 2;	5: 5;	6: 2;	7: 2;	8: 2;	9: 2;	10: 2;	11: 2;	12: 2;	13: 2;	14: 2;	15: 2;	16: 2;	17: 2;	18: 2;	19: 2;	20: 2;	21: 1;	22: 2;	23: 2;	24: 2;	25: 2;	26: 0;	27: 0;	28: 2;	29: 1;	30: 2;	31: 2;	32: 2;	33: 2;	34: 2;	35: 1;	36: 2;	37: 2;	38: 2;	39: 2;	40: 2;	41: 5;	42: 2;	43: 2;	44
26098: 7;	26099: 2;	26100: 7;	26101: 7;	26102: 2;	26103: 2;	26104: 7;	26105: 6;	26106: 7;	26107: 2;	26108: 2;	26109: 2;	26110: 6;	26111: 6;	26112: 2;	26113: 6;	26114: 6;	26115: 6;	26116: 2;	26117: 7;	26118: 6;	26119: 2;	26120: 7;	26121: 7;	26122: 6;	26123: 6;	26124: 6;	26125: 7;	26126: 7;	26127: 7;	
2023-12-02 16:34:11,166:INFO::Validation loss decreased (1.386214 --> 1.385568).  Saving model ...
2023-12-02 16:34:11,171:INFO::Epoch: 3
tensor([[0.4848, 0.4883, 0.4856, 0.4856],
        [0.5145, 0.4856, 0.4856, 0.4856],
        [0.5156, 0.4856, 0.4856, 0.4856],
        [0.4873, 0.4856, 0.4856, 0.4856],
        [0.4961, 0.4856, 0.4856, 0.4856],
        [0.4907, 0.4856, 0.4856, 0.4856],
        [0.4972, 0.4856, 0.4856, 0.4856],
        [0.5034, 0.4856, 0.4856, 0.4856]], device='cuda:0', requires_grad=True)
2023-12-02 16:34:11,172:INFO::its now!!!!!!!!5
2023-12-02 16:34:12,659:INFO::its now!!!!!!!!0
2023-12-02 16:34:12,660:INFO::its now!!!!!!!!3
2023-12-02 16:34:13,208:INFO::its now!!!!!!!!5
2023-12-02 16:34:14,671:INFO::its now!!!!!!!!
2023-12-02 16:34:14,671:INFO::its now!!!!!!!! on 
2023-12-02 16:34:15,829:INFO::its now!!!!!!!!5
2023-12-02 16:34:17,089:INFO::save_dir_name: hgt_nasp_egreedy0.1_C8_useDmon_coef0.5_Adam_gcn.ppnp.mean.one-hot_noTypeLinear_014_64_shared_ops_lr0.0005_wd0.0001_use5seeds_use_adam_patience-8_8_not_use_skip
2023-12-02 16:34:17,091:INFO::Epoch 00003 | lr 0.00050 | Train_Loss 1.3754 | Train_Classification_Loss 1.3910 | Dmon_Loss -0.0311 | Val_Loss 1.3850 | Search Time(s) 4.6598 | Infer Time(s) 1.2635 | Time(s) 5.9232 
2023-12-02 16:34:17,130:INFO::cluster info:
0: 2;	1: 2;	2: 2;	3: 2;	4: 1;	5: 1;	6: 2;	7: 2;	8: 2;	9: 2;	10: 2;	11: 0;	12: 2;	13: 2;	14: 2;	15: 1;	16: 2;	17: 2;	18: 2;	19: 2;	20: 2;	21: 2;	22: 2;	23: 0;	24: 1;	25: 2;	26: 2;	27: 2;	28: 5;	29: 2;	30: 2;	31: 2;	32: 2;	33: 0;	34: 2;	35: 2;	36: 2;	37: 2;	38: 2;	39: 1;	40: 2;	41: 2;	42: 5;	43: 5;	44
26098: 2;	26099: 2;	26100: 2;	26101: 2;	26102: 7;	26103: 7;	26104: 7;	26105: 2;	26106: 7;	26107: 5;	26108: 6;	26109: 6;	26110: 2;	26111: 6;	26112: 6;	26113: 6;	26114: 6;	26115: 6;	26116: 7;	26117: 6;	26118: 6;	26119: 6;	26120: 6;	26121: 6;	26122: 6;	26123: 2;	26124: 7;	26125: 2;	26126: 6;	26127: 7;	
2023-12-02 16:34:17,131:INFO::Validation loss decreased (1.385568 --> 1.384961).  Saving model ...
2023-12-02 16:34:17,134:INFO::Epoch: 4
tensor([[0.4824, 0.4870, 0.4831, 0.4831],
        [0.5181, 0.4831, 0.4831, 0.4831],
        [0.5211, 0.4831, 0.4831, 0.4831],
        [0.4836, 0.4831, 0.4831, 0.4831],
        [0.4908, 0.4831, 0.4831, 0.4831],
        [0.4937, 0.4831, 0.4831, 0.4831],
        [0.4976, 0.4831, 0.4831, 0.4831],
        [0.5009, 0.4831, 0.4831, 0.4831]], device='cuda:0', requires_grad=True)
2023-12-02 16:34:17,135:INFO::its now!!!!!!!!5
2023-12-02 16:34:18,361:INFO::its now!!!!!!!!0
2023-12-02 16:34:18,362:INFO::its now!!!!!!!!3
2023-12-02 16:34:18,909:INFO::its now!!!!!!!!5
2023-12-02 16:34:20,195:INFO::its now!!!!!!!!
2023-12-02 16:34:20,195:INFO::its now!!!!!!!! on 
2023-12-02 16:34:21,354:INFO::its now!!!!!!!!5
2023-12-02 16:34:22,644:INFO::save_dir_name: hgt_nasp_egreedy0.1_C8_useDmon_coef0.5_Adam_gcn.ppnp.mean.one-hot_noTypeLinear_014_64_shared_ops_lr0.0005_wd0.0001_use5seeds_use_adam_patience-8_8_not_use_skip
2023-12-02 16:34:22,646:INFO::Epoch 00004 | lr 0.00050 | Train_Loss 1.3748 | Train_Classification_Loss 1.3904 | Dmon_Loss -0.0311 | Val_Loss 1.3843 | Search Time(s) 4.2220 | Infer Time(s) 1.2913 | Time(s) 5.5133 
2023-12-02 16:34:22,683:INFO::cluster info:
0: 2;	1: 2;	2: 2;	3: 2;	4: 2;	5: 5;	6: 2;	7: 2;	8: 2;	9: 1;	10: 2;	11: 2;	12: 2;	13: 2;	14: 2;	15: 2;	16: 2;	17: 5;	18: 5;	19: 2;	20: 1;	21: 1;	22: 5;	23: 1;	24: 2;	25: 2;	26: 2;	27: 2;	28: 5;	29: 2;	30: 2;	31: 2;	32: 2;	33: 2;	34: 2;	35: 2;	36: 2;	37: 2;	38: 2;	39: 5;	40: 2;	41: 5;	42: 2;	43: 2;	44
26098: 2;	26099: 2;	26100: 2;	26101: 7;	26102: 2;	26103: 2;	26104: 7;	26105: 2;	26106: 7;	26107: 2;	26108: 6;	26109: 6;	26110: 6;	26111: 6;	26112: 6;	26113: 6;	26114: 7;	26115: 6;	26116: 6;	26117: 6;	26118: 2;	26119: 6;	26120: 7;	26121: 6;	26122: 6;	26123: 6;	26124: 6;	26125: 2;	26126: 6;	26127: 6;	
2023-12-02 16:34:22,684:INFO::Validation loss decreased (1.384961 --> 1.384309).  Saving model ...
2023-12-02 16:34:22,688:INFO::Epoch: 5
tensor([[0.4795, 0.4864, 0.4806, 0.4806],
        [0.5230, 0.4806, 0.4806, 0.4806],
        [0.5273, 0.4806, 0.4806, 0.4806],
        [0.4799, 0.4806, 0.4806, 0.4806],
        [0.4854, 0.4806, 0.4806, 0.4806],
        [0.4967, 0.4806, 0.4806, 0.4806],
        [0.4927, 0.4806, 0.4806, 0.4806],
        [0.4985, 0.4806, 0.4806, 0.4806]], device='cuda:0', requires_grad=True)
2023-12-02 16:34:22,689:INFO::its now!!!!!!!!5
2023-12-02 16:34:24,187:INFO::its now!!!!!!!!0
2023-12-02 16:34:24,188:INFO::its now!!!!!!!!3
2023-12-02 16:34:24,752:INFO::its now!!!!!!!!5
2023-12-02 16:34:26,536:INFO::its now!!!!!!!!
2023-12-02 16:34:26,536:INFO::its now!!!!!!!! on 
2023-12-02 16:34:27,705:INFO::its now!!!!!!!!5
2023-12-02 16:34:29,199:INFO::save_dir_name: hgt_nasp_egreedy0.1_C8_useDmon_coef0.5_Adam_gcn.ppnp.mean.one-hot_noTypeLinear_014_64_shared_ops_lr0.0005_wd0.0001_use5seeds_use_adam_patience-8_8_not_use_skip
2023-12-02 16:34:29,200:INFO::Epoch 00005 | lr 0.00050 | Train_Loss 1.3730 | Train_Classification_Loss 1.3886 | Dmon_Loss -0.0311 | Val_Loss 1.3837 | Search Time(s) 5.0205 | Infer Time(s) 1.4945 | Time(s) 6.5150 
2023-12-02 16:34:29,237:INFO::cluster info:
0: 1;	1: 5;	2: 2;	3: 2;	4: 5;	5: 0;	6: 1;	7: 2;	8: 1;	9: 2;	10: 2;	11: 2;	12: 5;	13: 2;	14: 5;	15: 2;	16: 2;	17: 2;	18: 2;	19: 1;	20: 5;	21: 1;	22: 2;	23: 2;	24: 5;	25: 2;	26: 2;	27: 2;	28: 2;	29: 2;	30: 0;	31: 2;	32: 2;	33: 0;	34: 2;	35: 0;	36: 2;	37: 5;	38: 2;	39: 2;	40: 5;	41: 2;	42: 2;	43: 0;	44
26098: 7;	26099: 2;	26100: 7;	26101: 3;	26102: 2;	26103: 6;	26104: 7;	26105: 2;	26106: 7;	26107: 7;	26108: 6;	26109: 6;	26110: 2;	26111: 6;	26112: 6;	26113: 2;	26114: 4;	26115: 6;	26116: 6;	26117: 6;	26118: 6;	26119: 2;	26120: 6;	26121: 6;	26122: 6;	26123: 2;	26124: 7;	26125: 2;	26126: 6;	26127: 2;	
2023-12-02 16:34:29,239:INFO::Validation loss decreased (1.384309 --> 1.383707).  Saving model ...
2023-12-02 16:34:29,243:INFO::Epoch: 6
tensor([[0.4745, 0.4860, 0.4765, 0.4765],
        [0.5260, 0.4765, 0.4765, 0.4765],
        [0.5337, 0.4765, 0.4765, 0.4765],
        [0.4737, 0.4793, 0.4765, 0.4765],
        [0.4801, 0.4765, 0.4765, 0.4765],
        [0.5006, 0.4765, 0.4765, 0.4765],
        [0.4866, 0.4765, 0.4765, 0.4765],
        [0.4963, 0.4765, 0.4765, 0.4765]], device='cuda:0', requires_grad=True)
2023-12-02 16:34:29,244:INFO::its now!!!!!!!!5
2023-12-02 16:34:30,633:INFO::its now!!!!!!!!0
2023-12-02 16:34:30,634:INFO::its now!!!!!!!!3
2023-12-02 16:34:31,186:INFO::its now!!!!!!!!5
2023-12-02 16:34:32,754:INFO::its now!!!!!!!!
2023-12-02 16:34:32,754:INFO::its now!!!!!!!! on 
2023-12-02 16:34:33,913:INFO::its now!!!!!!!!5
2023-12-02 16:34:35,233:INFO::save_dir_name: hgt_nasp_egreedy0.1_C8_useDmon_coef0.5_Adam_gcn.ppnp.mean.one-hot_noTypeLinear_014_64_shared_ops_lr0.0005_wd0.0001_use5seeds_use_adam_patience-8_8_not_use_skip
2023-12-02 16:34:35,235:INFO::Epoch 00006 | lr 0.00050 | Train_Loss 1.3737 | Train_Classification_Loss 1.3892 | Dmon_Loss -0.0311 | Val_Loss 1.3831 | Search Time(s) 4.6675 | Infer Time(s) 1.3268 | Time(s) 5.9943 
2023-12-02 16:34:35,272:INFO::cluster info:
0: 2;	1: 2;	2: 1;	3: 2;	4: 1;	5: 2;	6: 2;	7: 2;	8: 2;	9: 2;	10: 2;	11: 0;	12: 1;	13: 2;	14: 2;	15: 2;	16: 1;	17: 2;	18: 0;	19: 5;	20: 2;	21: 0;	22: 2;	23: 0;	24: 2;	25: 5;	26: 2;	27: 2;	28: 2;	29: 5;	30: 2;	31: 2;	32: 2;	33: 1;	34: 2;	35: 1;	36: 2;	37: 1;	38: 2;	39: 2;	40: 2;	41: 2;	42: 5;	43: 2;	44
26098: 2;	26099: 7;	26100: 7;	26101: 2;	26102: 2;	26103: 2;	26104: 2;	26105: 2;	26106: 2;	26107: 2;	26108: 6;	26109: 2;	26110: 6;	26111: 6;	26112: 6;	26113: 2;	26114: 2;	26115: 6;	26116: 2;	26117: 2;	26118: 7;	26119: 6;	26120: 6;	26121: 7;	26122: 6;	26123: 2;	26124: 6;	26125: 6;	26126: 2;	26127: 2;	
2023-12-02 16:34:35,273:INFO::Validation loss decreased (1.383707 --> 1.383096).  Saving model ...
2023-12-02 16:34:35,278:INFO::Epoch: 7
tensor([[0.4737, 0.4858, 0.4758, 0.4758],
        [0.5314, 0.4758, 0.4758, 0.4758],
        [0.5395, 0.4758, 0.4758, 0.4758],
        [0.4734, 0.4786, 0.4758, 0.4758],
        [0.4768, 0.4758, 0.4758, 0.4758],
        [0.5068, 0.4758, 0.4758, 0.4758],
        [0.4794, 0.4758, 0.4758, 0.4758],
        [0.4952, 0.4758, 0.4758, 0.4758]], device='cuda:0', requires_grad=True)
2023-12-02 16:34:35,279:INFO::its now!!!!!!!!5
2023-12-02 16:34:36,627:INFO::its now!!!!!!!!0
2023-12-02 16:34:36,629:INFO::its now!!!!!!!!3
2023-12-02 16:34:37,177:INFO::its now!!!!!!!!5
2023-12-02 16:34:38,565:INFO::its now!!!!!!!!
2023-12-02 16:34:38,567:INFO::its now!!!!!!!! on 
2023-12-02 16:34:39,721:INFO::its now!!!!!!!!5
2023-12-02 16:34:40,990:INFO::save_dir_name: hgt_nasp_egreedy0.1_C8_useDmon_coef0.5_Adam_gcn.ppnp.mean.one-hot_noTypeLinear_014_64_shared_ops_lr0.0005_wd0.0001_use5seeds_use_adam_patience-8_8_not_use_skip
2023-12-02 16:34:40,991:INFO::Epoch 00007 | lr 0.00050 | Train_Loss 1.3730 | Train_Classification_Loss 1.3886 | Dmon_Loss -0.0311 | Val_Loss 1.3825 | Search Time(s) 4.4425 | Infer Time(s) 1.2734 | Time(s) 5.7159 
2023-12-02 16:34:41,028:INFO::cluster info:
0: 2;	1: 2;	2: 2;	3: 2;	4: 2;	5: 2;	6: 2;	7: 2;	8: 1;	9: 5;	10: 0;	11: 2;	12: 2;	13: 2;	14: 1;	15: 2;	16: 2;	17: 2;	18: 2;	19: 2;	20: 2;	21: 1;	22: 2;	23: 2;	24: 2;	25: 2;	26: 0;	27: 2;	28: 2;	29: 2;	30: 2;	31: 2;	32: 2;	33: 2;	34: 2;	35: 5;	36: 2;	37: 2;	38: 2;	39: 2;	40: 2;	41: 2;	42: 2;	43: 2;	44
26098: 7;	26099: 2;	26100: 7;	26101: 7;	26102: 7;	26103: 7;	26104: 2;	26105: 7;	26106: 2;	26107: 7;	26108: 7;	26109: 6;	26110: 6;	26111: 6;	26112: 4;	26113: 6;	26114: 7;	26115: 6;	26116: 7;	26117: 7;	26118: 7;	26119: 6;	26120: 6;	26121: 6;	26122: 6;	26123: 2;	26124: 2;	26125: 6;	26126: 6;	26127: 7;	
2023-12-02 16:34:41,029:INFO::Validation loss decreased (1.383096 --> 1.382529).  Saving model ...
2023-12-02 16:34:41,031:INFO::Epoch: 8
tensor([[0.4707, 0.4857, 0.4734, 0.4734],
        [0.5368, 0.4734, 0.4734, 0.4734],
        [0.5458, 0.4734, 0.4734, 0.4734],
        [0.4697, 0.4782, 0.4734, 0.4734],
        [0.4724, 0.4734, 0.4734, 0.4734],
        [0.5104, 0.4734, 0.4734, 0.4734],
        [0.4788, 0.4734, 0.4734, 0.4734],
        [0.4929, 0.4734, 0.4734, 0.4734]], device='cuda:0', requires_grad=True)
2023-12-02 16:34:41,032:INFO::its now!!!!!!!!5
2023-12-02 16:34:42,306:INFO::its now!!!!!!!!0
2023-12-02 16:34:42,307:INFO::its now!!!!!!!!3
2023-12-02 16:34:42,856:INFO::its now!!!!!!!!5
2023-12-02 16:34:44,257:INFO::its now!!!!!!!!
2023-12-02 16:34:44,257:INFO::its now!!!!!!!! on 
2023-12-02 16:34:45,420:INFO::its now!!!!!!!!5
2023-12-02 16:34:46,643:INFO::save_dir_name: hgt_nasp_egreedy0.1_C8_useDmon_coef0.5_Adam_gcn.ppnp.mean.one-hot_noTypeLinear_014_64_shared_ops_lr0.0005_wd0.0001_use5seeds_use_adam_patience-8_8_not_use_skip
2023-12-02 16:34:46,690:INFO::Epoch 00008 | lr 0.00050 | Train_Loss 1.3723 | Train_Classification_Loss 1.3879 | Dmon_Loss -0.0311 | Val_Loss 1.3819 | Search Time(s) 4.3907 | Infer Time(s) 1.2241 | Time(s) 5.6148 
2023-12-02 16:34:46,751:INFO::cluster info:
0: 2;	1: 2;	2: 5;	3: 0;	4: 2;	5: 1;	6: 5;	7: 1;	8: 5;	9: 2;	10: 2;	11: 2;	12: 2;	13: 1;	14: 2;	15: 2;	16: 2;	17: 2;	18: 2;	19: 2;	20: 2;	21: 5;	22: 2;	23: 2;	24: 2;	25: 2;	26: 2;	27: 2;	28: 2;	29: 5;	30: 2;	31: 2;	32: 0;	33: 2;	34: 5;	35: 6;	36: 1;	37: 2;	38: 2;	39: 2;	40: 2;	41: 2;	42: 5;	43: 2;	44
26098: 7;	26099: 7;	26100: 2;	26101: 7;	26102: 7;	26103: 3;	26104: 6;	26105: 3;	26106: 7;	26107: 7;	26108: 2;	26109: 2;	26110: 6;	26111: 7;	26112: 2;	26113: 6;	26114: 6;	26115: 6;	26116: 6;	26117: 2;	26118: 2;	26119: 6;	26120: 6;	26121: 7;	26122: 2;	26123: 6;	26124: 6;	26125: 6;	26126: 6;	26127: 7;	
2023-12-02 16:34:46,752:INFO::Validation loss decreased (1.382529 --> 1.381920).  Saving model ...
2023-12-02 16:34:46,755:INFO::Epoch: 9
tensor([[0.4669, 0.4856, 0.4702, 0.4702],
        [0.5442, 0.4702, 0.4702, 0.4702],
        [0.5518, 0.4702, 0.4702, 0.4702],
        [0.4647, 0.4779, 0.4702, 0.4702],
        [0.4649, 0.4721, 0.4702, 0.4702],
        [0.5168, 0.4702, 0.4702, 0.4702],
        [0.4804, 0.4702, 0.4702, 0.4702],
        [0.4868, 0.4702, 0.4702, 0.4702]], device='cuda:0', requires_grad=True)
2023-12-02 16:34:46,756:INFO::its now!!!!!!!!5
2023-12-02 16:34:48,021:INFO::its now!!!!!!!!0
2023-12-02 16:34:48,022:INFO::its now!!!!!!!!3
2023-12-02 16:34:48,568:INFO::its now!!!!!!!!5
2023-12-02 16:34:49,872:INFO::its now!!!!!!!!
2023-12-02 16:34:49,872:INFO::its now!!!!!!!! on 
2023-12-02 16:34:51,023:INFO::its now!!!!!!!!5
2023-12-02 16:34:52,268:INFO::save_dir_name: hgt_nasp_egreedy0.1_C8_useDmon_coef0.5_Adam_gcn.ppnp.mean.one-hot_noTypeLinear_014_64_shared_ops_lr0.0005_wd0.0001_use5seeds_use_adam_patience-8_8_not_use_skip
2023-12-02 16:34:52,270:INFO::Epoch 00009 | lr 0.00050 | Train_Loss 1.3710 | Train_Classification_Loss 1.3866 | Dmon_Loss -0.0312 | Val_Loss 1.3814 | Search Time(s) 4.2653 | Infer Time(s) 1.2505 | Time(s) 5.5159 
2023-12-02 16:34:52,306:INFO::cluster info:
0: 2;	1: 2;	2: 2;	3: 2;	4: 2;	5: 2;	6: 2;	7: 5;	8: 2;	9: 2;	10: 2;	11: 2;	12: 1;	13: 2;	14: 2;	15: 2;	16: 1;	17: 1;	18: 2;	19: 5;	20: 1;	21: 2;	22: 2;	23: 1;	24: 2;	25: 2;	26: 2;	27: 0;	28: 1;	29: 2;	30: 2;	31: 1;	32: 2;	33: 2;	34: 2;	35: 2;	36: 2;	37: 2;	38: 2;	39: 5;	40: 6;	41: 2;	42: 2;	43: 2;	44
26098: 2;	26099: 7;	26100: 7;	26101: 2;	26102: 3;	26103: 2;	26104: 2;	26105: 2;	26106: 2;	26107: 7;	26108: 2;	26109: 6;	26110: 7;	26111: 6;	26112: 6;	26113: 2;	26114: 2;	26115: 2;	26116: 7;	26117: 7;	26118: 7;	26119: 6;	26120: 6;	26121: 2;	26122: 6;	26123: 7;	26124: 4;	26125: 2;	26126: 2;	26127: 6;	
2023-12-02 16:34:52,307:INFO::Validation loss decreased (1.381920 --> 1.381376).  Saving model ...
2023-12-02 16:34:52,310:INFO::Epoch: 10
tensor([[0.4638, 0.4856, 0.4677, 0.4677],
        [0.5505, 0.4677, 0.4677, 0.4677],
        [0.5580, 0.4677, 0.4677, 0.4677],
        [0.4607, 0.4778, 0.4677, 0.4677],
        [0.4582, 0.4714, 0.4677, 0.4677],
        [0.5223, 0.4677, 0.4677, 0.4677],
        [0.4862, 0.4677, 0.4677, 0.4677],
        [0.4817, 0.4677, 0.4677, 0.4677]], device='cuda:0', requires_grad=True)
2023-12-02 16:34:52,311:INFO::its now!!!!!!!!5
2023-12-02 16:34:53,703:INFO::its now!!!!!!!!0
2023-12-02 16:34:53,704:INFO::its now!!!!!!!!3
2023-12-02 16:34:54,255:INFO::its now!!!!!!!!5
2023-12-02 16:34:55,537:INFO::its now!!!!!!!!
2023-12-02 16:34:55,537:INFO::its now!!!!!!!! on 
2023-12-02 16:34:56,694:INFO::its now!!!!!!!!5
2023-12-02 16:34:58,004:INFO::save_dir_name: hgt_nasp_egreedy0.1_C8_useDmon_coef0.5_Adam_gcn.ppnp.mean.one-hot_noTypeLinear_014_64_shared_ops_lr0.0005_wd0.0001_use5seeds_use_adam_patience-8_8_not_use_skip
2023-12-02 16:34:58,006:INFO::Epoch 00010 | lr 0.00050 | Train_Loss 1.3715 | Train_Classification_Loss 1.3870 | Dmon_Loss -0.0312 | Val_Loss 1.3808 | Search Time(s) 4.3816 | Infer Time(s) 1.3160 | Time(s) 5.6976 
2023-12-02 16:34:58,042:INFO::cluster info:
0: 2;	1: 2;	2: 2;	3: 2;	4: 2;	5: 2;	6: 2;	7: 2;	8: 2;	9: 2;	10: 1;	11: 5;	12: 2;	13: 2;	14: 2;	15: 2;	16: 2;	17: 2;	18: 1;	19: 2;	20: 2;	21: 2;	22: 2;	23: 1;	24: 2;	25: 2;	26: 2;	27: 2;	28: 2;	29: 2;	30: 2;	31: 2;	32: 2;	33: 1;	34: 2;	35: 2;	36: 2;	37: 2;	38: 2;	39: 2;	40: 2;	41: 1;	42: 2;	43: 1;	44
26098: 7;	26099: 7;	26100: 2;	26101: 7;	26102: 2;	26103: 7;	26104: 7;	26105: 7;	26106: 3;	26107: 7;	26108: 6;	26109: 2;	26110: 7;	26111: 7;	26112: 6;	26113: 2;	26114: 6;	26115: 6;	26116: 2;	26117: 2;	26118: 2;	26119: 2;	26120: 2;	26121: 2;	26122: 6;	26123: 7;	26124: 4;	26125: 2;	26126: 6;	26127: 2;	
2023-12-02 16:34:58,043:INFO::Validation loss decreased (1.381376 --> 1.380820).  Saving model ...
2023-12-02 16:34:58,046:INFO::Epoch: 11
tensor([[0.4609, 0.4856, 0.4653, 0.4653],
        [0.5554, 0.4653, 0.4653, 0.4653],
        [0.5652, 0.4653, 0.4653, 0.4653],
        [0.4568, 0.4777, 0.4653, 0.4653],
        [0.4514, 0.4711, 0.4653, 0.4653],
        [0.5256, 0.4653, 0.4653, 0.4653],
        [0.4894, 0.4653, 0.4653, 0.4653],
        [0.4744, 0.4653, 0.4653, 0.4653]], device='cuda:0', requires_grad=True)
2023-12-02 16:34:58,047:INFO::its now!!!!!!!!5
2023-12-02 16:34:59,498:INFO::its now!!!!!!!!0
2023-12-02 16:34:59,499:INFO::its now!!!!!!!!3
2023-12-02 16:35:00,057:INFO::its now!!!!!!!!5
2023-12-02 16:35:01,938:INFO::its now!!!!!!!!
2023-12-02 16:35:01,938:INFO::its now!!!!!!!! on 
2023-12-02 16:35:03,107:INFO::its now!!!!!!!!5
2023-12-02 16:35:04,492:INFO::save_dir_name: hgt_nasp_egreedy0.1_C8_useDmon_coef0.5_Adam_gcn.ppnp.mean.one-hot_noTypeLinear_014_64_shared_ops_lr0.0005_wd0.0001_use5seeds_use_adam_patience-8_8_not_use_skip
2023-12-02 16:35:04,493:INFO::Epoch 00011 | lr 0.00050 | Train_Loss 1.3705 | Train_Classification_Loss 1.3861 | Dmon_Loss -0.0312 | Val_Loss 1.3803 | Search Time(s) 5.0623 | Infer Time(s) 1.3864 | Time(s) 6.4488 
2023-12-02 16:35:04,542:INFO::cluster info:
0: 0;	1: 5;	2: 2;	3: 2;	4: 0;	5: 5;	6: 0;	7: 2;	8: 1;	9: 2;	10: 1;	11: 2;	12: 1;	13: 2;	14: 2;	15: 1;	16: 2;	17: 2;	18: 2;	19: 2;	20: 2;	21: 2;	22: 2;	23: 1;	24: 2;	25: 2;	26: 5;	27: 1;	28: 2;	29: 2;	30: 2;	31: 1;	32: 2;	33: 2;	34: 1;	35: 2;	36: 1;	37: 2;	38: 2;	39: 0;	40: 0;	41: 2;	42: 2;	43: 5;	44
26098: 2;	26099: 7;	26100: 7;	26101: 2;	26102: 2;	26103: 7;	26104: 2;	26105: 2;	26106: 7;	26107: 3;	26108: 2;	26109: 2;	26110: 6;	26111: 2;	26112: 6;	26113: 6;	26114: 2;	26115: 2;	26116: 6;	26117: 6;	26118: 7;	26119: 6;	26120: 7;	26121: 2;	26122: 7;	26123: 2;	26124: 2;	26125: 6;	26126: 6;	26127: 6;	
2023-12-02 16:35:04,544:INFO::Validation loss decreased (1.380820 --> 1.380318).  Saving model ...
2023-12-02 16:35:04,550:INFO::Epoch: 12
tensor([[0.4601, 0.4856, 0.4646, 0.4646],
        [0.5612, 0.4646, 0.4646, 0.4646],
        [0.5722, 0.4646, 0.4646, 0.4646],
        [0.4558, 0.4777, 0.4646, 0.4646],
        [0.4498, 0.4708, 0.4646, 0.4646],
        [0.5285, 0.4646, 0.4646, 0.4646],
        [0.4914, 0.4646, 0.4646, 0.4646],
        [0.4678, 0.4646, 0.4646, 0.4646]], device='cuda:0', requires_grad=True)
2023-12-02 16:35:04,551:INFO::its now!!!!!!!!5
2023-12-02 16:35:05,935:INFO::its now!!!!!!!!0
2023-12-02 16:35:05,936:INFO::its now!!!!!!!!3
2023-12-02 16:35:06,490:INFO::its now!!!!!!!!5
2023-12-02 16:35:07,847:INFO::its now!!!!!!!!
2023-12-02 16:35:07,847:INFO::its now!!!!!!!! on 
2023-12-02 16:35:09,005:INFO::its now!!!!!!!!5
2023-12-02 16:35:10,229:INFO::save_dir_name: hgt_nasp_egreedy0.1_C8_useDmon_coef0.5_Adam_gcn.ppnp.mean.one-hot_noTypeLinear_014_64_shared_ops_lr0.0005_wd0.0001_use5seeds_use_adam_patience-8_8_not_use_skip
2023-12-02 16:35:10,230:INFO::Epoch 00012 | lr 0.00050 | Train_Loss 1.3700 | Train_Classification_Loss 1.3856 | Dmon_Loss -0.0312 | Val_Loss 1.3798 | Search Time(s) 4.4561 | Infer Time(s) 1.2289 | Time(s) 5.6850 
2023-12-02 16:35:10,264:INFO::cluster info:
0: 5;	1: 2;	2: 2;	3: 2;	4: 2;	5: 2;	6: 1;	7: 2;	8: 2;	9: 0;	10: 2;	11: 2;	12: 1;	13: 2;	14: 2;	15: 0;	16: 2;	17: 2;	18: 2;	19: 0;	20: 0;	21: 2;	22: 2;	23: 2;	24: 2;	25: 2;	26: 2;	27: 2;	28: 2;	29: 2;	30: 1;	31: 2;	32: 0;	33: 5;	34: 2;	35: 2;	36: 2;	37: 2;	38: 2;	39: 2;	40: 5;	41: 2;	42: 2;	43: 1;	44
26098: 2;	26099: 7;	26100: 7;	26101: 7;	26102: 7;	26103: 7;	26104: 7;	26105: 7;	26106: 2;	26107: 2;	26108: 2;	26109: 7;	26110: 6;	26111: 6;	26112: 6;	26113: 2;	26114: 6;	26115: 2;	26116: 6;	26117: 7;	26118: 6;	26119: 6;	26120: 6;	26121: 6;	26122: 2;	26123: 2;	26124: 2;	26125: 6;	26126: 6;	26127: 6;	
2023-12-02 16:35:10,265:INFO::Validation loss decreased (1.380318 --> 1.379778).  Saving model ...
2023-12-02 16:35:10,268:INFO::Epoch: 13
tensor([[0.4560, 0.4857, 0.4612, 0.4612],
        [0.5683, 0.4612, 0.4612, 0.4612],
        [0.5791, 0.4612, 0.4612, 0.4612],
        [0.4507, 0.4776, 0.4612, 0.4612],
        [0.4425, 0.4707, 0.4612, 0.4612],
        [0.5339, 0.4612, 0.4612, 0.4612],
        [0.4934, 0.4612, 0.4612, 0.4612],
        [0.4625, 0.4612, 0.4612, 0.4612]], device='cuda:0', requires_grad=True)
2023-12-02 16:35:10,269:INFO::its now!!!!!!!!5
2023-12-02 16:35:11,595:INFO::its now!!!!!!!!0
2023-12-02 16:35:11,596:INFO::its now!!!!!!!!3
2023-12-02 16:35:12,145:INFO::its now!!!!!!!!5
2023-12-02 16:35:13,416:INFO::its now!!!!!!!!
2023-12-02 16:35:13,416:INFO::its now!!!!!!!! on 
2023-12-02 16:35:14,569:INFO::its now!!!!!!!!5
2023-12-02 16:35:16,253:INFO::save_dir_name: hgt_nasp_egreedy0.1_C8_useDmon_coef0.5_Adam_gcn.ppnp.mean.one-hot_noTypeLinear_014_64_shared_ops_lr0.0005_wd0.0001_use5seeds_use_adam_patience-8_8_not_use_skip
2023-12-02 16:35:16,254:INFO::Epoch 00013 | lr 0.00050 | Train_Loss 1.3696 | Train_Classification_Loss 1.3852 | Dmon_Loss -0.0312 | Val_Loss 1.3792 | Search Time(s) 4.2988 | Infer Time(s) 1.6898 | Time(s) 5.9886 
2023-12-02 16:35:16,307:INFO::cluster info:
0: 2;	1: 2;	2: 2;	3: 0;	4: 2;	5: 2;	6: 2;	7: 2;	8: 2;	9: 5;	10: 2;	11: 2;	12: 2;	13: 2;	14: 2;	15: 2;	16: 2;	17: 2;	18: 2;	19: 1;	20: 5;	21: 2;	22: 5;	23: 2;	24: 2;	25: 2;	26: 2;	27: 2;	28: 1;	29: 2;	30: 5;	31: 2;	32: 2;	33: 2;	34: 0;	35: 1;	36: 2;	37: 2;	38: 1;	39: 1;	40: 2;	41: 2;	42: 1;	43: 2;	44
26098: 7;	26099: 7;	26100: 2;	26101: 3;	26102: 2;	26103: 7;	26104: 7;	26105: 7;	26106: 7;	26107: 7;	26108: 2;	26109: 2;	26110: 2;	26111: 6;	26112: 6;	26113: 2;	26114: 7;	26115: 6;	26116: 6;	26117: 6;	26118: 7;	26119: 6;	26120: 6;	26121: 2;	26122: 6;	26123: 2;	26124: 2;	26125: 6;	26126: 7;	26127: 6;	
2023-12-02 16:35:16,309:INFO::Validation loss decreased (1.379778 --> 1.379221).  Saving model ...
2023-12-02 16:35:16,312:INFO::Epoch: 14
tensor([[0.4559, 0.4857, 0.4611, 0.4611],
        [0.5747, 0.4611, 0.4611, 0.4611],
        [0.5859, 0.4611, 0.4611, 0.4611],
        [0.4506, 0.4776, 0.4611, 0.4611],
        [0.4424, 0.4706, 0.4611, 0.4611],
        [0.5413, 0.4611, 0.4611, 0.4611],
        [0.4992, 0.4611, 0.4611, 0.4611],
        [0.4559, 0.4611, 0.4611, 0.4611]], device='cuda:0', requires_grad=True)
2023-12-02 16:35:16,313:INFO::its now!!!!!!!!5
2023-12-02 16:35:17,897:INFO::its now!!!!!!!!0
2023-12-02 16:35:17,898:INFO::its now!!!!!!!!3
2023-12-02 16:35:18,453:INFO::its now!!!!!!!!5
2023-12-02 16:35:20,254:INFO::its now!!!!!!!!
2023-12-02 16:35:20,254:INFO::its now!!!!!!!! on 
2023-12-02 16:35:21,411:INFO::its now!!!!!!!!5
2023-12-02 16:35:23,066:INFO::save_dir_name: hgt_nasp_egreedy0.1_C8_useDmon_coef0.5_Adam_gcn.ppnp.mean.one-hot_noTypeLinear_014_64_shared_ops_lr0.0005_wd0.0001_use5seeds_use_adam_patience-8_8_not_use_skip
2023-12-02 16:35:23,068:INFO::Epoch 00014 | lr 0.00050 | Train_Loss 1.3690 | Train_Classification_Loss 1.3846 | Dmon_Loss -0.0312 | Val_Loss 1.3787 | Search Time(s) 5.0966 | Infer Time(s) 1.6606 | Time(s) 6.7573 
2023-12-02 16:35:23,107:INFO::cluster info:
0: 2;	1: 2;	2: 5;	3: 1;	4: 2;	5: 0;	6: 1;	7: 2;	8: 2;	9: 5;	10: 2;	11: 0;	12: 1;	13: 2;	14: 2;	15: 2;	16: 2;	17: 5;	18: 2;	19: 0;	20: 5;	21: 2;	22: 0;	23: 2;	24: 2;	25: 1;	26: 5;	27: 2;	28: 2;	29: 2;	30: 0;	31: 2;	32: 5;	33: 2;	34: 5;	35: 2;	36: 2;	37: 2;	38: 2;	39: 2;	40: 2;	41: 2;	42: 2;	43: 5;	44
26098: 7;	26099: 7;	26100: 2;	26101: 7;	26102: 7;	26103: 7;	26104: 7;	26105: 7;	26106: 2;	26107: 7;	26108: 7;	26109: 6;	26110: 2;	26111: 6;	26112: 6;	26113: 6;	26114: 7;	26115: 6;	26116: 6;	26117: 7;	26118: 6;	26119: 6;	26120: 6;	26121: 6;	26122: 4;	26123: 6;	26124: 6;	26125: 6;	26126: 6;	26127: 6;	
2023-12-02 16:35:23,108:INFO::Validation loss decreased (1.379221 --> 1.378725).  Saving model ...
2023-12-02 16:35:23,111:INFO::Epoch: 15
tensor([[0.4549, 0.4857, 0.4603, 0.4603],
        [0.5821, 0.4603, 0.4603, 0.4603],
        [0.5933, 0.4603, 0.4603, 0.4603],
        [0.4494, 0.4775, 0.4603, 0.4603],
        [0.4408, 0.4706, 0.4603, 0.4603],
        [0.5479, 0.4603, 0.4603, 0.4603],
        [0.5032, 0.4603, 0.4603, 0.4603],
        [0.4460, 0.4610, 0.4603, 0.4603]], device='cuda:0', requires_grad=True)
2023-12-02 16:35:23,112:INFO::its now!!!!!!!!5
2023-12-02 16:35:24,510:INFO::its now!!!!!!!!0
2023-12-02 16:35:24,511:INFO::its now!!!!!!!!3
2023-12-02 16:35:25,059:INFO::its now!!!!!!!!5
2023-12-02 16:35:26,404:INFO::its now!!!!!!!!
2023-12-02 16:35:26,404:INFO::its now!!!!!!!! on 
2023-12-02 16:35:27,558:INFO::its now!!!!!!!!5
2023-12-02 16:35:28,809:INFO::save_dir_name: hgt_nasp_egreedy0.1_C8_useDmon_coef0.5_Adam_gcn.ppnp.mean.one-hot_noTypeLinear_014_64_shared_ops_lr0.0005_wd0.0001_use5seeds_use_adam_patience-8_8_not_use_skip
2023-12-02 16:35:28,811:INFO::Epoch 00015 | lr 0.00050 | Train_Loss 1.3677 | Train_Classification_Loss 1.3833 | Dmon_Loss -0.0312 | Val_Loss 1.3782 | Search Time(s) 4.4453 | Infer Time(s) 1.2558 | Time(s) 5.7011 
2023-12-02 16:35:28,847:INFO::cluster info:
0: 2;	1: 2;	2: 2;	3: 5;	4: 2;	5: 0;	6: 2;	7: 0;	8: 3;	9: 2;	10: 2;	11: 2;	12: 2;	13: 2;	14: 2;	15: 2;	16: 0;	17: 2;	18: 1;	19: 2;	20: 5;	21: 2;	22: 2;	23: 1;	24: 1;	25: 2;	26: 2;	27: 2;	28: 5;	29: 2;	30: 2;	31: 0;	32: 2;	33: 2;	34: 0;	35: 2;	36: 5;	37: 2;	38: 2;	39: 2;	40: 0;	41: 2;	42: 1;	43: 0;	44
26098: 6;	26099: 5;	26100: 7;	26101: 2;	26102: 7;	26103: 7;	26104: 7;	26105: 7;	26106: 7;	26107: 3;	26108: 6;	26109: 2;	26110: 6;	26111: 7;	26112: 6;	26113: 7;	26114: 2;	26115: 7;	26116: 6;	26117: 2;	26118: 7;	26119: 6;	26120: 6;	26121: 2;	26122: 2;	26123: 6;	26124: 2;	26125: 2;	26126: 6;	26127: 6;	
2023-12-02 16:35:28,848:INFO::Validation loss decreased (1.378725 --> 1.378221).  Saving model ...
2023-12-02 16:35:28,851:INFO::Epoch: 16
tensor([[0.4527, 0.4857, 0.4583, 0.4583],
        [0.5904, 0.4583, 0.4583, 0.4583],
        [0.6004, 0.4583, 0.4583, 0.4583],
        [0.4466, 0.4775, 0.4583, 0.4583],
        [0.4370, 0.4705, 0.4583, 0.4583],
        [0.5533, 0.4583, 0.4583, 0.4583],
        [0.5105, 0.4583, 0.4583, 0.4583],
        [0.4347, 0.4610, 0.4583, 0.4583]], device='cuda:0', requires_grad=True)
2023-12-02 16:35:28,852:INFO::its now!!!!!!!!5
2023-12-02 16:35:30,075:INFO::its now!!!!!!!!0
2023-12-02 16:35:30,076:INFO::its now!!!!!!!!3
2023-12-02 16:35:30,622:INFO::its now!!!!!!!!5
2023-12-02 16:35:31,912:INFO::its now!!!!!!!!
2023-12-02 16:35:31,912:INFO::its now!!!!!!!! on 
2023-12-02 16:35:33,062:INFO::its now!!!!!!!!5
2023-12-02 16:35:34,319:INFO::save_dir_name: hgt_nasp_egreedy0.1_C8_useDmon_coef0.5_Adam_gcn.ppnp.mean.one-hot_noTypeLinear_014_64_shared_ops_lr0.0005_wd0.0001_use5seeds_use_adam_patience-8_8_not_use_skip
2023-12-02 16:35:34,320:INFO::Epoch 00016 | lr 0.00050 | Train_Loss 1.3682 | Train_Classification_Loss 1.3838 | Dmon_Loss -0.0312 | Val_Loss 1.3777 | Search Time(s) 4.2082 | Infer Time(s) 1.2617 | Time(s) 5.4699 
2023-12-02 16:35:34,359:INFO::cluster info:
0: 1;	1: 1;	2: 0;	3: 0;	4: 1;	5: 2;	6: 1;	7: 2;	8: 5;	9: 5;	10: 2;	11: 5;	12: 5;	13: 2;	14: 0;	15: 0;	16: 1;	17: 2;	18: 1;	19: 2;	20: 2;	21: 2;	22: 2;	23: 2;	24: 2;	25: 2;	26: 1;	27: 0;	28: 1;	29: 2;	30: 2;	31: 1;	32: 0;	33: 2;	34: 2;	35: 5;	36: 5;	37: 2;	38: 2;	39: 2;	40: 1;	41: 2;	42: 5;	43: 2;	44
26098: 7;	26099: 2;	26100: 7;	26101: 7;	26102: 2;	26103: 7;	26104: 7;	26105: 7;	26106: 7;	26107: 2;	26108: 2;	26109: 2;	26110: 7;	26111: 6;	26112: 6;	26113: 6;	26114: 7;	26115: 2;	26116: 7;	26117: 7;	26118: 6;	26119: 6;	26120: 6;	26121: 6;	26122: 6;	26123: 2;	26124: 6;	26125: 7;	26126: 2;	26127: 7;	
2023-12-02 16:35:34,359:INFO::Validation loss decreased (1.378221 --> 1.377734).  Saving model ...
2023-12-02 16:35:34,362:INFO::Epoch: 17
tensor([[0.4551, 0.4858, 0.4604, 0.4604],
        [0.5965, 0.4604, 0.4604, 0.4604],
        [0.6081, 0.4604, 0.4604, 0.4604],
        [0.4495, 0.4774, 0.4604, 0.4604],
        [0.4407, 0.4705, 0.4604, 0.4604],
        [0.5609, 0.4604, 0.4604, 0.4604],
        [0.5093, 0.4604, 0.4604, 0.4604],
        [0.4410, 0.4609, 0.4604, 0.4604]], device='cuda:0', requires_grad=True)
2023-12-02 16:35:34,363:INFO::its now!!!!!!!!5
2023-12-02 16:35:35,631:INFO::its now!!!!!!!!0
2023-12-02 16:35:35,632:INFO::its now!!!!!!!!3
2023-12-02 16:35:36,181:INFO::its now!!!!!!!!5
2023-12-02 16:35:37,449:INFO::its now!!!!!!!!
2023-12-02 16:35:37,449:INFO::its now!!!!!!!! on 
2023-12-02 16:35:38,603:INFO::its now!!!!!!!!5
2023-12-02 16:35:39,842:INFO::save_dir_name: hgt_nasp_egreedy0.1_C8_useDmon_coef0.5_Adam_gcn.ppnp.mean.one-hot_noTypeLinear_014_64_shared_ops_lr0.0005_wd0.0001_use5seeds_use_adam_patience-8_8_not_use_skip
2023-12-02 16:35:39,843:INFO::Epoch 00017 | lr 0.00050 | Train_Loss 1.3680 | Train_Classification_Loss 1.3836 | Dmon_Loss -0.0312 | Val_Loss 1.3773 | Search Time(s) 4.2404 | Infer Time(s) 1.2428 | Time(s) 5.4832 
2023-12-02 16:35:39,880:INFO::cluster info:
0: 2;	1: 2;	2: 2;	3: 2;	4: 0;	5: 2;	6: 2;	7: 5;	8: 0;	9: 2;	10: 2;	11: 2;	12: 2;	13: 1;	14: 2;	15: 0;	16: 5;	17: 0;	18: 2;	19: 1;	20: 2;	21: 2;	22: 1;	23: 2;	24: 2;	25: 5;	26: 5;	27: 5;	28: 1;	29: 2;	30: 5;	31: 0;	32: 2;	33: 0;	34: 2;	35: 1;	36: 5;	37: 2;	38: 2;	39: 0;	40: 2;	41: 1;	42: 1;	43: 5;	44
26098: 7;	26099: 7;	26100: 7;	26101: 7;	26102: 7;	26103: 6;	26104: 7;	26105: 7;	26106: 7;	26107: 3;	26108: 6;	26109: 7;	26110: 6;	26111: 6;	26112: 6;	26113: 6;	26114: 7;	26115: 6;	26116: 6;	26117: 6;	26118: 6;	26119: 7;	26120: 6;	26121: 6;	26122: 2;	26123: 4;	26124: 6;	26125: 7;	26126: 6;	26127: 6;	
2023-12-02 16:35:39,881:INFO::Validation loss decreased (1.377734 --> 1.377304).  Saving model ...
2023-12-02 16:35:39,884:INFO::Epoch: 18
tensor([[0.4510, 0.4857, 0.4568, 0.4568],
        [0.6052, 0.4568, 0.4568, 0.4568],
        [0.6145, 0.4568, 0.4568, 0.4568],
        [0.4449, 0.4774, 0.4568, 0.4568],
        [0.4352, 0.4704, 0.4568, 0.4568],
        [0.5692, 0.4568, 0.4568, 0.4568],
        [0.5112, 0.4568, 0.4568, 0.4568],
        [0.4341, 0.4609, 0.4568, 0.4568]], device='cuda:0', requires_grad=True)
2023-12-02 16:35:39,885:INFO::its now!!!!!!!!5
2023-12-02 16:35:41,195:INFO::its now!!!!!!!!0
2023-12-02 16:35:41,196:INFO::its now!!!!!!!!3
2023-12-02 16:35:41,744:INFO::its now!!!!!!!!5
2023-12-02 16:35:43,012:INFO::its now!!!!!!!!
2023-12-02 16:35:43,012:INFO::its now!!!!!!!! on 
2023-12-02 16:35:44,169:INFO::its now!!!!!!!!5
2023-12-02 16:35:45,525:INFO::save_dir_name: hgt_nasp_egreedy0.1_C8_useDmon_coef0.5_Adam_gcn.ppnp.mean.one-hot_noTypeLinear_014_64_shared_ops_lr0.0005_wd0.0001_use5seeds_use_adam_patience-8_8_not_use_skip
2023-12-02 16:35:45,527:INFO::Epoch 00018 | lr 0.00050 | Train_Loss 1.3671 | Train_Classification_Loss 1.3827 | Dmon_Loss -0.0312 | Val_Loss 1.3768 | Search Time(s) 4.2874 | Infer Time(s) 1.3566 | Time(s) 5.6439 
2023-12-02 16:35:45,575:INFO::cluster info:
0: 1;	1: 5;	2: 2;	3: 1;	4: 2;	5: 2;	6: 2;	7: 0;	8: 2;	9: 5;	10: 0;	11: 2;	12: 1;	13: 2;	14: 5;	15: 1;	16: 2;	17: 1;	18: 2;	19: 2;	20: 2;	21: 2;	22: 0;	23: 0;	24: 2;	25: 2;	26: 2;	27: 2;	28: 1;	29: 1;	30: 2;	31: 2;	32: 5;	33: 0;	34: 2;	35: 1;	36: 2;	37: 2;	38: 2;	39: 1;	40: 2;	41: 2;	42: 2;	43: 0;	44
26098: 7;	26099: 7;	26100: 7;	26101: 5;	26102: 7;	26103: 7;	26104: 7;	26105: 7;	26106: 2;	26107: 7;	26108: 2;	26109: 6;	26110: 6;	26111: 6;	26112: 6;	26113: 2;	26114: 7;	26115: 2;	26116: 6;	26117: 2;	26118: 2;	26119: 2;	26120: 6;	26121: 6;	26122: 6;	26123: 6;	26124: 6;	26125: 2;	26126: 2;	26127: 2;	
2023-12-02 16:35:45,576:INFO::Validation loss decreased (1.377304 --> 1.376843).  Saving model ...
2023-12-02 16:35:45,581:INFO::Epoch: 19
tensor([[0.4466, 0.4857, 0.4528, 0.4528],
        [0.6123, 0.4528, 0.4528, 0.4528],
        [0.6211, 0.4528, 0.4528, 0.4528],
        [0.4400, 0.4773, 0.4528, 0.4528],
        [0.4295, 0.4704, 0.4528, 0.4528],
        [0.5774, 0.4528, 0.4528, 0.4528],
        [0.5093, 0.4528, 0.4528, 0.4528],
        [0.4271, 0.4609, 0.4528, 0.4528]], device='cuda:0', requires_grad=True)
2023-12-02 16:35:45,583:INFO::its now!!!!!!!!5
2023-12-02 16:35:47,085:INFO::its now!!!!!!!!0
2023-12-02 16:35:47,086:INFO::its now!!!!!!!!3
2023-12-02 16:35:47,635:INFO::its now!!!!!!!!5
2023-12-02 16:35:49,377:INFO::its now!!!!!!!!
2023-12-02 16:35:49,377:INFO::its now!!!!!!!! on 
2023-12-02 16:35:50,546:INFO::its now!!!!!!!!5
2023-12-02 16:35:52,008:INFO::save_dir_name: hgt_nasp_egreedy0.1_C8_useDmon_coef0.5_Adam_gcn.ppnp.mean.one-hot_noTypeLinear_014_64_shared_ops_lr0.0005_wd0.0001_use5seeds_use_adam_patience-8_8_not_use_skip
2023-12-02 16:35:52,010:INFO::Epoch 00019 | lr 0.00050 | Train_Loss 1.3666 | Train_Classification_Loss 1.3822 | Dmon_Loss -0.0312 | Val_Loss 1.3764 | Search Time(s) 4.9683 | Infer Time(s) 1.4639 | Time(s) 6.4322 
2023-12-02 16:35:52,085:INFO::cluster info:
0: 1;	1: 1;	2: 0;	3: 2;	4: 2;	5: 2;	6: 0;	7: 2;	8: 1;	9: 2;	10: 2;	11: 2;	12: 2;	13: 5;	14: 2;	15: 2;	16: 2;	17: 2;	18: 2;	19: 2;	20: 1;	21: 5;	22: 2;	23: 5;	24: 2;	25: 1;	26: 2;	27: 2;	28: 2;	29: 1;	30: 1;	31: 2;	32: 1;	33: 5;	34: 2;	35: 2;	36: 2;	37: 1;	38: 2;	39: 2;	40: 2;	41: 2;	42: 5;	43: 2;	44
26098: 7;	26099: 7;	26100: 2;	26101: 7;	26102: 7;	26103: 7;	26104: 7;	26105: 7;	26106: 2;	26107: 2;	26108: 7;	26109: 7;	26110: 2;	26111: 2;	26112: 6;	26113: 2;	26114: 6;	26115: 6;	26116: 2;	26117: 6;	26118: 6;	26119: 7;	26120: 2;	26121: 2;	26122: 6;	26123: 6;	26124: 6;	26125: 2;	26126: 7;	26127: 7;	
2023-12-02 16:35:52,087:INFO::Validation loss decreased (1.376843 --> 1.376372).  Saving model ...
2023-12-02 16:35:52,094:INFO::Epoch: 20
tensor([[0.4437, 0.4857, 0.4502, 0.4502],
        [0.6180, 0.4502, 0.4502, 0.4502],
        [0.6280, 0.4502, 0.4502, 0.4502],
        [0.4368, 0.4773, 0.4502, 0.4502],
        [0.4258, 0.4703, 0.4502, 0.4502],
        [0.5843, 0.4502, 0.4502, 0.4502],
        [0.5109, 0.4502, 0.4502, 0.4502],
        [0.4225, 0.4609, 0.4502, 0.4502]], device='cuda:0', requires_grad=True)
2023-12-02 16:35:52,096:INFO::its now!!!!!!!!5
2023-12-02 16:35:53,699:INFO::its now!!!!!!!!0
2023-12-02 16:35:53,701:INFO::its now!!!!!!!!3
2023-12-02 16:35:54,274:INFO::its now!!!!!!!!5
2023-12-02 16:35:55,803:INFO::its now!!!!!!!!
2023-12-02 16:35:55,803:INFO::its now!!!!!!!! on 
2023-12-02 16:35:56,960:INFO::its now!!!!!!!!5
2023-12-02 16:35:58,465:INFO::save_dir_name: hgt_nasp_egreedy0.1_C8_useDmon_coef0.5_Adam_gcn.ppnp.mean.one-hot_noTypeLinear_014_64_shared_ops_lr0.0005_wd0.0001_use5seeds_use_adam_patience-8_8_not_use_skip
2023-12-02 16:35:58,467:INFO::Epoch 00020 | lr 0.00050 | Train_Loss 1.3662 | Train_Classification_Loss 1.3819 | Dmon_Loss -0.0312 | Val_Loss 1.3758 | Search Time(s) 4.8664 | Infer Time(s) 1.5111 | Time(s) 6.3775 
2023-12-02 16:35:58,522:INFO::cluster info:
0: 1;	1: 0;	2: 0;	3: 2;	4: 0;	5: 2;	6: 5;	7: 6;	8: 2;	9: 0;	10: 2;	11: 1;	12: 2;	13: 2;	14: 2;	15: 0;	16: 2;	17: 1;	18: 0;	19: 2;	20: 0;	21: 2;	22: 0;	23: 2;	24: 0;	25: 0;	26: 0;	27: 5;	28: 2;	29: 5;	30: 2;	31: 2;	32: 2;	33: 0;	34: 2;	35: 2;	36: 0;	37: 1;	38: 0;	39: 0;	40: 5;	41: 2;	42: 2;	43: 0;	44
26098: 7;	26099: 7;	26100: 6;	26101: 7;	26102: 7;	26103: 7;	26104: 6;	26105: 2;	26106: 2;	26107: 2;	26108: 6;	26109: 6;	26110: 7;	26111: 7;	26112: 2;	26113: 7;	26114: 2;	26115: 6;	26116: 6;	26117: 7;	26118: 6;	26119: 6;	26120: 2;	26121: 6;	26122: 2;	26123: 7;	26124: 2;	26125: 2;	26126: 6;	26127: 6;	
2023-12-02 16:35:58,524:INFO::Validation loss decreased (1.376372 --> 1.375803).  Saving model ...
2023-12-02 16:35:58,532:INFO::Epoch: 21
tensor([[0.4403, 0.4856, 0.4471, 0.4471],
        [0.6253, 0.4471, 0.4471, 0.4471],
        [0.6354, 0.4471, 0.4471, 0.4471],
        [0.4329, 0.4772, 0.4471, 0.4471],
        [0.4213, 0.4703, 0.4471, 0.4471],
        [0.5897, 0.4471, 0.4471, 0.4471],
        [0.5139, 0.4471, 0.4471, 0.4471],
        [0.4171, 0.4608, 0.4471, 0.4471]], device='cuda:0', requires_grad=True)
2023-12-02 16:35:58,533:INFO::its now!!!!!!!!5
2023-12-02 16:36:00,348:INFO::its now!!!!!!!!0
2023-12-02 16:36:00,349:INFO::its now!!!!!!!!3
2023-12-02 16:36:00,903:INFO::its now!!!!!!!!5
2023-12-02 16:36:02,398:INFO::its now!!!!!!!!
2023-12-02 16:36:02,398:INFO::its now!!!!!!!! on 
2023-12-02 16:36:03,559:INFO::its now!!!!!!!!5
2023-12-02 16:36:04,914:INFO::save_dir_name: hgt_nasp_egreedy0.1_C8_useDmon_coef0.5_Adam_gcn.ppnp.mean.one-hot_noTypeLinear_014_64_shared_ops_lr0.0005_wd0.0001_use5seeds_use_adam_patience-8_8_not_use_skip
2023-12-02 16:36:04,915:INFO::Epoch 00021 | lr 0.00050 | Train_Loss 1.3654 | Train_Classification_Loss 1.3810 | Dmon_Loss -0.0312 | Val_Loss 1.3754 | Search Time(s) 5.0297 | Infer Time(s) 1.3590 | Time(s) 6.3886 
2023-12-02 16:36:04,967:INFO::cluster info:
0: 2;	1: 2;	2: 2;	3: 1;	4: 0;	5: 2;	6: 0;	7: 2;	8: 2;	9: 0;	10: 2;	11: 1;	12: 2;	13: 1;	14: 0;	15: 2;	16: 2;	17: 2;	18: 2;	19: 1;	20: 0;	21: 2;	22: 2;	23: 0;	24: 5;	25: 1;	26: 2;	27: 2;	28: 1;	29: 2;	30: 2;	31: 2;	32: 2;	33: 2;	34: 0;	35: 2;	36: 2;	37: 2;	38: 2;	39: 2;	40: 2;	41: 5;	42: 1;	43: 2;	44
26098: 7;	26099: 7;	26100: 7;	26101: 3;	26102: 2;	26103: 7;	26104: 7;	26105: 7;	26106: 7;	26107: 7;	26108: 6;	26109: 2;	26110: 6;	26111: 6;	26112: 2;	26113: 2;	26114: 7;	26115: 7;	26116: 2;	26117: 6;	26118: 6;	26119: 7;	26120: 6;	26121: 2;	26122: 2;	26123: 4;	26124: 2;	26125: 6;	26126: 6;	26127: 6;	
2023-12-02 16:36:04,968:INFO::Validation loss decreased (1.375803 --> 1.375356).  Saving model ...
2023-12-02 16:36:04,971:INFO::Epoch: 22
tensor([[0.4380, 0.4855, 0.4451, 0.4451],
        [0.6327, 0.4451, 0.4451, 0.4451],
        [0.6428, 0.4451, 0.4451, 0.4451],
        [0.4304, 0.4772, 0.4451, 0.4451],
        [0.4184, 0.4703, 0.4451, 0.4451],
        [0.5962, 0.4451, 0.4451, 0.4451],
        [0.5103, 0.4451, 0.4451, 0.4451],
        [0.4136, 0.4608, 0.4451, 0.4451]], device='cuda:0', requires_grad=True)
2023-12-02 16:36:04,972:INFO::its now!!!!!!!!5
2023-12-02 16:36:06,326:INFO::its now!!!!!!!!0
2023-12-02 16:36:06,327:INFO::its now!!!!!!!!3
2023-12-02 16:36:06,876:INFO::its now!!!!!!!!5
2023-12-02 16:36:08,331:INFO::its now!!!!!!!!
2023-12-02 16:36:08,332:INFO::its now!!!!!!!! on 
2023-12-02 16:36:09,502:INFO::its now!!!!!!!!5
2023-12-02 16:36:10,925:INFO::save_dir_name: hgt_nasp_egreedy0.1_C8_useDmon_coef0.5_Adam_gcn.ppnp.mean.one-hot_noTypeLinear_014_64_shared_ops_lr0.0005_wd0.0001_use5seeds_use_adam_patience-8_8_not_use_skip
2023-12-02 16:36:10,927:INFO::Epoch 00022 | lr 0.00050 | Train_Loss 1.3642 | Train_Classification_Loss 1.3798 | Dmon_Loss -0.0312 | Val_Loss 1.3750 | Search Time(s) 4.5321 | Infer Time(s) 1.4242 | Time(s) 5.9563 
2023-12-02 16:36:10,972:INFO::cluster info:
0: 5;	1: 2;	2: 2;	3: 2;	4: 0;	5: 2;	6: 2;	7: 6;	8: 0;	9: 2;	10: 0;	11: 2;	12: 2;	13: 2;	14: 2;	15: 2;	16: 2;	17: 2;	18: 2;	19: 2;	20: 0;	21: 0;	22: 5;	23: 5;	24: 2;	25: 1;	26: 2;	27: 2;	28: 2;	29: 2;	30: 1;	31: 2;	32: 2;	33: 2;	34: 2;	35: 2;	36: 2;	37: 2;	38: 1;	39: 2;	40: 2;	41: 0;	42: 0;	43: 0;	44
26098: 2;	26099: 5;	26100: 7;	26101: 7;	26102: 7;	26103: 5;	26104: 7;	26105: 2;	26106: 7;	26107: 7;	26108: 7;	26109: 6;	26110: 7;	26111: 7;	26112: 6;	26113: 6;	26114: 7;	26115: 6;	26116: 6;	26117: 2;	26118: 2;	26119: 6;	26120: 6;	26121: 2;	26122: 4;	26123: 6;	26124: 7;	26125: 2;	26126: 6;	26127: 2;	
2023-12-02 16:36:10,973:INFO::Validation loss decreased (1.375356 --> 1.374959).  Saving model ...
2023-12-02 16:36:10,976:INFO::Epoch: 23
tensor([[0.4364, 0.4851, 0.4436, 0.4436],
        [0.6417, 0.4436, 0.4436, 0.4436],
        [0.6496, 0.4436, 0.4436, 0.4436],
        [0.4285, 0.4771, 0.4436, 0.4436],
        [0.4163, 0.4702, 0.4436, 0.4436],
        [0.6032, 0.4436, 0.4436, 0.4436],
        [0.5101, 0.4436, 0.4436, 0.4436],
        [0.4110, 0.4608, 0.4436, 0.4436]], device='cuda:0', requires_grad=True)
2023-12-02 16:36:10,977:INFO::its now!!!!!!!!5
2023-12-02 16:36:12,334:INFO::its now!!!!!!!!0
2023-12-02 16:36:12,335:INFO::its now!!!!!!!!3
2023-12-02 16:36:12,885:INFO::its now!!!!!!!!5
2023-12-02 16:36:14,329:INFO::its now!!!!!!!!
2023-12-02 16:36:14,329:INFO::its now!!!!!!!! on 
2023-12-02 16:36:15,531:INFO::its now!!!!!!!!5
2023-12-02 16:36:16,908:INFO::save_dir_name: hgt_nasp_egreedy0.1_C8_useDmon_coef0.5_Adam_gcn.ppnp.mean.one-hot_noTypeLinear_014_64_shared_ops_lr0.0005_wd0.0001_use5seeds_use_adam_patience-8_8_not_use_skip
2023-12-02 16:36:16,909:INFO::Epoch 00023 | lr 0.00050 | Train_Loss 1.3642 | Train_Classification_Loss 1.3798 | Dmon_Loss -0.0312 | Val_Loss 1.3745 | Search Time(s) 4.5568 | Infer Time(s) 1.3789 | Time(s) 5.9357 
2023-12-02 16:36:16,951:INFO::cluster info:
0: 2;	1: 2;	2: 5;	3: 0;	4: 5;	5: 0;	6: 2;	7: 5;	8: 2;	9: 1;	10: 4;	11: 0;	12: 0;	13: 2;	14: 0;	15: 2;	16: 1;	17: 2;	18: 2;	19: 2;	20: 1;	21: 2;	22: 1;	23: 1;	24: 2;	25: 2;	26: 2;	27: 5;	28: 2;	29: 5;	30: 2;	31: 1;	32: 1;	33: 2;	34: 0;	35: 6;	36: 0;	37: 5;	38: 5;	39: 2;	40: 5;	41: 0;	42: 0;	43: 5;	44
26098: 7;	26099: 7;	26100: 7;	26101: 7;	26102: 3;	26103: 2;	26104: 7;	26105: 7;	26106: 7;	26107: 7;	26108: 6;	26109: 6;	26110: 6;	26111: 6;	26112: 2;	26113: 6;	26114: 6;	26115: 4;	26116: 2;	26117: 2;	26118: 7;	26119: 7;	26120: 2;	26121: 6;	26122: 2;	26123: 2;	26124: 7;	26125: 2;	26126: 6;	26127: 2;	
2023-12-02 16:36:16,952:INFO::Validation loss decreased (1.374959 --> 1.374547).  Saving model ...
2023-12-02 16:36:16,956:INFO::Epoch: 24
tensor([[0.4331, 0.4849, 0.4406, 0.4406],
        [0.6507, 0.4406, 0.4406, 0.4406],
        [0.6560, 0.4406, 0.4406, 0.4406],
        [0.4249, 0.4771, 0.4406, 0.4406],
        [0.4122, 0.4701, 0.4406, 0.4406],
        [0.6086, 0.4406, 0.4406, 0.4406],
        [0.5075, 0.4406, 0.4406, 0.4406],
        [0.4061, 0.4608, 0.4406, 0.4406]], device='cuda:0', requires_grad=True)
2023-12-02 16:36:16,957:INFO::its now!!!!!!!!5
2023-12-02 16:36:18,184:INFO::its now!!!!!!!!0
2023-12-02 16:36:18,186:INFO::its now!!!!!!!!3
2023-12-02 16:36:18,733:INFO::its now!!!!!!!!5
2023-12-02 16:36:20,119:INFO::its now!!!!!!!!
2023-12-02 16:36:20,120:INFO::its now!!!!!!!! on 
2023-12-02 16:36:21,293:INFO::its now!!!!!!!!5
2023-12-02 16:36:22,536:INFO::save_dir_name: hgt_nasp_egreedy0.1_C8_useDmon_coef0.5_Adam_gcn.ppnp.mean.one-hot_noTypeLinear_014_64_shared_ops_lr0.0005_wd0.0001_use5seeds_use_adam_patience-8_8_not_use_skip
2023-12-02 16:36:22,537:INFO::Epoch 00024 | lr 0.00050 | Train_Loss 1.3645 | Train_Classification_Loss 1.3801 | Dmon_Loss -0.0312 | Val_Loss 1.3740 | Search Time(s) 4.3408 | Infer Time(s) 1.2426 | Time(s) 5.5834 
2023-12-02 16:36:22,574:INFO::cluster info:
0: 2;	1: 5;	2: 2;	3: 2;	4: 0;	5: 0;	6: 5;	7: 2;	8: 2;	9: 1;	10: 2;	11: 0;	12: 0;	13: 0;	14: 1;	15: 2;	16: 1;	17: 2;	18: 2;	19: 2;	20: 0;	21: 2;	22: 1;	23: 2;	24: 0;	25: 0;	26: 0;	27: 2;	28: 0;	29: 2;	30: 1;	31: 2;	32: 0;	33: 2;	34: 2;	35: 4;	36: 2;	37: 2;	38: 2;	39: 2;	40: 2;	41: 2;	42: 5;	43: 1;	44
26098: 6;	26099: 2;	26100: 7;	26101: 7;	26102: 2;	26103: 3;	26104: 7;	26105: 2;	26106: 2;	26107: 7;	26108: 2;	26109: 2;	26110: 2;	26111: 6;	26112: 6;	26113: 6;	26114: 2;	26115: 2;	26116: 6;	26117: 7;	26118: 6;	26119: 6;	26120: 2;	26121: 7;	26122: 2;	26123: 6;	26124: 7;	26125: 7;	26126: 2;	26127: 7;	
2023-12-02 16:36:22,575:INFO::Validation loss decreased (1.374547 --> 1.374045).  Saving model ...
2023-12-02 16:36:22,579:INFO::Epoch: 25
tensor([[0.4302, 0.4851, 0.4380, 0.4380],
        [0.6581, 0.4380, 0.4380, 0.4380],
        [0.6631, 0.4380, 0.4380, 0.4380],
        [0.4217, 0.4770, 0.4380, 0.4380],
        [0.4085, 0.4701, 0.4380, 0.4380],
        [0.6118, 0.4380, 0.4380, 0.4380],
        [0.5100, 0.4380, 0.4380, 0.4380],
        [0.4017, 0.4607, 0.4380, 0.4380]], device='cuda:0', requires_grad=True)
2023-12-02 16:36:22,629:INFO::its now!!!!!!!!5
2023-12-02 16:36:23,889:INFO::its now!!!!!!!!0
2023-12-02 16:36:23,891:INFO::its now!!!!!!!!3
2023-12-02 16:36:24,466:INFO::its now!!!!!!!!5
2023-12-02 16:36:25,703:INFO::its now!!!!!!!!
2023-12-02 16:36:25,703:INFO::its now!!!!!!!! on 
2023-12-02 16:36:26,859:INFO::its now!!!!!!!!5
2023-12-02 16:36:28,090:INFO::save_dir_name: hgt_nasp_egreedy0.1_C8_useDmon_coef0.5_Adam_gcn.ppnp.mean.one-hot_noTypeLinear_014_64_shared_ops_lr0.0005_wd0.0001_use5seeds_use_adam_patience-8_8_not_use_skip
2023-12-02 16:36:28,091:INFO::Epoch 00025 | lr 0.00050 | Train_Loss 1.3622 | Train_Classification_Loss 1.3778 | Dmon_Loss -0.0312 | Val_Loss 1.3737 | Search Time(s) 4.2796 | Infer Time(s) 1.2348 | Time(s) 5.5144 
2023-12-02 16:36:28,128:INFO::cluster info:
0: 2;	1: 1;	2: 0;	3: 1;	4: 0;	5: 2;	6: 2;	7: 2;	8: 0;	9: 1;	10: 2;	11: 2;	12: 5;	13: 0;	14: 0;	15: 5;	16: 2;	17: 2;	18: 0;	19: 2;	20: 2;	21: 2;	22: 1;	23: 1;	24: 0;	25: 0;	26: 0;	27: 2;	28: 1;	29: 2;	30: 2;	31: 5;	32: 2;	33: 2;	34: 0;	35: 6;	36: 0;	37: 6;	38: 2;	39: 0;	40: 0;	41: 0;	42: 0;	43: 0;	44
26098: 7;	26099: 7;	26100: 7;	26101: 2;	26102: 3;	26103: 2;	26104: 7;	26105: 7;	26106: 7;	26107: 7;	26108: 2;	26109: 4;	26110: 6;	26111: 6;	26112: 6;	26113: 6;	26114: 2;	26115: 7;	26116: 2;	26117: 6;	26118: 6;	26119: 6;	26120: 2;	26121: 6;	26122: 6;	26123: 6;	26124: 6;	26125: 6;	26126: 6;	26127: 2;	
2023-12-02 16:36:28,129:INFO::Validation loss decreased (1.374045 --> 1.373696).  Saving model ...
2023-12-02 16:36:28,131:INFO::Epoch: 26
tensor([[0.4291, 0.4927, 0.4405, 0.4405],
        [0.6713, 0.4366, 0.4405, 0.4405],
        [0.6748, 0.4405, 0.4365, 0.4405],
        [0.4247, 0.4770, 0.4405, 0.4405],
        [0.4119, 0.4701, 0.4405, 0.4405],
        [0.6246, 0.4405, 0.4405, 0.4367],
        [0.5070, 0.4405, 0.4405, 0.4405],
        [0.4056, 0.4654, 0.4405, 0.4367]], device='cuda:0', requires_grad=True)
2023-12-02 16:36:28,132:INFO::its now!!!!!!!!5
2023-12-02 16:36:29,454:INFO::its now!!!!!!!!0
2023-12-02 16:36:29,455:INFO::its now!!!!!!!!3
2023-12-02 16:36:30,004:INFO::its now!!!!!!!!5
2023-12-02 16:36:31,369:INFO::its now!!!!!!!!
2023-12-02 16:36:31,369:INFO::its now!!!!!!!! on 
2023-12-02 16:36:32,531:INFO::its now!!!!!!!!5
2023-12-02 16:36:33,765:INFO::save_dir_name: hgt_nasp_egreedy0.1_C8_useDmon_coef0.5_Adam_gcn.ppnp.mean.one-hot_noTypeLinear_014_64_shared_ops_lr0.0005_wd0.0001_use5seeds_use_adam_patience-8_8_not_use_skip
2023-12-02 16:36:33,766:INFO::Epoch 00026 | lr 0.00050 | Train_Loss 1.3625 | Train_Classification_Loss 1.3781 | Dmon_Loss -0.0312 | Val_Loss 1.3731 | Search Time(s) 4.4008 | Infer Time(s) 1.2358 | Time(s) 5.6367 
2023-12-02 16:36:33,804:INFO::cluster info:
0: 1;	1: 0;	2: 1;	3: 2;	4: 0;	5: 2;	6: 0;	7: 1;	8: 2;	9: 5;	10: 2;	11: 1;	12: 0;	13: 5;	14: 6;	15: 1;	16: 2;	17: 1;	18: 2;	19: 1;	20: 2;	21: 2;	22: 1;	23: 0;	24: 2;	25: 0;	26: 2;	27: 0;	28: 2;	29: 5;	30: 0;	31: 0;	32: 0;	33: 0;	34: 4;	35: 1;	36: 0;	37: 2;	38: 2;	39: 6;	40: 2;	41: 2;	42: 2;	43: 5;	44
26098: 7;	26099: 7;	26100: 7;	26101: 2;	26102: 7;	26103: 2;	26104: 7;	26105: 7;	26106: 7;	26107: 6;	26108: 7;	26109: 2;	26110: 6;	26111: 6;	26112: 2;	26113: 7;	26114: 2;	26115: 2;	26116: 4;	26117: 2;	26118: 6;	26119: 6;	26120: 2;	26121: 2;	26122: 4;	26123: 7;	26124: 6;	26125: 7;	26126: 6;	26127: 2;	
2023-12-02 16:36:33,804:INFO::Validation loss decreased (1.373696 --> 1.373148).  Saving model ...
2023-12-02 16:36:33,807:INFO::Epoch: 27
tensor([[0.4274, 0.4967, 0.4408, 0.4408],
        [0.6787, 0.4348, 0.4408, 0.4408],
        [0.6828, 0.4408, 0.4347, 0.4408],
        [0.4250, 0.4769, 0.4408, 0.4408],
        [0.4122, 0.4700, 0.4408, 0.4408],
        [0.6309, 0.4408, 0.4408, 0.4349],
        [0.5156, 0.4408, 0.4408, 0.4408],
        [0.4060, 0.4677, 0.4408, 0.4349]], device='cuda:0', requires_grad=True)
2023-12-02 16:36:33,808:INFO::its now!!!!!!!!5
2023-12-02 16:36:35,090:INFO::its now!!!!!!!!0
2023-12-02 16:36:35,091:INFO::its now!!!!!!!!3
2023-12-02 16:36:35,636:INFO::its now!!!!!!!!5
2023-12-02 16:36:36,868:INFO::its now!!!!!!!!
2023-12-02 16:36:36,869:INFO::its now!!!!!!!! on 
2023-12-02 16:36:38,023:INFO::its now!!!!!!!!5
2023-12-02 16:36:39,316:INFO::save_dir_name: hgt_nasp_egreedy0.1_C8_useDmon_coef0.5_Adam_gcn.ppnp.mean.one-hot_noTypeLinear_014_64_shared_ops_lr0.0005_wd0.0001_use5seeds_use_adam_patience-8_8_not_use_skip
2023-12-02 16:36:39,317:INFO::Epoch 00027 | lr 0.00050 | Train_Loss 1.3616 | Train_Classification_Loss 1.3772 | Dmon_Loss -0.0312 | Val_Loss 1.3727 | Search Time(s) 4.2166 | Infer Time(s) 1.2938 | Time(s) 5.5104 
2023-12-02 16:36:39,356:INFO::cluster info:
0: 0;	1: 1;	2: 2;	3: 2;	4: 1;	5: 1;	6: 0;	7: 0;	8: 5;	9: 0;	10: 1;	11: 1;	12: 1;	13: 5;	14: 5;	15: 2;	16: 2;	17: 1;	18: 0;	19: 2;	20: 0;	21: 0;	22: 2;	23: 0;	24: 2;	25: 0;	26: 0;	27: 2;	28: 2;	29: 0;	30: 2;	31: 0;	32: 2;	33: 0;	34: 2;	35: 0;	36: 1;	37: 5;	38: 0;	39: 5;	40: 2;	41: 0;	42: 0;	43: 2;	44
26098: 7;	26099: 7;	26100: 3;	26101: 7;	26102: 7;	26103: 7;	26104: 2;	26105: 7;	26106: 7;	26107: 5;	26108: 4;	26109: 6;	26110: 2;	26111: 6;	26112: 2;	26113: 2;	26114: 2;	26115: 6;	26116: 6;	26117: 2;	26118: 2;	26119: 6;	26120: 2;	26121: 2;	26122: 2;	26123: 6;	26124: 2;	26125: 6;	26126: 6;	26127: 6;	
2023-12-02 16:36:39,357:INFO::Validation loss decreased (1.373148 --> 1.372719).  Saving model ...
2023-12-02 16:36:39,359:INFO::Epoch: 28
tensor([[0.4276, 0.4989, 0.4419, 0.4419],
        [0.6833, 0.4350, 0.4419, 0.4419],
        [0.6893, 0.4419, 0.4348, 0.4419],
        [0.4263, 0.4769, 0.4419, 0.4419],
        [0.4137, 0.4699, 0.4419, 0.4419],
        [0.6346, 0.4419, 0.4419, 0.4350],
        [0.5261, 0.4419, 0.4419, 0.4419],
        [0.4077, 0.4689, 0.4419, 0.4350]], device='cuda:0', requires_grad=True)
2023-12-02 16:36:39,360:INFO::its now!!!!!!!!5
2023-12-02 16:36:40,724:INFO::its now!!!!!!!!0
2023-12-02 16:36:40,725:INFO::its now!!!!!!!!3
2023-12-02 16:36:41,282:INFO::its now!!!!!!!!5
2023-12-02 16:36:42,528:INFO::its now!!!!!!!!
2023-12-02 16:36:42,528:INFO::its now!!!!!!!! on 
2023-12-02 16:36:43,684:INFO::its now!!!!!!!!5
2023-12-02 16:36:44,955:INFO::save_dir_name: hgt_nasp_egreedy0.1_C8_useDmon_coef0.5_Adam_gcn.ppnp.mean.one-hot_noTypeLinear_014_64_shared_ops_lr0.0005_wd0.0001_use5seeds_use_adam_patience-8_8_not_use_skip
2023-12-02 16:36:44,957:INFO::Epoch 00028 | lr 0.00050 | Train_Loss 1.3611 | Train_Classification_Loss 1.3767 | Dmon_Loss -0.0312 | Val_Loss 1.3722 | Search Time(s) 4.3236 | Infer Time(s) 1.2746 | Time(s) 5.5982 
2023-12-02 16:36:44,999:INFO::cluster info:
0: 0;	1: 0;	2: 2;	3: 6;	4: 2;	5: 2;	6: 0;	7: 1;	8: 0;	9: 1;	10: 5;	11: 0;	12: 2;	13: 2;	14: 1;	15: 0;	16: 5;	17: 1;	18: 2;	19: 2;	20: 2;	21: 2;	22: 2;	23: 1;	24: 0;	25: 0;	26: 5;	27: 2;	28: 5;	29: 0;	30: 1;	31: 5;	32: 0;	33: 1;	34: 2;	35: 0;	36: 2;	37: 2;	38: 6;	39: 0;	40: 1;	41: 5;	42: 1;	43: 0;	44
26098: 7;	26099: 5;	26100: 7;	26101: 7;	26102: 2;	26103: 7;	26104: 7;	26105: 7;	26106: 7;	26107: 7;	26108: 6;	26109: 6;	26110: 6;	26111: 7;	26112: 6;	26113: 2;	26114: 6;	26115: 6;	26116: 6;	26117: 7;	26118: 7;	26119: 7;	26120: 6;	26121: 7;	26122: 2;	26123: 7;	26124: 6;	26125: 7;	26126: 6;	26127: 2;	
2023-12-02 16:36:45,000:INFO::Validation loss decreased (1.372719 --> 1.372203).  Saving model ...
2023-12-02 16:36:45,003:INFO::Epoch: 29
tensor([[0.4251, 0.4999, 0.4401, 0.4401],
        [0.6869, 0.4326, 0.4401, 0.4401],
        [0.6945, 0.4401, 0.4324, 0.4401],
        [0.4242, 0.4768, 0.4401, 0.4401],
        [0.4114, 0.4699, 0.4401, 0.4401],
        [0.6373, 0.4401, 0.4401, 0.4327],
        [0.5374, 0.4401, 0.4401, 0.4401],
        [0.4050, 0.4695, 0.4401, 0.4326]], device='cuda:0', requires_grad=True)
2023-12-02 16:36:45,003:INFO::its now!!!!!!!!5
2023-12-02 16:36:46,326:INFO::its now!!!!!!!!0
2023-12-02 16:36:46,327:INFO::its now!!!!!!!!3
2023-12-02 16:36:46,876:INFO::its now!!!!!!!!5
2023-12-02 16:36:48,254:INFO::its now!!!!!!!!
2023-12-02 16:36:48,255:INFO::its now!!!!!!!! on 
2023-12-02 16:36:49,408:INFO::its now!!!!!!!!5
2023-12-02 16:36:50,594:INFO::save_dir_name: hgt_nasp_egreedy0.1_C8_useDmon_coef0.5_Adam_gcn.ppnp.mean.one-hot_noTypeLinear_014_64_shared_ops_lr0.0005_wd0.0001_use5seeds_use_adam_patience-8_8_not_use_skip
2023-12-02 16:36:50,595:INFO::Epoch 00029 | lr 0.00050 | Train_Loss 1.3613 | Train_Classification_Loss 1.3770 | Dmon_Loss -0.0312 | Val_Loss 1.3720 | Search Time(s) 4.4028 | Infer Time(s) 1.1910 | Time(s) 5.5939 
2023-12-02 16:36:50,632:INFO::cluster info:
0: 0;	1: 5;	2: 2;	3: 1;	4: 0;	5: 0;	6: 0;	7: 2;	8: 2;	9: 0;	10: 2;	11: 2;	12: 1;	13: 5;	14: 0;	15: 0;	16: 0;	17: 0;	18: 0;	19: 5;	20: 0;	21: 2;	22: 0;	23: 2;	24: 2;	25: 0;	26: 0;	27: 5;	28: 5;	29: 1;	30: 0;	31: 0;	32: 2;	33: 2;	34: 2;	35: 3;	36: 5;	37: 2;	38: 2;	39: 0;	40: 2;	41: 0;	42: 2;	43: 1;	44
26098: 3;	26099: 7;	26100: 2;	26101: 7;	26102: 2;	26103: 7;	26104: 7;	26105: 7;	26106: 7;	26107: 7;	26108: 6;	26109: 2;	26110: 6;	26111: 2;	26112: 2;	26113: 7;	26114: 2;	26115: 6;	26116: 7;	26117: 7;	26118: 6;	26119: 6;	26120: 6;	26121: 6;	26122: 2;	26123: 2;	26124: 7;	26125: 6;	26126: 2;	26127: 6;	
2023-12-02 16:36:50,634:INFO::Validation loss decreased (1.372203 --> 1.372041).  Saving model ...
2023-12-02 16:36:50,637:INFO::Epoch: 30
tensor([[0.4243, 0.5006, 0.4397, 0.4397],
        [0.6890, 0.4319, 0.4397, 0.4397],
        [0.6989, 0.4397, 0.4317, 0.4397],
        [0.4237, 0.4767, 0.4397, 0.4397],
        [0.4108, 0.4698, 0.4397, 0.4397],
        [0.6388, 0.4397, 0.4397, 0.4319],
        [0.5495, 0.4397, 0.4397, 0.4397],
        [0.4044, 0.4698, 0.4397, 0.4319]], device='cuda:0', requires_grad=True)
2023-12-02 16:36:50,638:INFO::its now!!!!!!!!5
2023-12-02 16:36:51,914:INFO::its now!!!!!!!!0
2023-12-02 16:36:51,915:INFO::its now!!!!!!!!3
2023-12-02 16:36:52,466:INFO::its now!!!!!!!!5
2023-12-02 16:36:53,740:INFO::its now!!!!!!!!
2023-12-02 16:36:53,740:INFO::its now!!!!!!!! on 
2023-12-02 16:36:54,897:INFO::its now!!!!!!!!5
2023-12-02 16:36:56,117:INFO::save_dir_name: hgt_nasp_egreedy0.1_C8_useDmon_coef0.5_Adam_gcn.ppnp.mean.one-hot_noTypeLinear_014_64_shared_ops_lr0.0005_wd0.0001_use5seeds_use_adam_patience-8_8_not_use_skip
2023-12-02 16:36:56,118:INFO::Epoch 00030 | lr 0.00050 | Train_Loss 1.3620 | Train_Classification_Loss 1.3776 | Dmon_Loss -0.0312 | Val_Loss 1.3715 | Search Time(s) 4.2574 | Infer Time(s) 1.2250 | Time(s) 5.4824 
2023-12-02 16:36:56,156:INFO::cluster info:
0: 1;	1: 0;	2: 5;	3: 1;	4: 2;	5: 2;	6: 0;	7: 0;	8: 1;	9: 1;	10: 2;	11: 4;	12: 0;	13: 2;	14: 0;	15: 0;	16: 1;	17: 5;	18: 2;	19: 0;	20: 0;	21: 5;	22: 0;	23: 2;	24: 2;	25: 1;	26: 2;	27: 5;	28: 1;	29: 0;	30: 2;	31: 2;	32: 0;	33: 3;	34: 0;	35: 2;	36: 1;	37: 0;	38: 2;	39: 2;	40: 2;	41: 2;	42: 2;	43: 5;	44
26098: 2;	26099: 7;	26100: 7;	26101: 7;	26102: 5;	26103: 7;	26104: 7;	26105: 7;	26106: 7;	26107: 7;	26108: 6;	26109: 4;	26110: 6;	26111: 6;	26112: 6;	26113: 6;	26114: 6;	26115: 2;	26116: 6;	26117: 6;	26118: 2;	26119: 6;	26120: 2;	26121: 6;	26122: 7;	26123: 7;	26124: 6;	26125: 6;	26126: 6;	26127: 6;	
2023-12-02 16:36:56,157:INFO::Validation loss decreased (1.372041 --> 1.371511).  Saving model ...
2023-12-02 16:36:56,161:INFO::Epoch: 31
tensor([[0.4243, 0.5016, 0.4398, 0.4395],
        [0.6910, 0.4316, 0.4398, 0.4398],
        [0.7019, 0.4398, 0.4316, 0.4394],
        [0.4238, 0.4767, 0.4398, 0.4398],
        [0.4109, 0.4703, 0.4395, 0.4398],
        [0.6406, 0.4398, 0.4395, 0.4319],
        [0.5616, 0.4398, 0.4395, 0.4398],
        [0.4045, 0.4703, 0.4395, 0.4319]], device='cuda:0', requires_grad=True)
2023-12-02 16:36:56,162:INFO::its now!!!!!!!!5
2023-12-02 16:36:57,449:INFO::its now!!!!!!!!0
2023-12-02 16:36:57,450:INFO::its now!!!!!!!!3
2023-12-02 16:36:57,996:INFO::its now!!!!!!!!5
2023-12-02 16:36:59,259:INFO::its now!!!!!!!!
2023-12-02 16:36:59,259:INFO::its now!!!!!!!! on 
2023-12-02 16:37:00,416:INFO::its now!!!!!!!!5
2023-12-02 16:37:01,607:INFO::save_dir_name: hgt_nasp_egreedy0.1_C8_useDmon_coef0.5_Adam_gcn.ppnp.mean.one-hot_noTypeLinear_014_64_shared_ops_lr0.0005_wd0.0001_use5seeds_use_adam_patience-8_8_not_use_skip
2023-12-02 16:37:01,608:INFO::Epoch 00031 | lr 0.00050 | Train_Loss 1.3609 | Train_Classification_Loss 1.3765 | Dmon_Loss -0.0313 | Val_Loss 1.3710 | Search Time(s) 4.2582 | Infer Time(s) 1.1923 | Time(s) 5.4505 
2023-12-02 16:37:01,646:INFO::cluster info:
0: 2;	1: 0;	2: 2;	3: 2;	4: 0;	5: 0;	6: 2;	7: 5;	8: 0;	9: 2;	10: 2;	11: 5;	12: 2;	13: 0;	14: 2;	15: 2;	16: 2;	17: 1;	18: 1;	19: 0;	20: 0;	21: 1;	22: 2;	23: 0;	24: 0;	25: 5;	26: 1;	27: 2;	28: 0;	29: 2;	30: 2;	31: 0;	32: 2;	33: 1;	34: 2;	35: 0;	36: 2;	37: 0;	38: 6;	39: 1;	40: 1;	41: 0;	42: 0;	43: 0;	44
26098: 7;	26099: 7;	26100: 7;	26101: 3;	26102: 7;	26103: 7;	26104: 6;	26105: 7;	26106: 7;	26107: 7;	26108: 7;	26109: 6;	26110: 2;	26111: 6;	26112: 2;	26113: 6;	26114: 6;	26115: 7;	26116: 7;	26117: 4;	26118: 6;	26119: 6;	26120: 2;	26121: 2;	26122: 7;	26123: 2;	26124: 6;	26125: 2;	26126: 6;	26127: 2;	
2023-12-02 16:37:01,646:INFO::Validation loss decreased (1.371511 --> 1.370981).  Saving model ...
2023-12-02 16:37:01,649:INFO::Epoch: 32
tensor([[0.4216, 0.5023, 0.4375, 0.4370],
        [0.6937, 0.4290, 0.4375, 0.4375],
        [0.7042, 0.4375, 0.4291, 0.4370],
        [0.4211, 0.4766, 0.4375, 0.4375],
        [0.4079, 0.4705, 0.4370, 0.4375],
        [0.6425, 0.4375, 0.4370, 0.4294],
        [0.5760, 0.4375, 0.4371, 0.4375],
        [0.4011, 0.4705, 0.4370, 0.4294]], device='cuda:0', requires_grad=True)
2023-12-02 16:37:01,650:INFO::its now!!!!!!!!5
2023-12-02 16:37:02,885:INFO::its now!!!!!!!!0
2023-12-02 16:37:02,886:INFO::its now!!!!!!!!3
2023-12-02 16:37:03,432:INFO::its now!!!!!!!!5
2023-12-02 16:37:04,708:INFO::its now!!!!!!!!
2023-12-02 16:37:04,708:INFO::its now!!!!!!!! on 
2023-12-02 16:37:05,862:INFO::its now!!!!!!!!5
2023-12-02 16:37:07,071:INFO::save_dir_name: hgt_nasp_egreedy0.1_C8_useDmon_coef0.5_Adam_gcn.ppnp.mean.one-hot_noTypeLinear_014_64_shared_ops_lr0.0005_wd0.0001_use5seeds_use_adam_patience-8_8_not_use_skip
2023-12-02 16:37:07,073:INFO::Epoch 00032 | lr 0.00050 | Train_Loss 1.3600 | Train_Classification_Loss 1.3756 | Dmon_Loss -0.0312 | Val_Loss 1.3704 | Search Time(s) 4.2121 | Infer Time(s) 1.2117 | Time(s) 5.4238 
2023-12-02 16:37:07,111:INFO::cluster info:
0: 0;	1: 1;	2: 0;	3: 1;	4: 5;	5: 1;	6: 0;	7: 5;	8: 1;	9: 0;	10: 0;	11: 0;	12: 0;	13: 1;	14: 6;	15: 0;	16: 0;	17: 1;	18: 2;	19: 1;	20: 0;	21: 2;	22: 1;	23: 2;	24: 2;	25: 0;	26: 1;	27: 5;	28: 5;	29: 2;	30: 0;	31: 2;	32: 2;	33: 2;	34: 2;	35: 2;	36: 0;	37: 3;	38: 0;	39: 0;	40: 2;	41: 5;	42: 1;	43: 2;	44
26098: 7;	26099: 7;	26100: 7;	26101: 7;	26102: 7;	26103: 7;	26104: 7;	26105: 7;	26106: 2;	26107: 7;	26108: 7;	26109: 7;	26110: 2;	26111: 2;	26112: 7;	26113: 2;	26114: 6;	26115: 2;	26116: 6;	26117: 2;	26118: 7;	26119: 2;	26120: 2;	26121: 7;	26122: 2;	26123: 2;	26124: 7;	26125: 2;	26126: 2;	26127: 2;	
2023-12-02 16:37:07,112:INFO::Validation loss decreased (1.370981 --> 1.370430).  Saving model ...
2023-12-02 16:37:07,115:INFO::Epoch: 33
tensor([[0.4166, 0.5027, 0.4331, 0.4325],
        [0.6956, 0.4243, 0.4331, 0.4331],
        [0.7081, 0.4331, 0.4245, 0.4325],
        [0.4159, 0.4766, 0.4331, 0.4331],
        [0.4023, 0.4706, 0.4325, 0.4331],
        [0.6443, 0.4331, 0.4326, 0.4248],
        [0.5888, 0.4331, 0.4326, 0.4331],
        [0.3948, 0.4706, 0.4325, 0.4248]], device='cuda:0', requires_grad=True)
2023-12-02 16:37:07,116:INFO::its now!!!!!!!!5
2023-12-02 16:37:08,338:INFO::its now!!!!!!!!0
2023-12-02 16:37:08,339:INFO::its now!!!!!!!!3
2023-12-02 16:37:08,882:INFO::its now!!!!!!!!5
2023-12-02 16:37:10,147:INFO::its now!!!!!!!!
2023-12-02 16:37:10,147:INFO::its now!!!!!!!! on 
2023-12-02 16:37:11,306:INFO::its now!!!!!!!!5
2023-12-02 16:37:12,834:INFO::save_dir_name: hgt_nasp_egreedy0.1_C8_useDmon_coef0.5_Adam_gcn.ppnp.mean.one-hot_noTypeLinear_014_64_shared_ops_lr0.0005_wd0.0001_use5seeds_use_adam_patience-8_8_not_use_skip
2023-12-02 16:37:12,835:INFO::Epoch 00033 | lr 0.00050 | Train_Loss 1.3606 | Train_Classification_Loss 1.3762 | Dmon_Loss -0.0313 | Val_Loss 1.3703 | Search Time(s) 4.1912 | Infer Time(s) 1.5298 | Time(s) 5.7210 
2023-12-02 16:37:12,873:INFO::cluster info:
0: 0;	1: 0;	2: 2;	3: 6;	4: 2;	5: 1;	6: 1;	7: 2;	8: 0;	9: 2;	10: 2;	11: 0;	12: 1;	13: 2;	14: 0;	15: 1;	16: 0;	17: 1;	18: 0;	19: 5;	20: 0;	21: 2;	22: 1;	23: 2;	24: 2;	25: 0;	26: 0;	27: 0;	28: 5;	29: 2;	30: 2;	31: 0;	32: 0;	33: 5;	34: 2;	35: 0;	36: 2;	37: 5;	38: 0;	39: 0;	40: 0;	41: 1;	42: 1;	43: 0;	44
26098: 7;	26099: 7;	26100: 7;	26101: 2;	26102: 7;	26103: 7;	26104: 2;	26105: 5;	26106: 7;	26107: 2;	26108: 2;	26109: 6;	26110: 2;	26111: 6;	26112: 2;	26113: 6;	26114: 2;	26115: 6;	26116: 6;	26117: 2;	26118: 7;	26119: 6;	26120: 2;	26121: 2;	26122: 2;	26123: 7;	26124: 6;	26125: 6;	26126: 7;	26127: 2;	
2023-12-02 16:37:12,875:INFO::Validation loss decreased (1.370430 --> 1.370305).  Saving model ...
2023-12-02 16:37:12,878:INFO::Epoch: 34
tensor([[0.4108, 0.5032, 0.4279, 0.4274],
        [0.6971, 0.4189, 0.4279, 0.4279],
        [0.7127, 0.4279, 0.4192, 0.4273],
        [0.4100, 0.4765, 0.4279, 0.4279],
        [0.3958, 0.4706, 0.4274, 0.4279],
        [0.6455, 0.4279, 0.4274, 0.4194],
        [0.5980, 0.4279, 0.4274, 0.4279],
        [0.3877, 0.4706, 0.4274, 0.4194]], device='cuda:0', requires_grad=True)
2023-12-02 16:37:12,878:INFO::its now!!!!!!!!5
2023-12-02 16:37:14,500:INFO::its now!!!!!!!!0
2023-12-02 16:37:14,500:INFO::its now!!!!!!!!3
2023-12-02 16:37:15,056:INFO::its now!!!!!!!!5
2023-12-02 16:37:16,575:INFO::its now!!!!!!!!
2023-12-02 16:37:16,576:INFO::its now!!!!!!!! on 
2023-12-02 16:37:17,746:INFO::its now!!!!!!!!5
2023-12-02 16:37:19,236:INFO::save_dir_name: hgt_nasp_egreedy0.1_C8_useDmon_coef0.5_Adam_gcn.ppnp.mean.one-hot_noTypeLinear_014_64_shared_ops_lr0.0005_wd0.0001_use5seeds_use_adam_patience-8_8_not_use_skip
2023-12-02 16:37:19,238:INFO::Epoch 00034 | lr 0.00050 | Train_Loss 1.3585 | Train_Classification_Loss 1.3741 | Dmon_Loss -0.0313 | Val_Loss 1.3698 | Search Time(s) 4.8707 | Infer Time(s) 1.4912 | Time(s) 6.3619 
2023-12-02 16:37:19,278:INFO::cluster info:
0: 2;	1: 2;	2: 2;	3: 1;	4: 0;	5: 2;	6: 2;	7: 0;	8: 0;	9: 3;	10: 2;	11: 0;	12: 2;	13: 0;	14: 0;	15: 2;	16: 5;	17: 6;	18: 5;	19: 0;	20: 0;	21: 2;	22: 1;	23: 0;	24: 0;	25: 2;	26: 0;	27: 0;	28: 5;	29: 0;	30: 0;	31: 0;	32: 0;	33: 0;	34: 6;	35: 1;	36: 0;	37: 5;	38: 2;	39: 0;	40: 7;	41: 1;	42: 1;	43: 1;	44
26098: 7;	26099: 7;	26100: 3;	26101: 7;	26102: 5;	26103: 7;	26104: 5;	26105: 7;	26106: 7;	26107: 7;	26108: 2;	26109: 7;	26110: 6;	26111: 6;	26112: 7;	26113: 6;	26114: 2;	26115: 6;	26116: 6;	26117: 7;	26118: 6;	26119: 2;	26120: 2;	26121: 2;	26122: 2;	26123: 2;	26124: 2;	26125: 2;	26126: 2;	26127: 7;	
2023-12-02 16:37:19,279:INFO::Validation loss decreased (1.370305 --> 1.369759).  Saving model ...
2023-12-02 16:37:19,285:INFO::Epoch: 35
tensor([[0.4154, 0.5039, 0.4321, 0.4315],
        [0.6983, 0.4232, 0.4321, 0.4321],
        [0.7166, 0.4321, 0.4235, 0.4315],
        [0.4147, 0.4765, 0.4321, 0.4321],
        [0.4008, 0.4705, 0.4315, 0.4321],
        [0.6466, 0.4321, 0.4316, 0.4238],
        [0.6115, 0.4321, 0.4316, 0.4321],
        [0.3931, 0.4705, 0.4315, 0.4238]], device='cuda:0', requires_grad=True)
2023-12-02 16:37:19,287:INFO::its now!!!!!!!!5
2023-12-02 16:37:20,820:INFO::its now!!!!!!!!0
2023-12-02 16:37:20,821:INFO::its now!!!!!!!!3
