2023-10-28 13:43:31,938:INFO::=============== Search Args:
Namespace(dataset='DBLP', feats_type=6, gnn_model='gat', valid_attributed_type=1, cluster_num=10, cluster_eps=1e-05, att_comp_dim=64, hidden_dim=64, num_heads=8, attn_vec_dim=128, search_epoch=350, retrain_epoch=500, inner_epoch=1, patience_search=30, patience_retrain=30, batch_size=8, batch_size_test=32, momentum=0.9, lr=0.0005, lr_rate_min=3e-05, num_layers=2, dropout=0.5, weight_decay=0.0001, slope=0.05, grad_clip=5, network_momentum=0.9, arch_learning_rate=0.005, arch_weight_decay=1e-05, repeat=5, cluster_epoch=20, save_postfix='DBLP', feats_opt='1011', cuda=False, unrolled=False, useSGD=False, useTypeLinear=False, l2norm=False, cluster_norm=False, usedropout=False, is_unrolled='False', is_use_type_linear='False', is_use_SGD='False', is_use_dropout='False', time_line='2023-10-28-13-43-31', edge_feats=64, warmup_epoch=0, clusterupdate_round=1, searcher_name='darts', rnn_type='RotatE0', neighbor_samples=100, use_minibatch=False, shared_ops=False, e_greedy=0, usebn=False, seed=123, use_5seeds=False, no_use_fixseeds=False, use_dmon=False, collapse_regularization=0.1, dmon_loss_alpha=0.3, tau=1.0, schedule_step=350, schedule_step_retrain=500, use_norm=False, use_adamw=False, use_skip=False, cur_repeat=0, last_hidden_dim=512, logger=<Logger log_output (INFO)>)
2023-10-28 13:43:59,663:INFO::node_type_num: 4
2023-10-28 13:44:04,671:INFO::=============== Prepare basic data stage finish, use 32.73248624801636 time.
2023-10-28 13:44:21,246:INFO::save_dir_name: gat_darts_C10_useEM_coef0.3_Adam_gcn.ppnp.mean.one-hot_noTypeLinear_0120_64_no_shared_ops_lr0.0005_wd0.0001_useSeed123_use_fixseeds_use_adam_patience-30_30
2023-10-28 13:44:22,877:INFO::Epoch: 0
tensor([[0.2497, 0.2500, 0.2502, 0.2501],
        [0.2504, 0.2500, 0.2495, 0.2501],
        [0.2498, 0.2500, 0.2501, 0.2501],
        [0.2502, 0.2502, 0.2501, 0.2495],
        [0.2499, 0.2498, 0.2503, 0.2500],
        [0.2497, 0.2500, 0.2500, 0.2503],
        [0.2499, 0.2498, 0.2499, 0.2504],
        [0.2498, 0.2499, 0.2499, 0.2504],
        [0.2500, 0.2502, 0.2501, 0.2497],
        [0.2505, 0.2499, 0.2497, 0.2499]], device='cuda:0',
       grad_fn=<SoftmaxBackward0>)
2023-10-28 13:44:47,731:INFO::save_dir_name: gat_darts_C10_useEM_coef0.3_Adam_gcn.ppnp.mean.one-hot_noTypeLinear_0120_64_no_shared_ops_lr0.0005_wd0.0001_useSeed123_use_fixseeds_use_adam_patience-30_30
2023-10-28 13:44:47,856:INFO::Epoch 00000 | lr 0.00050 | Train_Loss 1.3866 | Val_Loss 1.3664 | Search Time(s) 24.9264 | Infer Time(s) 0.5312 | Time(s) 25.4577 
2023-10-28 13:44:51,154:INFO::Epoch: 0 Cluster_epoch: 1 gap_avg: 0.0328594646461699
2023-10-28 13:44:52,492:INFO::Epoch: 0 Cluster_epoch: 2 gap_avg: 0.006308848893161438
2023-10-28 13:44:53,584:INFO::Epoch: 0 Cluster_epoch: 3 gap_avg: 0.0024584823919836024
2023-10-28 13:44:56,438:INFO::Epoch: 0 Cluster_epoch: 4 gap_avg: 0.001771651660155201
2023-10-28 13:44:57,703:INFO::Epoch: 0 Cluster_epoch: 5 gap_avg: 0.0014286153955455339
2023-10-28 13:44:59,136:INFO::Epoch: 0 Cluster_epoch: 6 gap_avg: 0.0009689792559734867
2023-10-28 13:45:00,479:INFO::Epoch: 0 Cluster_epoch: 7 gap_avg: 0.0006428491571625073
2023-10-28 13:45:01,798:INFO::Epoch: 0 Cluster_epoch: 8 gap_avg: 0.0006338740465528798
2023-10-28 13:45:02,945:INFO::Epoch: 0 Cluster_epoch: 9 gap_avg: 0.0005342935205311285
2023-10-28 13:45:04,031:INFO::Epoch: 0 Cluster_epoch: 10 gap_avg: 0.0006489239995012772
2023-10-28 13:45:05,209:INFO::Epoch: 0 Cluster_epoch: 11 gap_avg: 0.000946424046245466
2023-10-28 13:45:06,422:INFO::Epoch: 0 Cluster_epoch: 12 gap_avg: 0.0008683346976364864
2023-10-28 13:45:07,543:INFO::Epoch: 0 Cluster_epoch: 13 gap_avg: 0.0005579192243737969
2023-10-28 13:45:08,709:INFO::Epoch: 0 Cluster_epoch: 14 gap_avg: 0.0003540956196248832
2023-10-28 13:45:09,829:INFO::Epoch: 0 Cluster_epoch: 15 gap_avg: 0.00023482914752302714
2023-10-28 13:45:11,010:INFO::Epoch: 0 Cluster_epoch: 16 gap_avg: 0.00010700863033583819
2023-10-28 13:45:12,119:INFO::Epoch: 0 Cluster_epoch: 17 gap_avg: 9.95648957910164e-05
2023-10-28 13:45:13,224:INFO::Epoch: 0 Cluster_epoch: 18 gap_avg: 7.970792190440788e-05
2023-10-28 13:45:14,368:INFO::Epoch: 0 Cluster_epoch: 19 gap_avg: 6.359208493204147e-05
2023-10-28 13:45:14,904:INFO::cluster info:
0: 7;	1: 4;	2: 4;	3: 7;	4: 4;	5: 7;	6: 5;	7: 7;	8: 8;	9: 4;	10: 4;	11: 4;	12: 4;	13: 7;	14: 7;	15: 1;	16: 6;	17: 1;	18: 7;	19: 6;	20: 7;	21: 2;	22: 7;	23: 8;	24: 8;	25: 7;	26: 4;	27: 4;	28: 7;	29: 3;	30: 8;	31: 3;	32: 4;	33: 4;	34: 7;	35: 9;	36: 7;	37: 1;	38: 1;	39: 0;	40: 5;	41: 7;	42: 8;	43: 6;	44
26098: 0;	26099: 8;	26100: 0;	26101: 0;	26102: 4;	26103: 9;	26104: 4;	26105: 8;	26106: 4;	26107: 4;	26108: 6;	26109: 7;	26110: 7;	26111: 7;	26112: 8;	26113: 7;	26114: 1;	26115: 8;	26116: 8;	26117: 3;	26118: 7;	26119: 7;	26120: 7;	26121: 7;	26122: 7;	26123: 2;	26124: 5;	26125: 1;	26126: 7;	26127: 4;	
2023-10-28 13:45:15,300:INFO::Epoch: 1
tensor([[0.2490, 0.2494, 0.2521, 0.2495],
        [0.2497, 0.2519, 0.2489, 0.2494],
        [0.2485, 0.2487, 0.2514, 0.2514],
        [0.2514, 0.2490, 0.2513, 0.2483],
        [0.2512, 0.2485, 0.2490, 0.2513],
        [0.2485, 0.2487, 0.2512, 0.2516],
        [0.2505, 0.2480, 0.2505, 0.2511],
        [0.2492, 0.2518, 0.2493, 0.2497],
        [0.2519, 0.2496, 0.2495, 0.2491],
        [0.2486, 0.2505, 0.2503, 0.2505]], device='cuda:0',
       grad_fn=<SoftmaxBackward0>)
2023-10-28 13:45:17,891:INFO::save_dir_name: gat_darts_C10_useEM_coef0.3_Adam_gcn.ppnp.mean.one-hot_noTypeLinear_0120_64_no_shared_ops_lr0.0005_wd0.0001_useSeed123_use_fixseeds_use_adam_patience-30_30
2023-10-28 13:45:17,896:INFO::Epoch 00001 | lr 0.00050 | Train_Loss 1.3764 | Val_Loss 1.3402 | Search Time(s) 2.4156 | Infer Time(s) 0.5198 | Time(s) 2.9354 
2023-10-28 13:45:18,442:INFO::Epoch: 1 Cluster_epoch: 0 gap_avg: 0.21202392839762293
2023-10-28 13:45:19,462:INFO::Epoch: 1 Cluster_epoch: 1 gap_avg: 0.01674237505378369
2023-10-28 13:45:20,463:INFO::Epoch: 1 Cluster_epoch: 2 gap_avg: 0.0016434788926861382
2023-10-28 13:45:21,455:INFO::Epoch: 1 Cluster_epoch: 3 gap_avg: 0.0007784388910545957
2023-10-28 13:45:22,490:INFO::Epoch: 1 Cluster_epoch: 4 gap_avg: 0.0005004042679068101
2023-10-28 13:45:23,537:INFO::Epoch: 1 Cluster_epoch: 5 gap_avg: 0.0002894017525427965
2023-10-28 13:45:24,577:INFO::Epoch: 1 Cluster_epoch: 6 gap_avg: 0.00021166702304102714
2023-10-28 13:45:25,628:INFO::Epoch: 1 Cluster_epoch: 7 gap_avg: 0.00016449247311326243
