2023-12-11 14:11:24,316:INFO::=============== Search Args:
Namespace(dataset='DBLP', feats_type=6, gnn_model='gat', valid_attributed_type=1, cluster_num=8, cluster_eps=1e-05, att_comp_dim=64, hidden_dim=64, num_heads=8, attn_vec_dim=128, search_epoch=350, retrain_epoch=500, inner_epoch=1, patience_search=8, patience_retrain=30, batch_size=2, batch_size_test=2, momentum=0.9, lr=0.0005, lr_rate_min=3e-05, num_layers=3, dropout=0.5, weight_decay=0.0001, slope=0.05, grad_clip=5, network_momentum=0.9, arch_learning_rate=0.005, arch_weight_decay=1e-05, repeat=5, cluster_epoch=4, save_postfix='DBLP', feats_opt='1011', cuda=True, unrolled=False, useSGD=False, useTypeLinear=False, l2norm=False, cluster_norm=False, usedropout=False, is_unrolled='False', is_use_type_linear='False', is_use_SGD='False', is_use_dropout='False', time_line='2023-12-11-14-11-24', edge_feats=64, warmup_epoch=0, clusterupdate_round=1, searcher_name='nasp', rnn_type='RotatE0', neighbor_samples=100, use_minibatch=False, shared_ops=True, e_greedy=0, usebn=False, seed=123, use_5seeds=True, no_use_fixseeds=False, use_dmon=True, collapse_regularization=0.1, dmon_loss_alpha=0.4, tau=1.0, schedule_step=350, schedule_step_retrain=500, use_norm=False, use_adamw=False, use_skip=False, cur_repeat=0, last_hidden_dim=512, logger=<Logger log_output (INFO)>)
2023-12-11 14:24:52,576:INFO::node_type_num: 4
2023-12-11 14:25:04,091:INFO::=============== Prepare basic data stage finish, use 819.7654526233673 time.
2023-12-11 14:25:20,841:INFO::save_dir_name: gat_nasp_egreedy0_C8_useDmon_coef0.4_Adam_gcn.ppnp.mean.one-hot_noTypeLinear_014_64_shared_ops_lr0.0005_wd0.0001_use5seeds_use_adam_patience-8_30_not_use_skip
2023-12-11 14:25:46,172:INFO::Epoch: 0
tensor([[0.5000, 0.5000, 0.5000, 0.5000],
        [0.5000, 0.5000, 0.5000, 0.5000],
        [0.5000, 0.5000, 0.5000, 0.5000],
        [0.5000, 0.5000, 0.5000, 0.5000],
        [0.5000, 0.5000, 0.5000, 0.5000],
        [0.5000, 0.5000, 0.5000, 0.5000],
        [0.5000, 0.5000, 0.5000, 0.5000],
        [0.5000, 0.5000, 0.5000, 0.5000]], device='cuda:0', requires_grad=True)
2023-12-11 14:25:46,248:INFO::its now!!!!!!!!5
2023-12-11 14:29:53,575:INFO::its now!!!!!!!!0
2023-12-11 14:29:53,852:INFO::its now!!!!!!!!3
2023-12-11 14:29:54,783:INFO::its now!!!!!!!!5
2023-12-11 14:32:04,385:INFO::its now!!!!!!!!
2023-12-11 14:32:04,387:INFO::its now!!!!!!!! on 
2023-12-11 14:32:04,764:INFO::its now!!!!!!!!5
2023-12-11 14:33:22,881:INFO::save_dir_name: gat_nasp_egreedy0_C8_useDmon_coef0.4_Adam_gcn.ppnp.mean.one-hot_noTypeLinear_014_64_shared_ops_lr0.0005_wd0.0001_use5seeds_use_adam_patience-8_30_not_use_skip
2023-12-11 14:33:23,048:INFO::Epoch 00000 | lr 0.00050 | Train_Loss 1.4819 | Train_Classification_Loss 1.4942 | Dmon_Loss -0.0307 | Val_Loss 1.5767 | Search Time(s) 379.1549 | Infer Time(s) 78.1186 | Time(s) 457.2736 
2023-12-11 14:33:23,115:INFO::cluster info:
0: 7;	1: 3;	2: 2;	3: 1;	4: 6;	5: 3;	6: 1;	7: 6;	8: 1;	9: 1;	10: 6;	11: 6;	12: 3;	13: 1;	14: 2;	15: 2;	16: 1;	17: 5;	18: 4;	19: 0;	20: 6;	21: 3;	22: 1;	23: 1;	24: 4;	25: 4;	26: 3;	27: 0;	28: 6;	29: 0;	30: 1;	31: 1;	32: 3;	33: 0;	34: 6;	35: 7;	36: 1;	37: 7;	38: 2;	39: 0;	40: 2;	41: 2;	42: 1;	43: 0;	44
26098: 6;	26099: 1;	26100: 1;	26101: 7;	26102: 6;	26103: 1;	26104: 1;	26105: 7;	26106: 1;	26107: 7;	26108: 1;	26109: 1;	26110: 1;	26111: 1;	26112: 1;	26113: 1;	26114: 1;	26115: 1;	26116: 1;	26117: 1;	26118: 1;	26119: 1;	26120: 1;	26121: 1;	26122: 1;	26123: 1;	26124: 1;	26125: 1;	26126: 1;	26127: 3;	
2023-12-11 14:33:23,121:INFO::Epoch: 1
tensor([[0.4950, 0.5050, 0.5050, 0.5050],
        [0.4950, 0.5050, 0.5050, 0.5050],
        [0.4950, 0.5050, 0.5050, 0.5050],
        [0.4950, 0.5050, 0.5050, 0.5050],
        [0.4950, 0.5050, 0.5050, 0.5050],
        [0.4950, 0.5050, 0.5050, 0.5050],
        [0.4950, 0.5050, 0.5050, 0.5050],
        [0.4950, 0.5050, 0.5050, 0.5050]], device='cuda:0', requires_grad=True)
2023-12-11 14:33:23,122:INFO::its now!!!!!!!!5
2023-12-11 14:33:51,789:INFO::its now!!!!!!!!0
2023-12-11 14:33:51,790:INFO::its now!!!!!!!!3
2023-12-11 14:33:51,992:INFO::its now!!!!!!!!5
2023-12-11 14:33:55,025:INFO::its now!!!!!!!!
2023-12-11 14:33:55,026:INFO::its now!!!!!!!! on 
2023-12-11 14:33:55,233:INFO::its now!!!!!!!!5
2023-12-11 14:33:57,533:INFO::save_dir_name: gat_nasp_egreedy0_C8_useDmon_coef0.4_Adam_gcn.ppnp.mean.one-hot_noTypeLinear_014_64_shared_ops_lr0.0005_wd0.0001_use5seeds_use_adam_patience-8_30_not_use_skip
2023-12-11 14:33:57,545:INFO::Epoch 00001 | lr 0.00050 | Train_Loss 1.3926 | Train_Classification_Loss 1.4051 | Dmon_Loss -0.0312 | Val_Loss 1.3976 | Search Time(s) 32.0970 | Infer Time(s) 2.3193 | Time(s) 34.4164 
2023-12-11 14:33:57,595:INFO::cluster info:
0: 2;	1: 3;	2: 0;	3: 1;	4: 2;	5: 3;	6: 7;	7: 1;	8: 1;	9: 6;	10: 1;	11: 1;	12: 3;	13: 1;	14: 1;	15: 7;	16: 0;	17: 1;	18: 3;	19: 0;	20: 3;	21: 1;	22: 0;	23: 3;	24: 1;	25: 3;	26: 3;	27: 1;	28: 1;	29: 0;	30: 1;	31: 1;	32: 0;	33: 6;	34: 2;	35: 0;	36: 0;	37: 0;	38: 1;	39: 0;	40: 0;	41: 6;	42: 1;	43: 4;	44
26098: 6;	26099: 3;	26100: 0;	26101: 0;	26102: 6;	26103: 0;	26104: 0;	26105: 1;	26106: 2;	26107: 2;	26108: 1;	26109: 1;	26110: 1;	26111: 1;	26112: 1;	26113: 1;	26114: 1;	26115: 1;	26116: 1;	26117: 1;	26118: 1;	26119: 1;	26120: 1;	26121: 1;	26122: 1;	26123: 1;	26124: 1;	26125: 1;	26126: 1;	26127: 0;	
2023-12-11 14:33:57,597:INFO::Validation loss decreased (inf --> 1.397591).  Saving model ...
2023-12-11 14:33:57,601:INFO::Epoch: 2
tensor([[0.4899, 0.5073, 0.5071, 0.5071],
        [0.4900, 0.5056, 0.5071, 0.5071],
        [0.4897, 0.5073, 0.5071, 0.5071],
        [0.4900, 0.5073, 0.5071, 0.5071],
        [0.4901, 0.5073, 0.5071, 0.5071],
        [0.4899, 0.5074, 0.5071, 0.5071],
        [0.4902, 0.5073, 0.5071, 0.5071],
        [0.4898, 0.5073, 0.5071, 0.5071]], device='cuda:0', requires_grad=True)
2023-12-11 14:33:57,602:INFO::its now!!!!!!!!5
2023-12-11 14:34:02,601:INFO::its now!!!!!!!!0
2023-12-11 14:34:02,602:INFO::its now!!!!!!!!3
2023-12-11 14:34:02,800:INFO::its now!!!!!!!!5
2023-12-11 14:34:05,129:INFO::its now!!!!!!!!
2023-12-11 14:34:05,129:INFO::its now!!!!!!!! on 
2023-12-11 14:34:05,454:INFO::its now!!!!!!!!5
2023-12-11 14:34:12,279:INFO::save_dir_name: gat_nasp_egreedy0_C8_useDmon_coef0.4_Adam_gcn.ppnp.mean.one-hot_noTypeLinear_014_64_shared_ops_lr0.0005_wd0.0001_use5seeds_use_adam_patience-8_30_not_use_skip
2023-12-11 14:34:12,281:INFO::Epoch 00002 | lr 0.00050 | Train_Loss 1.3834 | Train_Classification_Loss 1.3959 | Dmon_Loss -0.0313 | Val_Loss 1.3602 | Search Time(s) 7.8564 | Infer Time(s) 6.8243 | Time(s) 14.6807 
2023-12-11 14:34:12,357:INFO::cluster info:
0: 0;	1: 1;	2: 1;	3: 1;	4: 0;	5: 1;	6: 0;	7: 1;	8: 1;	9: 3;	10: 3;	11: 0;	12: 0;	13: 3;	14: 1;	15: 0;	16: 1;	17: 1;	18: 3;	19: 1;	20: 0;	21: 3;	22: 3;	23: 1;	24: 6;	25: 1;	26: 3;	27: 6;	28: 2;	29: 0;	30: 0;	31: 2;	32: 1;	33: 7;	34: 3;	35: 7;	36: 1;	37: 6;	38: 1;	39: 1;	40: 3;	41: 1;	42: 1;	43: 1;	44
26098: 5;	26099: 3;	26100: 4;	26101: 3;	26102: 1;	26103: 3;	26104: 1;	26105: 6;	26106: 5;	26107: 2;	26108: 1;	26109: 1;	26110: 1;	26111: 1;	26112: 1;	26113: 0;	26114: 1;	26115: 1;	26116: 1;	26117: 1;	26118: 1;	26119: 1;	26120: 1;	26121: 1;	26122: 1;	26123: 1;	26124: 1;	26125: 1;	26126: 1;	26127: 1;	
2023-12-11 14:34:12,359:INFO::Validation loss decreased (1.397591 --> 1.360210).  Saving model ...
2023-12-11 14:34:12,364:INFO::Epoch: 3
tensor([[0.4944, 0.5085, 0.5098, 0.5098],
        [0.4945, 0.5075, 0.5081, 0.5098],
        [0.4942, 0.5085, 0.5098, 0.5098],
        [0.4945, 0.5084, 0.5098, 0.5098],
        [0.4946, 0.5086, 0.5098, 0.5098],
        [0.4942, 0.5086, 0.5098, 0.5098],
        [0.4947, 0.5084, 0.5098, 0.5098],
        [0.4943, 0.5085, 0.5098, 0.5098]], device='cuda:0', requires_grad=True)
2023-12-11 14:34:12,367:INFO::its now!!!!!!!!5
2023-12-11 14:34:18,404:INFO::its now!!!!!!!!0
2023-12-11 14:34:18,406:INFO::its now!!!!!!!!3
2023-12-11 14:34:18,589:INFO::its now!!!!!!!!5
2023-12-11 14:34:20,952:INFO::its now!!!!!!!!
2023-12-11 14:34:20,952:INFO::its now!!!!!!!! on 
2023-12-11 14:34:21,137:INFO::its now!!!!!!!!5
2023-12-11 14:34:23,371:INFO::save_dir_name: gat_nasp_egreedy0_C8_useDmon_coef0.4_Adam_gcn.ppnp.mean.one-hot_noTypeLinear_014_64_shared_ops_lr0.0005_wd0.0001_use5seeds_use_adam_patience-8_30_not_use_skip
2023-12-11 14:34:23,372:INFO::Epoch 00003 | lr 0.00050 | Train_Loss 1.3479 | Train_Classification_Loss 1.3604 | Dmon_Loss -0.0313 | Val_Loss 1.3497 | Search Time(s) 8.7773 | Infer Time(s) 2.2354 | Time(s) 11.0127 
2023-12-11 14:34:23,429:INFO::cluster info:
0: 0;	1: 1;	2: 3;	3: 1;	4: 1;	5: 1;	6: 1;	7: 1;	8: 6;	9: 3;	10: 1;	11: 0;	12: 7;	13: 3;	14: 1;	15: 1;	16: 5;	17: 0;	18: 3;	19: 0;	20: 1;	21: 1;	22: 1;	23: 1;	24: 1;	25: 0;	26: 6;	27: 3;	28: 1;	29: 2;	30: 1;	31: 7;	32: 0;	33: 0;	34: 6;	35: 0;	36: 1;	37: 3;	38: 0;	39: 3;	40: 3;	41: 0;	42: 1;	43: 7;	44
26098: 1;	26099: 3;	26100: 1;	26101: 1;	26102: 2;	26103: 4;	26104: 4;	26105: 6;	26106: 3;	26107: 2;	26108: 1;	26109: 1;	26110: 1;	26111: 1;	26112: 1;	26113: 1;	26114: 1;	26115: 1;	26116: 3;	26117: 3;	26118: 1;	26119: 1;	26120: 1;	26121: 1;	26122: 1;	26123: 1;	26124: 1;	26125: 1;	26126: 1;	26127: 1;	
2023-12-11 14:34:23,432:INFO::Validation loss decreased (1.360210 --> 1.349659).  Saving model ...
2023-12-11 14:34:23,438:INFO::Epoch: 4
tensor([[0.4973, 0.5093, 0.5113, 0.5115],
        [0.4974, 0.5087, 0.5088, 0.5113],
        [0.4970, 0.5094, 0.5113, 0.5115],
        [0.4973, 0.5092, 0.5113, 0.5115],
        [0.4975, 0.5094, 0.5113, 0.5115],
        [0.4969, 0.5094, 0.5113, 0.5115],
        [0.4975, 0.5092, 0.5113, 0.5115],
        [0.4971, 0.5094, 0.5113, 0.5115]], device='cuda:0', requires_grad=True)
2023-12-11 14:34:23,440:INFO::its now!!!!!!!!5
2023-12-11 14:34:25,696:INFO::its now!!!!!!!!0
2023-12-11 14:34:25,698:INFO::its now!!!!!!!!3
2023-12-11 14:34:25,877:INFO::its now!!!!!!!!5
2023-12-11 14:34:58,405:INFO::its now!!!!!!!!
2023-12-11 14:34:58,406:INFO::its now!!!!!!!! on 
2023-12-11 14:34:58,608:INFO::its now!!!!!!!!5
2023-12-11 14:35:19,086:INFO::save_dir_name: gat_nasp_egreedy0_C8_useDmon_coef0.4_Adam_gcn.ppnp.mean.one-hot_noTypeLinear_014_64_shared_ops_lr0.0005_wd0.0001_use5seeds_use_adam_patience-8_30_not_use_skip
2023-12-11 14:35:19,089:INFO::Epoch 00004 | lr 0.00050 | Train_Loss 1.3411 | Train_Classification_Loss 1.3536 | Dmon_Loss -0.0314 | Val_Loss 1.3280 | Search Time(s) 35.1736 | Infer Time(s) 20.4796 | Time(s) 55.6532 
2023-12-11 14:35:19,145:INFO::cluster info:
0: 6;	1: 2;	2: 3;	3: 1;	4: 3;	5: 1;	6: 1;	7: 1;	8: 1;	9: 2;	10: 3;	11: 1;	12: 3;	13: 0;	14: 1;	15: 7;	16: 1;	17: 1;	18: 1;	19: 1;	20: 3;	21: 0;	22: 3;	23: 1;	24: 6;	25: 1;	26: 3;	27: 0;	28: 0;	29: 2;	30: 3;	31: 3;	32: 3;	33: 4;	34: 3;	35: 1;	36: 1;	37: 1;	38: 3;	39: 5;	40: 0;	41: 1;	42: 0;	43: 3;	44
26098: 0;	26099: 6;	26100: 0;	26101: 0;	26102: 3;	26103: 4;	26104: 7;	26105: 6;	26106: 6;	26107: 4;	26108: 3;	26109: 1;	26110: 3;	26111: 3;	26112: 3;	26113: 1;	26114: 1;	26115: 1;	26116: 3;	26117: 3;	26118: 1;	26119: 3;	26120: 3;	26121: 3;	26122: 1;	26123: 3;	26124: 1;	26125: 1;	26126: 3;	26127: 1;	
2023-12-11 14:35:19,147:INFO::Validation loss decreased (1.349659 --> 1.328022).  Saving model ...
2023-12-11 14:35:19,152:INFO::Epoch: 5
tensor([[0.4988, 0.5098, 0.5122, 0.5124],
        [0.4989, 0.5093, 0.5092, 0.5122],
        [0.4985, 0.5098, 0.5121, 0.5124],
        [0.4989, 0.5096, 0.5121, 0.5124],
        [0.4991, 0.5098, 0.5121, 0.5124],
        [0.4985, 0.5099, 0.5121, 0.5124],
        [0.4991, 0.5097, 0.5121, 0.5124],
        [0.4986, 0.5098, 0.5121, 0.5124]], device='cuda:0', requires_grad=True)
2023-12-11 14:35:19,154:INFO::its now!!!!!!!!5
2023-12-11 14:35:37,035:INFO::its now!!!!!!!!0
2023-12-11 14:35:37,037:INFO::its now!!!!!!!!3
2023-12-11 14:35:37,225:INFO::its now!!!!!!!!5
2023-12-11 14:35:50,752:INFO::its now!!!!!!!!
2023-12-11 14:35:50,753:INFO::its now!!!!!!!! on 
2023-12-11 14:35:50,964:INFO::its now!!!!!!!!5
2023-12-11 14:36:04,342:INFO::save_dir_name: gat_nasp_egreedy0_C8_useDmon_coef0.4_Adam_gcn.ppnp.mean.one-hot_noTypeLinear_014_64_shared_ops_lr0.0005_wd0.0001_use5seeds_use_adam_patience-8_30_not_use_skip
2023-12-11 14:36:04,344:INFO::Epoch 00005 | lr 0.00050 | Train_Loss 1.3541 | Train_Classification_Loss 1.3667 | Dmon_Loss -0.0313 | Val_Loss 1.3231 | Search Time(s) 31.8154 | Infer Time(s) 13.3799 | Time(s) 45.1952 
2023-12-11 14:36:04,403:INFO::cluster info:
0: 0;	1: 1;	2: 1;	3: 3;	4: 3;	5: 3;	6: 1;	7: 0;	8: 2;	9: 1;	10: 0;	11: 6;	12: 3;	13: 0;	14: 1;	15: 1;	16: 1;	17: 0;	18: 6;	19: 1;	20: 3;	21: 6;	22: 1;	23: 3;	24: 2;	25: 3;	26: 3;	27: 0;	28: 0;	29: 1;	30: 3;	31: 5;	32: 0;	33: 1;	34: 1;	35: 6;	36: 1;	37: 0;	38: 3;	39: 0;	40: 6;	41: 3;	42: 1;	43: 2;	44
26098: 3;	26099: 6;	26100: 4;	26101: 6;	26102: 1;	26103: 3;	26104: 7;	26105: 3;	26106: 0;	26107: 0;	26108: 3;	26109: 3;	26110: 1;	26111: 1;	26112: 3;	26113: 1;	26114: 1;	26115: 3;	26116: 3;	26117: 3;	26118: 1;	26119: 3;	26120: 1;	26121: 3;	26122: 1;	26123: 1;	26124: 1;	26125: 1;	26126: 3;	26127: 3;	
2023-12-11 14:36:04,404:INFO::Validation loss decreased (1.328022 --> 1.323078).  Saving model ...
2023-12-11 14:36:04,408:INFO::Epoch: 6
tensor([[0.5017, 0.5108, 0.5134, 0.5128],
        [0.5018, 0.5104, 0.5102, 0.5128],
        [0.5014, 0.5109, 0.5134, 0.5128],
        [0.5018, 0.5107, 0.5133, 0.5129],
        [0.5020, 0.5109, 0.5134, 0.5129],
        [0.5013, 0.5110, 0.5134, 0.5128],
        [0.5020, 0.5108, 0.5134, 0.5129],
        [0.5015, 0.5109, 0.5134, 0.5128]], device='cuda:0', requires_grad=True)
2023-12-11 14:36:04,409:INFO::its now!!!!!!!!5
