2024-06-10 21:15:53,925:INFO::=============== Search Args:
Namespace(dataset='IMDB', feats_type=6, gnn_model='simpleHGN', valid_attributed_type=0, hidden_dim=64, num_heads=8, attn_vec_dim=128, patience=30, batch_size=16, batch_size_test=2, lr=0.001, lr_rate_min=3e-05, num_layers=5, dropout=0.5, weight_decay=0.0001, slope=0.05, grad_clip=5, repeat=5, save_postfix='IMDB', feats_opt='0111', cuda=True, l2norm=False, time_line='2024-06-10-21-15-53', edge_feats=64, rnn_type='RotatE0', seed=123, use_adamw=False, num_epochs=1, complete_epochs=1, retrain_epoch=200, samples=100, att_comp_dim=64, use_norm=False, max_features_len=64, max_num_views=60, alpha_0=0.5, beta_1=0.5, schedule_step_retrain=500, patience_retrain=15, is_use_type_linear='False', is_use_SGD='False', is_use_dropout='False', momentum=0.9, inner_epoch=1, use_minibatch=False, useSGD=False, useTypeLinear=False, usedropout=False, usebn=False, use_5seeds=True, cur_repeat=0, no_use_fixseeds=False, last_hidden_dim=512, logger=<Logger log_output (INFO)>)
2024-06-10 21:16:08,803:INFO::node_type_num: 4
2024-06-10 22:45:43,099:INFO::=============== Prepare basic data stage finish, use 5389.174096822739 time.
2024-06-10 23:07:12,082:INFO::Epoch_batch_00000 | lr 0.0010 |Train_Loss 0.7136| | total_loss_completion 14.2471 | total_loss_consistency 14.6787 | Loss 15.1765 | Time(s) 1287.9164
2024-06-10 23:21:11,793:INFO::Epoch 00000 | lr 0.00100 |Train_Loss 15.1765 | Val_Loss 0.6617 | Time(s) 839.7123
2024-06-10 23:21:11,794:INFO::save_dir_name: simpleHGN_lr0.001_wd0.0001
2024-06-10 23:21:36,477:INFO::############### Search Stage Ends! ###############
2024-06-10 23:21:36,567:INFO::=============== Retrain Stage Starts:
2024-06-10 23:21:46,685:INFO::Epoch 00000 | lr 0.00100 |Train_Loss 0.7037 | Val_Loss 0.6744 | Time(s) 9.9604
2024-06-10 23:21:56,536:INFO::Epoch 00001 | lr 0.00100 |Train_Loss 0.6751 | Val_Loss 0.6564 | Time(s) 9.7409
2024-06-10 23:21:56,557:INFO::Validation loss decreased (inf --> 0.656396).  Saving model ...
2024-06-10 23:22:06,362:INFO::Epoch 00002 | lr 0.00100 |Train_Loss 0.6695 | Val_Loss 0.6517 | Time(s) 9.8048
2024-06-10 23:22:06,386:INFO::Validation loss decreased (0.656396 --> 0.651726).  Saving model ...
2024-06-10 23:22:16,203:INFO::Epoch 00003 | lr 0.00100 |Train_Loss 0.6546 | Val_Loss 0.6495 | Time(s) 9.8167
2024-06-10 23:22:16,251:INFO::Validation loss decreased (0.651726 --> 0.649489).  Saving model ...
2024-06-10 23:22:26,096:INFO::Epoch 00004 | lr 0.00100 |Train_Loss 0.6485 | Val_Loss 0.6474 | Time(s) 9.8437
2024-06-10 23:22:26,134:INFO::Validation loss decreased (0.649489 --> 0.647432).  Saving model ...
2024-06-10 23:22:35,976:INFO::Epoch 00005 | lr 0.00100 |Train_Loss 0.6451 | Val_Loss 0.6464 | Time(s) 9.8427
2024-06-10 23:22:36,000:INFO::Validation loss decreased (0.647432 --> 0.646394).  Saving model ...
2024-06-10 23:22:45,766:INFO::Epoch 00006 | lr 0.00100 |Train_Loss 0.6417 | Val_Loss 0.6459 | Time(s) 9.7659
2024-06-10 23:22:45,789:INFO::Validation loss decreased (0.646394 --> 0.645898).  Saving model ...
2024-06-10 23:22:55,736:INFO::Epoch 00007 | lr 0.00100 |Train_Loss 0.6414 | Val_Loss 0.6454 | Time(s) 9.9474
2024-06-10 23:22:55,759:INFO::Validation loss decreased (0.645898 --> 0.645391).  Saving model ...
2024-06-10 23:23:08,494:INFO::Epoch 00008 | lr 0.00100 |Train_Loss 0.6402 | Val_Loss 0.6449 | Time(s) 12.7349
2024-06-10 23:23:08,610:INFO::Validation loss decreased (0.645391 --> 0.644878).  Saving model ...
2024-06-10 23:23:20,713:INFO::Epoch 00009 | lr 0.00100 |Train_Loss 0.6378 | Val_Loss 0.6445 | Time(s) 12.1016
2024-06-10 23:23:20,741:INFO::Validation loss decreased (0.644878 --> 0.644450).  Saving model ...
2024-06-10 23:23:32,345:INFO::Epoch 00010 | lr 0.00100 |Train_Loss 0.6394 | Val_Loss 0.6441 | Time(s) 11.6040
2024-06-10 23:23:32,371:INFO::Validation loss decreased (0.644450 --> 0.644073).  Saving model ...
2024-06-10 23:23:43,908:INFO::Epoch 00011 | lr 0.00100 |Train_Loss 0.6363 | Val_Loss 0.6437 | Time(s) 11.5361
2024-06-10 23:23:43,933:INFO::Validation loss decreased (0.644073 --> 0.643726).  Saving model ...
2024-06-10 23:23:55,405:INFO::Epoch 00012 | lr 0.00100 |Train_Loss 0.6374 | Val_Loss 0.6434 | Time(s) 11.4703
2024-06-10 23:23:55,431:INFO::Validation loss decreased (0.643726 --> 0.643440).  Saving model ...
2024-06-10 23:24:06,836:INFO::Epoch 00013 | lr 0.00100 |Train_Loss 0.6348 | Val_Loss 0.6432 | Time(s) 11.4055
2024-06-10 23:24:06,863:INFO::Validation loss decreased (0.643440 --> 0.643222).  Saving model ...
2024-06-10 23:24:18,400:INFO::Epoch 00014 | lr 0.00100 |Train_Loss 0.6366 | Val_Loss 0.6430 | Time(s) 11.5361
2024-06-10 23:24:18,425:INFO::Validation loss decreased (0.643222 --> 0.643023).  Saving model ...
2024-06-10 23:24:30,140:INFO::Epoch 00015 | lr 0.00100 |Train_Loss 0.6345 | Val_Loss 0.6429 | Time(s) 11.7137
2024-06-10 23:24:30,166:INFO::Validation loss decreased (0.643023 --> 0.642857).  Saving model ...
2024-06-10 23:24:41,817:INFO::Epoch 00016 | lr 0.00100 |Train_Loss 0.6364 | Val_Loss 0.6427 | Time(s) 11.6498
2024-06-10 23:24:41,843:INFO::Validation loss decreased (0.642857 --> 0.642703).  Saving model ...
2024-06-10 23:24:53,488:INFO::Epoch 00017 | lr 0.00100 |Train_Loss 0.6352 | Val_Loss 0.6425 | Time(s) 11.6458
2024-06-10 23:24:53,514:INFO::Validation loss decreased (0.642703 --> 0.642523).  Saving model ...
2024-06-10 23:25:05,103:INFO::Epoch 00018 | lr 0.00100 |Train_Loss 0.6354 | Val_Loss 0.6423 | Time(s) 11.5880
2024-06-10 23:25:05,131:INFO::Validation loss decreased (0.642523 --> 0.642332).  Saving model ...
2024-06-10 23:25:17,101:INFO::Epoch 00019 | lr 0.00100 |Train_Loss 0.6357 | Val_Loss 0.6422 | Time(s) 11.9700
2024-06-10 23:25:17,128:INFO::Validation loss decreased (0.642332 --> 0.642160).  Saving model ...
2024-06-10 23:25:30,153:INFO::Epoch 00020 | lr 0.00100 |Train_Loss 0.6350 | Val_Loss 0.6420 | Time(s) 13.0252
2024-06-10 23:25:30,181:INFO::Validation loss decreased (0.642160 --> 0.641995).  Saving model ...
2024-06-10 23:25:41,893:INFO::Epoch 00021 | lr 0.00100 |Train_Loss 0.6353 | Val_Loss 0.6418 | Time(s) 11.7117
2024-06-10 23:25:41,919:INFO::Validation loss decreased (0.641995 --> 0.641837).  Saving model ...
2024-06-10 23:25:53,677:INFO::Epoch 00022 | lr 0.00100 |Train_Loss 0.6358 | Val_Loss 0.6417 | Time(s) 11.7576
2024-06-10 23:25:53,703:INFO::Validation loss decreased (0.641837 --> 0.641712).  Saving model ...
2024-06-10 23:26:05,497:INFO::Epoch 00023 | lr 0.00100 |Train_Loss 0.6361 | Val_Loss 0.6416 | Time(s) 11.7935
2024-06-10 23:26:05,523:INFO::Validation loss decreased (0.641712 --> 0.641601).  Saving model ...
2024-06-10 23:26:17,303:INFO::Epoch 00024 | lr 0.00100 |Train_Loss 0.6357 | Val_Loss 0.6415 | Time(s) 11.7795
2024-06-10 23:26:17,331:INFO::Validation loss decreased (0.641601 --> 0.641497).  Saving model ...
2024-06-10 23:26:29,136:INFO::Epoch 00025 | lr 0.00100 |Train_Loss 0.6353 | Val_Loss 0.6414 | Time(s) 11.8044
2024-06-10 23:26:29,163:INFO::Validation loss decreased (0.641497 --> 0.641399).  Saving model ...
2024-06-10 23:26:41,092:INFO::Epoch 00026 | lr 0.00100 |Train_Loss 0.6349 | Val_Loss 0.6413 | Time(s) 11.9291
2024-06-10 23:26:41,119:INFO::Validation loss decreased (0.641399 --> 0.641314).  Saving model ...
2024-06-10 23:26:52,908:INFO::Epoch 00027 | lr 0.00100 |Train_Loss 0.6361 | Val_Loss 0.6412 | Time(s) 11.7885
2024-06-10 23:26:52,936:INFO::Validation loss decreased (0.641314 --> 0.641245).  Saving model ...
2024-06-10 23:27:04,911:INFO::Epoch 00028 | lr 0.00100 |Train_Loss 0.6350 | Val_Loss 0.6412 | Time(s) 11.9750
2024-06-10 23:27:04,937:INFO::Validation loss decreased (0.641245 --> 0.641184).  Saving model ...
2024-06-10 23:27:16,900:INFO::Epoch 00029 | lr 0.00100 |Train_Loss 0.6348 | Val_Loss 0.6412 | Time(s) 11.9620
2024-06-10 23:27:16,926:INFO::Validation loss decreased (0.641184 --> 0.641171).  Saving model ...
2024-06-10 23:27:28,753:INFO::Epoch 00030 | lr 0.00100 |Train_Loss 0.6347 | Val_Loss 0.6412 | Time(s) 11.8274
2024-06-10 23:27:28,780:INFO::Validation loss decreased (0.641171 --> 0.641167).  Saving model ...
2024-06-10 23:27:40,727:INFO::Epoch 00031 | lr 0.00100 |Train_Loss 0.6354 | Val_Loss 0.6412 | Time(s) 11.9470
2024-06-10 23:27:40,751:INFO::Validation loss decreased (0.641167 --> 0.641160).  Saving model ...
2024-06-10 23:27:52,627:INFO::Epoch 00032 | lr 0.00100 |Train_Loss 0.6350 | Val_Loss 0.6411 | Time(s) 11.8752
2024-06-10 23:27:52,654:INFO::Validation loss decreased (0.641160 --> 0.641149).  Saving model ...
2024-06-10 23:28:04,756:INFO::Epoch 00033 | lr 0.00100 |Train_Loss 0.6340 | Val_Loss 0.6411 | Time(s) 12.1016
2024-06-10 23:28:04,785:INFO::Validation loss decreased (0.641149 --> 0.641143).  Saving model ...
2024-06-10 23:28:16,772:INFO::Epoch 00034 | lr 0.00100 |Train_Loss 0.6346 | Val_Loss 0.6411 | Time(s) 11.9869
2024-06-10 23:28:16,773:INFO::EarlyStopping counter: 1 out of 15
2024-06-10 23:28:28,804:INFO::Epoch 00035 | lr 0.00100 |Train_Loss 0.6347 | Val_Loss 0.6412 | Time(s) 12.0298
2024-06-10 23:28:28,805:INFO::EarlyStopping counter: 2 out of 15
2024-06-10 23:28:40,757:INFO::Epoch 00036 | lr 0.00100 |Train_Loss 0.6352 | Val_Loss 0.6412 | Time(s) 11.9520
2024-06-10 23:28:40,758:INFO::EarlyStopping counter: 3 out of 15
2024-06-10 23:28:52,689:INFO::Epoch 00037 | lr 0.00100 |Train_Loss 0.6342 | Val_Loss 0.6412 | Time(s) 11.9301
2024-06-10 23:28:52,690:INFO::EarlyStopping counter: 4 out of 15
2024-06-10 23:29:04,724:INFO::Epoch 00038 | lr 0.00100 |Train_Loss 0.6338 | Val_Loss 0.6412 | Time(s) 12.0348
2024-06-10 23:29:04,725:INFO::EarlyStopping counter: 5 out of 15
2024-06-10 23:29:16,755:INFO::Epoch 00039 | lr 0.00100 |Train_Loss 0.6338 | Val_Loss 0.6412 | Time(s) 12.0298
2024-06-10 23:29:16,756:INFO::EarlyStopping counter: 6 out of 15
2024-06-10 23:29:28,900:INFO::Epoch 00040 | lr 0.00100 |Train_Loss 0.6340 | Val_Loss 0.6412 | Time(s) 12.1435
2024-06-10 23:29:28,901:INFO::EarlyStopping counter: 7 out of 15
2024-06-10 23:29:40,820:INFO::Epoch 00041 | lr 0.00100 |Train_Loss 0.6340 | Val_Loss 0.6412 | Time(s) 11.9191
2024-06-10 23:29:40,821:INFO::EarlyStopping counter: 8 out of 15
2024-06-10 23:29:52,726:INFO::Epoch 00042 | lr 0.00100 |Train_Loss 0.6345 | Val_Loss 0.6412 | Time(s) 11.9052
2024-06-10 23:29:52,727:INFO::EarlyStopping counter: 9 out of 15
2024-06-10 23:30:04,898:INFO::Epoch 00043 | lr 0.00100 |Train_Loss 0.6341 | Val_Loss 0.6412 | Time(s) 12.1714
2024-06-10 23:30:04,899:INFO::EarlyStopping counter: 10 out of 15
2024-06-10 23:30:16,903:INFO::Epoch 00044 | lr 0.00100 |Train_Loss 0.6345 | Val_Loss 0.6412 | Time(s) 12.0039
2024-06-10 23:30:16,904:INFO::EarlyStopping counter: 11 out of 15
2024-06-10 23:30:28,992:INFO::Epoch 00045 | lr 0.00100 |Train_Loss 0.6329 | Val_Loss 0.6411 | Time(s) 12.0877
2024-06-10 23:30:29,018:INFO::Validation loss decreased (0.641143 --> 0.641140).  Saving model ...
2024-06-10 23:30:41,077:INFO::Epoch 00046 | lr 0.00100 |Train_Loss 0.6337 | Val_Loss 0.6411 | Time(s) 12.0587
2024-06-10 23:30:41,102:INFO::Validation loss decreased (0.641140 --> 0.641110).  Saving model ...
2024-06-10 23:30:53,060:INFO::Epoch 00047 | lr 0.00100 |Train_Loss 0.6358 | Val_Loss 0.6411 | Time(s) 11.9580
2024-06-10 23:30:53,087:INFO::Validation loss decreased (0.641110 --> 0.641082).  Saving model ...
2024-06-10 23:31:05,147:INFO::Epoch 00048 | lr 0.00100 |Train_Loss 0.6347 | Val_Loss 0.6411 | Time(s) 12.0607
2024-06-10 23:31:05,174:INFO::Validation loss decreased (0.641082 --> 0.641059).  Saving model ...
2024-06-10 23:31:17,214:INFO::Epoch 00049 | lr 0.00100 |Train_Loss 0.6340 | Val_Loss 0.6410 | Time(s) 12.0378
2024-06-10 23:31:17,243:INFO::Validation loss decreased (0.641059 --> 0.641034).  Saving model ...
2024-06-10 23:31:29,300:INFO::Epoch 00050 | lr 0.00100 |Train_Loss 0.6344 | Val_Loss 0.6410 | Time(s) 12.0567
2024-06-10 23:31:29,326:INFO::Validation loss decreased (0.641034 --> 0.641015).  Saving model ...
2024-06-10 23:31:41,411:INFO::Epoch 00051 | lr 0.00100 |Train_Loss 0.6343 | Val_Loss 0.6410 | Time(s) 12.0857
2024-06-10 23:31:41,438:INFO::Validation loss decreased (0.641015 --> 0.640993).  Saving model ...
2024-06-10 23:31:53,472:INFO::Epoch 00052 | lr 0.00100 |Train_Loss 0.6333 | Val_Loss 0.6410 | Time(s) 12.0338
2024-06-10 23:31:53,498:INFO::Validation loss decreased (0.640993 --> 0.640967).  Saving model ...
2024-06-10 23:32:05,547:INFO::Epoch 00053 | lr 0.00100 |Train_Loss 0.6339 | Val_Loss 0.6409 | Time(s) 12.0488
2024-06-10 23:32:05,577:INFO::Validation loss decreased (0.640967 --> 0.640938).  Saving model ...
2024-06-10 23:32:17,692:INFO::Epoch 00054 | lr 0.00100 |Train_Loss 0.6342 | Val_Loss 0.6409 | Time(s) 12.1156
2024-06-10 23:32:17,718:INFO::Validation loss decreased (0.640938 --> 0.640912).  Saving model ...
2024-06-10 23:32:30,064:INFO::Epoch 00055 | lr 0.00100 |Train_Loss 0.6337 | Val_Loss 0.6409 | Time(s) 12.3450
2024-06-10 23:32:30,090:INFO::Validation loss decreased (0.640912 --> 0.640886).  Saving model ...
2024-06-10 23:32:42,172:INFO::Epoch 00056 | lr 0.00100 |Train_Loss 0.6344 | Val_Loss 0.6409 | Time(s) 12.0817
2024-06-10 23:32:42,199:INFO::Validation loss decreased (0.640886 --> 0.640864).  Saving model ...
2024-06-10 23:32:54,198:INFO::Epoch 00057 | lr 0.00100 |Train_Loss 0.6338 | Val_Loss 0.6408 | Time(s) 11.9989
2024-06-10 23:32:54,223:INFO::Validation loss decreased (0.640864 --> 0.640841).  Saving model ...
2024-06-10 23:33:06,319:INFO::Epoch 00058 | lr 0.00100 |Train_Loss 0.6339 | Val_Loss 0.6408 | Time(s) 12.0956
2024-06-10 23:33:06,348:INFO::Validation loss decreased (0.640841 --> 0.640820).  Saving model ...
2024-06-10 23:33:18,349:INFO::Epoch 00059 | lr 0.00100 |Train_Loss 0.6335 | Val_Loss 0.6408 | Time(s) 11.9999
2024-06-10 23:33:18,377:INFO::Validation loss decreased (0.640820 --> 0.640792).  Saving model ...
2024-06-10 23:33:30,644:INFO::Epoch 00060 | lr 0.00100 |Train_Loss 0.6342 | Val_Loss 0.6408 | Time(s) 12.2672
2024-06-10 23:33:30,675:INFO::Validation loss decreased (0.640792 --> 0.640787).  Saving model ...
2024-06-10 23:33:42,574:INFO::Epoch 00061 | lr 0.00100 |Train_Loss 0.6344 | Val_Loss 0.6408 | Time(s) 11.8992
2024-06-10 23:33:42,574:INFO::EarlyStopping counter: 1 out of 15
2024-06-10 23:33:54,671:INFO::Epoch 00062 | lr 0.00100 |Train_Loss 0.6338 | Val_Loss 0.6408 | Time(s) 12.0956
2024-06-10 23:33:54,672:INFO::EarlyStopping counter: 2 out of 15
2024-06-10 23:34:06,723:INFO::Epoch 00063 | lr 0.00100 |Train_Loss 0.6354 | Val_Loss 0.6408 | Time(s) 12.0508
2024-06-10 23:34:06,724:INFO::EarlyStopping counter: 3 out of 15
2024-06-10 23:34:18,857:INFO::Epoch 00064 | lr 0.00100 |Train_Loss 0.6346 | Val_Loss 0.6408 | Time(s) 12.1335
2024-06-10 23:34:18,858:INFO::EarlyStopping counter: 4 out of 15
2024-06-10 23:34:30,935:INFO::Epoch 00065 | lr 0.00100 |Train_Loss 0.6346 | Val_Loss 0.6408 | Time(s) 12.0767
2024-06-10 23:34:30,936:INFO::EarlyStopping counter: 5 out of 15
2024-06-10 23:34:43,101:INFO::Epoch 00066 | lr 0.00100 |Train_Loss 0.6334 | Val_Loss 0.6409 | Time(s) 12.1645
2024-06-10 23:34:43,102:INFO::EarlyStopping counter: 6 out of 15
2024-06-10 23:34:55,249:INFO::Epoch 00067 | lr 0.00100 |Train_Loss 0.6341 | Val_Loss 0.6409 | Time(s) 12.1465
2024-06-10 23:34:55,250:INFO::EarlyStopping counter: 7 out of 15
2024-06-10 23:35:07,403:INFO::Epoch 00068 | lr 0.00100 |Train_Loss 0.6336 | Val_Loss 0.6409 | Time(s) 12.1535
2024-06-10 23:35:07,404:INFO::EarlyStopping counter: 8 out of 15
2024-06-10 23:35:19,617:INFO::Epoch 00069 | lr 0.00100 |Train_Loss 0.6334 | Val_Loss 0.6409 | Time(s) 12.2123
2024-06-10 23:35:19,618:INFO::EarlyStopping counter: 9 out of 15
2024-06-10 23:35:31,679:INFO::Epoch 00070 | lr 0.00100 |Train_Loss 0.6335 | Val_Loss 0.6409 | Time(s) 12.0617
2024-06-10 23:35:31,679:INFO::EarlyStopping counter: 10 out of 15
2024-06-10 23:35:43,401:INFO::Epoch 00071 | lr 0.00100 |Train_Loss 0.6335 | Val_Loss 0.6409 | Time(s) 11.7197
2024-06-10 23:35:43,401:INFO::EarlyStopping counter: 11 out of 15
2024-06-10 23:35:55,323:INFO::Epoch 00072 | lr 0.00100 |Train_Loss 0.6337 | Val_Loss 0.6409 | Time(s) 11.9211
2024-06-10 23:35:55,324:INFO::EarlyStopping counter: 12 out of 15
2024-06-10 23:36:07,159:INFO::Epoch 00073 | lr 0.00100 |Train_Loss 0.6338 | Val_Loss 0.6409 | Time(s) 11.8343
2024-06-10 23:36:07,160:INFO::EarlyStopping counter: 13 out of 15
2024-06-10 23:36:19,152:INFO::Epoch 00074 | lr 0.00100 |Train_Loss 0.6341 | Val_Loss 0.6409 | Time(s) 11.9929
2024-06-10 23:36:19,153:INFO::EarlyStopping counter: 14 out of 15
2024-06-10 23:36:31,117:INFO::Epoch 00075 | lr 0.00100 |Train_Loss 0.6335 | Val_Loss 0.6409 | Time(s) 11.9640
2024-06-10 23:36:31,118:INFO::EarlyStopping counter: 15 out of 15
2024-06-10 23:36:31,119:INFO::Early stopping!
2024-06-10 23:36:31,131:INFO::
testing...
2024-06-10 23:36:31,322:INFO::save_dir_name: simpleHGN_lr0.001_wd0.0001
2024-06-10 23:36:31,363:INFO::save_dir_name: simpleHGN_lr0.001_wd0.0001
2024-06-10 23:36:31,363:INFO::save_dir_name: simpleHGN_lr0.001_wd0.0001
2024-06-10 23:36:33,888:INFO::save_dir_name: simpleHGN_lr0.001_wd0.0001
2024-06-10 23:36:33,971:INFO::{'micro-f1': 0.39981691269023917, 'macro-f1': 0.1412002424732269}
2024-06-10 23:36:34,212:INFO::############### Retrain Stage Ends! #################
2024-06-10 23:36:34,295:INFO::=============== Search Args:
Namespace(dataset='IMDB', feats_type=6, gnn_model='simpleHGN', valid_attributed_type=0, hidden_dim=64, num_heads=8, attn_vec_dim=128, patience=30, batch_size=16, batch_size_test=2, lr=0.001, lr_rate_min=3e-05, num_layers=5, dropout=0.5, weight_decay=0.0001, slope=0.05, grad_clip=5, repeat=5, save_postfix='IMDB', feats_opt='0111', cuda=True, l2norm=False, time_line='2024-06-10-21-15-53', edge_feats=64, rnn_type='RotatE0', seed=666, use_adamw=False, num_epochs=1, complete_epochs=1, retrain_epoch=200, samples=100, att_comp_dim=64, use_norm=False, max_features_len=64, max_num_views=60, alpha_0=0.5, beta_1=0.5, schedule_step_retrain=500, patience_retrain=15, is_use_type_linear='False', is_use_SGD='False', is_use_dropout='False', momentum=0.9, inner_epoch=1, use_minibatch=False, useSGD=False, useTypeLinear=False, usedropout=False, usebn=False, use_5seeds=True, cur_repeat=1, no_use_fixseeds=False, last_hidden_dim=512, logger=<Logger log_output (INFO)>)
